<testsuite tests="1" time="4.864">
  <testcase classname="maven.invoker.it.selector-scripts" name="selector-scripts">
    <system-out>Running pre-build script: /Users/olamy/dev/sources/maven/plugins/maven-invoker-plugin/target/it/selector-scripts/setup.groovy
Finished pre-build script: /Users/olamy/dev/sources/maven/plugins/maven-invoker-plugin/target/it/selector-scripts/setup.groovy
Apache Maven 3.6.1 (d66c9c0b3152b2e69ee9bac180bb8fcc8e6af555; 2019-04-05T05:00:29+10:00)
Maven home: /Users/olamy/softs/maven/apache-maven-3.6.1
Java version: 1.8.0_201, vendor: Oracle Corporation, runtime: /Library/Java/JavaVirtualMachines/jdk1.8.0_201.jdk/Contents/Home/jre
Default locale: en_AU, platform encoding: UTF-8
OS name: &quot;mac os x&quot;, version: &quot;10.14.5&quot;, arch: &quot;x86_64&quot;, family: &quot;mac&quot;
[DEBUG] Created new class realm maven.api
[DEBUG] Importing foreign packages into class realm maven.api
[DEBUG]   Imported: javax.annotation.* &lt; plexus.core
[DEBUG]   Imported: javax.annotation.security.* &lt; plexus.core
[DEBUG]   Imported: javax.enterprise.inject.* &lt; plexus.core
[DEBUG]   Imported: javax.enterprise.util.* &lt; plexus.core
[DEBUG]   Imported: javax.inject.* &lt; plexus.core
[DEBUG]   Imported: org.apache.maven.* &lt; plexus.core
[DEBUG]   Imported: org.apache.maven.artifact &lt; plexus.core
[DEBUG]   Imported: org.apache.maven.classrealm &lt; plexus.core
[DEBUG]   Imported: org.apache.maven.cli &lt; plexus.core
[DEBUG]   Imported: org.apache.maven.configuration &lt; plexus.core
[DEBUG]   Imported: org.apache.maven.exception &lt; plexus.core
[DEBUG]   Imported: org.apache.maven.execution &lt; plexus.core
[DEBUG]   Imported: org.apache.maven.execution.scope &lt; plexus.core
[DEBUG]   Imported: org.apache.maven.lifecycle &lt; plexus.core
[DEBUG]   Imported: org.apache.maven.model &lt; plexus.core
[DEBUG]   Imported: org.apache.maven.monitor &lt; plexus.core
[DEBUG]   Imported: org.apache.maven.plugin &lt; plexus.core
[DEBUG]   Imported: org.apache.maven.profiles &lt; plexus.core
[DEBUG]   Imported: org.apache.maven.project &lt; plexus.core
[DEBUG]   Imported: org.apache.maven.reporting &lt; plexus.core
[DEBUG]   Imported: org.apache.maven.repository &lt; plexus.core
[DEBUG]   Imported: org.apache.maven.rtinfo &lt; plexus.core
[DEBUG]   Imported: org.apache.maven.settings &lt; plexus.core
[DEBUG]   Imported: org.apache.maven.toolchain &lt; plexus.core
[DEBUG]   Imported: org.apache.maven.usability &lt; plexus.core
[DEBUG]   Imported: org.apache.maven.wagon.* &lt; plexus.core
[DEBUG]   Imported: org.apache.maven.wagon.authentication &lt; plexus.core
[DEBUG]   Imported: org.apache.maven.wagon.authorization &lt; plexus.core
[DEBUG]   Imported: org.apache.maven.wagon.events &lt; plexus.core
[DEBUG]   Imported: org.apache.maven.wagon.observers &lt; plexus.core
[DEBUG]   Imported: org.apache.maven.wagon.proxy &lt; plexus.core
[DEBUG]   Imported: org.apache.maven.wagon.repository &lt; plexus.core
[DEBUG]   Imported: org.apache.maven.wagon.resource &lt; plexus.core
[DEBUG]   Imported: org.codehaus.classworlds &lt; plexus.core
[DEBUG]   Imported: org.codehaus.plexus.* &lt; plexus.core
[DEBUG]   Imported: org.codehaus.plexus.classworlds &lt; plexus.core
[DEBUG]   Imported: org.codehaus.plexus.component &lt; plexus.core
[DEBUG]   Imported: org.codehaus.plexus.configuration &lt; plexus.core
[DEBUG]   Imported: org.codehaus.plexus.container &lt; plexus.core
[DEBUG]   Imported: org.codehaus.plexus.context &lt; plexus.core
[DEBUG]   Imported: org.codehaus.plexus.lifecycle &lt; plexus.core
[DEBUG]   Imported: org.codehaus.plexus.logging &lt; plexus.core
[DEBUG]   Imported: org.codehaus.plexus.personality &lt; plexus.core
[DEBUG]   Imported: org.codehaus.plexus.util.xml.Xpp3Dom &lt; plexus.core
[DEBUG]   Imported: org.codehaus.plexus.util.xml.pull.XmlPullParser &lt; plexus.core
[DEBUG]   Imported: org.codehaus.plexus.util.xml.pull.XmlPullParserException &lt; plexus.core
[DEBUG]   Imported: org.codehaus.plexus.util.xml.pull.XmlSerializer &lt; plexus.core
[DEBUG]   Imported: org.eclipse.aether.* &lt; plexus.core
[DEBUG]   Imported: org.eclipse.aether.artifact &lt; plexus.core
[DEBUG]   Imported: org.eclipse.aether.collection &lt; plexus.core
[DEBUG]   Imported: org.eclipse.aether.deployment &lt; plexus.core
[DEBUG]   Imported: org.eclipse.aether.graph &lt; plexus.core
[DEBUG]   Imported: org.eclipse.aether.impl &lt; plexus.core
[DEBUG]   Imported: org.eclipse.aether.installation &lt; plexus.core
[DEBUG]   Imported: org.eclipse.aether.internal.impl &lt; plexus.core
[DEBUG]   Imported: org.eclipse.aether.metadata &lt; plexus.core
[DEBUG]   Imported: org.eclipse.aether.repository &lt; plexus.core
[DEBUG]   Imported: org.eclipse.aether.resolution &lt; plexus.core
[DEBUG]   Imported: org.eclipse.aether.spi &lt; plexus.core
[DEBUG]   Imported: org.eclipse.aether.transfer &lt; plexus.core
[DEBUG]   Imported: org.eclipse.aether.version &lt; plexus.core
[DEBUG]   Imported: org.fusesource.jansi.* &lt; plexus.core
[DEBUG]   Imported: org.slf4j.* &lt; plexus.core
[DEBUG]   Imported: org.slf4j.event.* &lt; plexus.core
[DEBUG]   Imported: org.slf4j.helpers.* &lt; plexus.core
[DEBUG]   Imported: org.slf4j.spi.* &lt; plexus.core
[DEBUG] Populating class realm maven.api
[INFO] Error stacktraces are turned on.
[DEBUG] Message scheme: plain
[DEBUG] Reading global settings from /Users/olamy/softs/maven/apache-maven-3.6.1/conf/settings.xml
[DEBUG] Reading user settings from /Users/olamy/dev/sources/maven/plugins/maven-invoker-plugin/target/it/interpolated-settings.xml
[DEBUG] Reading global toolchains from /Users/olamy/softs/maven/apache-maven-3.6.1/conf/toolchains.xml
[DEBUG] Reading user toolchains from /Users/olamy/.m2/toolchains.xml
[DEBUG] Using local repository at /Users/olamy/dev/sources/maven/plugins/maven-invoker-plugin/target/local-repo
[DEBUG] Using manager EnhancedLocalRepositoryManager with priority 10.0 for /Users/olamy/dev/sources/maven/plugins/maven-invoker-plugin/target/local-repo
[INFO] Scanning for projects...
[DEBUG] Extension realms for project org.apache.maven.plugins.invoker:selector-scripts:jar:1.0-SNAPSHOT: (none)
[DEBUG] Looking up lifecycle mappings for packaging jar from ClassRealm[plexus.core, parent: null]
[DEBUG] === REACTOR BUILD PLAN ================================================
[DEBUG] Project: org.apache.maven.plugins.invoker:selector-scripts:jar:1.0-SNAPSHOT
[DEBUG] Tasks:   [clean, initialize]
[DEBUG] Style:   Regular
[DEBUG] =======================================================================
[INFO] 
[INFO] ---------&lt; org.apache.maven.plugins.invoker:selector-scripts &gt;----------
[INFO] Building selector-scripts 1.0-SNAPSHOT
[INFO] --------------------------------[ jar ]---------------------------------
[DEBUG] Lifecycle default -&gt; [validate, initialize, generate-sources, process-sources, generate-resources, process-resources, compile, process-classes, generate-test-sources, process-test-sources, generate-test-resources, process-test-resources, test-compile, process-test-classes, test, prepare-package, package, pre-integration-test, integration-test, post-integration-test, verify, install, deploy]
[DEBUG] Lifecycle clean -&gt; [pre-clean, clean, post-clean]
[DEBUG] Lifecycle site -&gt; [pre-site, site, post-site, site-deploy]
[DEBUG] Lifecycle default -&gt; [validate, initialize, generate-sources, process-sources, generate-resources, process-resources, compile, process-classes, generate-test-sources, process-test-sources, generate-test-resources, process-test-resources, test-compile, process-test-classes, test, prepare-package, package, pre-integration-test, integration-test, post-integration-test, verify, install, deploy]
[DEBUG] Lifecycle clean -&gt; [pre-clean, clean, post-clean]
[DEBUG] Lifecycle site -&gt; [pre-site, site, post-site, site-deploy]
[DEBUG] Skipped remote request for org.apache.maven.plugins:maven-invoker-plugin:3.2.1-SNAPSHOT/maven-metadata.xml locally installed metadata up-to-date.
[DEBUG] Skipped remote request for org.apache.maven.plugins:maven-invoker-plugin:3.2.1-SNAPSHOT/maven-metadata.xml locally installed metadata up-to-date.
[DEBUG] Skipped remote request for org.apache.maven.plugins:maven-invoker-plugin:3.2.1-SNAPSHOT/maven-metadata.xml locally installed metadata up-to-date.
[DEBUG] Skipped remote request for org.apache.maven.plugins:maven-invoker-plugin:3.2.1-SNAPSHOT/maven-metadata.xml locally installed metadata up-to-date.
[DEBUG] Lifecycle default -&gt; [validate, initialize, generate-sources, process-sources, generate-resources, process-resources, compile, process-classes, generate-test-sources, process-test-sources, generate-test-resources, process-test-resources, test-compile, process-test-classes, test, prepare-package, package, pre-integration-test, integration-test, post-integration-test, verify, install, deploy]
[DEBUG] Lifecycle clean -&gt; [pre-clean, clean, post-clean]
[DEBUG] Lifecycle site -&gt; [pre-site, site, post-site, site-deploy]
[DEBUG] Lifecycle default -&gt; [validate, initialize, generate-sources, process-sources, generate-resources, process-resources, compile, process-classes, generate-test-sources, process-test-sources, generate-test-resources, process-test-resources, test-compile, process-test-classes, test, prepare-package, package, pre-integration-test, integration-test, post-integration-test, verify, install, deploy]
[DEBUG] Lifecycle clean -&gt; [pre-clean, clean, post-clean]
[DEBUG] Lifecycle site -&gt; [pre-site, site, post-site, site-deploy]
[DEBUG] === PROJECT BUILD PLAN ================================================
[DEBUG] Project:       org.apache.maven.plugins.invoker:selector-scripts:1.0-SNAPSHOT
[DEBUG] Dependencies (collect): []
[DEBUG] Dependencies (resolve): [test]
[DEBUG] Repositories (dependencies): [local.central (file:///Users/olamy/.m2/repository, default, releases+snapshots), apache.snapshots (http://repository.apache.org/content/groups/snapshots-group/, default, snapshots), central (https://repo.maven.apache.org/maven2, default, releases)]
[DEBUG] Repositories (plugins)     : [local.central (file:///Users/olamy/.m2/repository, default, releases+snapshots), apache.snapshots (http://repository.apache.org/content/groups/snapshots-group/, default, snapshots), central (https://repo.maven.apache.org/maven2, default, releases)]
[DEBUG] -----------------------------------------------------------------------
[DEBUG] Goal:          org.apache.maven.plugins:maven-clean-plugin:2.5:clean (default-clean)
[DEBUG] Style:         Regular
[DEBUG] Configuration: &lt;?xml version=&quot;1.0&quot; encoding=&quot;UTF-8&quot;?&gt;
&lt;configuration&gt;
  &lt;directory default-value=&quot;${project.build.directory}&quot;/&gt;
  &lt;excludeDefaultDirectories default-value=&quot;false&quot;&gt;${clean.excludeDefaultDirectories}&lt;/excludeDefaultDirectories&gt;
  &lt;failOnError default-value=&quot;true&quot;&gt;${maven.clean.failOnError}&lt;/failOnError&gt;
  &lt;followSymLinks default-value=&quot;false&quot;&gt;${clean.followSymLinks}&lt;/followSymLinks&gt;
  &lt;outputDirectory default-value=&quot;${project.build.outputDirectory}&quot;/&gt;
  &lt;reportDirectory default-value=&quot;${project.reporting.outputDirectory}&quot;/&gt;
  &lt;retryOnError default-value=&quot;true&quot;&gt;${maven.clean.retryOnError}&lt;/retryOnError&gt;
  &lt;skip default-value=&quot;false&quot;&gt;${clean.skip}&lt;/skip&gt;
  &lt;testOutputDirectory default-value=&quot;${project.build.testOutputDirectory}&quot;/&gt;
  &lt;verbose&gt;${clean.verbose}&lt;/verbose&gt;
&lt;/configuration&gt;
[DEBUG] -----------------------------------------------------------------------
[DEBUG] Goal:          org.apache.maven.plugins:maven-invoker-plugin:3.2.1-SNAPSHOT:run (integration-test)
[DEBUG] Style:         Regular
[DEBUG] Configuration: &lt;?xml version=&quot;1.0&quot; encoding=&quot;UTF-8&quot;?&gt;
&lt;configuration&gt;
  &lt;addTestClassPath default-value=&quot;false&quot;&gt;${invoker.addTestClassPath}&lt;/addTestClassPath&gt;
  &lt;cloneAllFiles default-value=&quot;false&quot;/&gt;
  &lt;cloneClean default-value=&quot;true&quot;/&gt;
  &lt;cloneProjectsTo&gt;/Users/olamy/dev/sources/maven/plugins/maven-invoker-plugin/target/it/selector-scripts/target/its&lt;/cloneProjectsTo&gt;
  &lt;debug default-value=&quot;false&quot;&gt;true&lt;/debug&gt;
  &lt;disableReports default-value=&quot;false&quot;&gt;${invoker.disableReports}&lt;/disableReports&gt;
  &lt;encoding default-value=&quot;${project.build.sourceEncoding}&quot;&gt;${encoding}&lt;/encoding&gt;
  &lt;failIfNoProjects&gt;${invoker.failIfNoProjects}&lt;/failIfNoProjects&gt;
  &lt;goals&gt;
    &lt;goal&gt;validate&lt;/goal&gt;
  &lt;/goals&gt;
  &lt;ignoreFailures default-value=&quot;false&quot;&gt;true&lt;/ignoreFailures&gt;
  &lt;invokerPropertiesFile default-value=&quot;invoker.properties&quot;&gt;${invoker.invokerPropertiesFile}&lt;/invokerPropertiesFile&gt;
  &lt;invokerTest&gt;${invoker.test}&lt;/invokerTest&gt;
  &lt;javaHome&gt;${invoker.javaHome}&lt;/javaHome&gt;
  &lt;junitPackageName default-value=&quot;maven.invoker.it&quot;&gt;${invoker.junitPackageName}&lt;/junitPackageName&gt;
  &lt;localRepositoryPath default-value=&quot;${settings.localRepository}&quot;&gt;${invoker.localRepositoryPath}&lt;/localRepositoryPath&gt;
  &lt;mavenExecutable&gt;${invoker.mavenExecutable}&lt;/mavenExecutable&gt;
  &lt;mavenHome&gt;${invoker.mavenHome}&lt;/mavenHome&gt;
  &lt;mavenOpts&gt;${invoker.mavenOpts}&lt;/mavenOpts&gt;
  &lt;mergeUserSettings default-value=&quot;false&quot;&gt;${invoker.mergeUserSettings}&lt;/mergeUserSettings&gt;
  &lt;mojoExecution default-value=&quot;${mojoExecution}&quot;/&gt;
  &lt;noLog default-value=&quot;false&quot;&gt;${invoker.noLog}&lt;/noLog&gt;
  &lt;parallelThreads default-value=&quot;1&quot;&gt;${invoker.parallelThreads}&lt;/parallelThreads&gt;
  &lt;pluginArtifacts&gt;${plugin.artifacts}&lt;/pluginArtifacts&gt;
  &lt;pom&gt;${invoker.pom}&lt;/pom&gt;
  &lt;pomIncludes&gt;
    &lt;pomInclude&gt;*/pom.xml&lt;/pomInclude&gt;
  &lt;/pomIncludes&gt;
  &lt;postBuildHookScript default-value=&quot;postbuild&quot;&gt;postbuild&lt;/postBuildHookScript&gt;
  &lt;preBuildHookScript default-value=&quot;prebuild&quot;&gt;${invoker.preBuildHookScript}&lt;/preBuildHookScript&gt;
  &lt;project default-value=&quot;${project}&quot;/&gt;
  &lt;projectsDirectory default-value=&quot;${basedir}/src/it/&quot;&gt;${invoker.projectsDirectory}&lt;/projectsDirectory&gt;
  &lt;reportsDirectory default-value=&quot;${project.build.directory}/invoker-reports&quot;&gt;${invoker.reportsDirectory}&lt;/reportsDirectory&gt;
  &lt;selectorScript default-value=&quot;selector&quot;&gt;selector&lt;/selectorScript&gt;
  &lt;session default-value=&quot;${session}&quot;/&gt;
  &lt;settings default-value=&quot;${settings}&quot;/&gt;
  &lt;settingsFile&gt;${invoker.settingsFile}&lt;/settingsFile&gt;
  &lt;showErrors default-value=&quot;false&quot;&gt;${invoker.showErrors}&lt;/showErrors&gt;
  &lt;showVersion default-value=&quot;false&quot;&gt;${invoker.showVersion}&lt;/showVersion&gt;
  &lt;skipInvocation default-value=&quot;false&quot;&gt;${invoker.skip}&lt;/skipInvocation&gt;
  &lt;streamLogs default-value=&quot;false&quot;&gt;${invoker.streamLogs}&lt;/streamLogs&gt;
  &lt;suppressSummaries default-value=&quot;false&quot;/&gt;
  &lt;testClassPath default-value=&quot;${project.testClasspathElements}&quot;/&gt;
  &lt;testPropertiesFile default-value=&quot;test.properties&quot;&gt;${invoker.testPropertiesFile}&lt;/testPropertiesFile&gt;
  &lt;timeoutInSeconds default-value=&quot;0&quot;&gt;${invoker.timeoutInSeconds}&lt;/timeoutInSeconds&gt;
  &lt;writeJunitReport default-value=&quot;false&quot;&gt;${invoker.writeJunitReport}&lt;/writeJunitReport&gt;
&lt;/configuration&gt;
[DEBUG] =======================================================================
[DEBUG] Dependency collection stats: {ConflictMarker.analyzeTime=43517, ConflictMarker.markTime=281932, ConflictMarker.nodeCount=1, ConflictIdSorter.graphTime=23741, ConflictIdSorter.topsortTime=374674, ConflictIdSorter.conflictIdCount=0, ConflictIdSorter.conflictIdCycleCount=0, ConflictResolver.totalTime=950209, ConflictResolver.conflictItemCount=0, DefaultDependencyCollector.collectTime=178947, DefaultDependencyCollector.transformTime=2887424}
[DEBUG] org.apache.maven.plugins.invoker:selector-scripts:jar:1.0-SNAPSHOT
[INFO] 
[INFO] --- maven-clean-plugin:2.5:clean (default-clean) @ selector-scripts ---
[DEBUG] Dependency collection stats: {ConflictMarker.analyzeTime=747476, ConflictMarker.markTime=75080, ConflictMarker.nodeCount=3, ConflictIdSorter.graphTime=117816, ConflictIdSorter.topsortTime=28086, ConflictIdSorter.conflictIdCount=3, ConflictIdSorter.conflictIdCycleCount=0, ConflictResolver.totalTime=1328172, ConflictResolver.conflictItemCount=3, DefaultDependencyCollector.collectTime=23449625, DefaultDependencyCollector.transformTime=2349629}
[DEBUG] org.apache.maven.plugins:maven-clean-plugin:jar:2.5:
[DEBUG]    org.apache.maven:maven-plugin-api:jar:2.0.6:compile
[DEBUG]    org.codehaus.plexus:plexus-utils:jar:3.0:compile
[DEBUG] Created new class realm plugin&gt;org.apache.maven.plugins:maven-clean-plugin:2.5
[DEBUG] Importing foreign packages into class realm plugin&gt;org.apache.maven.plugins:maven-clean-plugin:2.5
[DEBUG]   Imported:  &lt; maven.api
[DEBUG] Populating class realm plugin&gt;org.apache.maven.plugins:maven-clean-plugin:2.5
[DEBUG]   Included: org.apache.maven.plugins:maven-clean-plugin:jar:2.5
[DEBUG]   Included: org.codehaus.plexus:plexus-utils:jar:3.0
[DEBUG] Configuring mojo org.apache.maven.plugins:maven-clean-plugin:2.5:clean from plugin realm ClassRealm[plugin&gt;org.apache.maven.plugins:maven-clean-plugin:2.5, parent: sun.misc.Launcher$AppClassLoader@5c647e05]
[DEBUG] Configuring mojo &apos;org.apache.maven.plugins:maven-clean-plugin:2.5:clean&apos; with basic configurator --&gt;
[DEBUG]   (f) directory = /Users/olamy/dev/sources/maven/plugins/maven-invoker-plugin/target/it/selector-scripts/target
[DEBUG]   (f) excludeDefaultDirectories = false
[DEBUG]   (f) failOnError = true
[DEBUG]   (f) followSymLinks = false
[DEBUG]   (f) outputDirectory = /Users/olamy/dev/sources/maven/plugins/maven-invoker-plugin/target/it/selector-scripts/target/classes
[DEBUG]   (f) reportDirectory = /Users/olamy/dev/sources/maven/plugins/maven-invoker-plugin/target/it/selector-scripts/target/site
[DEBUG]   (f) retryOnError = true
[DEBUG]   (f) skip = false
[DEBUG]   (f) testOutputDirectory = /Users/olamy/dev/sources/maven/plugins/maven-invoker-plugin/target/it/selector-scripts/target/test-classes
[DEBUG] -- end configuration --
[DEBUG] Skipping non-existing directory /Users/olamy/dev/sources/maven/plugins/maven-invoker-plugin/target/it/selector-scripts/target
[DEBUG] Skipping non-existing directory /Users/olamy/dev/sources/maven/plugins/maven-invoker-plugin/target/it/selector-scripts/target/classes
[DEBUG] Skipping non-existing directory /Users/olamy/dev/sources/maven/plugins/maven-invoker-plugin/target/it/selector-scripts/target/test-classes
[DEBUG] Skipping non-existing directory /Users/olamy/dev/sources/maven/plugins/maven-invoker-plugin/target/it/selector-scripts/target/site
[INFO] 
[INFO] --- maven-invoker-plugin:3.2.1-SNAPSHOT:run (integration-test) @ selector-scripts ---
[DEBUG] Dependency collection stats: {ConflictMarker.analyzeTime=738482, ConflictMarker.markTime=540131, ConflictMarker.nodeCount=313, ConflictIdSorter.graphTime=518820, ConflictIdSorter.topsortTime=86533, ConflictIdSorter.conflictIdCount=74, ConflictIdSorter.conflictIdCycleCount=0, ConflictResolver.totalTime=6029732, ConflictResolver.conflictItemCount=176, DefaultDependencyCollector.collectTime=485905473, DefaultDependencyCollector.transformTime=7979551}
[DEBUG] org.apache.maven.plugins:maven-invoker-plugin:jar:3.2.1-SNAPSHOT:
[DEBUG]    org.apache.maven.shared:maven-invoker:jar:3.0.1:compile
[DEBUG]       org.codehaus.plexus:plexus-component-annotations:jar:1.7.1:compile
[DEBUG]    org.apache.maven:maven-core:jar:3.0:compile
[DEBUG]       org.apache.maven:maven-settings-builder:jar:3.0:compile
[DEBUG]       org.apache.maven:maven-repository-metadata:jar:3.0:compile
[DEBUG]       org.apache.maven:maven-model-builder:jar:3.0:compile
[DEBUG]       org.apache.maven:maven-aether-provider:jar:3.0:runtime
[DEBUG]       org.sonatype.aether:aether-impl:jar:1.7:compile
[DEBUG]          org.sonatype.aether:aether-spi:jar:1.7:compile
[DEBUG]       org.sonatype.aether:aether-api:jar:1.7:compile
[DEBUG]       org.sonatype.aether:aether-util:jar:1.7:compile
[DEBUG]       org.sonatype.sisu:sisu-inject-plexus:jar:1.4.2:compile
[DEBUG]          org.sonatype.sisu:sisu-inject-bean:jar:1.4.2:compile
[DEBUG]             org.sonatype.sisu:sisu-guice:jar:noaop:2.1.7:compile
[DEBUG]       org.codehaus.plexus:plexus-classworlds:jar:2.2.3:compile
[DEBUG]       org.sonatype.plexus:plexus-sec-dispatcher:jar:1.3:compile
[DEBUG]          org.sonatype.plexus:plexus-cipher:jar:1.4:compile
[DEBUG]    org.apache.maven:maven-model:jar:3.0:compile
[DEBUG]    org.apache.maven:maven-plugin-api:jar:3.0:compile
[DEBUG]    org.apache.maven:maven-artifact:jar:3.0:compile
[DEBUG]    org.apache.maven:maven-settings:jar:3.0:compile
[DEBUG]    org.apache.maven.reporting:maven-reporting-api:jar:3.0:compile
[DEBUG]    org.apache.maven.reporting:maven-reporting-impl:jar:2.4:compile
[DEBUG]       org.apache.maven.doxia:doxia-core:jar:1.6:compile
[DEBUG]          org.codehaus.plexus:plexus-container-default:jar:1.0-alpha-30:compile
[DEBUG]             junit:junit:jar:3.8.1:compile
[DEBUG]          xerces:xercesImpl:jar:2.9.1:compile
[DEBUG]             xml-apis:xml-apis:jar:1.3.04:compile
[DEBUG]          org.apache.httpcomponents:httpclient:jar:4.0.2:compile
[DEBUG]          org.apache.httpcomponents:httpcore:jar:4.0.1:compile
[DEBUG]          xmlunit:xmlunit:jar:1.5:compile
[DEBUG]       commons-validator:commons-validator:jar:1.4.1:compile
[DEBUG]          commons-beanutils:commons-beanutils:jar:1.8.3:compile
[DEBUG]          commons-digester:commons-digester:jar:1.8.1:compile
[DEBUG]          commons-logging:commons-logging:jar:1.2:compile
[DEBUG]    org.apache.maven.shared:maven-script-interpreter:jar:1.2:compile
[DEBUG]       org.apache.ant:ant:jar:1.8.1:compile
[DEBUG]    org.apache.maven.shared:maven-artifact-transfer:jar:0.9.1:compile
[DEBUG]       org.apache.maven.shared:maven-common-artifact-filters:jar:3.0.1:compile
[DEBUG]       commons-codec:commons-codec:jar:1.6:compile
[DEBUG]       org.slf4j:slf4j-api:jar:1.7.5:compile
[DEBUG]    org.apache.maven.doxia:doxia-sink-api:jar:1.7:compile
[DEBUG]       org.apache.maven.doxia:doxia-logging-api:jar:1.7:compile
[DEBUG]    org.apache.maven.doxia:doxia-site-renderer:jar:1.7.4:compile
[DEBUG]       org.apache.maven.doxia:doxia-decoration-model:jar:1.7.4:compile
[DEBUG]       org.apache.maven.doxia:doxia-skin-model:jar:1.7.4:compile
[DEBUG]       org.apache.maven.doxia:doxia-module-xhtml:jar:1.7:compile
[DEBUG]       org.codehaus.plexus:plexus-velocity:jar:1.2:compile
[DEBUG]       org.apache.velocity:velocity:jar:1.7:compile
[DEBUG]       org.apache.velocity:velocity-tools:jar:2.0:compile
[DEBUG]          commons-chain:commons-chain:jar:1.1:compile
[DEBUG]          dom4j:dom4j:jar:1.1:compile
[DEBUG]          oro:oro:jar:2.0.8:compile
[DEBUG]          sslext:sslext:jar:1.2-0:compile
[DEBUG]          org.apache.struts:struts-core:jar:1.3.8:compile
[DEBUG]             antlr:antlr:jar:2.7.2:compile
[DEBUG]          org.apache.struts:struts-taglib:jar:1.3.8:compile
[DEBUG]          org.apache.struts:struts-tiles:jar:1.3.8:compile
[DEBUG]       commons-collections:commons-collections:jar:3.2.1:compile
[DEBUG]       commons-lang:commons-lang:jar:2.4:compile
[DEBUG]    org.beanshell:bsh:jar:2.0b4:runtime
[DEBUG]    org.codehaus.groovy:groovy-all:jar:2.4.8:runtime
[DEBUG]    org.codehaus.plexus:plexus-utils:jar:3.1.0:compile
[DEBUG]    commons-io:commons-io:jar:2.5:compile
[DEBUG]    org.codehaus.plexus:plexus-interpolation:jar:1.26:compile
[DEBUG]    org.codehaus.plexus:plexus-i18n:jar:1.0-beta-7:compile
[DEBUG]    org.apache.maven.shared:maven-shared-utils:jar:3.2.1:compile
[DEBUG] Created new class realm plugin&gt;org.apache.maven.plugins:maven-invoker-plugin:3.2.1-SNAPSHOT
[DEBUG] Importing foreign packages into class realm plugin&gt;org.apache.maven.plugins:maven-invoker-plugin:3.2.1-SNAPSHOT
[DEBUG]   Imported:  &lt; maven.api
[DEBUG] Populating class realm plugin&gt;org.apache.maven.plugins:maven-invoker-plugin:3.2.1-SNAPSHOT
[DEBUG]   Included: org.apache.maven.plugins:maven-invoker-plugin:jar:3.2.1-SNAPSHOT
[DEBUG]   Included: org.apache.maven.shared:maven-invoker:jar:3.0.1
[DEBUG]   Included: org.codehaus.plexus:plexus-component-annotations:jar:1.7.1
[DEBUG]   Included: org.sonatype.aether:aether-util:jar:1.7
[DEBUG]   Included: org.sonatype.sisu:sisu-inject-bean:jar:1.4.2
[DEBUG]   Included: org.sonatype.sisu:sisu-guice:jar:noaop:2.1.7
[DEBUG]   Included: org.sonatype.plexus:plexus-sec-dispatcher:jar:1.3
[DEBUG]   Included: org.sonatype.plexus:plexus-cipher:jar:1.4
[DEBUG]   Included: org.apache.maven.reporting:maven-reporting-api:jar:3.0
[DEBUG]   Included: org.apache.maven.reporting:maven-reporting-impl:jar:2.4
[DEBUG]   Included: org.apache.maven.doxia:doxia-core:jar:1.6
[DEBUG]   Included: junit:junit:jar:3.8.1
[DEBUG]   Included: xerces:xercesImpl:jar:2.9.1
[DEBUG]   Included: xml-apis:xml-apis:jar:1.3.04
[DEBUG]   Included: org.apache.httpcomponents:httpclient:jar:4.0.2
[DEBUG]   Included: org.apache.httpcomponents:httpcore:jar:4.0.1
[DEBUG]   Included: xmlunit:xmlunit:jar:1.5
[DEBUG]   Included: commons-validator:commons-validator:jar:1.4.1
[DEBUG]   Included: commons-beanutils:commons-beanutils:jar:1.8.3
[DEBUG]   Included: commons-digester:commons-digester:jar:1.8.1
[DEBUG]   Included: commons-logging:commons-logging:jar:1.2
[DEBUG]   Included: org.apache.maven.shared:maven-script-interpreter:jar:1.2
[DEBUG]   Included: org.apache.ant:ant:jar:1.8.1
[DEBUG]   Included: org.apache.maven.shared:maven-artifact-transfer:jar:0.9.1
[DEBUG]   Included: org.apache.maven.shared:maven-common-artifact-filters:jar:3.0.1
[DEBUG]   Included: commons-codec:commons-codec:jar:1.6
[DEBUG]   Included: org.apache.maven.doxia:doxia-sink-api:jar:1.7
[DEBUG]   Included: org.apache.maven.doxia:doxia-logging-api:jar:1.7
[DEBUG]   Included: org.apache.maven.doxia:doxia-site-renderer:jar:1.7.4
[DEBUG]   Included: org.apache.maven.doxia:doxia-decoration-model:jar:1.7.4
[DEBUG]   Included: org.apache.maven.doxia:doxia-skin-model:jar:1.7.4
[DEBUG]   Included: org.apache.maven.doxia:doxia-module-xhtml:jar:1.7
[DEBUG]   Included: org.codehaus.plexus:plexus-velocity:jar:1.2
[DEBUG]   Included: org.apache.velocity:velocity:jar:1.7
[DEBUG]   Included: org.apache.velocity:velocity-tools:jar:2.0
[DEBUG]   Included: commons-chain:commons-chain:jar:1.1
[DEBUG]   Included: dom4j:dom4j:jar:1.1
[DEBUG]   Included: oro:oro:jar:2.0.8
[DEBUG]   Included: sslext:sslext:jar:1.2-0
[DEBUG]   Included: org.apache.struts:struts-core:jar:1.3.8
[DEBUG]   Included: antlr:antlr:jar:2.7.2
[DEBUG]   Included: org.apache.struts:struts-taglib:jar:1.3.8
[DEBUG]   Included: org.apache.struts:struts-tiles:jar:1.3.8
[DEBUG]   Included: commons-collections:commons-collections:jar:3.2.1
[DEBUG]   Included: commons-lang:commons-lang:jar:2.4
[DEBUG]   Included: org.beanshell:bsh:jar:2.0b4
[DEBUG]   Included: org.codehaus.groovy:groovy-all:jar:2.4.8
[DEBUG]   Included: org.codehaus.plexus:plexus-utils:jar:3.1.0
[DEBUG]   Included: commons-io:commons-io:jar:2.5
[DEBUG]   Included: org.codehaus.plexus:plexus-interpolation:jar:1.26
[DEBUG]   Included: org.codehaus.plexus:plexus-i18n:jar:1.0-beta-7
[DEBUG]   Included: org.apache.maven.shared:maven-shared-utils:jar:3.2.1
[DEBUG] Configuring mojo org.apache.maven.plugins:maven-invoker-plugin:3.2.1-SNAPSHOT:run from plugin realm ClassRealm[plugin&gt;org.apache.maven.plugins:maven-invoker-plugin:3.2.1-SNAPSHOT, parent: sun.misc.Launcher$AppClassLoader@5c647e05]
[DEBUG] Configuring mojo &apos;org.apache.maven.plugins:maven-invoker-plugin:3.2.1-SNAPSHOT:run&apos; with basic configurator --&gt;
[DEBUG]   (f) addTestClassPath = false
[DEBUG]   (f) cloneAllFiles = false
[DEBUG]   (f) cloneClean = true
[DEBUG]   (f) cloneProjectsTo = /Users/olamy/dev/sources/maven/plugins/maven-invoker-plugin/target/it/selector-scripts/target/its
[DEBUG]   (f) debug = true
[DEBUG]   (f) disableReports = false
[DEBUG]   (f) encoding = UTF-8
[DEBUG]   (f) goals = [validate]
[DEBUG]   (f) ignoreFailures = true
[DEBUG]   (f) invokerPropertiesFile = invoker.properties
[DEBUG]   (f) junitPackageName = maven.invoker.it
[DEBUG]   (f) localRepositoryPath = /Users/olamy/dev/sources/maven/plugins/maven-invoker-plugin/target/local-repo
[DEBUG]   (f) mergeUserSettings = false
[DEBUG]   (f) mojoExecution = org.apache.maven.plugins:maven-invoker-plugin:3.2.1-SNAPSHOT:run {execution: integration-test}
[DEBUG]   (f) noLog = false
[DEBUG]   (f) parallelThreads = 1
[DEBUG]   (f) pluginArtifacts = [org.apache.maven.plugins:maven-invoker-plugin:maven-plugin:3.2.1-SNAPSHOT:, org.apache.maven.shared:maven-invoker:jar:3.0.1:compile, org.codehaus.plexus:plexus-component-annotations:jar:1.7.1:compile, org.apache.maven:maven-core:jar:3.0:compile, org.apache.maven:maven-settings-builder:jar:3.0:compile, org.apache.maven:maven-repository-metadata:jar:3.0:compile, org.apache.maven:maven-model-builder:jar:3.0:compile, org.apache.maven:maven-aether-provider:jar:3.0:runtime, org.sonatype.aether:aether-impl:jar:1.7:compile, org.sonatype.aether:aether-spi:jar:1.7:compile, org.sonatype.aether:aether-api:jar:1.7:compile, org.sonatype.aether:aether-util:jar:1.7:compile, org.sonatype.sisu:sisu-inject-plexus:jar:1.4.2:compile, org.sonatype.sisu:sisu-inject-bean:jar:1.4.2:compile, org.sonatype.sisu:sisu-guice:jar:noaop:2.1.7:compile, org.codehaus.plexus:plexus-classworlds:jar:2.2.3:compile, org.sonatype.plexus:plexus-sec-dispatcher:jar:1.3:compile, org.sonatype.plexus:plexus-cipher:jar:1.4:compile, org.apache.maven:maven-model:jar:3.0:compile, org.apache.maven:maven-plugin-api:jar:3.0:compile, org.apache.maven:maven-artifact:jar:3.0:compile, org.apache.maven:maven-settings:jar:3.0:compile, org.apache.maven.reporting:maven-reporting-api:jar:3.0:compile, org.apache.maven.reporting:maven-reporting-impl:jar:2.4:compile, org.apache.maven.doxia:doxia-core:jar:1.6:compile, org.codehaus.plexus:plexus-container-default:jar:1.0-alpha-30:compile, junit:junit:jar:3.8.1:compile, xerces:xercesImpl:jar:2.9.1:compile, xml-apis:xml-apis:jar:1.3.04:compile, org.apache.httpcomponents:httpclient:jar:4.0.2:compile, org.apache.httpcomponents:httpcore:jar:4.0.1:compile, xmlunit:xmlunit:jar:1.5:compile, commons-validator:commons-validator:jar:1.4.1:compile, commons-beanutils:commons-beanutils:jar:1.8.3:compile, commons-digester:commons-digester:jar:1.8.1:compile, commons-logging:commons-logging:jar:1.2:compile, org.apache.maven.shared:maven-script-interpreter:jar:1.2:compile, org.apache.ant:ant:jar:1.8.1:compile, org.apache.maven.shared:maven-artifact-transfer:jar:0.9.1:compile, org.apache.maven.shared:maven-common-artifact-filters:jar:3.0.1:compile, commons-codec:commons-codec:jar:1.6:compile, org.slf4j:slf4j-api:jar:1.7.5:compile, org.apache.maven.doxia:doxia-sink-api:jar:1.7:compile, org.apache.maven.doxia:doxia-logging-api:jar:1.7:compile, org.apache.maven.doxia:doxia-site-renderer:jar:1.7.4:compile, org.apache.maven.doxia:doxia-decoration-model:jar:1.7.4:compile, org.apache.maven.doxia:doxia-skin-model:jar:1.7.4:compile, org.apache.maven.doxia:doxia-module-xhtml:jar:1.7:compile, org.codehaus.plexus:plexus-velocity:jar:1.2:compile, org.apache.velocity:velocity:jar:1.7:compile, org.apache.velocity:velocity-tools:jar:2.0:compile, commons-chain:commons-chain:jar:1.1:compile, dom4j:dom4j:jar:1.1:compile, oro:oro:jar:2.0.8:compile, sslext:sslext:jar:1.2-0:compile, org.apache.struts:struts-core:jar:1.3.8:compile, antlr:antlr:jar:2.7.2:compile, org.apache.struts:struts-taglib:jar:1.3.8:compile, org.apache.struts:struts-tiles:jar:1.3.8:compile, commons-collections:commons-collections:jar:3.2.1:compile, commons-lang:commons-lang:jar:2.4:compile, org.beanshell:bsh:jar:2.0b4:runtime, org.codehaus.groovy:groovy-all:jar:2.4.8:runtime, org.codehaus.plexus:plexus-utils:jar:3.1.0:compile, commons-io:commons-io:jar:2.5:compile, org.codehaus.plexus:plexus-interpolation:jar:1.26:compile, org.codehaus.plexus:plexus-i18n:jar:1.0-beta-7:compile, org.apache.maven.shared:maven-shared-utils:jar:3.2.1:compile]
[DEBUG]   (f) pomIncludes = [*/pom.xml]
[DEBUG]   (f) postBuildHookScript = postbuild
[DEBUG]   (f) preBuildHookScript = prebuild
[DEBUG]   (f) project = MavenProject: org.apache.maven.plugins.invoker:selector-scripts:1.0-SNAPSHOT @ /Users/olamy/dev/sources/maven/plugins/maven-invoker-plugin/target/it/selector-scripts/pom.xml
[DEBUG]   (f) projectsDirectory = /Users/olamy/dev/sources/maven/plugins/maven-invoker-plugin/target/it/selector-scripts/src/it
[DEBUG]   (f) reportsDirectory = /Users/olamy/dev/sources/maven/plugins/maven-invoker-plugin/target/it/selector-scripts/target/invoker-reports
[DEBUG]   (f) selectorScript = selector
[DEBUG]   (f) session = org.apache.maven.execution.MavenSession@4159e81b
[DEBUG]   (f) settings = org.apache.maven.execution.SettingsAdapter@5b5caf08
[DEBUG]   (f) showErrors = false
[DEBUG]   (f) showVersion = false
[DEBUG]   (f) skipInvocation = false
[DEBUG]   (f) streamLogs = false
[DEBUG]   (f) suppressSummaries = false
[DEBUG]   (f) testClassPath = [/Users/olamy/dev/sources/maven/plugins/maven-invoker-plugin/target/it/selector-scripts/target/test-classes, /Users/olamy/dev/sources/maven/plugins/maven-invoker-plugin/target/it/selector-scripts/target/classes]
[DEBUG]   (f) testPropertiesFile = test.properties
[DEBUG]   (f) timeoutInSeconds = 0
[DEBUG]   (f) writeJunitReport = false
[DEBUG] -- end configuration --
[DEBUG] Setup projects: []
[DEBUG] Collecting parent/child projects of script-ret-false/pom.xml
[DEBUG] Collecting parent/child projects of script-throw/pom.xml
[DEBUG] Collecting parent/child projects of script-ret-other/pom.xml
[DEBUG] Collecting parent/child projects of script-ret-true/pom.xml
[DEBUG] Collecting parent/child projects of script-ret-quiet/pom.xml
[DEBUG] Interpolate /Users/olamy/dev/sources/maven/plugins/maven-invoker-plugin/target/it/selector-scripts/target/its/script-ret-false/pom.xml to /Users/olamy/dev/sources/maven/plugins/maven-invoker-plugin/target/it/selector-scripts/target/its/script-ret-false/pom.xml
[DEBUG] Interpolate /Users/olamy/dev/sources/maven/plugins/maven-invoker-plugin/target/it/selector-scripts/target/its/script-throw/pom.xml to /Users/olamy/dev/sources/maven/plugins/maven-invoker-plugin/target/it/selector-scripts/target/its/script-throw/pom.xml
[DEBUG] Interpolate /Users/olamy/dev/sources/maven/plugins/maven-invoker-plugin/target/it/selector-scripts/target/its/script-ret-other/pom.xml to /Users/olamy/dev/sources/maven/plugins/maven-invoker-plugin/target/it/selector-scripts/target/its/script-ret-other/pom.xml
[DEBUG] Interpolate /Users/olamy/dev/sources/maven/plugins/maven-invoker-plugin/target/it/selector-scripts/target/its/script-ret-true/pom.xml to /Users/olamy/dev/sources/maven/plugins/maven-invoker-plugin/target/it/selector-scripts/target/its/script-ret-true/pom.xml
[DEBUG] Interpolate /Users/olamy/dev/sources/maven/plugins/maven-invoker-plugin/target/it/selector-scripts/target/its/script-ret-quiet/pom.xml to /Users/olamy/dev/sources/maven/plugins/maven-invoker-plugin/target/it/selector-scripts/target/its/script-ret-quiet/pom.xml
[DEBUG] Setup projects: []
[DEBUG] Created temporary file for invoker settings.xml: /Users/olamy/dev/sources/maven/plugins/maven-invoker-plugin/target/invoker-settings5728992757692528977.xml
[INFO] Building: script-ret-false/pom.xml
[DEBUG] Build log initialized in: /Users/olamy/dev/sources/maven/plugins/maven-invoker-plugin/target/it/selector-scripts/target/its/script-ret-false
[INFO] run selector script selector.bsh
[DEBUG] Running script with BeanShellScriptInterpreter: /Users/olamy/dev/sources/maven/plugins/maven-invoker-plugin/target/it/selector-scripts/target/its/script-ret-false/selector.bsh
[INFO]           script-ret-false/pom.xml ......................... SKIPPED (0.1 s)
[INFO] Building: script-throw/pom.xml
[DEBUG] Build log initialized in: /Users/olamy/dev/sources/maven/plugins/maven-invoker-plugin/target/it/selector-scripts/target/its/script-throw
[INFO] run selector script selector.bsh
[DEBUG] Running script with BeanShellScriptInterpreter: /Users/olamy/dev/sources/maven/plugins/maven-invoker-plugin/target/it/selector-scripts/target/its/script-throw/selector.bsh
[DEBUG] Error evaluating selector script /Users/olamy/dev/sources/maven/plugins/maven-invoker-plugin/target/it/selector-scripts/target/its/script-throw/selector.bsh, java.lang.NullPointerException: Bite me
java.lang.NullPointerException: Bite me
    at sun.reflect.NativeConstructorAccessorImpl.newInstance0 (Native Method)
    at sun.reflect.NativeConstructorAccessorImpl.newInstance (NativeConstructorAccessorImpl.java:62)
    at sun.reflect.DelegatingConstructorAccessorImpl.newInstance (DelegatingConstructorAccessorImpl.java:45)
    at java.lang.reflect.Constructor.newInstance (Constructor.java:423)
    at bsh.Reflect.constructObject (Unknown Source)
    at bsh.BSHAllocationExpression.constructObject (Unknown Source)
    at bsh.BSHAllocationExpression.objectAllocation (Unknown Source)
    at bsh.BSHAllocationExpression.eval (Unknown Source)
    at bsh.BSHPrimaryExpression.eval (Unknown Source)
    at bsh.BSHPrimaryExpression.eval (Unknown Source)
    at bsh.BSHThrowStatement.eval (Unknown Source)
    at bsh.Interpreter.eval (Unknown Source)
    at bsh.Interpreter.eval (Unknown Source)
    at bsh.Interpreter.eval (Unknown Source)
    at org.apache.maven.shared.scriptinterpreter.BeanShellScriptInterpreter.evaluateScript (BeanShellScriptInterpreter.java:116)
    at org.apache.maven.shared.scriptinterpreter.ScriptRunner.executeRun (ScriptRunner.java:256)
    at org.apache.maven.shared.scriptinterpreter.ScriptRunner.run (ScriptRunner.java:180)
    at org.apache.maven.plugins.invoker.AbstractInvokerMojo.runBuild (AbstractInvokerMojo.java:1983)
    at org.apache.maven.plugins.invoker.AbstractInvokerMojo.runBuild (AbstractInvokerMojo.java:1665)
    at org.apache.maven.plugins.invoker.AbstractInvokerMojo.runBuilds (AbstractInvokerMojo.java:1373)
    at org.apache.maven.plugins.invoker.AbstractInvokerMojo.execute (AbstractInvokerMojo.java:784)
    at org.apache.maven.plugin.DefaultBuildPluginManager.executeMojo (DefaultBuildPluginManager.java:137)
    at org.apache.maven.lifecycle.internal.MojoExecutor.execute (MojoExecutor.java:210)
    at org.apache.maven.lifecycle.internal.MojoExecutor.execute (MojoExecutor.java:156)
    at org.apache.maven.lifecycle.internal.MojoExecutor.execute (MojoExecutor.java:148)
    at org.apache.maven.lifecycle.internal.LifecycleModuleBuilder.buildProject (LifecycleModuleBuilder.java:117)
    at org.apache.maven.lifecycle.internal.LifecycleModuleBuilder.buildProject (LifecycleModuleBuilder.java:81)
    at org.apache.maven.lifecycle.internal.builder.singlethreaded.SingleThreadedBuilder.build (SingleThreadedBuilder.java:56)
    at org.apache.maven.lifecycle.internal.LifecycleStarter.execute (LifecycleStarter.java:128)
    at org.apache.maven.DefaultMaven.doExecute (DefaultMaven.java:305)
    at org.apache.maven.DefaultMaven.doExecute (DefaultMaven.java:192)
    at org.apache.maven.DefaultMaven.execute (DefaultMaven.java:105)
    at org.apache.maven.cli.MavenCli.execute (MavenCli.java:956)
    at org.apache.maven.cli.MavenCli.doMain (MavenCli.java:288)
    at org.apache.maven.cli.MavenCli.main (MavenCli.java:192)
    at sun.reflect.NativeMethodAccessorImpl.invoke0 (Native Method)
    at sun.reflect.NativeMethodAccessorImpl.invoke (NativeMethodAccessorImpl.java:62)
    at sun.reflect.DelegatingMethodAccessorImpl.invoke (DelegatingMethodAccessorImpl.java:43)
    at java.lang.reflect.Method.invoke (Method.java:498)
    at org.codehaus.plexus.classworlds.launcher.Launcher.launchEnhanced (Launcher.java:282)
    at org.codehaus.plexus.classworlds.launcher.Launcher.launch (Launcher.java:225)
    at org.codehaus.plexus.classworlds.launcher.Launcher.mainWithExitCode (Launcher.java:406)
    at org.codehaus.plexus.classworlds.launcher.Launcher.main (Launcher.java:347)
[INFO]   The selector script did not succeed. Bite me
[INFO]           script-throw/pom.xml ............................. ERROR (0.0 s)
[INFO] Building: script-ret-other/pom.xml
[DEBUG] Build log initialized in: /Users/olamy/dev/sources/maven/plugins/maven-invoker-plugin/target/it/selector-scripts/target/its/script-ret-other
[INFO] run selector script selector.bsh
[DEBUG] Running script with BeanShellScriptInterpreter: /Users/olamy/dev/sources/maven/plugins/maven-invoker-plugin/target/it/selector-scripts/target/its/script-ret-other/selector.bsh
[INFO]           script-ret-other/pom.xml ......................... SKIPPED (0.0 s)
[INFO] Building: script-ret-true/pom.xml
[DEBUG] Build log initialized in: /Users/olamy/dev/sources/maven/plugins/maven-invoker-plugin/target/it/selector-scripts/target/its/script-ret-true
[INFO] run selector script selector.bsh
[DEBUG] Running script with BeanShellScriptInterpreter: /Users/olamy/dev/sources/maven/plugins/maven-invoker-plugin/target/it/selector-scripts/target/its/script-ret-true/selector.bsh
[DEBUG] pre-build script: no script &apos;prebuild&apos; found in directory /Users/olamy/dev/sources/maven/plugins/maven-invoker-plugin/target/it/selector-scripts/target/its/script-ret-true
[DEBUG] Using MAVEN_OPTS: null
[DEBUG] Executing: /bin/sh -c cd /Users/olamy/dev/sources/maven/plugins/maven-invoker-plugin/target/it/selector-scripts/target/its/script-ret-true &amp;&amp; /Users/olamy/softs/maven/apache-maven-3.6.1/bin/mvn -B -X -D maven.repo.local=/Users/olamy/dev/sources/maven/plugins/maven-invoker-plugin/target/local-repo -s /Users/olamy/dev/sources/maven/plugins/maven-invoker-plugin/target/invoker-settings5728992757692528977.xml validate
[INFO] run post-build script postbuild.bsh
[DEBUG] Running script with BeanShellScriptInterpreter: /Users/olamy/dev/sources/maven/plugins/maven-invoker-plugin/target/it/selector-scripts/target/its/script-ret-true/postbuild.bsh
[INFO]           script-ret-true/pom.xml .......................... SUCCESS (1.4 s)
[INFO] Building: script-ret-quiet/pom.xml
[DEBUG] Build log initialized in: /Users/olamy/dev/sources/maven/plugins/maven-invoker-plugin/target/it/selector-scripts/target/its/script-ret-quiet
[INFO] run selector script selector.bsh
[DEBUG] Running script with BeanShellScriptInterpreter: /Users/olamy/dev/sources/maven/plugins/maven-invoker-plugin/target/it/selector-scripts/target/its/script-ret-quiet/selector.bsh
[DEBUG] pre-build script: no script &apos;prebuild&apos; found in directory /Users/olamy/dev/sources/maven/plugins/maven-invoker-plugin/target/it/selector-scripts/target/its/script-ret-quiet
[DEBUG] Using MAVEN_OPTS: null
[DEBUG] Executing: /bin/sh -c cd /Users/olamy/dev/sources/maven/plugins/maven-invoker-plugin/target/it/selector-scripts/target/its/script-ret-quiet &amp;&amp; /Users/olamy/softs/maven/apache-maven-3.6.1/bin/mvn -B -X -D maven.repo.local=/Users/olamy/dev/sources/maven/plugins/maven-invoker-plugin/target/local-repo -s /Users/olamy/dev/sources/maven/plugins/maven-invoker-plugin/target/invoker-settings5728992757692528977.xml validate
[INFO] run post-build script postbuild.bsh
[DEBUG] Running script with BeanShellScriptInterpreter: /Users/olamy/dev/sources/maven/plugins/maven-invoker-plugin/target/it/selector-scripts/target/its/script-ret-quiet/postbuild.bsh
[INFO]           script-ret-quiet/pom.xml ......................... SUCCESS (1.1 s)
[INFO] -------------------------------------------------
[INFO] Build Summary:
[INFO]   Passed: 2, Failed: 0, Errors: 1, Skipped: 2
[INFO] -------------------------------------------------
[WARNING] Ignoring that 1 build in error.
[INFO] ------------------------------------------------------------------------
[INFO] BUILD SUCCESS
[INFO] ------------------------------------------------------------------------
[INFO] Total time:  3.663 s
[INFO] Finished at: 2019-07-17T17:11:57+10:00
[INFO] ------------------------------------------------------------------------
Running post-build script: /Users/olamy/dev/sources/maven/plugins/maven-invoker-plugin/target/it/selector-scripts/verify.bsh
Checking for existence of: /Users/olamy/dev/sources/maven/plugins/maven-invoker-plugin/target/it/selector-scripts/target/its/script-ret-true/target/touch.txt
Checking for existence of: /Users/olamy/dev/sources/maven/plugins/maven-invoker-plugin/target/it/selector-scripts/target/its/script-ret-quiet/target/touch.txt
Checking for absence of: /Users/olamy/dev/sources/maven/plugins/maven-invoker-plugin/target/it/selector-scripts/target/its/script-ret-false/target/touch.txt
Checking for absence of: /Users/olamy/dev/sources/maven/plugins/maven-invoker-plugin/target/it/selector-scripts/target/its/script-ret-other/target/touch.txt
Checking for absence of: /Users/olamy/dev/sources/maven/plugins/maven-invoker-plugin/target/it/selector-scripts/target/its/script-throws/target/touch.txt
Checking build result: /Users/olamy/dev/sources/maven/plugins/maven-invoker-plugin/target/it/selector-scripts/target/invoker-reports/BUILD-script-ret-true.xml
Checking build result: /Users/olamy/dev/sources/maven/plugins/maven-invoker-plugin/target/it/selector-scripts/target/invoker-reports/BUILD-script-ret-quiet.xml
Checking build result: /Users/olamy/dev/sources/maven/plugins/maven-invoker-plugin/target/it/selector-scripts/target/invoker-reports/BUILD-script-ret-false.xml
Checking build result: /Users/olamy/dev/sources/maven/plugins/maven-invoker-plugin/target/it/selector-scripts/target/invoker-reports/BUILD-script-ret-other.xml
Checking build result: /Users/olamy/dev/sources/maven/plugins/maven-invoker-plugin/target/it/selector-scripts/target/invoker-reports/BUILD-script-throw.xml
Finished post-build script: /Users/olamy/dev/sources/maven/plugins/maven-invoker-plugin/target/it/selector-scripts/verify.bsh
</system-out>
  </testcase>
</testsuite>