<testsuite tests="1" time="3.147">
  <testcase classname="maven.invoker.it.fail-noprojects_run" name="fail-noprojects_run">
    <system-out>Apache Maven 3.6.1 (d66c9c0b3152b2e69ee9bac180bb8fcc8e6af555; 2019-04-05T05:00:29+10:00)
Maven home: /Users/olamy/softs/maven/apache-maven-3.6.1
Java version: 1.8.0_201, vendor: Oracle Corporation, runtime: /Library/Java/JavaVirtualMachines/jdk1.8.0_201.jdk/Contents/Home/jre
Default locale: en_AU, platform encoding: UTF-8
OS name: &quot;mac os x&quot;, version: &quot;10.14.5&quot;, arch: &quot;x86_64&quot;, family: &quot;mac&quot;
[DEBUG] Created new class realm maven.api
[DEBUG] Importing foreign packages into class realm maven.api
[DEBUG]   Imported: javax.annotation.* &lt; plexus.core
[DEBUG]   Imported: javax.annotation.security.* &lt; plexus.core
[DEBUG]   Imported: javax.enterprise.inject.* &lt; plexus.core
[DEBUG]   Imported: javax.enterprise.util.* &lt; plexus.core
[DEBUG]   Imported: javax.inject.* &lt; plexus.core
[DEBUG]   Imported: org.apache.maven.* &lt; plexus.core
[DEBUG]   Imported: org.apache.maven.artifact &lt; plexus.core
[DEBUG]   Imported: org.apache.maven.classrealm &lt; plexus.core
[DEBUG]   Imported: org.apache.maven.cli &lt; plexus.core
[DEBUG]   Imported: org.apache.maven.configuration &lt; plexus.core
[DEBUG]   Imported: org.apache.maven.exception &lt; plexus.core
[DEBUG]   Imported: org.apache.maven.execution &lt; plexus.core
[DEBUG]   Imported: org.apache.maven.execution.scope &lt; plexus.core
[DEBUG]   Imported: org.apache.maven.lifecycle &lt; plexus.core
[DEBUG]   Imported: org.apache.maven.model &lt; plexus.core
[DEBUG]   Imported: org.apache.maven.monitor &lt; plexus.core
[DEBUG]   Imported: org.apache.maven.plugin &lt; plexus.core
[DEBUG]   Imported: org.apache.maven.profiles &lt; plexus.core
[DEBUG]   Imported: org.apache.maven.project &lt; plexus.core
[DEBUG]   Imported: org.apache.maven.reporting &lt; plexus.core
[DEBUG]   Imported: org.apache.maven.repository &lt; plexus.core
[DEBUG]   Imported: org.apache.maven.rtinfo &lt; plexus.core
[DEBUG]   Imported: org.apache.maven.settings &lt; plexus.core
[DEBUG]   Imported: org.apache.maven.toolchain &lt; plexus.core
[DEBUG]   Imported: org.apache.maven.usability &lt; plexus.core
[DEBUG]   Imported: org.apache.maven.wagon.* &lt; plexus.core
[DEBUG]   Imported: org.apache.maven.wagon.authentication &lt; plexus.core
[DEBUG]   Imported: org.apache.maven.wagon.authorization &lt; plexus.core
[DEBUG]   Imported: org.apache.maven.wagon.events &lt; plexus.core
[DEBUG]   Imported: org.apache.maven.wagon.observers &lt; plexus.core
[DEBUG]   Imported: org.apache.maven.wagon.proxy &lt; plexus.core
[DEBUG]   Imported: org.apache.maven.wagon.repository &lt; plexus.core
[DEBUG]   Imported: org.apache.maven.wagon.resource &lt; plexus.core
[DEBUG]   Imported: org.codehaus.classworlds &lt; plexus.core
[DEBUG]   Imported: org.codehaus.plexus.* &lt; plexus.core
[DEBUG]   Imported: org.codehaus.plexus.classworlds &lt; plexus.core
[DEBUG]   Imported: org.codehaus.plexus.component &lt; plexus.core
[DEBUG]   Imported: org.codehaus.plexus.configuration &lt; plexus.core
[DEBUG]   Imported: org.codehaus.plexus.container &lt; plexus.core
[DEBUG]   Imported: org.codehaus.plexus.context &lt; plexus.core
[DEBUG]   Imported: org.codehaus.plexus.lifecycle &lt; plexus.core
[DEBUG]   Imported: org.codehaus.plexus.logging &lt; plexus.core
[DEBUG]   Imported: org.codehaus.plexus.personality &lt; plexus.core
[DEBUG]   Imported: org.codehaus.plexus.util.xml.Xpp3Dom &lt; plexus.core
[DEBUG]   Imported: org.codehaus.plexus.util.xml.pull.XmlPullParser &lt; plexus.core
[DEBUG]   Imported: org.codehaus.plexus.util.xml.pull.XmlPullParserException &lt; plexus.core
[DEBUG]   Imported: org.codehaus.plexus.util.xml.pull.XmlSerializer &lt; plexus.core
[DEBUG]   Imported: org.eclipse.aether.* &lt; plexus.core
[DEBUG]   Imported: org.eclipse.aether.artifact &lt; plexus.core
[DEBUG]   Imported: org.eclipse.aether.collection &lt; plexus.core
[DEBUG]   Imported: org.eclipse.aether.deployment &lt; plexus.core
[DEBUG]   Imported: org.eclipse.aether.graph &lt; plexus.core
[DEBUG]   Imported: org.eclipse.aether.impl &lt; plexus.core
[DEBUG]   Imported: org.eclipse.aether.installation &lt; plexus.core
[DEBUG]   Imported: org.eclipse.aether.internal.impl &lt; plexus.core
[DEBUG]   Imported: org.eclipse.aether.metadata &lt; plexus.core
[DEBUG]   Imported: org.eclipse.aether.repository &lt; plexus.core
[DEBUG]   Imported: org.eclipse.aether.resolution &lt; plexus.core
[DEBUG]   Imported: org.eclipse.aether.spi &lt; plexus.core
[DEBUG]   Imported: org.eclipse.aether.transfer &lt; plexus.core
[DEBUG]   Imported: org.eclipse.aether.version &lt; plexus.core
[DEBUG]   Imported: org.fusesource.jansi.* &lt; plexus.core
[DEBUG]   Imported: org.slf4j.* &lt; plexus.core
[DEBUG]   Imported: org.slf4j.event.* &lt; plexus.core
[DEBUG]   Imported: org.slf4j.helpers.* &lt; plexus.core
[DEBUG]   Imported: org.slf4j.spi.* &lt; plexus.core
[DEBUG] Populating class realm maven.api
[INFO] Error stacktraces are turned on.
[DEBUG] Message scheme: plain
[DEBUG] Reading global settings from /Users/olamy/softs/maven/apache-maven-3.6.1/conf/settings.xml
[DEBUG] Reading user settings from /Users/olamy/dev/sources/maven/plugins/maven-invoker-plugin/target/it/interpolated-settings.xml
[DEBUG] Reading global toolchains from /Users/olamy/softs/maven/apache-maven-3.6.1/conf/toolchains.xml
[DEBUG] Reading user toolchains from /Users/olamy/.m2/toolchains.xml
[DEBUG] Using local repository at /Users/olamy/dev/sources/maven/plugins/maven-invoker-plugin/target/local-repo
[DEBUG] Using manager EnhancedLocalRepositoryManager with priority 10.0 for /Users/olamy/dev/sources/maven/plugins/maven-invoker-plugin/target/local-repo
[INFO] Scanning for projects...
[DEBUG] Extension realms for project org.apache.maven.plugins.invoker:fail-noprojects_run:jar:1.0-SNAPSHOT: (none)
[DEBUG] Looking up lifecycle mappings for packaging jar from ClassRealm[plexus.core, parent: null]
[DEBUG] === REACTOR BUILD PLAN ================================================
[DEBUG] Project: org.apache.maven.plugins.invoker:fail-noprojects_run:jar:1.0-SNAPSHOT
[DEBUG] Tasks:   [clean, initialize]
[DEBUG] Style:   Regular
[DEBUG] =======================================================================
[INFO] 
[INFO] --------&lt; org.apache.maven.plugins.invoker:fail-noprojects_run &gt;--------
[INFO] Building fail-noprojects_run 1.0-SNAPSHOT
[INFO] --------------------------------[ jar ]---------------------------------
[DEBUG] Lifecycle default -&gt; [validate, initialize, generate-sources, process-sources, generate-resources, process-resources, compile, process-classes, generate-test-sources, process-test-sources, generate-test-resources, process-test-resources, test-compile, process-test-classes, test, prepare-package, package, pre-integration-test, integration-test, post-integration-test, verify, install, deploy]
[DEBUG] Lifecycle clean -&gt; [pre-clean, clean, post-clean]
[DEBUG] Lifecycle site -&gt; [pre-site, site, post-site, site-deploy]
[DEBUG] Lifecycle default -&gt; [validate, initialize, generate-sources, process-sources, generate-resources, process-resources, compile, process-classes, generate-test-sources, process-test-sources, generate-test-resources, process-test-resources, test-compile, process-test-classes, test, prepare-package, package, pre-integration-test, integration-test, post-integration-test, verify, install, deploy]
[DEBUG] Lifecycle clean -&gt; [pre-clean, clean, post-clean]
[DEBUG] Lifecycle site -&gt; [pre-site, site, post-site, site-deploy]
[DEBUG] Using transporter WagonTransporter with priority -1.0 for file:///Users/olamy/.m2/repository
[DEBUG] Using connector BasicRepositoryConnector with priority 0.0 for file:///Users/olamy/.m2/repository
[INFO] Downloading from local.central: file:///Users/olamy/.m2/repository/org/apache/maven/plugins/maven-clean-plugin/2.5/maven-clean-plugin-2.5.pom
[INFO] Downloaded from local.central: file:///Users/olamy/.m2/repository/org/apache/maven/plugins/maven-clean-plugin/2.5/maven-clean-plugin-2.5.pom (3.9 kB at 112 kB/s)
[DEBUG] Writing tracking file /Users/olamy/dev/sources/maven/plugins/maven-invoker-plugin/target/local-repo/org/apache/maven/plugins/maven-clean-plugin/2.5/_remote.repositories
[DEBUG] Writing tracking file /Users/olamy/dev/sources/maven/plugins/maven-invoker-plugin/target/local-repo/org/apache/maven/plugins/maven-clean-plugin/2.5/maven-clean-plugin-2.5.pom.lastUpdated
[DEBUG] Using transporter WagonTransporter with priority -1.0 for file:///Users/olamy/.m2/repository
[DEBUG] Using connector BasicRepositoryConnector with priority 0.0 for file:///Users/olamy/.m2/repository
[INFO] Downloading from local.central: file:///Users/olamy/.m2/repository/org/apache/maven/plugins/maven-plugins/22/maven-plugins-22.pom
[INFO] Downloaded from local.central: file:///Users/olamy/.m2/repository/org/apache/maven/plugins/maven-plugins/22/maven-plugins-22.pom (13 kB at 2.2 MB/s)
[DEBUG] Writing tracking file /Users/olamy/dev/sources/maven/plugins/maven-invoker-plugin/target/local-repo/org/apache/maven/plugins/maven-plugins/22/_remote.repositories
[DEBUG] Writing tracking file /Users/olamy/dev/sources/maven/plugins/maven-invoker-plugin/target/local-repo/org/apache/maven/plugins/maven-plugins/22/maven-plugins-22.pom.lastUpdated
[DEBUG] Using transporter WagonTransporter with priority -1.0 for file:///Users/olamy/.m2/repository
[DEBUG] Using connector BasicRepositoryConnector with priority 0.0 for file:///Users/olamy/.m2/repository
[INFO] Downloading from local.central: file:///Users/olamy/.m2/repository/org/apache/maven/maven-parent/21/maven-parent-21.pom
[INFO] Downloaded from local.central: file:///Users/olamy/.m2/repository/org/apache/maven/maven-parent/21/maven-parent-21.pom (27 kB at 4.5 MB/s)
[DEBUG] Writing tracking file /Users/olamy/dev/sources/maven/plugins/maven-invoker-plugin/target/local-repo/org/apache/maven/maven-parent/21/_remote.repositories
[DEBUG] Writing tracking file /Users/olamy/dev/sources/maven/plugins/maven-invoker-plugin/target/local-repo/org/apache/maven/maven-parent/21/maven-parent-21.pom.lastUpdated
[DEBUG] Using transporter WagonTransporter with priority -1.0 for file:///Users/olamy/.m2/repository
[DEBUG] Using connector BasicRepositoryConnector with priority 0.0 for file:///Users/olamy/.m2/repository
[INFO] Downloading from local.central: file:///Users/olamy/.m2/repository/org/apache/apache/10/apache-10.pom
[INFO] Downloaded from local.central: file:///Users/olamy/.m2/repository/org/apache/apache/10/apache-10.pom (15 kB at 5.0 MB/s)
[DEBUG] Writing tracking file /Users/olamy/dev/sources/maven/plugins/maven-invoker-plugin/target/local-repo/org/apache/apache/10/_remote.repositories
[DEBUG] Writing tracking file /Users/olamy/dev/sources/maven/plugins/maven-invoker-plugin/target/local-repo/org/apache/apache/10/apache-10.pom.lastUpdated
[DEBUG] Using transporter WagonTransporter with priority -1.0 for file:///Users/olamy/.m2/repository
[DEBUG] Using connector BasicRepositoryConnector with priority 0.0 for file:///Users/olamy/.m2/repository
[INFO] Downloading from local.central: file:///Users/olamy/.m2/repository/org/apache/maven/plugins/maven-clean-plugin/2.5/maven-clean-plugin-2.5.jar
[INFO] Downloaded from local.central: file:///Users/olamy/.m2/repository/org/apache/maven/plugins/maven-clean-plugin/2.5/maven-clean-plugin-2.5.jar (25 kB at 6.2 MB/s)
[DEBUG] Writing tracking file /Users/olamy/dev/sources/maven/plugins/maven-invoker-plugin/target/local-repo/org/apache/maven/plugins/maven-clean-plugin/2.5/_remote.repositories
[DEBUG] Writing tracking file /Users/olamy/dev/sources/maven/plugins/maven-invoker-plugin/target/local-repo/org/apache/maven/plugins/maven-clean-plugin/2.5/maven-clean-plugin-2.5.jar.lastUpdated
[DEBUG] Skipped remote request for org.apache.maven.plugins:maven-invoker-plugin:3.2.1-SNAPSHOT/maven-metadata.xml locally installed metadata up-to-date.
[DEBUG] Skipped remote request for org.apache.maven.plugins:maven-invoker-plugin:3.2.1-SNAPSHOT/maven-metadata.xml locally installed metadata up-to-date.
[DEBUG] Skipped remote request for org.apache.maven.plugins:maven-invoker-plugin:3.2.1-SNAPSHOT/maven-metadata.xml locally installed metadata up-to-date.
[DEBUG] Skipped remote request for org.apache.maven.plugins:maven-invoker-plugin:3.2.1-SNAPSHOT/maven-metadata.xml locally installed metadata up-to-date.
[DEBUG] Lifecycle default -&gt; [validate, initialize, generate-sources, process-sources, generate-resources, process-resources, compile, process-classes, generate-test-sources, process-test-sources, generate-test-resources, process-test-resources, test-compile, process-test-classes, test, prepare-package, package, pre-integration-test, integration-test, post-integration-test, verify, install, deploy]
[DEBUG] Lifecycle clean -&gt; [pre-clean, clean, post-clean]
[DEBUG] Lifecycle site -&gt; [pre-site, site, post-site, site-deploy]
[DEBUG] Lifecycle default -&gt; [validate, initialize, generate-sources, process-sources, generate-resources, process-resources, compile, process-classes, generate-test-sources, process-test-sources, generate-test-resources, process-test-resources, test-compile, process-test-classes, test, prepare-package, package, pre-integration-test, integration-test, post-integration-test, verify, install, deploy]
[DEBUG] Lifecycle clean -&gt; [pre-clean, clean, post-clean]
[DEBUG] Lifecycle site -&gt; [pre-site, site, post-site, site-deploy]
[DEBUG] === PROJECT BUILD PLAN ================================================
[DEBUG] Project:       org.apache.maven.plugins.invoker:fail-noprojects_run:1.0-SNAPSHOT
[DEBUG] Dependencies (collect): []
[DEBUG] Dependencies (resolve): [test]
[DEBUG] Repositories (dependencies): [local.central (file:///Users/olamy/.m2/repository, default, releases+snapshots), apache.snapshots (http://repository.apache.org/content/groups/snapshots-group/, default, snapshots), central (https://repo.maven.apache.org/maven2, default, releases)]
[DEBUG] Repositories (plugins)     : [local.central (file:///Users/olamy/.m2/repository, default, releases+snapshots), apache.snapshots (http://repository.apache.org/content/groups/snapshots-group/, default, snapshots), central (https://repo.maven.apache.org/maven2, default, releases)]
[DEBUG] -----------------------------------------------------------------------
[DEBUG] Goal:          org.apache.maven.plugins:maven-clean-plugin:2.5:clean (default-clean)
[DEBUG] Style:         Regular
[DEBUG] Configuration: &lt;?xml version=&quot;1.0&quot; encoding=&quot;UTF-8&quot;?&gt;
&lt;configuration&gt;
  &lt;directory default-value=&quot;${project.build.directory}&quot;/&gt;
  &lt;excludeDefaultDirectories default-value=&quot;false&quot;&gt;${clean.excludeDefaultDirectories}&lt;/excludeDefaultDirectories&gt;
  &lt;failOnError default-value=&quot;true&quot;&gt;${maven.clean.failOnError}&lt;/failOnError&gt;
  &lt;followSymLinks default-value=&quot;false&quot;&gt;${clean.followSymLinks}&lt;/followSymLinks&gt;
  &lt;outputDirectory default-value=&quot;${project.build.outputDirectory}&quot;/&gt;
  &lt;reportDirectory default-value=&quot;${project.reporting.outputDirectory}&quot;/&gt;
  &lt;retryOnError default-value=&quot;true&quot;&gt;${maven.clean.retryOnError}&lt;/retryOnError&gt;
  &lt;skip default-value=&quot;false&quot;&gt;${clean.skip}&lt;/skip&gt;
  &lt;testOutputDirectory default-value=&quot;${project.build.testOutputDirectory}&quot;/&gt;
  &lt;verbose&gt;${clean.verbose}&lt;/verbose&gt;
&lt;/configuration&gt;
[DEBUG] -----------------------------------------------------------------------
[DEBUG] Goal:          org.apache.maven.plugins:maven-invoker-plugin:3.2.1-SNAPSHOT:run (integration-test)
[DEBUG] Style:         Regular
[DEBUG] Configuration: &lt;?xml version=&quot;1.0&quot; encoding=&quot;UTF-8&quot;?&gt;
&lt;configuration&gt;
  &lt;addTestClassPath default-value=&quot;false&quot;&gt;${invoker.addTestClassPath}&lt;/addTestClassPath&gt;
  &lt;cloneAllFiles default-value=&quot;false&quot;/&gt;
  &lt;cloneClean default-value=&quot;true&quot;/&gt;
  &lt;cloneProjectsTo&gt;/Users/olamy/dev/sources/maven/plugins/maven-invoker-plugin/target/it/fail-noprojects_run/target/it&lt;/cloneProjectsTo&gt;
  &lt;debug default-value=&quot;false&quot;&gt;${invoker.debug}&lt;/debug&gt;
  &lt;disableReports default-value=&quot;false&quot;&gt;${invoker.disableReports}&lt;/disableReports&gt;
  &lt;encoding default-value=&quot;${project.build.sourceEncoding}&quot;&gt;${encoding}&lt;/encoding&gt;
  &lt;failIfNoProjects&gt;true&lt;/failIfNoProjects&gt;
  &lt;goals&gt;
    &lt;goal&gt;validate&lt;/goal&gt;
  &lt;/goals&gt;
  &lt;ignoreFailures default-value=&quot;false&quot;&gt;${maven.test.failure.ignore}&lt;/ignoreFailures&gt;
  &lt;invokerPropertiesFile default-value=&quot;invoker.properties&quot;&gt;${invoker.invokerPropertiesFile}&lt;/invokerPropertiesFile&gt;
  &lt;invokerTest&gt;${invoker.test}&lt;/invokerTest&gt;
  &lt;javaHome&gt;${invoker.javaHome}&lt;/javaHome&gt;
  &lt;junitPackageName default-value=&quot;maven.invoker.it&quot;&gt;${invoker.junitPackageName}&lt;/junitPackageName&gt;
  &lt;localRepositoryPath default-value=&quot;${settings.localRepository}&quot;&gt;${invoker.localRepositoryPath}&lt;/localRepositoryPath&gt;
  &lt;mavenExecutable&gt;${invoker.mavenExecutable}&lt;/mavenExecutable&gt;
  &lt;mavenHome&gt;${invoker.mavenHome}&lt;/mavenHome&gt;
  &lt;mavenOpts&gt;${invoker.mavenOpts}&lt;/mavenOpts&gt;
  &lt;mergeUserSettings default-value=&quot;false&quot;&gt;${invoker.mergeUserSettings}&lt;/mergeUserSettings&gt;
  &lt;mojoExecution default-value=&quot;${mojoExecution}&quot;/&gt;
  &lt;noLog default-value=&quot;false&quot;&gt;${invoker.noLog}&lt;/noLog&gt;
  &lt;parallelThreads default-value=&quot;1&quot;&gt;${invoker.parallelThreads}&lt;/parallelThreads&gt;
  &lt;pluginArtifacts&gt;${plugin.artifacts}&lt;/pluginArtifacts&gt;
  &lt;pom&gt;${invoker.pom}&lt;/pom&gt;
  &lt;postBuildHookScript default-value=&quot;postbuild&quot;&gt;${invoker.postBuildHookScript}&lt;/postBuildHookScript&gt;
  &lt;preBuildHookScript default-value=&quot;prebuild&quot;&gt;${invoker.preBuildHookScript}&lt;/preBuildHookScript&gt;
  &lt;project default-value=&quot;${project}&quot;/&gt;
  &lt;projectsDirectory default-value=&quot;${basedir}/src/it/&quot;&gt;${invoker.projectsDirectory}&lt;/projectsDirectory&gt;
  &lt;reportsDirectory default-value=&quot;${project.build.directory}/invoker-reports&quot;&gt;${invoker.reportsDirectory}&lt;/reportsDirectory&gt;
  &lt;selectorScript default-value=&quot;selector&quot;&gt;${invoker.selectorScript}&lt;/selectorScript&gt;
  &lt;session default-value=&quot;${session}&quot;/&gt;
  &lt;settings default-value=&quot;${settings}&quot;/&gt;
  &lt;settingsFile&gt;${invoker.settingsFile}&lt;/settingsFile&gt;
  &lt;showErrors default-value=&quot;false&quot;&gt;${invoker.showErrors}&lt;/showErrors&gt;
  &lt;showVersion default-value=&quot;false&quot;&gt;${invoker.showVersion}&lt;/showVersion&gt;
  &lt;skipInvocation default-value=&quot;false&quot;&gt;${invoker.skip}&lt;/skipInvocation&gt;
  &lt;streamLogs default-value=&quot;false&quot;&gt;${invoker.streamLogs}&lt;/streamLogs&gt;
  &lt;suppressSummaries default-value=&quot;false&quot;/&gt;
  &lt;testClassPath default-value=&quot;${project.testClasspathElements}&quot;/&gt;
  &lt;testPropertiesFile default-value=&quot;test.properties&quot;&gt;${invoker.testPropertiesFile}&lt;/testPropertiesFile&gt;
  &lt;timeoutInSeconds default-value=&quot;0&quot;&gt;${invoker.timeoutInSeconds}&lt;/timeoutInSeconds&gt;
  &lt;writeJunitReport default-value=&quot;false&quot;&gt;${invoker.writeJunitReport}&lt;/writeJunitReport&gt;
&lt;/configuration&gt;
[DEBUG] =======================================================================
[DEBUG] Dependency collection stats: {ConflictMarker.analyzeTime=50492, ConflictMarker.markTime=294150, ConflictMarker.nodeCount=1, ConflictIdSorter.graphTime=27371, ConflictIdSorter.topsortTime=505981, ConflictIdSorter.conflictIdCount=0, ConflictIdSorter.conflictIdCycleCount=0, ConflictResolver.totalTime=1460387, ConflictResolver.conflictItemCount=0, DefaultDependencyCollector.collectTime=199541, DefaultDependencyCollector.transformTime=3664773}
[DEBUG] org.apache.maven.plugins.invoker:fail-noprojects_run:jar:1.0-SNAPSHOT
[INFO] 
[INFO] --- maven-clean-plugin:2.5:clean (default-clean) @ fail-noprojects_run ---
[DEBUG] Using transporter WagonTransporter with priority -1.0 for file:///Users/olamy/.m2/repository
[DEBUG] Using connector BasicRepositoryConnector with priority 0.0 for file:///Users/olamy/.m2/repository
[INFO] Downloading from local.central: file:///Users/olamy/.m2/repository/org/apache/maven/maven-plugin-api/2.0.6/maven-plugin-api-2.0.6.pom
[INFO] Downloaded from local.central: file:///Users/olamy/.m2/repository/org/apache/maven/maven-plugin-api/2.0.6/maven-plugin-api-2.0.6.pom (1.5 kB at 291 kB/s)
[DEBUG] Writing tracking file /Users/olamy/dev/sources/maven/plugins/maven-invoker-plugin/target/local-repo/org/apache/maven/maven-plugin-api/2.0.6/_remote.repositories
[DEBUG] Writing tracking file /Users/olamy/dev/sources/maven/plugins/maven-invoker-plugin/target/local-repo/org/apache/maven/maven-plugin-api/2.0.6/maven-plugin-api-2.0.6.pom.lastUpdated
[DEBUG] Using transporter WagonTransporter with priority -1.0 for file:///Users/olamy/.m2/repository
[DEBUG] Using connector BasicRepositoryConnector with priority 0.0 for file:///Users/olamy/.m2/repository
[INFO] Downloading from local.central: file:///Users/olamy/.m2/repository/org/apache/maven/maven/2.0.6/maven-2.0.6.pom
[INFO] Downloaded from local.central: file:///Users/olamy/.m2/repository/org/apache/maven/maven/2.0.6/maven-2.0.6.pom (9.0 kB at 3.0 MB/s)
[DEBUG] Writing tracking file /Users/olamy/dev/sources/maven/plugins/maven-invoker-plugin/target/local-repo/org/apache/maven/maven/2.0.6/_remote.repositories
[DEBUG] Writing tracking file /Users/olamy/dev/sources/maven/plugins/maven-invoker-plugin/target/local-repo/org/apache/maven/maven/2.0.6/maven-2.0.6.pom.lastUpdated
[DEBUG] Using transporter WagonTransporter with priority -1.0 for file:///Users/olamy/.m2/repository
[DEBUG] Using connector BasicRepositoryConnector with priority 0.0 for file:///Users/olamy/.m2/repository
[INFO] Downloading from local.central: file:///Users/olamy/.m2/repository/org/apache/maven/maven-parent/5/maven-parent-5.pom
[INFO] Downloaded from local.central: file:///Users/olamy/.m2/repository/org/apache/maven/maven-parent/5/maven-parent-5.pom (15 kB at 5.1 MB/s)
[DEBUG] Writing tracking file /Users/olamy/dev/sources/maven/plugins/maven-invoker-plugin/target/local-repo/org/apache/maven/maven-parent/5/_remote.repositories
[DEBUG] Writing tracking file /Users/olamy/dev/sources/maven/plugins/maven-invoker-plugin/target/local-repo/org/apache/maven/maven-parent/5/maven-parent-5.pom.lastUpdated
[DEBUG] Using transporter WagonTransporter with priority -1.0 for file:///Users/olamy/.m2/repository
[DEBUG] Using connector BasicRepositoryConnector with priority 0.0 for file:///Users/olamy/.m2/repository
[INFO] Downloading from local.central: file:///Users/olamy/.m2/repository/org/codehaus/plexus/plexus-utils/3.0/plexus-utils-3.0.pom
[INFO] Downloaded from local.central: file:///Users/olamy/.m2/repository/org/codehaus/plexus/plexus-utils/3.0/plexus-utils-3.0.pom (4.1 kB at 2.0 MB/s)
[DEBUG] Writing tracking file /Users/olamy/dev/sources/maven/plugins/maven-invoker-plugin/target/local-repo/org/codehaus/plexus/plexus-utils/3.0/_remote.repositories
[DEBUG] Writing tracking file /Users/olamy/dev/sources/maven/plugins/maven-invoker-plugin/target/local-repo/org/codehaus/plexus/plexus-utils/3.0/plexus-utils-3.0.pom.lastUpdated
[DEBUG] Using transporter WagonTransporter with priority -1.0 for file:///Users/olamy/.m2/repository
[DEBUG] Using connector BasicRepositoryConnector with priority 0.0 for file:///Users/olamy/.m2/repository
[INFO] Downloading from local.central: file:///Users/olamy/.m2/repository/org/sonatype/spice/spice-parent/16/spice-parent-16.pom
[INFO] Downloaded from local.central: file:///Users/olamy/.m2/repository/org/sonatype/spice/spice-parent/16/spice-parent-16.pom (8.4 kB at 4.2 MB/s)
[DEBUG] Writing tracking file /Users/olamy/dev/sources/maven/plugins/maven-invoker-plugin/target/local-repo/org/sonatype/spice/spice-parent/16/_remote.repositories
[DEBUG] Writing tracking file /Users/olamy/dev/sources/maven/plugins/maven-invoker-plugin/target/local-repo/org/sonatype/spice/spice-parent/16/spice-parent-16.pom.lastUpdated
[DEBUG] Using transporter WagonTransporter with priority -1.0 for file:///Users/olamy/.m2/repository
[DEBUG] Using connector BasicRepositoryConnector with priority 0.0 for file:///Users/olamy/.m2/repository
[INFO] Downloading from local.central: file:///Users/olamy/.m2/repository/org/sonatype/forge/forge-parent/5/forge-parent-5.pom
[INFO] Downloaded from local.central: file:///Users/olamy/.m2/repository/org/sonatype/forge/forge-parent/5/forge-parent-5.pom (8.4 kB at 4.2 MB/s)
[DEBUG] Writing tracking file /Users/olamy/dev/sources/maven/plugins/maven-invoker-plugin/target/local-repo/org/sonatype/forge/forge-parent/5/_remote.repositories
[DEBUG] Writing tracking file /Users/olamy/dev/sources/maven/plugins/maven-invoker-plugin/target/local-repo/org/sonatype/forge/forge-parent/5/forge-parent-5.pom.lastUpdated
[DEBUG] Dependency collection stats: {ConflictMarker.analyzeTime=782628, ConflictMarker.markTime=46339, ConflictMarker.nodeCount=3, ConflictIdSorter.graphTime=85820, ConflictIdSorter.topsortTime=20552, ConflictIdSorter.conflictIdCount=3, ConflictIdSorter.conflictIdCycleCount=0, ConflictResolver.totalTime=1265236, ConflictResolver.conflictItemCount=3, DefaultDependencyCollector.collectTime=57180339, DefaultDependencyCollector.transformTime=2266216}
[DEBUG] org.apache.maven.plugins:maven-clean-plugin:jar:2.5:
[DEBUG]    org.apache.maven:maven-plugin-api:jar:2.0.6:compile
[DEBUG]    org.codehaus.plexus:plexus-utils:jar:3.0:compile
[DEBUG] Using transporter WagonTransporter with priority -1.0 for file:///Users/olamy/.m2/repository
[DEBUG] Using connector BasicRepositoryConnector with priority 0.0 for file:///Users/olamy/.m2/repository
[INFO] Downloading from local.central: file:///Users/olamy/.m2/repository/org/apache/maven/maven-plugin-api/2.0.6/maven-plugin-api-2.0.6.jar
[INFO] Downloading from local.central: file:///Users/olamy/.m2/repository/org/codehaus/plexus/plexus-utils/3.0/plexus-utils-3.0.jar
[INFO] Downloaded from local.central: file:///Users/olamy/.m2/repository/org/apache/maven/maven-plugin-api/2.0.6/maven-plugin-api-2.0.6.jar (13 kB at 3.2 MB/s)
[INFO] Downloaded from local.central: file:///Users/olamy/.m2/repository/org/codehaus/plexus/plexus-utils/3.0/plexus-utils-3.0.jar (226 kB at 28 MB/s)
[DEBUG] Writing tracking file /Users/olamy/dev/sources/maven/plugins/maven-invoker-plugin/target/local-repo/org/apache/maven/maven-plugin-api/2.0.6/_remote.repositories
[DEBUG] Writing tracking file /Users/olamy/dev/sources/maven/plugins/maven-invoker-plugin/target/local-repo/org/apache/maven/maven-plugin-api/2.0.6/maven-plugin-api-2.0.6.jar.lastUpdated
[DEBUG] Writing tracking file /Users/olamy/dev/sources/maven/plugins/maven-invoker-plugin/target/local-repo/org/codehaus/plexus/plexus-utils/3.0/_remote.repositories
[DEBUG] Writing tracking file /Users/olamy/dev/sources/maven/plugins/maven-invoker-plugin/target/local-repo/org/codehaus/plexus/plexus-utils/3.0/plexus-utils-3.0.jar.lastUpdated
[DEBUG] Created new class realm plugin&gt;org.apache.maven.plugins:maven-clean-plugin:2.5
[DEBUG] Importing foreign packages into class realm plugin&gt;org.apache.maven.plugins:maven-clean-plugin:2.5
[DEBUG]   Imported:  &lt; maven.api
[DEBUG] Populating class realm plugin&gt;org.apache.maven.plugins:maven-clean-plugin:2.5
[DEBUG]   Included: org.apache.maven.plugins:maven-clean-plugin:jar:2.5
[DEBUG]   Included: org.codehaus.plexus:plexus-utils:jar:3.0
[DEBUG] Configuring mojo org.apache.maven.plugins:maven-clean-plugin:2.5:clean from plugin realm ClassRealm[plugin&gt;org.apache.maven.plugins:maven-clean-plugin:2.5, parent: sun.misc.Launcher$AppClassLoader@5c647e05]
[DEBUG] Configuring mojo &apos;org.apache.maven.plugins:maven-clean-plugin:2.5:clean&apos; with basic configurator --&gt;
[DEBUG]   (f) directory = /Users/olamy/dev/sources/maven/plugins/maven-invoker-plugin/target/it/fail-noprojects_run/target
[DEBUG]   (f) excludeDefaultDirectories = false
[DEBUG]   (f) failOnError = true
[DEBUG]   (f) followSymLinks = false
[DEBUG]   (f) outputDirectory = /Users/olamy/dev/sources/maven/plugins/maven-invoker-plugin/target/it/fail-noprojects_run/target/classes
[DEBUG]   (f) reportDirectory = /Users/olamy/dev/sources/maven/plugins/maven-invoker-plugin/target/it/fail-noprojects_run/target/site
[DEBUG]   (f) retryOnError = true
[DEBUG]   (f) skip = false
[DEBUG]   (f) testOutputDirectory = /Users/olamy/dev/sources/maven/plugins/maven-invoker-plugin/target/it/fail-noprojects_run/target/test-classes
[DEBUG] -- end configuration --
[DEBUG] Skipping non-existing directory /Users/olamy/dev/sources/maven/plugins/maven-invoker-plugin/target/it/fail-noprojects_run/target
[DEBUG] Skipping non-existing directory /Users/olamy/dev/sources/maven/plugins/maven-invoker-plugin/target/it/fail-noprojects_run/target/classes
[DEBUG] Skipping non-existing directory /Users/olamy/dev/sources/maven/plugins/maven-invoker-plugin/target/it/fail-noprojects_run/target/test-classes
[DEBUG] Skipping non-existing directory /Users/olamy/dev/sources/maven/plugins/maven-invoker-plugin/target/it/fail-noprojects_run/target/site
[INFO] 
[INFO] --- maven-invoker-plugin:3.2.1-SNAPSHOT:run (integration-test) @ fail-noprojects_run ---
[DEBUG] Using transporter WagonTransporter with priority -1.0 for file:///Users/olamy/.m2/repository
[DEBUG] Using connector BasicRepositoryConnector with priority 0.0 for file:///Users/olamy/.m2/repository
[INFO] Downloading from local.central: file:///Users/olamy/.m2/repository/org/codehaus/plexus/plexus-utils/2.0.4/plexus-utils-2.0.4.pom
[INFO] Downloaded from local.central: file:///Users/olamy/.m2/repository/org/codehaus/plexus/plexus-utils/2.0.4/plexus-utils-2.0.4.pom (3.3 kB at 556 kB/s)
[DEBUG] Writing tracking file /Users/olamy/dev/sources/maven/plugins/maven-invoker-plugin/target/local-repo/org/codehaus/plexus/plexus-utils/2.0.4/_remote.repositories
[DEBUG] Writing tracking file /Users/olamy/dev/sources/maven/plugins/maven-invoker-plugin/target/local-repo/org/codehaus/plexus/plexus-utils/2.0.4/plexus-utils-2.0.4.pom.lastUpdated
[DEBUG] Using transporter WagonTransporter with priority -1.0 for file:///Users/olamy/.m2/repository
[DEBUG] Using connector BasicRepositoryConnector with priority 0.0 for file:///Users/olamy/.m2/repository
[INFO] Downloading from local.central: file:///Users/olamy/.m2/repository/org/codehaus/plexus/plexus-interpolation/1.14/plexus-interpolation-1.14.pom
[INFO] Downloaded from local.central: file:///Users/olamy/.m2/repository/org/codehaus/plexus/plexus-interpolation/1.14/plexus-interpolation-1.14.pom (910 B at 182 kB/s)
[DEBUG] Writing tracking file /Users/olamy/dev/sources/maven/plugins/maven-invoker-plugin/target/local-repo/org/codehaus/plexus/plexus-interpolation/1.14/_remote.repositories
[DEBUG] Writing tracking file /Users/olamy/dev/sources/maven/plugins/maven-invoker-plugin/target/local-repo/org/codehaus/plexus/plexus-interpolation/1.14/plexus-interpolation-1.14.pom.lastUpdated
[DEBUG] Using transporter WagonTransporter with priority -1.0 for file:///Users/olamy/.m2/repository
[DEBUG] Using connector BasicRepositoryConnector with priority 0.0 for file:///Users/olamy/.m2/repository
[INFO] Downloading from local.central: file:///Users/olamy/.m2/repository/org/codehaus/plexus/plexus-components/1.1.18/plexus-components-1.1.18.pom
[INFO] Downloaded from local.central: file:///Users/olamy/.m2/repository/org/codehaus/plexus/plexus-components/1.1.18/plexus-components-1.1.18.pom (5.4 kB at 1.1 MB/s)
[DEBUG] Writing tracking file /Users/olamy/dev/sources/maven/plugins/maven-invoker-plugin/target/local-repo/org/codehaus/plexus/plexus-components/1.1.18/_remote.repositories
[DEBUG] Writing tracking file /Users/olamy/dev/sources/maven/plugins/maven-invoker-plugin/target/local-repo/org/codehaus/plexus/plexus-components/1.1.18/plexus-components-1.1.18.pom.lastUpdated
[DEBUG] Using transporter WagonTransporter with priority -1.0 for file:///Users/olamy/.m2/repository
[DEBUG] Using connector BasicRepositoryConnector with priority 0.0 for file:///Users/olamy/.m2/repository
[INFO] Downloading from local.central: file:///Users/olamy/.m2/repository/org/codehaus/plexus/plexus/2.0.7/plexus-2.0.7.pom
[INFO] Downloaded from local.central: file:///Users/olamy/.m2/repository/org/codehaus/plexus/plexus/2.0.7/plexus-2.0.7.pom (17 kB at 5.8 MB/s)
[DEBUG] Writing tracking file /Users/olamy/dev/sources/maven/plugins/maven-invoker-plugin/target/local-repo/org/codehaus/plexus/plexus/2.0.7/_remote.repositories
[DEBUG] Writing tracking file /Users/olamy/dev/sources/maven/plugins/maven-invoker-plugin/target/local-repo/org/codehaus/plexus/plexus/2.0.7/plexus-2.0.7.pom.lastUpdated
[DEBUG] Using transporter WagonTransporter with priority -1.0 for file:///Users/olamy/.m2/repository
[DEBUG] Using connector BasicRepositoryConnector with priority 0.0 for file:///Users/olamy/.m2/repository
[INFO] Downloading from local.central: file:///Users/olamy/.m2/repository/org/codehaus/plexus/plexus-utils/1.5.5/plexus-utils-1.5.5.pom
[INFO] Downloaded from local.central: file:///Users/olamy/.m2/repository/org/codehaus/plexus/plexus-utils/1.5.5/plexus-utils-1.5.5.pom (5.1 kB at 1.7 MB/s)
[DEBUG] Writing tracking file /Users/olamy/dev/sources/maven/plugins/maven-invoker-plugin/target/local-repo/org/codehaus/plexus/plexus-utils/1.5.5/_remote.repositories
[DEBUG] Writing tracking file /Users/olamy/dev/sources/maven/plugins/maven-invoker-plugin/target/local-repo/org/codehaus/plexus/plexus-utils/1.5.5/plexus-utils-1.5.5.pom.lastUpdated
[DEBUG] Using transporter WagonTransporter with priority -1.0 for file:///Users/olamy/.m2/repository
[DEBUG] Using connector BasicRepositoryConnector with priority 0.0 for file:///Users/olamy/.m2/repository
[INFO] Downloading from local.central: file:///Users/olamy/.m2/repository/org/codehaus/plexus/plexus-utils/2.0.5/plexus-utils-2.0.5.pom
[INFO] Downloaded from local.central: file:///Users/olamy/.m2/repository/org/codehaus/plexus/plexus-utils/2.0.5/plexus-utils-2.0.5.pom (3.3 kB at 1.1 MB/s)
[DEBUG] Writing tracking file /Users/olamy/dev/sources/maven/plugins/maven-invoker-plugin/target/local-repo/org/codehaus/plexus/plexus-utils/2.0.5/_remote.repositories
[DEBUG] Writing tracking file /Users/olamy/dev/sources/maven/plugins/maven-invoker-plugin/target/local-repo/org/codehaus/plexus/plexus-utils/2.0.5/plexus-utils-2.0.5.pom.lastUpdated
[DEBUG] Using transporter WagonTransporter with priority -1.0 for file:///Users/olamy/.m2/repository
[DEBUG] Using connector BasicRepositoryConnector with priority 0.0 for file:///Users/olamy/.m2/repository
[INFO] Downloading from local.central: file:///Users/olamy/.m2/repository/org/apache/maven/doxia/doxia-sink-api/1.0/doxia-sink-api-1.0.pom
[INFO] Downloaded from local.central: file:///Users/olamy/.m2/repository/org/apache/maven/doxia/doxia-sink-api/1.0/doxia-sink-api-1.0.pom (1.4 kB at 347 kB/s)
[DEBUG] Writing tracking file /Users/olamy/dev/sources/maven/plugins/maven-invoker-plugin/target/local-repo/org/apache/maven/doxia/doxia-sink-api/1.0/_remote.repositories
[DEBUG] Writing tracking file /Users/olamy/dev/sources/maven/plugins/maven-invoker-plugin/target/local-repo/org/apache/maven/doxia/doxia-sink-api/1.0/doxia-sink-api-1.0.pom.lastUpdated
[DEBUG] Using transporter WagonTransporter with priority -1.0 for file:///Users/olamy/.m2/repository
[DEBUG] Using connector BasicRepositoryConnector with priority 0.0 for file:///Users/olamy/.m2/repository
[INFO] Downloading from local.central: file:///Users/olamy/.m2/repository/org/apache/maven/doxia/doxia/1.0/doxia-1.0.pom
[INFO] Downloaded from local.central: file:///Users/olamy/.m2/repository/org/apache/maven/doxia/doxia/1.0/doxia-1.0.pom (9.6 kB at 2.4 MB/s)
[DEBUG] Writing tracking file /Users/olamy/dev/sources/maven/plugins/maven-invoker-plugin/target/local-repo/org/apache/maven/doxia/doxia/1.0/_remote.repositories
[DEBUG] Writing tracking file /Users/olamy/dev/sources/maven/plugins/maven-invoker-plugin/target/local-repo/org/apache/maven/doxia/doxia/1.0/doxia-1.0.pom.lastUpdated
[DEBUG] Using transporter WagonTransporter with priority -1.0 for file:///Users/olamy/.m2/repository
[DEBUG] Using connector BasicRepositoryConnector with priority 0.0 for file:///Users/olamy/.m2/repository
[INFO] Downloading from local.central: file:///Users/olamy/.m2/repository/org/apache/maven/maven-parent/10/maven-parent-10.pom
[INFO] Downloaded from local.central: file:///Users/olamy/.m2/repository/org/apache/maven/maven-parent/10/maven-parent-10.pom (32 kB at 6.3 MB/s)
[DEBUG] Writing tracking file /Users/olamy/dev/sources/maven/plugins/maven-invoker-plugin/target/local-repo/org/apache/maven/maven-parent/10/_remote.repositories
[DEBUG] Writing tracking file /Users/olamy/dev/sources/maven/plugins/maven-invoker-plugin/target/local-repo/org/apache/maven/maven-parent/10/maven-parent-10.pom.lastUpdated
[DEBUG] Using transporter WagonTransporter with priority -1.0 for file:///Users/olamy/.m2/repository
[DEBUG] Using connector BasicRepositoryConnector with priority 0.0 for file:///Users/olamy/.m2/repository
[INFO] Downloading from local.central: file:///Users/olamy/.m2/repository/org/apache/maven/maven-plugin-api/2.2.1/maven-plugin-api-2.2.1.pom
[INFO] Downloaded from local.central: file:///Users/olamy/.m2/repository/org/apache/maven/maven-plugin-api/2.2.1/maven-plugin-api-2.2.1.pom (1.5 kB at 292 kB/s)
[DEBUG] Writing tracking file /Users/olamy/dev/sources/maven/plugins/maven-invoker-plugin/target/local-repo/org/apache/maven/maven-plugin-api/2.2.1/_remote.repositories
[DEBUG] Writing tracking file /Users/olamy/dev/sources/maven/plugins/maven-invoker-plugin/target/local-repo/org/apache/maven/maven-plugin-api/2.2.1/maven-plugin-api-2.2.1.pom.lastUpdated
[DEBUG] Using transporter WagonTransporter with priority -1.0 for file:///Users/olamy/.m2/repository
[DEBUG] Using connector BasicRepositoryConnector with priority 0.0 for file:///Users/olamy/.m2/repository
[INFO] Downloading from local.central: file:///Users/olamy/.m2/repository/org/apache/maven/maven/2.2.1/maven-2.2.1.pom
[INFO] Downloaded from local.central: file:///Users/olamy/.m2/repository/org/apache/maven/maven/2.2.1/maven-2.2.1.pom (22 kB at 4.5 MB/s)
[DEBUG] Writing tracking file /Users/olamy/dev/sources/maven/plugins/maven-invoker-plugin/target/local-repo/org/apache/maven/maven/2.2.1/_remote.repositories
[DEBUG] Writing tracking file /Users/olamy/dev/sources/maven/plugins/maven-invoker-plugin/target/local-repo/org/apache/maven/maven/2.2.1/maven-2.2.1.pom.lastUpdated
[DEBUG] Using transporter WagonTransporter with priority -1.0 for file:///Users/olamy/.m2/repository
[DEBUG] Using connector BasicRepositoryConnector with priority 0.0 for file:///Users/olamy/.m2/repository
[INFO] Downloading from local.central: file:///Users/olamy/.m2/repository/org/apache/maven/maven-parent/11/maven-parent-11.pom
[INFO] Downloaded from local.central: file:///Users/olamy/.m2/repository/org/apache/maven/maven-parent/11/maven-parent-11.pom (32 kB at 6.5 MB/s)
[DEBUG] Writing tracking file /Users/olamy/dev/sources/maven/plugins/maven-invoker-plugin/target/local-repo/org/apache/maven/maven-parent/11/_remote.repositories
[DEBUG] Writing tracking file /Users/olamy/dev/sources/maven/plugins/maven-invoker-plugin/target/local-repo/org/apache/maven/maven-parent/11/maven-parent-11.pom.lastUpdated
[DEBUG] Using transporter WagonTransporter with priority -1.0 for file:///Users/olamy/.m2/repository
[DEBUG] Using connector BasicRepositoryConnector with priority 0.0 for file:///Users/olamy/.m2/repository
[INFO] Downloading from local.central: file:///Users/olamy/.m2/repository/org/apache/apache/5/apache-5.pom
[INFO] Downloaded from local.central: file:///Users/olamy/.m2/repository/org/apache/apache/5/apache-5.pom (3.8 kB at 948 kB/s)
[DEBUG] Writing tracking file /Users/olamy/dev/sources/maven/plugins/maven-invoker-plugin/target/local-repo/org/apache/apache/5/_remote.repositories
[DEBUG] Writing tracking file /Users/olamy/dev/sources/maven/plugins/maven-invoker-plugin/target/local-repo/org/apache/apache/5/apache-5.pom.lastUpdated
[DEBUG] Using transporter WagonTransporter with priority -1.0 for file:///Users/olamy/.m2/repository
[DEBUG] Using connector BasicRepositoryConnector with priority 0.0 for file:///Users/olamy/.m2/repository
[INFO] Downloading from local.central: file:///Users/olamy/.m2/repository/org/apache/maven/shared/maven-shared-utils/0.6/maven-shared-utils-0.6.pom
[INFO] Downloaded from local.central: file:///Users/olamy/.m2/repository/org/apache/maven/shared/maven-shared-utils/0.6/maven-shared-utils-0.6.pom (4.9 kB at 1.6 MB/s)
[DEBUG] Writing tracking file /Users/olamy/dev/sources/maven/plugins/maven-invoker-plugin/target/local-repo/org/apache/maven/shared/maven-shared-utils/0.6/_remote.repositories
[DEBUG] Writing tracking file /Users/olamy/dev/sources/maven/plugins/maven-invoker-plugin/target/local-repo/org/apache/maven/shared/maven-shared-utils/0.6/maven-shared-utils-0.6.pom.lastUpdated
[DEBUG] Using transporter WagonTransporter with priority -1.0 for file:///Users/olamy/.m2/repository
[DEBUG] Using connector BasicRepositoryConnector with priority 0.0 for file:///Users/olamy/.m2/repository
[INFO] Downloading from local.central: file:///Users/olamy/.m2/repository/org/apache/maven/shared/maven-shared-components/19/maven-shared-components-19.pom
[INFO] Downloaded from local.central: file:///Users/olamy/.m2/repository/org/apache/maven/shared/maven-shared-components/19/maven-shared-components-19.pom (6.2 kB at 1.2 MB/s)
[DEBUG] Writing tracking file /Users/olamy/dev/sources/maven/plugins/maven-invoker-plugin/target/local-repo/org/apache/maven/shared/maven-shared-components/19/_remote.repositories
[DEBUG] Writing tracking file /Users/olamy/dev/sources/maven/plugins/maven-invoker-plugin/target/local-repo/org/apache/maven/shared/maven-shared-components/19/maven-shared-components-19.pom.lastUpdated
[DEBUG] Using transporter WagonTransporter with priority -1.0 for file:///Users/olamy/.m2/repository
[DEBUG] Using connector BasicRepositoryConnector with priority 0.0 for file:///Users/olamy/.m2/repository
[INFO] Downloading from local.central: file:///Users/olamy/.m2/repository/org/apache/maven/maven-parent/23/maven-parent-23.pom
[INFO] Downloaded from local.central: file:///Users/olamy/.m2/repository/org/apache/maven/maven-parent/23/maven-parent-23.pom (33 kB at 8.3 MB/s)
[DEBUG] Writing tracking file /Users/olamy/dev/sources/maven/plugins/maven-invoker-plugin/target/local-repo/org/apache/maven/maven-parent/23/_remote.repositories
[DEBUG] Writing tracking file /Users/olamy/dev/sources/maven/plugins/maven-invoker-plugin/target/local-repo/org/apache/maven/maven-parent/23/maven-parent-23.pom.lastUpdated
[DEBUG] Using transporter WagonTransporter with priority -1.0 for file:///Users/olamy/.m2/repository
[DEBUG] Using connector BasicRepositoryConnector with priority 0.0 for file:///Users/olamy/.m2/repository
[INFO] Downloading from local.central: file:///Users/olamy/.m2/repository/com/google/code/findbugs/jsr305/2.0.1/jsr305-2.0.1.pom
[INFO] Downloaded from local.central: file:///Users/olamy/.m2/repository/com/google/code/findbugs/jsr305/2.0.1/jsr305-2.0.1.pom (965 B at 241 kB/s)
[DEBUG] Writing tracking file /Users/olamy/dev/sources/maven/plugins/maven-invoker-plugin/target/local-repo/com/google/code/findbugs/jsr305/2.0.1/_remote.repositories
[DEBUG] Writing tracking file /Users/olamy/dev/sources/maven/plugins/maven-invoker-plugin/target/local-repo/com/google/code/findbugs/jsr305/2.0.1/jsr305-2.0.1.pom.lastUpdated
[DEBUG] Using transporter WagonTransporter with priority -1.0 for file:///Users/olamy/.m2/repository
[DEBUG] Using connector BasicRepositoryConnector with priority 0.0 for file:///Users/olamy/.m2/repository
[INFO] Downloading from local.central: file:///Users/olamy/.m2/repository/org/apache/maven/doxia/doxia-sink-api/1.6/doxia-sink-api-1.6.pom
[INFO] Downloaded from local.central: file:///Users/olamy/.m2/repository/org/apache/maven/doxia/doxia-sink-api/1.6/doxia-sink-api-1.6.pom (1.5 kB at 383 kB/s)
[DEBUG] Writing tracking file /Users/olamy/dev/sources/maven/plugins/maven-invoker-plugin/target/local-repo/org/apache/maven/doxia/doxia-sink-api/1.6/_remote.repositories
[DEBUG] Writing tracking file /Users/olamy/dev/sources/maven/plugins/maven-invoker-plugin/target/local-repo/org/apache/maven/doxia/doxia-sink-api/1.6/doxia-sink-api-1.6.pom.lastUpdated
[DEBUG] Using transporter WagonTransporter with priority -1.0 for file:///Users/olamy/.m2/repository
[DEBUG] Using connector BasicRepositoryConnector with priority 0.0 for file:///Users/olamy/.m2/repository
[INFO] Downloading from local.central: file:///Users/olamy/.m2/repository/org/apache/maven/doxia/doxia-logging-api/1.6/doxia-logging-api-1.6.pom
[INFO] Downloaded from local.central: file:///Users/olamy/.m2/repository/org/apache/maven/doxia/doxia-logging-api/1.6/doxia-logging-api-1.6.pom (1.5 kB at 307 kB/s)
[DEBUG] Writing tracking file /Users/olamy/dev/sources/maven/plugins/maven-invoker-plugin/target/local-repo/org/apache/maven/doxia/doxia-logging-api/1.6/_remote.repositories
[DEBUG] Writing tracking file /Users/olamy/dev/sources/maven/plugins/maven-invoker-plugin/target/local-repo/org/apache/maven/doxia/doxia-logging-api/1.6/doxia-logging-api-1.6.pom.lastUpdated
[DEBUG] Using transporter WagonTransporter with priority -1.0 for file:///Users/olamy/.m2/repository
[DEBUG] Using connector BasicRepositoryConnector with priority 0.0 for file:///Users/olamy/.m2/repository
[INFO] Downloading from local.central: file:///Users/olamy/.m2/repository/org/codehaus/plexus/plexus-utils/1.4.5/plexus-utils-1.4.5.pom
[INFO] Downloaded from local.central: file:///Users/olamy/.m2/repository/org/codehaus/plexus/plexus-utils/1.4.5/plexus-utils-1.4.5.pom (2.3 kB at 566 kB/s)
[DEBUG] Writing tracking file /Users/olamy/dev/sources/maven/plugins/maven-invoker-plugin/target/local-repo/org/codehaus/plexus/plexus-utils/1.4.5/_remote.repositories
[DEBUG] Writing tracking file /Users/olamy/dev/sources/maven/plugins/maven-invoker-plugin/target/local-repo/org/codehaus/plexus/plexus-utils/1.4.5/plexus-utils-1.4.5.pom.lastUpdated
[DEBUG] Using transporter WagonTransporter with priority -1.0 for file:///Users/olamy/.m2/repository
[DEBUG] Using connector BasicRepositoryConnector with priority 0.0 for file:///Users/olamy/.m2/repository
[INFO] Downloading from local.central: file:///Users/olamy/.m2/repository/org/codehaus/plexus/plexus-classworlds/1.2-alpha-9/plexus-classworlds-1.2-alpha-9.pom
[INFO] Downloaded from local.central: file:///Users/olamy/.m2/repository/org/codehaus/plexus/plexus-classworlds/1.2-alpha-9/plexus-classworlds-1.2-alpha-9.pom (3.2 kB at 1.1 MB/s)
[DEBUG] Writing tracking file /Users/olamy/dev/sources/maven/plugins/maven-invoker-plugin/target/local-repo/org/codehaus/plexus/plexus-classworlds/1.2-alpha-9/_remote.repositories
[DEBUG] Writing tracking file /Users/olamy/dev/sources/maven/plugins/maven-invoker-plugin/target/local-repo/org/codehaus/plexus/plexus-classworlds/1.2-alpha-9/plexus-classworlds-1.2-alpha-9.pom.lastUpdated
[DEBUG] Using transporter WagonTransporter with priority -1.0 for file:///Users/olamy/.m2/repository
[DEBUG] Using connector BasicRepositoryConnector with priority 0.0 for file:///Users/olamy/.m2/repository
[INFO] Downloading from local.central: file:///Users/olamy/.m2/repository/junit/junit/3.8.1/junit-3.8.1.pom
[INFO] Downloaded from local.central: file:///Users/olamy/.m2/repository/junit/junit/3.8.1/junit-3.8.1.pom (998 B at 333 kB/s)
[DEBUG] Writing tracking file /Users/olamy/dev/sources/maven/plugins/maven-invoker-plugin/target/local-repo/junit/junit/3.8.1/_remote.repositories
[DEBUG] Writing tracking file /Users/olamy/dev/sources/maven/plugins/maven-invoker-plugin/target/local-repo/junit/junit/3.8.1/junit-3.8.1.pom.lastUpdated
[DEBUG] Using transporter WagonTransporter with priority -1.0 for file:///Users/olamy/.m2/repository
[DEBUG] Using connector BasicRepositoryConnector with priority 0.0 for file:///Users/olamy/.m2/repository
[INFO] Downloading from local.central: file:///Users/olamy/.m2/repository/org/codehaus/plexus/plexus-utils/3.0.15/plexus-utils-3.0.15.pom
[INFO] Downloaded from local.central: file:///Users/olamy/.m2/repository/org/codehaus/plexus/plexus-utils/3.0.15/plexus-utils-3.0.15.pom (3.1 kB at 786 kB/s)
[DEBUG] Writing tracking file /Users/olamy/dev/sources/maven/plugins/maven-invoker-plugin/target/local-repo/org/codehaus/plexus/plexus-utils/3.0.15/_remote.repositories
[DEBUG] Writing tracking file /Users/olamy/dev/sources/maven/plugins/maven-invoker-plugin/target/local-repo/org/codehaus/plexus/plexus-utils/3.0.15/plexus-utils-3.0.15.pom.lastUpdated
[DEBUG] Using transporter WagonTransporter with priority -1.0 for file:///Users/olamy/.m2/repository
[DEBUG] Using connector BasicRepositoryConnector with priority 0.0 for file:///Users/olamy/.m2/repository
[INFO] Downloading from local.central: file:///Users/olamy/.m2/repository/org/codehaus/plexus/plexus/3.3.1/plexus-3.3.1.pom
[INFO] Downloaded from local.central: file:///Users/olamy/.m2/repository/org/codehaus/plexus/plexus/3.3.1/plexus-3.3.1.pom (20 kB at 5.1 MB/s)
[DEBUG] Writing tracking file /Users/olamy/dev/sources/maven/plugins/maven-invoker-plugin/target/local-repo/org/codehaus/plexus/plexus/3.3.1/_remote.repositories
[DEBUG] Writing tracking file /Users/olamy/dev/sources/maven/plugins/maven-invoker-plugin/target/local-repo/org/codehaus/plexus/plexus/3.3.1/plexus-3.3.1.pom.lastUpdated
[DEBUG] Using transporter WagonTransporter with priority -1.0 for file:///Users/olamy/.m2/repository
[DEBUG] Using connector BasicRepositoryConnector with priority 0.0 for file:///Users/olamy/.m2/repository
[INFO] Downloading from local.central: file:///Users/olamy/.m2/repository/org/sonatype/spice/spice-parent/17/spice-parent-17.pom
[INFO] Downloaded from local.central: file:///Users/olamy/.m2/repository/org/sonatype/spice/spice-parent/17/spice-parent-17.pom (6.8 kB at 2.3 MB/s)
[DEBUG] Writing tracking file /Users/olamy/dev/sources/maven/plugins/maven-invoker-plugin/target/local-repo/org/sonatype/spice/spice-parent/17/_remote.repositories
[DEBUG] Writing tracking file /Users/olamy/dev/sources/maven/plugins/maven-invoker-plugin/target/local-repo/org/sonatype/spice/spice-parent/17/spice-parent-17.pom.lastUpdated
[DEBUG] Using transporter WagonTransporter with priority -1.0 for file:///Users/olamy/.m2/repository
[DEBUG] Using connector BasicRepositoryConnector with priority 0.0 for file:///Users/olamy/.m2/repository
[INFO] Downloading from local.central: file:///Users/olamy/.m2/repository/commons-logging/commons-logging/1.1.1/commons-logging-1.1.1.pom
[INFO] Downloaded from local.central: file:///Users/olamy/.m2/repository/commons-logging/commons-logging/1.1.1/commons-logging-1.1.1.pom (18 kB at 6.1 MB/s)
[DEBUG] Writing tracking file /Users/olamy/dev/sources/maven/plugins/maven-invoker-plugin/target/local-repo/commons-logging/commons-logging/1.1.1/_remote.repositories
[DEBUG] Writing tracking file /Users/olamy/dev/sources/maven/plugins/maven-invoker-plugin/target/local-repo/commons-logging/commons-logging/1.1.1/commons-logging-1.1.1.pom.lastUpdated
[DEBUG] Using transporter WagonTransporter with priority -1.0 for file:///Users/olamy/.m2/repository
[DEBUG] Using connector BasicRepositoryConnector with priority 0.0 for file:///Users/olamy/.m2/repository
[INFO] Downloading from local.central: file:///Users/olamy/.m2/repository/org/apache/commons/commons-parent/5/commons-parent-5.pom
[INFO] Downloaded from local.central: file:///Users/olamy/.m2/repository/org/apache/commons/commons-parent/5/commons-parent-5.pom (16 kB at 5.3 MB/s)
[DEBUG] Writing tracking file /Users/olamy/dev/sources/maven/plugins/maven-invoker-plugin/target/local-repo/org/apache/commons/commons-parent/5/_remote.repositories
[DEBUG] Writing tracking file /Users/olamy/dev/sources/maven/plugins/maven-invoker-plugin/target/local-repo/org/apache/commons/commons-parent/5/commons-parent-5.pom.lastUpdated
[DEBUG] Using transporter WagonTransporter with priority -1.0 for file:///Users/olamy/.m2/repository
[DEBUG] Using connector BasicRepositoryConnector with priority 0.0 for file:///Users/olamy/.m2/repository
[INFO] Downloading from local.central: file:///Users/olamy/.m2/repository/commons-codec/commons-codec/1.3/commons-codec-1.3.pom
[INFO] Downloaded from local.central: file:///Users/olamy/.m2/repository/commons-codec/commons-codec/1.3/commons-codec-1.3.pom (6.1 kB at 2.0 MB/s)
[DEBUG] Writing tracking file /Users/olamy/dev/sources/maven/plugins/maven-invoker-plugin/target/local-repo/commons-codec/commons-codec/1.3/_remote.repositories
[DEBUG] Writing tracking file /Users/olamy/dev/sources/maven/plugins/maven-invoker-plugin/target/local-repo/commons-codec/commons-codec/1.3/commons-codec-1.3.pom.lastUpdated
[DEBUG] Using transporter WagonTransporter with priority -1.0 for file:///Users/olamy/.m2/repository
[DEBUG] Using connector BasicRepositoryConnector with priority 0.0 for file:///Users/olamy/.m2/repository
[INFO] Downloading from local.central: file:///Users/olamy/.m2/repository/org/apache/maven/doxia/doxia-site-renderer/1.6/doxia-site-renderer-1.6.pom
[INFO] Downloaded from local.central: file:///Users/olamy/.m2/repository/org/apache/maven/doxia/doxia-site-renderer/1.6/doxia-site-renderer-1.6.pom (6.1 kB at 1.5 MB/s)
[DEBUG] Writing tracking file /Users/olamy/dev/sources/maven/plugins/maven-invoker-plugin/target/local-repo/org/apache/maven/doxia/doxia-site-renderer/1.6/_remote.repositories
[DEBUG] Writing tracking file /Users/olamy/dev/sources/maven/plugins/maven-invoker-plugin/target/local-repo/org/apache/maven/doxia/doxia-site-renderer/1.6/doxia-site-renderer-1.6.pom.lastUpdated
[DEBUG] Using transporter WagonTransporter with priority -1.0 for file:///Users/olamy/.m2/repository
[DEBUG] Using connector BasicRepositoryConnector with priority 0.0 for file:///Users/olamy/.m2/repository
[INFO] Downloading from local.central: file:///Users/olamy/.m2/repository/org/apache/maven/doxia/doxia-sitetools/1.6/doxia-sitetools-1.6.pom
[INFO] Downloaded from local.central: file:///Users/olamy/.m2/repository/org/apache/maven/doxia/doxia-sitetools/1.6/doxia-sitetools-1.6.pom (18 kB at 3.6 MB/s)
[DEBUG] Writing tracking file /Users/olamy/dev/sources/maven/plugins/maven-invoker-plugin/target/local-repo/org/apache/maven/doxia/doxia-sitetools/1.6/_remote.repositories
[DEBUG] Writing tracking file /Users/olamy/dev/sources/maven/plugins/maven-invoker-plugin/target/local-repo/org/apache/maven/doxia/doxia-sitetools/1.6/doxia-sitetools-1.6.pom.lastUpdated
[DEBUG] Using transporter WagonTransporter with priority -1.0 for file:///Users/olamy/.m2/repository
[DEBUG] Using connector BasicRepositoryConnector with priority 0.0 for file:///Users/olamy/.m2/repository
[INFO] Downloading from local.central: file:///Users/olamy/.m2/repository/org/apache/maven/doxia/doxia-decoration-model/1.6/doxia-decoration-model-1.6.pom
[INFO] Downloaded from local.central: file:///Users/olamy/.m2/repository/org/apache/maven/doxia/doxia-decoration-model/1.6/doxia-decoration-model-1.6.pom (3.0 kB at 499 kB/s)
[DEBUG] Writing tracking file /Users/olamy/dev/sources/maven/plugins/maven-invoker-plugin/target/local-repo/org/apache/maven/doxia/doxia-decoration-model/1.6/_remote.repositories
[DEBUG] Writing tracking file /Users/olamy/dev/sources/maven/plugins/maven-invoker-plugin/target/local-repo/org/apache/maven/doxia/doxia-decoration-model/1.6/doxia-decoration-model-1.6.pom.lastUpdated
[DEBUG] Using transporter WagonTransporter with priority -1.0 for file:///Users/olamy/.m2/repository
[DEBUG] Using connector BasicRepositoryConnector with priority 0.0 for file:///Users/olamy/.m2/repository
[INFO] Downloading from local.central: file:///Users/olamy/.m2/repository/org/apache/maven/doxia/doxia-module-xhtml/1.6/doxia-module-xhtml-1.6.pom
[INFO] Downloaded from local.central: file:///Users/olamy/.m2/repository/org/apache/maven/doxia/doxia-module-xhtml/1.6/doxia-module-xhtml-1.6.pom (1.6 kB at 326 kB/s)
[DEBUG] Writing tracking file /Users/olamy/dev/sources/maven/plugins/maven-invoker-plugin/target/local-repo/org/apache/maven/doxia/doxia-module-xhtml/1.6/_remote.repositories
[DEBUG] Writing tracking file /Users/olamy/dev/sources/maven/plugins/maven-invoker-plugin/target/local-repo/org/apache/maven/doxia/doxia-module-xhtml/1.6/doxia-module-xhtml-1.6.pom.lastUpdated
[DEBUG] Using transporter WagonTransporter with priority -1.0 for file:///Users/olamy/.m2/repository
[DEBUG] Using connector BasicRepositoryConnector with priority 0.0 for file:///Users/olamy/.m2/repository
[INFO] Downloading from local.central: file:///Users/olamy/.m2/repository/org/apache/maven/doxia/doxia-modules/1.6/doxia-modules-1.6.pom
[INFO] Downloaded from local.central: file:///Users/olamy/.m2/repository/org/apache/maven/doxia/doxia-modules/1.6/doxia-modules-1.6.pom (2.6 kB at 524 kB/s)
[DEBUG] Writing tracking file /Users/olamy/dev/sources/maven/plugins/maven-invoker-plugin/target/local-repo/org/apache/maven/doxia/doxia-modules/1.6/_remote.repositories
[DEBUG] Writing tracking file /Users/olamy/dev/sources/maven/plugins/maven-invoker-plugin/target/local-repo/org/apache/maven/doxia/doxia-modules/1.6/doxia-modules-1.6.pom.lastUpdated
[DEBUG] Using transporter WagonTransporter with priority -1.0 for file:///Users/olamy/.m2/repository
[DEBUG] Using connector BasicRepositoryConnector with priority 0.0 for file:///Users/olamy/.m2/repository
[INFO] Downloading from local.central: file:///Users/olamy/.m2/repository/org/apache/maven/doxia/doxia-module-fml/1.6/doxia-module-fml-1.6.pom
[INFO] Downloaded from local.central: file:///Users/olamy/.m2/repository/org/apache/maven/doxia/doxia-module-fml/1.6/doxia-module-fml-1.6.pom (4.8 kB at 801 kB/s)
[DEBUG] Writing tracking file /Users/olamy/dev/sources/maven/plugins/maven-invoker-plugin/target/local-repo/org/apache/maven/doxia/doxia-module-fml/1.6/_remote.repositories
[DEBUG] Writing tracking file /Users/olamy/dev/sources/maven/plugins/maven-invoker-plugin/target/local-repo/org/apache/maven/doxia/doxia-module-fml/1.6/doxia-module-fml-1.6.pom.lastUpdated
[DEBUG] Using transporter WagonTransporter with priority -1.0 for file:///Users/olamy/.m2/repository
[DEBUG] Using connector BasicRepositoryConnector with priority 0.0 for file:///Users/olamy/.m2/repository
[INFO] Downloading from local.central: file:///Users/olamy/.m2/repository/org/codehaus/plexus/plexus-utils/1.4.1/plexus-utils-1.4.1.pom
[INFO] Downloaded from local.central: file:///Users/olamy/.m2/repository/org/codehaus/plexus/plexus-utils/1.4.1/plexus-utils-1.4.1.pom (1.9 kB at 382 kB/s)
[DEBUG] Writing tracking file /Users/olamy/dev/sources/maven/plugins/maven-invoker-plugin/target/local-repo/org/codehaus/plexus/plexus-utils/1.4.1/_remote.repositories
[DEBUG] Writing tracking file /Users/olamy/dev/sources/maven/plugins/maven-invoker-plugin/target/local-repo/org/codehaus/plexus/plexus-utils/1.4.1/plexus-utils-1.4.1.pom.lastUpdated
[DEBUG] Using transporter WagonTransporter with priority -1.0 for file:///Users/olamy/.m2/repository
[DEBUG] Using connector BasicRepositoryConnector with priority 0.0 for file:///Users/olamy/.m2/repository
[INFO] Downloading from local.central: file:///Users/olamy/.m2/repository/org/codehaus/plexus/plexus-velocity/1.1.7/plexus-velocity-1.1.7.pom
[INFO] Downloaded from local.central: file:///Users/olamy/.m2/repository/org/codehaus/plexus/plexus-velocity/1.1.7/plexus-velocity-1.1.7.pom (2.0 kB at 326 kB/s)
[DEBUG] Writing tracking file /Users/olamy/dev/sources/maven/plugins/maven-invoker-plugin/target/local-repo/org/codehaus/plexus/plexus-velocity/1.1.7/_remote.repositories
[DEBUG] Writing tracking file /Users/olamy/dev/sources/maven/plugins/maven-invoker-plugin/target/local-repo/org/codehaus/plexus/plexus-velocity/1.1.7/plexus-velocity-1.1.7.pom.lastUpdated
[DEBUG] Using transporter WagonTransporter with priority -1.0 for file:///Users/olamy/.m2/repository
[DEBUG] Using connector BasicRepositoryConnector with priority 0.0 for file:///Users/olamy/.m2/repository
[INFO] Downloading from local.central: file:///Users/olamy/.m2/repository/org/codehaus/plexus/plexus-container-default/1.0-alpha-20/plexus-container-default-1.0-alpha-20.pom
[INFO] Downloaded from local.central: file:///Users/olamy/.m2/repository/org/codehaus/plexus/plexus-container-default/1.0-alpha-20/plexus-container-default-1.0-alpha-20.pom (3.0 kB at 598 kB/s)
[DEBUG] Writing tracking file /Users/olamy/dev/sources/maven/plugins/maven-invoker-plugin/target/local-repo/org/codehaus/plexus/plexus-container-default/1.0-alpha-20/_remote.repositories
[DEBUG] Writing tracking file /Users/olamy/dev/sources/maven/plugins/maven-invoker-plugin/target/local-repo/org/codehaus/plexus/plexus-container-default/1.0-alpha-20/plexus-container-default-1.0-alpha-20.pom.lastUpdated
[DEBUG] Using transporter WagonTransporter with priority -1.0 for file:///Users/olamy/.m2/repository
[DEBUG] Using connector BasicRepositoryConnector with priority 0.0 for file:///Users/olamy/.m2/repository
[INFO] Downloading from local.central: file:///Users/olamy/.m2/repository/org/codehaus/plexus/plexus-containers/1.0-alpha-20/plexus-containers-1.0-alpha-20.pom
[INFO] Downloaded from local.central: file:///Users/olamy/.m2/repository/org/codehaus/plexus/plexus-containers/1.0-alpha-20/plexus-containers-1.0-alpha-20.pom (1.9 kB at 629 kB/s)
[DEBUG] Writing tracking file /Users/olamy/dev/sources/maven/plugins/maven-invoker-plugin/target/local-repo/org/codehaus/plexus/plexus-containers/1.0-alpha-20/_remote.repositories
[DEBUG] Writing tracking file /Users/olamy/dev/sources/maven/plugins/maven-invoker-plugin/target/local-repo/org/codehaus/plexus/plexus-containers/1.0-alpha-20/plexus-containers-1.0-alpha-20.pom.lastUpdated
[DEBUG] Using transporter WagonTransporter with priority -1.0 for file:///Users/olamy/.m2/repository
[DEBUG] Using connector BasicRepositoryConnector with priority 0.0 for file:///Users/olamy/.m2/repository
[INFO] Downloading from local.central: file:///Users/olamy/.m2/repository/org/codehaus/plexus/plexus-utils/1.3/plexus-utils-1.3.pom
[INFO] Downloaded from local.central: file:///Users/olamy/.m2/repository/org/codehaus/plexus/plexus-utils/1.3/plexus-utils-1.3.pom (1.0 kB at 207 kB/s)
[DEBUG] Writing tracking file /Users/olamy/dev/sources/maven/plugins/maven-invoker-plugin/target/local-repo/org/codehaus/plexus/plexus-utils/1.3/_remote.repositories
[DEBUG] Writing tracking file /Users/olamy/dev/sources/maven/plugins/maven-invoker-plugin/target/local-repo/org/codehaus/plexus/plexus-utils/1.3/plexus-utils-1.3.pom.lastUpdated
[DEBUG] Using transporter WagonTransporter with priority -1.0 for file:///Users/olamy/.m2/repository
[DEBUG] Using connector BasicRepositoryConnector with priority 0.0 for file:///Users/olamy/.m2/repository
[INFO] Downloading from local.central: file:///Users/olamy/.m2/repository/org/codehaus/plexus/plexus/1.0.8/plexus-1.0.8.pom
[INFO] Downloaded from local.central: file:///Users/olamy/.m2/repository/org/codehaus/plexus/plexus/1.0.8/plexus-1.0.8.pom (6.6 kB at 2.2 MB/s)
[DEBUG] Writing tracking file /Users/olamy/dev/sources/maven/plugins/maven-invoker-plugin/target/local-repo/org/codehaus/plexus/plexus/1.0.8/_remote.repositories
[DEBUG] Writing tracking file /Users/olamy/dev/sources/maven/plugins/maven-invoker-plugin/target/local-repo/org/codehaus/plexus/plexus/1.0.8/plexus-1.0.8.pom.lastUpdated
[DEBUG] Using transporter WagonTransporter with priority -1.0 for file:///Users/olamy/.m2/repository
[DEBUG] Using connector BasicRepositoryConnector with priority 0.0 for file:///Users/olamy/.m2/repository
[INFO] Downloading from local.central: file:///Users/olamy/.m2/repository/org/codehaus/plexus/plexus-classworlds/1.2-alpha-7/plexus-classworlds-1.2-alpha-7.pom
[INFO] Downloaded from local.central: file:///Users/olamy/.m2/repository/org/codehaus/plexus/plexus-classworlds/1.2-alpha-7/plexus-classworlds-1.2-alpha-7.pom (2.4 kB at 474 kB/s)
[DEBUG] Writing tracking file /Users/olamy/dev/sources/maven/plugins/maven-invoker-plugin/target/local-repo/org/codehaus/plexus/plexus-classworlds/1.2-alpha-7/_remote.repositories
[DEBUG] Writing tracking file /Users/olamy/dev/sources/maven/plugins/maven-invoker-plugin/target/local-repo/org/codehaus/plexus/plexus-classworlds/1.2-alpha-7/plexus-classworlds-1.2-alpha-7.pom.lastUpdated
[DEBUG] Using transporter WagonTransporter with priority -1.0 for file:///Users/olamy/.m2/repository
[DEBUG] Using connector BasicRepositoryConnector with priority 0.0 for file:///Users/olamy/.m2/repository
[INFO] Downloading from local.central: file:///Users/olamy/.m2/repository/org/codehaus/plexus/plexus/1.0.9/plexus-1.0.9.pom
[INFO] Downloaded from local.central: file:///Users/olamy/.m2/repository/org/codehaus/plexus/plexus/1.0.9/plexus-1.0.9.pom (7.1 kB at 1.2 MB/s)
[DEBUG] Writing tracking file /Users/olamy/dev/sources/maven/plugins/maven-invoker-plugin/target/local-repo/org/codehaus/plexus/plexus/1.0.9/_remote.repositories
[DEBUG] Writing tracking file /Users/olamy/dev/sources/maven/plugins/maven-invoker-plugin/target/local-repo/org/codehaus/plexus/plexus/1.0.9/plexus-1.0.9.pom.lastUpdated
[DEBUG] Using transporter WagonTransporter with priority -1.0 for file:///Users/olamy/.m2/repository
[DEBUG] Using connector BasicRepositoryConnector with priority 0.0 for file:///Users/olamy/.m2/repository
[INFO] Downloading from local.central: file:///Users/olamy/.m2/repository/org/apache/velocity/velocity/1.5/velocity-1.5.pom
[INFO] Downloaded from local.central: file:///Users/olamy/.m2/repository/org/apache/velocity/velocity/1.5/velocity-1.5.pom (7.7 kB at 1.3 MB/s)
[DEBUG] Writing tracking file /Users/olamy/dev/sources/maven/plugins/maven-invoker-plugin/target/local-repo/org/apache/velocity/velocity/1.5/_remote.repositories
[DEBUG] Writing tracking file /Users/olamy/dev/sources/maven/plugins/maven-invoker-plugin/target/local-repo/org/apache/velocity/velocity/1.5/velocity-1.5.pom.lastUpdated
[DEBUG] Using transporter WagonTransporter with priority -1.0 for file:///Users/olamy/.m2/repository
[DEBUG] Using connector BasicRepositoryConnector with priority 0.0 for file:///Users/olamy/.m2/repository
[INFO] Downloading from local.central: file:///Users/olamy/.m2/repository/commons-collections/commons-collections/3.1/commons-collections-3.1.pom
[INFO] Downloaded from local.central: file:///Users/olamy/.m2/repository/commons-collections/commons-collections/3.1/commons-collections-3.1.pom (6.1 kB at 1.0 MB/s)
[DEBUG] Writing tracking file /Users/olamy/dev/sources/maven/plugins/maven-invoker-plugin/target/local-repo/commons-collections/commons-collections/3.1/_remote.repositories
[DEBUG] Writing tracking file /Users/olamy/dev/sources/maven/plugins/maven-invoker-plugin/target/local-repo/commons-collections/commons-collections/3.1/commons-collections-3.1.pom.lastUpdated
[DEBUG] Using transporter WagonTransporter with priority -1.0 for file:///Users/olamy/.m2/repository
[DEBUG] Using connector BasicRepositoryConnector with priority 0.0 for file:///Users/olamy/.m2/repository
[INFO] Downloading from local.central: file:///Users/olamy/.m2/repository/commons-lang/commons-lang/2.1/commons-lang-2.1.pom
[INFO] Downloaded from local.central: file:///Users/olamy/.m2/repository/commons-lang/commons-lang/2.1/commons-lang-2.1.pom (9.9 kB at 1.1 MB/s)
[DEBUG] Writing tracking file /Users/olamy/dev/sources/maven/plugins/maven-invoker-plugin/target/local-repo/commons-lang/commons-lang/2.1/_remote.repositories
[DEBUG] Writing tracking file /Users/olamy/dev/sources/maven/plugins/maven-invoker-plugin/target/local-repo/commons-lang/commons-lang/2.1/commons-lang-2.1.pom.lastUpdated
[DEBUG] Using transporter WagonTransporter with priority -1.0 for file:///Users/olamy/.m2/repository
[DEBUG] Using connector BasicRepositoryConnector with priority 0.0 for file:///Users/olamy/.m2/repository
[INFO] Downloading from local.central: file:///Users/olamy/.m2/repository/commons-beanutils/commons-beanutils/1.7.0/commons-beanutils-1.7.0.pom
[INFO] Downloaded from local.central: file:///Users/olamy/.m2/repository/commons-beanutils/commons-beanutils/1.7.0/commons-beanutils-1.7.0.pom (357 B at 71 kB/s)
[DEBUG] Writing tracking file /Users/olamy/dev/sources/maven/plugins/maven-invoker-plugin/target/local-repo/commons-beanutils/commons-beanutils/1.7.0/_remote.repositories
[DEBUG] Writing tracking file /Users/olamy/dev/sources/maven/plugins/maven-invoker-plugin/target/local-repo/commons-beanutils/commons-beanutils/1.7.0/commons-beanutils-1.7.0.pom.lastUpdated
[DEBUG] Using transporter WagonTransporter with priority -1.0 for file:///Users/olamy/.m2/repository
[DEBUG] Using connector BasicRepositoryConnector with priority 0.0 for file:///Users/olamy/.m2/repository
[INFO] Downloading from local.central: file:///Users/olamy/.m2/repository/commons-logging/commons-logging/1.0.3/commons-logging-1.0.3.pom
[INFO] Downloaded from local.central: file:///Users/olamy/.m2/repository/commons-logging/commons-logging/1.0.3/commons-logging-1.0.3.pom (866 B at 216 kB/s)
[DEBUG] Writing tracking file /Users/olamy/dev/sources/maven/plugins/maven-invoker-plugin/target/local-repo/commons-logging/commons-logging/1.0.3/_remote.repositories
[DEBUG] Writing tracking file /Users/olamy/dev/sources/maven/plugins/maven-invoker-plugin/target/local-repo/commons-logging/commons-logging/1.0.3/commons-logging-1.0.3.pom.lastUpdated
[DEBUG] Using transporter WagonTransporter with priority -1.0 for file:///Users/olamy/.m2/repository
[DEBUG] Using connector BasicRepositoryConnector with priority 0.0 for file:///Users/olamy/.m2/repository
[INFO] Downloading from local.central: file:///Users/olamy/.m2/repository/commons-digester/commons-digester/1.8/commons-digester-1.8.pom
[INFO] Downloaded from local.central: file:///Users/olamy/.m2/repository/commons-digester/commons-digester/1.8/commons-digester-1.8.pom (7.0 kB at 1.2 MB/s)
[DEBUG] Writing tracking file /Users/olamy/dev/sources/maven/plugins/maven-invoker-plugin/target/local-repo/commons-digester/commons-digester/1.8/_remote.repositories
[DEBUG] Writing tracking file /Users/olamy/dev/sources/maven/plugins/maven-invoker-plugin/target/local-repo/commons-digester/commons-digester/1.8/commons-digester-1.8.pom.lastUpdated
[DEBUG] Using transporter WagonTransporter with priority -1.0 for file:///Users/olamy/.m2/repository
[DEBUG] Using connector BasicRepositoryConnector with priority 0.0 for file:///Users/olamy/.m2/repository
[INFO] Downloading from local.central: file:///Users/olamy/.m2/repository/commons-logging/commons-logging/1.1/commons-logging-1.1.pom
[INFO] Downloaded from local.central: file:///Users/olamy/.m2/repository/commons-logging/commons-logging/1.1/commons-logging-1.1.pom (6.2 kB at 1.2 MB/s)
[DEBUG] Writing tracking file /Users/olamy/dev/sources/maven/plugins/maven-invoker-plugin/target/local-repo/commons-logging/commons-logging/1.1/_remote.repositories
[DEBUG] Writing tracking file /Users/olamy/dev/sources/maven/plugins/maven-invoker-plugin/target/local-repo/commons-logging/commons-logging/1.1/commons-logging-1.1.pom.lastUpdated
[DEBUG] Using transporter WagonTransporter with priority -1.0 for file:///Users/olamy/.m2/repository
[DEBUG] Using connector BasicRepositoryConnector with priority 0.0 for file:///Users/olamy/.m2/repository
[INFO] Downloading from local.central: file:///Users/olamy/.m2/repository/log4j/log4j/1.2.12/log4j-1.2.12.pom
[INFO] Downloaded from local.central: file:///Users/olamy/.m2/repository/log4j/log4j/1.2.12/log4j-1.2.12.pom (145 B at 29 kB/s)
[DEBUG] Writing tracking file /Users/olamy/dev/sources/maven/plugins/maven-invoker-plugin/target/local-repo/log4j/log4j/1.2.12/_remote.repositories
[DEBUG] Writing tracking file /Users/olamy/dev/sources/maven/plugins/maven-invoker-plugin/target/local-repo/log4j/log4j/1.2.12/log4j-1.2.12.pom.lastUpdated
[DEBUG] Using transporter WagonTransporter with priority -1.0 for file:///Users/olamy/.m2/repository
[DEBUG] Using connector BasicRepositoryConnector with priority 0.0 for file:///Users/olamy/.m2/repository
[INFO] Downloading from local.central: file:///Users/olamy/.m2/repository/logkit/logkit/1.0.1/logkit-1.0.1.pom
[INFO] Downloaded from local.central: file:///Users/olamy/.m2/repository/logkit/logkit/1.0.1/logkit-1.0.1.pom (147 B at 29 kB/s)
[DEBUG] Writing tracking file /Users/olamy/dev/sources/maven/plugins/maven-invoker-plugin/target/local-repo/logkit/logkit/1.0.1/_remote.repositories
[DEBUG] Writing tracking file /Users/olamy/dev/sources/maven/plugins/maven-invoker-plugin/target/local-repo/logkit/logkit/1.0.1/logkit-1.0.1.pom.lastUpdated
[DEBUG] Using transporter WagonTransporter with priority -1.0 for file:///Users/olamy/.m2/repository
[DEBUG] Using connector BasicRepositoryConnector with priority 0.0 for file:///Users/olamy/.m2/repository
[INFO] Downloading from local.central: file:///Users/olamy/.m2/repository/avalon-framework/avalon-framework/4.1.3/avalon-framework-4.1.3.pom
[INFO] Downloaded from local.central: file:///Users/olamy/.m2/repository/avalon-framework/avalon-framework/4.1.3/avalon-framework-4.1.3.pom (167 B at 33 kB/s)
[DEBUG] Writing tracking file /Users/olamy/dev/sources/maven/plugins/maven-invoker-plugin/target/local-repo/avalon-framework/avalon-framework/4.1.3/_remote.repositories
[DEBUG] Writing tracking file /Users/olamy/dev/sources/maven/plugins/maven-invoker-plugin/target/local-repo/avalon-framework/avalon-framework/4.1.3/avalon-framework-4.1.3.pom.lastUpdated
[DEBUG] Using transporter WagonTransporter with priority -1.0 for file:///Users/olamy/.m2/repository
[DEBUG] Using connector BasicRepositoryConnector with priority 0.0 for file:///Users/olamy/.m2/repository
[INFO] Downloading from local.central: file:///Users/olamy/.m2/repository/javax/servlet/servlet-api/2.3/servlet-api-2.3.pom
[INFO] Downloaded from local.central: file:///Users/olamy/.m2/repository/javax/servlet/servlet-api/2.3/servlet-api-2.3.pom (156 B at 22 kB/s)
[DEBUG] Writing tracking file /Users/olamy/dev/sources/maven/plugins/maven-invoker-plugin/target/local-repo/javax/servlet/servlet-api/2.3/_remote.repositories
[DEBUG] Writing tracking file /Users/olamy/dev/sources/maven/plugins/maven-invoker-plugin/target/local-repo/javax/servlet/servlet-api/2.3/servlet-api-2.3.pom.lastUpdated
[DEBUG] Using transporter WagonTransporter with priority -1.0 for file:///Users/olamy/.m2/repository
[DEBUG] Using connector BasicRepositoryConnector with priority 0.0 for file:///Users/olamy/.m2/repository
[INFO] Downloading from local.central: file:///Users/olamy/.m2/repository/commons-digester/commons-digester/1.6/commons-digester-1.6.pom
[INFO] Downloaded from local.central: file:///Users/olamy/.m2/repository/commons-digester/commons-digester/1.6/commons-digester-1.6.pom (974 B at 244 kB/s)
[DEBUG] Writing tracking file /Users/olamy/dev/sources/maven/plugins/maven-invoker-plugin/target/local-repo/commons-digester/commons-digester/1.6/_remote.repositories
[DEBUG] Writing tracking file /Users/olamy/dev/sources/maven/plugins/maven-invoker-plugin/target/local-repo/commons-digester/commons-digester/1.6/commons-digester-1.6.pom.lastUpdated
[DEBUG] Using transporter WagonTransporter with priority -1.0 for file:///Users/olamy/.m2/repository
[DEBUG] Using connector BasicRepositoryConnector with priority 0.0 for file:///Users/olamy/.m2/repository
[INFO] Downloading from local.central: file:///Users/olamy/.m2/repository/commons-beanutils/commons-beanutils/1.6/commons-beanutils-1.6.pom
[INFO] Downloaded from local.central: file:///Users/olamy/.m2/repository/commons-beanutils/commons-beanutils/1.6/commons-beanutils-1.6.pom (2.3 kB at 578 kB/s)
[DEBUG] Writing tracking file /Users/olamy/dev/sources/maven/plugins/maven-invoker-plugin/target/local-repo/commons-beanutils/commons-beanutils/1.6/_remote.repositories
[DEBUG] Writing tracking file /Users/olamy/dev/sources/maven/plugins/maven-invoker-plugin/target/local-repo/commons-beanutils/commons-beanutils/1.6/commons-beanutils-1.6.pom.lastUpdated
[DEBUG] Using transporter WagonTransporter with priority -1.0 for file:///Users/olamy/.m2/repository
[DEBUG] Using connector BasicRepositoryConnector with priority 0.0 for file:///Users/olamy/.m2/repository
[INFO] Downloading from local.central: file:///Users/olamy/.m2/repository/commons-logging/commons-logging/1.0/commons-logging-1.0.pom
[INFO] Downloaded from local.central: file:///Users/olamy/.m2/repository/commons-logging/commons-logging/1.0/commons-logging-1.0.pom (163 B at 54 kB/s)
[DEBUG] Writing tracking file /Users/olamy/dev/sources/maven/plugins/maven-invoker-plugin/target/local-repo/commons-logging/commons-logging/1.0/_remote.repositories
[DEBUG] Writing tracking file /Users/olamy/dev/sources/maven/plugins/maven-invoker-plugin/target/local-repo/commons-logging/commons-logging/1.0/commons-logging-1.0.pom.lastUpdated
[DEBUG] Using transporter WagonTransporter with priority -1.0 for file:///Users/olamy/.m2/repository
[DEBUG] Using connector BasicRepositoryConnector with priority 0.0 for file:///Users/olamy/.m2/repository
[INFO] Downloading from local.central: file:///Users/olamy/.m2/repository/commons-collections/commons-collections/2.0/commons-collections-2.0.pom
[INFO] Downloaded from local.central: file:///Users/olamy/.m2/repository/commons-collections/commons-collections/2.0/commons-collections-2.0.pom (171 B at 34 kB/s)
[DEBUG] Writing tracking file /Users/olamy/dev/sources/maven/plugins/maven-invoker-plugin/target/local-repo/commons-collections/commons-collections/2.0/_remote.repositories
[DEBUG] Writing tracking file /Users/olamy/dev/sources/maven/plugins/maven-invoker-plugin/target/local-repo/commons-collections/commons-collections/2.0/commons-collections-2.0.pom.lastUpdated
[DEBUG] Using transporter WagonTransporter with priority -1.0 for file:///Users/olamy/.m2/repository
[DEBUG] Using connector BasicRepositoryConnector with priority 0.0 for file:///Users/olamy/.m2/repository
[INFO] Downloading from local.central: file:///Users/olamy/.m2/repository/commons-collections/commons-collections/2.1/commons-collections-2.1.pom
[INFO] Downloaded from local.central: file:///Users/olamy/.m2/repository/commons-collections/commons-collections/2.1/commons-collections-2.1.pom (3.3 kB at 1.1 MB/s)
[DEBUG] Writing tracking file /Users/olamy/dev/sources/maven/plugins/maven-invoker-plugin/target/local-repo/commons-collections/commons-collections/2.1/_remote.repositories
[DEBUG] Writing tracking file /Users/olamy/dev/sources/maven/plugins/maven-invoker-plugin/target/local-repo/commons-collections/commons-collections/2.1/commons-collections-2.1.pom.lastUpdated
[DEBUG] Using transporter WagonTransporter with priority -1.0 for file:///Users/olamy/.m2/repository
[DEBUG] Using connector BasicRepositoryConnector with priority 0.0 for file:///Users/olamy/.m2/repository
[INFO] Downloading from local.central: file:///Users/olamy/.m2/repository/xml-apis/xml-apis/1.0.b2/xml-apis-1.0.b2.pom
[INFO] Downloaded from local.central: file:///Users/olamy/.m2/repository/xml-apis/xml-apis/1.0.b2/xml-apis-1.0.b2.pom (2.2 kB at 750 kB/s)
[DEBUG] Writing tracking file /Users/olamy/dev/sources/maven/plugins/maven-invoker-plugin/target/local-repo/xml-apis/xml-apis/1.0.b2/_remote.repositories
[DEBUG] Writing tracking file /Users/olamy/dev/sources/maven/plugins/maven-invoker-plugin/target/local-repo/xml-apis/xml-apis/1.0.b2/xml-apis-1.0.b2.pom.lastUpdated
[DEBUG] Using transporter WagonTransporter with priority -1.0 for file:///Users/olamy/.m2/repository
[DEBUG] Using connector BasicRepositoryConnector with priority 0.0 for file:///Users/olamy/.m2/repository
[INFO] Downloading from local.central: file:///Users/olamy/.m2/repository/commons-collections/commons-collections/3.2/commons-collections-3.2.pom
[INFO] Downloaded from local.central: file:///Users/olamy/.m2/repository/commons-collections/commons-collections/3.2/commons-collections-3.2.pom (11 kB at 3.7 MB/s)
[DEBUG] Writing tracking file /Users/olamy/dev/sources/maven/plugins/maven-invoker-plugin/target/local-repo/commons-collections/commons-collections/3.2/_remote.repositories
[DEBUG] Writing tracking file /Users/olamy/dev/sources/maven/plugins/maven-invoker-plugin/target/local-repo/commons-collections/commons-collections/3.2/commons-collections-3.2.pom.lastUpdated
[DEBUG] Using transporter WagonTransporter with priority -1.0 for file:///Users/olamy/.m2/repository
[DEBUG] Using connector BasicRepositoryConnector with priority 0.0 for file:///Users/olamy/.m2/repository
[INFO] Downloading from local.central: file:///Users/olamy/.m2/repository/commons-validator/commons-validator/1.3.1/commons-validator-1.3.1.pom
[INFO] Downloaded from local.central: file:///Users/olamy/.m2/repository/commons-validator/commons-validator/1.3.1/commons-validator-1.3.1.pom (9.0 kB at 1.8 MB/s)
[DEBUG] Writing tracking file /Users/olamy/dev/sources/maven/plugins/maven-invoker-plugin/target/local-repo/commons-validator/commons-validator/1.3.1/_remote.repositories
[DEBUG] Writing tracking file /Users/olamy/dev/sources/maven/plugins/maven-invoker-plugin/target/local-repo/commons-validator/commons-validator/1.3.1/commons-validator-1.3.1.pom.lastUpdated
[DEBUG] Using transporter WagonTransporter with priority -1.0 for file:///Users/olamy/.m2/repository
[DEBUG] Using connector BasicRepositoryConnector with priority 0.0 for file:///Users/olamy/.m2/repository
[INFO] Downloading from local.central: file:///Users/olamy/.m2/repository/commons-logging/commons-logging/1.0.4/commons-logging-1.0.4.pom
[INFO] Downloaded from local.central: file:///Users/olamy/.m2/repository/commons-logging/commons-logging/1.0.4/commons-logging-1.0.4.pom (5.3 kB at 1.8 MB/s)
[DEBUG] Writing tracking file /Users/olamy/dev/sources/maven/plugins/maven-invoker-plugin/target/local-repo/commons-logging/commons-logging/1.0.4/_remote.repositories
[DEBUG] Writing tracking file /Users/olamy/dev/sources/maven/plugins/maven-invoker-plugin/target/local-repo/commons-logging/commons-logging/1.0.4/commons-logging-1.0.4.pom.lastUpdated
[DEBUG] Using transporter WagonTransporter with priority -1.0 for file:///Users/olamy/.m2/repository
[DEBUG] Using connector BasicRepositoryConnector with priority 0.0 for file:///Users/olamy/.m2/repository
[INFO] Downloading from local.central: file:///Users/olamy/.m2/repository/org/apache/velocity/velocity/1.6.2/velocity-1.6.2.pom
[INFO] Downloaded from local.central: file:///Users/olamy/.m2/repository/org/apache/velocity/velocity/1.6.2/velocity-1.6.2.pom (11 kB at 3.5 MB/s)
[DEBUG] Writing tracking file /Users/olamy/dev/sources/maven/plugins/maven-invoker-plugin/target/local-repo/org/apache/velocity/velocity/1.6.2/_remote.repositories
[DEBUG] Writing tracking file /Users/olamy/dev/sources/maven/plugins/maven-invoker-plugin/target/local-repo/org/apache/velocity/velocity/1.6.2/velocity-1.6.2.pom.lastUpdated
[DEBUG] Using transporter WagonTransporter with priority -1.0 for file:///Users/olamy/.m2/repository
[DEBUG] Using connector BasicRepositoryConnector with priority 0.0 for file:///Users/olamy/.m2/repository
[INFO] Downloading from local.central: file:///Users/olamy/.m2/repository/org/apache/maven/shared/maven-shared-utils/0.3/maven-shared-utils-0.3.pom
[INFO] Downloaded from local.central: file:///Users/olamy/.m2/repository/org/apache/maven/shared/maven-shared-utils/0.3/maven-shared-utils-0.3.pom (4.0 kB at 2.0 MB/s)
[DEBUG] Writing tracking file /Users/olamy/dev/sources/maven/plugins/maven-invoker-plugin/target/local-repo/org/apache/maven/shared/maven-shared-utils/0.3/_remote.repositories
[DEBUG] Writing tracking file /Users/olamy/dev/sources/maven/plugins/maven-invoker-plugin/target/local-repo/org/apache/maven/shared/maven-shared-utils/0.3/maven-shared-utils-0.3.pom.lastUpdated
[DEBUG] Using transporter WagonTransporter with priority -1.0 for file:///Users/olamy/.m2/repository
[DEBUG] Using connector BasicRepositoryConnector with priority 0.0 for file:///Users/olamy/.m2/repository
[INFO] Downloading from local.central: file:///Users/olamy/.m2/repository/org/apache/maven/shared/maven-shared-components/18/maven-shared-components-18.pom
[INFO] Downloaded from local.central: file:///Users/olamy/.m2/repository/org/apache/maven/shared/maven-shared-components/18/maven-shared-components-18.pom (4.8 kB at 2.4 MB/s)
[DEBUG] Writing tracking file /Users/olamy/dev/sources/maven/plugins/maven-invoker-plugin/target/local-repo/org/apache/maven/shared/maven-shared-components/18/_remote.repositories
[DEBUG] Writing tracking file /Users/olamy/dev/sources/maven/plugins/maven-invoker-plugin/target/local-repo/org/apache/maven/shared/maven-shared-components/18/maven-shared-components-18.pom.lastUpdated
[DEBUG] Using transporter WagonTransporter with priority -1.0 for file:///Users/olamy/.m2/repository
[DEBUG] Using connector BasicRepositoryConnector with priority 0.0 for file:///Users/olamy/.m2/repository
[INFO] Downloading from local.central: file:///Users/olamy/.m2/repository/org/apache/maven/maven-parent/22/maven-parent-22.pom
[INFO] Downloaded from local.central: file:///Users/olamy/.m2/repository/org/apache/maven/maven-parent/22/maven-parent-22.pom (30 kB at 15 MB/s)
[DEBUG] Writing tracking file /Users/olamy/dev/sources/maven/plugins/maven-invoker-plugin/target/local-repo/org/apache/maven/maven-parent/22/_remote.repositories
[DEBUG] Writing tracking file /Users/olamy/dev/sources/maven/plugins/maven-invoker-plugin/target/local-repo/org/apache/maven/maven-parent/22/maven-parent-22.pom.lastUpdated
[DEBUG] Using transporter WagonTransporter with priority -1.0 for file:///Users/olamy/.m2/repository
[DEBUG] Using connector BasicRepositoryConnector with priority 0.0 for file:///Users/olamy/.m2/repository
[INFO] Downloading from local.central: file:///Users/olamy/.m2/repository/org/apache/apache/11/apache-11.pom
[INFO] Downloaded from local.central: file:///Users/olamy/.m2/repository/org/apache/apache/11/apache-11.pom (15 kB at 5.0 MB/s)
[DEBUG] Writing tracking file /Users/olamy/dev/sources/maven/plugins/maven-invoker-plugin/target/local-repo/org/apache/apache/11/_remote.repositories
[DEBUG] Writing tracking file /Users/olamy/dev/sources/maven/plugins/maven-invoker-plugin/target/local-repo/org/apache/apache/11/apache-11.pom.lastUpdated
[DEBUG] Using transporter WagonTransporter with priority -1.0 for file:///Users/olamy/.m2/repository
[DEBUG] Using connector BasicRepositoryConnector with priority 0.0 for file:///Users/olamy/.m2/repository
[INFO] Downloading from local.central: file:///Users/olamy/.m2/repository/org/apache/maven/shared/maven-shared-utils/3.1.0/maven-shared-utils-3.1.0.pom
[INFO] Downloaded from local.central: file:///Users/olamy/.m2/repository/org/apache/maven/shared/maven-shared-utils/3.1.0/maven-shared-utils-3.1.0.pom (5.0 kB at 1.7 MB/s)
[DEBUG] Writing tracking file /Users/olamy/dev/sources/maven/plugins/maven-invoker-plugin/target/local-repo/org/apache/maven/shared/maven-shared-utils/3.1.0/_remote.repositories
[DEBUG] Writing tracking file /Users/olamy/dev/sources/maven/plugins/maven-invoker-plugin/target/local-repo/org/apache/maven/shared/maven-shared-utils/3.1.0/maven-shared-utils-3.1.0.pom.lastUpdated
[DEBUG] Using transporter WagonTransporter with priority -1.0 for file:///Users/olamy/.m2/repository
[DEBUG] Using connector BasicRepositoryConnector with priority 0.0 for file:///Users/olamy/.m2/repository
[INFO] Downloading from local.central: file:///Users/olamy/.m2/repository/org/codehaus/plexus/plexus-utils/3.0.24/plexus-utils-3.0.24.pom
[INFO] Downloaded from local.central: file:///Users/olamy/.m2/repository/org/codehaus/plexus/plexus-utils/3.0.24/plexus-utils-3.0.24.pom (4.1 kB at 2.1 MB/s)
[DEBUG] Writing tracking file /Users/olamy/dev/sources/maven/plugins/maven-invoker-plugin/target/local-repo/org/codehaus/plexus/plexus-utils/3.0.24/_remote.repositories
[DEBUG] Writing tracking file /Users/olamy/dev/sources/maven/plugins/maven-invoker-plugin/target/local-repo/org/codehaus/plexus/plexus-utils/3.0.24/plexus-utils-3.0.24.pom.lastUpdated
[DEBUG] Using transporter WagonTransporter with priority -1.0 for file:///Users/olamy/.m2/repository
[DEBUG] Using connector BasicRepositoryConnector with priority 0.0 for file:///Users/olamy/.m2/repository
[INFO] Downloading from local.central: file:///Users/olamy/.m2/repository/org/apache/maven/doxia/doxia-core/1.7/doxia-core-1.7.pom
[INFO] Downloaded from local.central: file:///Users/olamy/.m2/repository/org/apache/maven/doxia/doxia-core/1.7/doxia-core-1.7.pom (4.1 kB at 1.4 MB/s)
[DEBUG] Writing tracking file /Users/olamy/dev/sources/maven/plugins/maven-invoker-plugin/target/local-repo/org/apache/maven/doxia/doxia-core/1.7/_remote.repositories
[DEBUG] Writing tracking file /Users/olamy/dev/sources/maven/plugins/maven-invoker-plugin/target/local-repo/org/apache/maven/doxia/doxia-core/1.7/doxia-core-1.7.pom.lastUpdated
[DEBUG] Using transporter WagonTransporter with priority -1.0 for file:///Users/olamy/.m2/repository
[DEBUG] Using connector BasicRepositoryConnector with priority 0.0 for file:///Users/olamy/.m2/repository
[INFO] Downloading from local.central: file:///Users/olamy/.m2/repository/org/codehaus/plexus/plexus-utils/3.0.22/plexus-utils-3.0.22.pom
[INFO] Downloaded from local.central: file:///Users/olamy/.m2/repository/org/codehaus/plexus/plexus-utils/3.0.22/plexus-utils-3.0.22.pom (3.8 kB at 1.9 MB/s)
[DEBUG] Writing tracking file /Users/olamy/dev/sources/maven/plugins/maven-invoker-plugin/target/local-repo/org/codehaus/plexus/plexus-utils/3.0.22/_remote.repositories
[DEBUG] Writing tracking file /Users/olamy/dev/sources/maven/plugins/maven-invoker-plugin/target/local-repo/org/codehaus/plexus/plexus-utils/3.0.22/plexus-utils-3.0.22.pom.lastUpdated
[DEBUG] Dependency collection stats: {ConflictMarker.analyzeTime=944077, ConflictMarker.markTime=576483, ConflictMarker.nodeCount=313, ConflictIdSorter.graphTime=525625, ConflictIdSorter.topsortTime=82594, ConflictIdSorter.conflictIdCount=74, ConflictIdSorter.conflictIdCycleCount=0, ConflictResolver.totalTime=8515259, ConflictResolver.conflictItemCount=176, DefaultDependencyCollector.collectTime=1162404383, DefaultDependencyCollector.transformTime=10676800}
[DEBUG] org.apache.maven.plugins:maven-invoker-plugin:jar:3.2.1-SNAPSHOT:
[DEBUG]    org.apache.maven.shared:maven-invoker:jar:3.0.1:compile
[DEBUG]       org.codehaus.plexus:plexus-component-annotations:jar:1.7.1:compile
[DEBUG]    org.apache.maven:maven-core:jar:3.0:compile
[DEBUG]       org.apache.maven:maven-settings-builder:jar:3.0:compile
[DEBUG]       org.apache.maven:maven-repository-metadata:jar:3.0:compile
[DEBUG]       org.apache.maven:maven-model-builder:jar:3.0:compile
[DEBUG]       org.apache.maven:maven-aether-provider:jar:3.0:runtime
[DEBUG]       org.sonatype.aether:aether-impl:jar:1.7:compile
[DEBUG]          org.sonatype.aether:aether-spi:jar:1.7:compile
[DEBUG]       org.sonatype.aether:aether-api:jar:1.7:compile
[DEBUG]       org.sonatype.aether:aether-util:jar:1.7:compile
[DEBUG]       org.sonatype.sisu:sisu-inject-plexus:jar:1.4.2:compile
[DEBUG]          org.sonatype.sisu:sisu-inject-bean:jar:1.4.2:compile
[DEBUG]             org.sonatype.sisu:sisu-guice:jar:noaop:2.1.7:compile
[DEBUG]       org.codehaus.plexus:plexus-classworlds:jar:2.2.3:compile
[DEBUG]       org.sonatype.plexus:plexus-sec-dispatcher:jar:1.3:compile
[DEBUG]          org.sonatype.plexus:plexus-cipher:jar:1.4:compile
[DEBUG]    org.apache.maven:maven-model:jar:3.0:compile
[DEBUG]    org.apache.maven:maven-plugin-api:jar:3.0:compile
[DEBUG]    org.apache.maven:maven-artifact:jar:3.0:compile
[DEBUG]    org.apache.maven:maven-settings:jar:3.0:compile
[DEBUG]    org.apache.maven.reporting:maven-reporting-api:jar:3.0:compile
[DEBUG]    org.apache.maven.reporting:maven-reporting-impl:jar:2.4:compile
[DEBUG]       org.apache.maven.doxia:doxia-core:jar:1.6:compile
[DEBUG]          org.codehaus.plexus:plexus-container-default:jar:1.0-alpha-30:compile
[DEBUG]             junit:junit:jar:3.8.1:compile
[DEBUG]          xerces:xercesImpl:jar:2.9.1:compile
[DEBUG]             xml-apis:xml-apis:jar:1.3.04:compile
[DEBUG]          org.apache.httpcomponents:httpclient:jar:4.0.2:compile
[DEBUG]          org.apache.httpcomponents:httpcore:jar:4.0.1:compile
[DEBUG]          xmlunit:xmlunit:jar:1.5:compile
[DEBUG]       commons-validator:commons-validator:jar:1.4.1:compile
[DEBUG]          commons-beanutils:commons-beanutils:jar:1.8.3:compile
[DEBUG]          commons-digester:commons-digester:jar:1.8.1:compile
[DEBUG]          commons-logging:commons-logging:jar:1.2:compile
[DEBUG]    org.apache.maven.shared:maven-script-interpreter:jar:1.2:compile
[DEBUG]       org.apache.ant:ant:jar:1.8.1:compile
[DEBUG]    org.apache.maven.shared:maven-artifact-transfer:jar:0.9.1:compile
[DEBUG]       org.apache.maven.shared:maven-common-artifact-filters:jar:3.0.1:compile
[DEBUG]       commons-codec:commons-codec:jar:1.6:compile
[DEBUG]       org.slf4j:slf4j-api:jar:1.7.5:compile
[DEBUG]    org.apache.maven.doxia:doxia-sink-api:jar:1.7:compile
[DEBUG]       org.apache.maven.doxia:doxia-logging-api:jar:1.7:compile
[DEBUG]    org.apache.maven.doxia:doxia-site-renderer:jar:1.7.4:compile
[DEBUG]       org.apache.maven.doxia:doxia-decoration-model:jar:1.7.4:compile
[DEBUG]       org.apache.maven.doxia:doxia-skin-model:jar:1.7.4:compile
[DEBUG]       org.apache.maven.doxia:doxia-module-xhtml:jar:1.7:compile
[DEBUG]       org.codehaus.plexus:plexus-velocity:jar:1.2:compile
[DEBUG]       org.apache.velocity:velocity:jar:1.7:compile
[DEBUG]       org.apache.velocity:velocity-tools:jar:2.0:compile
[DEBUG]          commons-chain:commons-chain:jar:1.1:compile
[DEBUG]          dom4j:dom4j:jar:1.1:compile
[DEBUG]          oro:oro:jar:2.0.8:compile
[DEBUG]          sslext:sslext:jar:1.2-0:compile
[DEBUG]          org.apache.struts:struts-core:jar:1.3.8:compile
[DEBUG]             antlr:antlr:jar:2.7.2:compile
[DEBUG]          org.apache.struts:struts-taglib:jar:1.3.8:compile
[DEBUG]          org.apache.struts:struts-tiles:jar:1.3.8:compile
[DEBUG]       commons-collections:commons-collections:jar:3.2.1:compile
[DEBUG]       commons-lang:commons-lang:jar:2.4:compile
[DEBUG]    org.beanshell:bsh:jar:2.0b4:runtime
[DEBUG]    org.codehaus.groovy:groovy-all:jar:2.4.8:runtime
[DEBUG]    org.codehaus.plexus:plexus-utils:jar:3.1.0:compile
[DEBUG]    commons-io:commons-io:jar:2.5:compile
[DEBUG]    org.codehaus.plexus:plexus-interpolation:jar:1.26:compile
[DEBUG]    org.codehaus.plexus:plexus-i18n:jar:1.0-beta-7:compile
[DEBUG]    org.apache.maven.shared:maven-shared-utils:jar:3.2.1:compile
[DEBUG] Using transporter WagonTransporter with priority -1.0 for file:///Users/olamy/.m2/repository
[DEBUG] Using connector BasicRepositoryConnector with priority 0.0 for file:///Users/olamy/.m2/repository
[INFO] Downloading from local.central: file:///Users/olamy/.m2/repository/junit/junit/3.8.1/junit-3.8.1.jar
[INFO] Downloaded from local.central: file:///Users/olamy/.m2/repository/junit/junit/3.8.1/junit-3.8.1.jar (121 kB at 30 MB/s)
[DEBUG] Writing tracking file /Users/olamy/dev/sources/maven/plugins/maven-invoker-plugin/target/local-repo/junit/junit/3.8.1/_remote.repositories
[DEBUG] Writing tracking file /Users/olamy/dev/sources/maven/plugins/maven-invoker-plugin/target/local-repo/junit/junit/3.8.1/junit-3.8.1.jar.lastUpdated
[DEBUG] Created new class realm plugin&gt;org.apache.maven.plugins:maven-invoker-plugin:3.2.1-SNAPSHOT
[DEBUG] Importing foreign packages into class realm plugin&gt;org.apache.maven.plugins:maven-invoker-plugin:3.2.1-SNAPSHOT
[DEBUG]   Imported:  &lt; maven.api
[DEBUG] Populating class realm plugin&gt;org.apache.maven.plugins:maven-invoker-plugin:3.2.1-SNAPSHOT
[DEBUG]   Included: org.apache.maven.plugins:maven-invoker-plugin:jar:3.2.1-SNAPSHOT
[DEBUG]   Included: org.apache.maven.shared:maven-invoker:jar:3.0.1
[DEBUG]   Included: org.codehaus.plexus:plexus-component-annotations:jar:1.7.1
[DEBUG]   Included: org.sonatype.aether:aether-util:jar:1.7
[DEBUG]   Included: org.sonatype.sisu:sisu-inject-bean:jar:1.4.2
[DEBUG]   Included: org.sonatype.sisu:sisu-guice:jar:noaop:2.1.7
[DEBUG]   Included: org.sonatype.plexus:plexus-sec-dispatcher:jar:1.3
[DEBUG]   Included: org.sonatype.plexus:plexus-cipher:jar:1.4
[DEBUG]   Included: org.apache.maven.reporting:maven-reporting-api:jar:3.0
[DEBUG]   Included: org.apache.maven.reporting:maven-reporting-impl:jar:2.4
[DEBUG]   Included: org.apache.maven.doxia:doxia-core:jar:1.6
[DEBUG]   Included: junit:junit:jar:3.8.1
[DEBUG]   Included: xerces:xercesImpl:jar:2.9.1
[DEBUG]   Included: xml-apis:xml-apis:jar:1.3.04
[DEBUG]   Included: org.apache.httpcomponents:httpclient:jar:4.0.2
[DEBUG]   Included: org.apache.httpcomponents:httpcore:jar:4.0.1
[DEBUG]   Included: xmlunit:xmlunit:jar:1.5
[DEBUG]   Included: commons-validator:commons-validator:jar:1.4.1
[DEBUG]   Included: commons-beanutils:commons-beanutils:jar:1.8.3
[DEBUG]   Included: commons-digester:commons-digester:jar:1.8.1
[DEBUG]   Included: commons-logging:commons-logging:jar:1.2
[DEBUG]   Included: org.apache.maven.shared:maven-script-interpreter:jar:1.2
[DEBUG]   Included: org.apache.ant:ant:jar:1.8.1
[DEBUG]   Included: org.apache.maven.shared:maven-artifact-transfer:jar:0.9.1
[DEBUG]   Included: org.apache.maven.shared:maven-common-artifact-filters:jar:3.0.1
[DEBUG]   Included: commons-codec:commons-codec:jar:1.6
[DEBUG]   Included: org.apache.maven.doxia:doxia-sink-api:jar:1.7
[DEBUG]   Included: org.apache.maven.doxia:doxia-logging-api:jar:1.7
[DEBUG]   Included: org.apache.maven.doxia:doxia-site-renderer:jar:1.7.4
[DEBUG]   Included: org.apache.maven.doxia:doxia-decoration-model:jar:1.7.4
[DEBUG]   Included: org.apache.maven.doxia:doxia-skin-model:jar:1.7.4
[DEBUG]   Included: org.apache.maven.doxia:doxia-module-xhtml:jar:1.7
[DEBUG]   Included: org.codehaus.plexus:plexus-velocity:jar:1.2
[DEBUG]   Included: org.apache.velocity:velocity:jar:1.7
[DEBUG]   Included: org.apache.velocity:velocity-tools:jar:2.0
[DEBUG]   Included: commons-chain:commons-chain:jar:1.1
[DEBUG]   Included: dom4j:dom4j:jar:1.1
[DEBUG]   Included: oro:oro:jar:2.0.8
[DEBUG]   Included: sslext:sslext:jar:1.2-0
[DEBUG]   Included: org.apache.struts:struts-core:jar:1.3.8
[DEBUG]   Included: antlr:antlr:jar:2.7.2
[DEBUG]   Included: org.apache.struts:struts-taglib:jar:1.3.8
[DEBUG]   Included: org.apache.struts:struts-tiles:jar:1.3.8
[DEBUG]   Included: commons-collections:commons-collections:jar:3.2.1
[DEBUG]   Included: commons-lang:commons-lang:jar:2.4
[DEBUG]   Included: org.beanshell:bsh:jar:2.0b4
[DEBUG]   Included: org.codehaus.groovy:groovy-all:jar:2.4.8
[DEBUG]   Included: org.codehaus.plexus:plexus-utils:jar:3.1.0
[DEBUG]   Included: commons-io:commons-io:jar:2.5
[DEBUG]   Included: org.codehaus.plexus:plexus-interpolation:jar:1.26
[DEBUG]   Included: org.codehaus.plexus:plexus-i18n:jar:1.0-beta-7
[DEBUG]   Included: org.apache.maven.shared:maven-shared-utils:jar:3.2.1
[DEBUG] Configuring mojo org.apache.maven.plugins:maven-invoker-plugin:3.2.1-SNAPSHOT:run from plugin realm ClassRealm[plugin&gt;org.apache.maven.plugins:maven-invoker-plugin:3.2.1-SNAPSHOT, parent: sun.misc.Launcher$AppClassLoader@5c647e05]
[DEBUG] Configuring mojo &apos;org.apache.maven.plugins:maven-invoker-plugin:3.2.1-SNAPSHOT:run&apos; with basic configurator --&gt;
[DEBUG]   (f) addTestClassPath = false
[DEBUG]   (f) cloneAllFiles = false
[DEBUG]   (f) cloneClean = true
[DEBUG]   (f) cloneProjectsTo = /Users/olamy/dev/sources/maven/plugins/maven-invoker-plugin/target/it/fail-noprojects_run/target/it
[DEBUG]   (f) debug = false
[DEBUG]   (f) disableReports = false
[DEBUG]   (f) encoding = UTF-8
[DEBUG]   (f) failIfNoProjects = true
[DEBUG]   (f) goals = [validate]
[DEBUG]   (f) ignoreFailures = false
[DEBUG]   (f) invokerPropertiesFile = invoker.properties
[DEBUG]   (f) junitPackageName = maven.invoker.it
[DEBUG]   (f) localRepositoryPath = /Users/olamy/dev/sources/maven/plugins/maven-invoker-plugin/target/local-repo
[DEBUG]   (f) mergeUserSettings = false
[DEBUG]   (f) mojoExecution = org.apache.maven.plugins:maven-invoker-plugin:3.2.1-SNAPSHOT:run {execution: integration-test}
[DEBUG]   (f) noLog = false
[DEBUG]   (f) parallelThreads = 1
[DEBUG]   (f) pluginArtifacts = [org.apache.maven.plugins:maven-invoker-plugin:maven-plugin:3.2.1-SNAPSHOT:, org.apache.maven.shared:maven-invoker:jar:3.0.1:compile, org.codehaus.plexus:plexus-component-annotations:jar:1.7.1:compile, org.apache.maven:maven-core:jar:3.0:compile, org.apache.maven:maven-settings-builder:jar:3.0:compile, org.apache.maven:maven-repository-metadata:jar:3.0:compile, org.apache.maven:maven-model-builder:jar:3.0:compile, org.apache.maven:maven-aether-provider:jar:3.0:runtime, org.sonatype.aether:aether-impl:jar:1.7:compile, org.sonatype.aether:aether-spi:jar:1.7:compile, org.sonatype.aether:aether-api:jar:1.7:compile, org.sonatype.aether:aether-util:jar:1.7:compile, org.sonatype.sisu:sisu-inject-plexus:jar:1.4.2:compile, org.sonatype.sisu:sisu-inject-bean:jar:1.4.2:compile, org.sonatype.sisu:sisu-guice:jar:noaop:2.1.7:compile, org.codehaus.plexus:plexus-classworlds:jar:2.2.3:compile, org.sonatype.plexus:plexus-sec-dispatcher:jar:1.3:compile, org.sonatype.plexus:plexus-cipher:jar:1.4:compile, org.apache.maven:maven-model:jar:3.0:compile, org.apache.maven:maven-plugin-api:jar:3.0:compile, org.apache.maven:maven-artifact:jar:3.0:compile, org.apache.maven:maven-settings:jar:3.0:compile, org.apache.maven.reporting:maven-reporting-api:jar:3.0:compile, org.apache.maven.reporting:maven-reporting-impl:jar:2.4:compile, org.apache.maven.doxia:doxia-core:jar:1.6:compile, org.codehaus.plexus:plexus-container-default:jar:1.0-alpha-30:compile, junit:junit:jar:3.8.1:compile, xerces:xercesImpl:jar:2.9.1:compile, xml-apis:xml-apis:jar:1.3.04:compile, org.apache.httpcomponents:httpclient:jar:4.0.2:compile, org.apache.httpcomponents:httpcore:jar:4.0.1:compile, xmlunit:xmlunit:jar:1.5:compile, commons-validator:commons-validator:jar:1.4.1:compile, commons-beanutils:commons-beanutils:jar:1.8.3:compile, commons-digester:commons-digester:jar:1.8.1:compile, commons-logging:commons-logging:jar:1.2:compile, org.apache.maven.shared:maven-script-interpreter:jar:1.2:compile, org.apache.ant:ant:jar:1.8.1:compile, org.apache.maven.shared:maven-artifact-transfer:jar:0.9.1:compile, org.apache.maven.shared:maven-common-artifact-filters:jar:3.0.1:compile, commons-codec:commons-codec:jar:1.6:compile, org.slf4j:slf4j-api:jar:1.7.5:compile, org.apache.maven.doxia:doxia-sink-api:jar:1.7:compile, org.apache.maven.doxia:doxia-logging-api:jar:1.7:compile, org.apache.maven.doxia:doxia-site-renderer:jar:1.7.4:compile, org.apache.maven.doxia:doxia-decoration-model:jar:1.7.4:compile, org.apache.maven.doxia:doxia-skin-model:jar:1.7.4:compile, org.apache.maven.doxia:doxia-module-xhtml:jar:1.7:compile, org.codehaus.plexus:plexus-velocity:jar:1.2:compile, org.apache.velocity:velocity:jar:1.7:compile, org.apache.velocity:velocity-tools:jar:2.0:compile, commons-chain:commons-chain:jar:1.1:compile, dom4j:dom4j:jar:1.1:compile, oro:oro:jar:2.0.8:compile, sslext:sslext:jar:1.2-0:compile, org.apache.struts:struts-core:jar:1.3.8:compile, antlr:antlr:jar:2.7.2:compile, org.apache.struts:struts-taglib:jar:1.3.8:compile, org.apache.struts:struts-tiles:jar:1.3.8:compile, commons-collections:commons-collections:jar:3.2.1:compile, commons-lang:commons-lang:jar:2.4:compile, org.beanshell:bsh:jar:2.0b4:runtime, org.codehaus.groovy:groovy-all:jar:2.4.8:runtime, org.codehaus.plexus:plexus-utils:jar:3.1.0:compile, commons-io:commons-io:jar:2.5:compile, org.codehaus.plexus:plexus-interpolation:jar:1.26:compile, org.codehaus.plexus:plexus-i18n:jar:1.0-beta-7:compile, org.apache.maven.shared:maven-shared-utils:jar:3.2.1:compile]
[DEBUG]   (f) postBuildHookScript = postbuild
[DEBUG]   (f) preBuildHookScript = prebuild
[DEBUG]   (f) project = MavenProject: org.apache.maven.plugins.invoker:fail-noprojects_run:1.0-SNAPSHOT @ /Users/olamy/dev/sources/maven/plugins/maven-invoker-plugin/target/it/fail-noprojects_run/pom.xml
[DEBUG]   (f) projectsDirectory = /Users/olamy/dev/sources/maven/plugins/maven-invoker-plugin/target/it/fail-noprojects_run/src/it
[DEBUG]   (f) reportsDirectory = /Users/olamy/dev/sources/maven/plugins/maven-invoker-plugin/target/it/fail-noprojects_run/target/invoker-reports
[DEBUG]   (f) selectorScript = selector
[DEBUG]   (f) session = org.apache.maven.execution.MavenSession@6569dded
[DEBUG]   (f) settings = org.apache.maven.execution.SettingsAdapter@466d49f0
[DEBUG]   (f) showErrors = false
[DEBUG]   (f) showVersion = false
[DEBUG]   (f) skipInvocation = false
[DEBUG]   (f) streamLogs = false
[DEBUG]   (f) suppressSummaries = false
[DEBUG]   (f) testClassPath = [/Users/olamy/dev/sources/maven/plugins/maven-invoker-plugin/target/it/fail-noprojects_run/target/test-classes, /Users/olamy/dev/sources/maven/plugins/maven-invoker-plugin/target/it/fail-noprojects_run/target/classes]
[DEBUG]   (f) testPropertiesFile = test.properties
[DEBUG]   (f) timeoutInSeconds = 0
[DEBUG]   (f) writeJunitReport = false
[DEBUG] -- end configuration --
[DEBUG] Setup projects: []
[INFO] ------------------------------------------------------------------------
[INFO] BUILD FAILURE
[INFO] ------------------------------------------------------------------------
[INFO] Total time:  1.796 s
[INFO] Finished at: 2019-07-17T17:37:35+10:00
[INFO] ------------------------------------------------------------------------
[ERROR] Failed to execute goal org.apache.maven.plugins:maven-invoker-plugin:3.2.1-SNAPSHOT:run (integration-test) on project fail-noprojects_run: No projects to invoke! -&gt; [Help 1]
org.apache.maven.lifecycle.LifecycleExecutionException: Failed to execute goal org.apache.maven.plugins:maven-invoker-plugin:3.2.1-SNAPSHOT:run (integration-test) on project fail-noprojects_run: No projects to invoke!
    at org.apache.maven.lifecycle.internal.MojoExecutor.execute (MojoExecutor.java:215)
    at org.apache.maven.lifecycle.internal.MojoExecutor.execute (MojoExecutor.java:156)
    at org.apache.maven.lifecycle.internal.MojoExecutor.execute (MojoExecutor.java:148)
    at org.apache.maven.lifecycle.internal.LifecycleModuleBuilder.buildProject (LifecycleModuleBuilder.java:117)
    at org.apache.maven.lifecycle.internal.LifecycleModuleBuilder.buildProject (LifecycleModuleBuilder.java:81)
    at org.apache.maven.lifecycle.internal.builder.singlethreaded.SingleThreadedBuilder.build (SingleThreadedBuilder.java:56)
    at org.apache.maven.lifecycle.internal.LifecycleStarter.execute (LifecycleStarter.java:128)
    at org.apache.maven.DefaultMaven.doExecute (DefaultMaven.java:305)
    at org.apache.maven.DefaultMaven.doExecute (DefaultMaven.java:192)
    at org.apache.maven.DefaultMaven.execute (DefaultMaven.java:105)
    at org.apache.maven.cli.MavenCli.execute (MavenCli.java:956)
    at org.apache.maven.cli.MavenCli.doMain (MavenCli.java:288)
    at org.apache.maven.cli.MavenCli.main (MavenCli.java:192)
    at sun.reflect.NativeMethodAccessorImpl.invoke0 (Native Method)
    at sun.reflect.NativeMethodAccessorImpl.invoke (NativeMethodAccessorImpl.java:62)
    at sun.reflect.DelegatingMethodAccessorImpl.invoke (DelegatingMethodAccessorImpl.java:43)
    at java.lang.reflect.Method.invoke (Method.java:498)
    at org.codehaus.plexus.classworlds.launcher.Launcher.launchEnhanced (Launcher.java:282)
    at org.codehaus.plexus.classworlds.launcher.Launcher.launch (Launcher.java:225)
    at org.codehaus.plexus.classworlds.launcher.Launcher.mainWithExitCode (Launcher.java:406)
    at org.codehaus.plexus.classworlds.launcher.Launcher.main (Launcher.java:347)
Caused by: org.apache.maven.plugin.MojoFailureException: No projects to invoke!
    at org.apache.maven.plugins.invoker.InvokerMojo.doFailIfNoProjects (InvokerMojo.java:77)
    at org.apache.maven.plugins.invoker.AbstractInvokerMojo.execute (AbstractInvokerMojo.java:724)
    at org.apache.maven.plugin.DefaultBuildPluginManager.executeMojo (DefaultBuildPluginManager.java:137)
    at org.apache.maven.lifecycle.internal.MojoExecutor.execute (MojoExecutor.java:210)
    at org.apache.maven.lifecycle.internal.MojoExecutor.execute (MojoExecutor.java:156)
    at org.apache.maven.lifecycle.internal.MojoExecutor.execute (MojoExecutor.java:148)
    at org.apache.maven.lifecycle.internal.LifecycleModuleBuilder.buildProject (LifecycleModuleBuilder.java:117)
    at org.apache.maven.lifecycle.internal.LifecycleModuleBuilder.buildProject (LifecycleModuleBuilder.java:81)
    at org.apache.maven.lifecycle.internal.builder.singlethreaded.SingleThreadedBuilder.build (SingleThreadedBuilder.java:56)
    at org.apache.maven.lifecycle.internal.LifecycleStarter.execute (LifecycleStarter.java:128)
    at org.apache.maven.DefaultMaven.doExecute (DefaultMaven.java:305)
    at org.apache.maven.DefaultMaven.doExecute (DefaultMaven.java:192)
    at org.apache.maven.DefaultMaven.execute (DefaultMaven.java:105)
    at org.apache.maven.cli.MavenCli.execute (MavenCli.java:956)
    at org.apache.maven.cli.MavenCli.doMain (MavenCli.java:288)
    at org.apache.maven.cli.MavenCli.main (MavenCli.java:192)
    at sun.reflect.NativeMethodAccessorImpl.invoke0 (Native Method)
    at sun.reflect.NativeMethodAccessorImpl.invoke (NativeMethodAccessorImpl.java:62)
    at sun.reflect.DelegatingMethodAccessorImpl.invoke (DelegatingMethodAccessorImpl.java:43)
    at java.lang.reflect.Method.invoke (Method.java:498)
    at org.codehaus.plexus.classworlds.launcher.Launcher.launchEnhanced (Launcher.java:282)
    at org.codehaus.plexus.classworlds.launcher.Launcher.launch (Launcher.java:225)
    at org.codehaus.plexus.classworlds.launcher.Launcher.mainWithExitCode (Launcher.java:406)
    at org.codehaus.plexus.classworlds.launcher.Launcher.main (Launcher.java:347)
[ERROR] 
[ERROR] 
[ERROR] For more information about the errors and possible solutions, please read the following articles:
[ERROR] [Help 1] http://cwiki.apache.org/confluence/display/MAVEN/MojoFailureException
</system-out>
  </testcase>
</testsuite>