<testsuite tests="1" failures="1" time="1.167">
  <testcase classname="maven.invoker.it.project" name="project">
    <system-out/>
  </testcase>
</testsuite>