<testsuite tests="1" time="15.097">
  <testcase classname="maven.invoker.it.MINVOKER-191" name="MINVOKER-191">
    <system-out>Apache Maven 3.6.1 (d66c9c0b3152b2e69ee9bac180bb8fcc8e6af555; 2019-04-05T05:00:29+10:00)
Maven home: /Users/olamy/softs/maven/apache-maven-3.6.1
Java version: 1.8.0_201, vendor: Oracle Corporation, runtime: /Library/Java/JavaVirtualMachines/jdk1.8.0_201.jdk/Contents/Home/jre
Default locale: en_AU, platform encoding: UTF-8
OS name: &quot;mac os x&quot;, version: &quot;10.14.5&quot;, arch: &quot;x86_64&quot;, family: &quot;mac&quot;
[DEBUG] Created new class realm maven.api
[DEBUG] Importing foreign packages into class realm maven.api
[DEBUG]   Imported: javax.annotation.* &lt; plexus.core
[DEBUG]   Imported: javax.annotation.security.* &lt; plexus.core
[DEBUG]   Imported: javax.enterprise.inject.* &lt; plexus.core
[DEBUG]   Imported: javax.enterprise.util.* &lt; plexus.core
[DEBUG]   Imported: javax.inject.* &lt; plexus.core
[DEBUG]   Imported: org.apache.maven.* &lt; plexus.core
[DEBUG]   Imported: org.apache.maven.artifact &lt; plexus.core
[DEBUG]   Imported: org.apache.maven.classrealm &lt; plexus.core
[DEBUG]   Imported: org.apache.maven.cli &lt; plexus.core
[DEBUG]   Imported: org.apache.maven.configuration &lt; plexus.core
[DEBUG]   Imported: org.apache.maven.exception &lt; plexus.core
[DEBUG]   Imported: org.apache.maven.execution &lt; plexus.core
[DEBUG]   Imported: org.apache.maven.execution.scope &lt; plexus.core
[DEBUG]   Imported: org.apache.maven.lifecycle &lt; plexus.core
[DEBUG]   Imported: org.apache.maven.model &lt; plexus.core
[DEBUG]   Imported: org.apache.maven.monitor &lt; plexus.core
[DEBUG]   Imported: org.apache.maven.plugin &lt; plexus.core
[DEBUG]   Imported: org.apache.maven.profiles &lt; plexus.core
[DEBUG]   Imported: org.apache.maven.project &lt; plexus.core
[DEBUG]   Imported: org.apache.maven.reporting &lt; plexus.core
[DEBUG]   Imported: org.apache.maven.repository &lt; plexus.core
[DEBUG]   Imported: org.apache.maven.rtinfo &lt; plexus.core
[DEBUG]   Imported: org.apache.maven.settings &lt; plexus.core
[DEBUG]   Imported: org.apache.maven.toolchain &lt; plexus.core
[DEBUG]   Imported: org.apache.maven.usability &lt; plexus.core
[DEBUG]   Imported: org.apache.maven.wagon.* &lt; plexus.core
[DEBUG]   Imported: org.apache.maven.wagon.authentication &lt; plexus.core
[DEBUG]   Imported: org.apache.maven.wagon.authorization &lt; plexus.core
[DEBUG]   Imported: org.apache.maven.wagon.events &lt; plexus.core
[DEBUG]   Imported: org.apache.maven.wagon.observers &lt; plexus.core
[DEBUG]   Imported: org.apache.maven.wagon.proxy &lt; plexus.core
[DEBUG]   Imported: org.apache.maven.wagon.repository &lt; plexus.core
[DEBUG]   Imported: org.apache.maven.wagon.resource &lt; plexus.core
[DEBUG]   Imported: org.codehaus.classworlds &lt; plexus.core
[DEBUG]   Imported: org.codehaus.plexus.* &lt; plexus.core
[DEBUG]   Imported: org.codehaus.plexus.classworlds &lt; plexus.core
[DEBUG]   Imported: org.codehaus.plexus.component &lt; plexus.core
[DEBUG]   Imported: org.codehaus.plexus.configuration &lt; plexus.core
[DEBUG]   Imported: org.codehaus.plexus.container &lt; plexus.core
[DEBUG]   Imported: org.codehaus.plexus.context &lt; plexus.core
[DEBUG]   Imported: org.codehaus.plexus.lifecycle &lt; plexus.core
[DEBUG]   Imported: org.codehaus.plexus.logging &lt; plexus.core
[DEBUG]   Imported: org.codehaus.plexus.personality &lt; plexus.core
[DEBUG]   Imported: org.codehaus.plexus.util.xml.Xpp3Dom &lt; plexus.core
[DEBUG]   Imported: org.codehaus.plexus.util.xml.pull.XmlPullParser &lt; plexus.core
[DEBUG]   Imported: org.codehaus.plexus.util.xml.pull.XmlPullParserException &lt; plexus.core
[DEBUG]   Imported: org.codehaus.plexus.util.xml.pull.XmlSerializer &lt; plexus.core
[DEBUG]   Imported: org.eclipse.aether.* &lt; plexus.core
[DEBUG]   Imported: org.eclipse.aether.artifact &lt; plexus.core
[DEBUG]   Imported: org.eclipse.aether.collection &lt; plexus.core
[DEBUG]   Imported: org.eclipse.aether.deployment &lt; plexus.core
[DEBUG]   Imported: org.eclipse.aether.graph &lt; plexus.core
[DEBUG]   Imported: org.eclipse.aether.impl &lt; plexus.core
[DEBUG]   Imported: org.eclipse.aether.installation &lt; plexus.core
[DEBUG]   Imported: org.eclipse.aether.internal.impl &lt; plexus.core
[DEBUG]   Imported: org.eclipse.aether.metadata &lt; plexus.core
[DEBUG]   Imported: org.eclipse.aether.repository &lt; plexus.core
[DEBUG]   Imported: org.eclipse.aether.resolution &lt; plexus.core
[DEBUG]   Imported: org.eclipse.aether.spi &lt; plexus.core
[DEBUG]   Imported: org.eclipse.aether.transfer &lt; plexus.core
[DEBUG]   Imported: org.eclipse.aether.version &lt; plexus.core
[DEBUG]   Imported: org.fusesource.jansi.* &lt; plexus.core
[DEBUG]   Imported: org.slf4j.* &lt; plexus.core
[DEBUG]   Imported: org.slf4j.event.* &lt; plexus.core
[DEBUG]   Imported: org.slf4j.helpers.* &lt; plexus.core
[DEBUG]   Imported: org.slf4j.spi.* &lt; plexus.core
[DEBUG] Populating class realm maven.api
[INFO] Error stacktraces are turned on.
[DEBUG] Message scheme: plain
[DEBUG] Reading global settings from /Users/olamy/softs/maven/apache-maven-3.6.1/conf/settings.xml
[DEBUG] Reading user settings from /Users/olamy/dev/sources/maven/plugins/maven-invoker-plugin/target/it/interpolated-settings.xml
[DEBUG] Reading global toolchains from /Users/olamy/softs/maven/apache-maven-3.6.1/conf/toolchains.xml
[DEBUG] Reading user toolchains from /Users/olamy/.m2/toolchains.xml
[DEBUG] Using local repository at /Users/olamy/dev/sources/maven/plugins/maven-invoker-plugin/target/local-repo
[DEBUG] Using manager EnhancedLocalRepositoryManager with priority 10.0 for /Users/olamy/dev/sources/maven/plugins/maven-invoker-plugin/target/local-repo
[INFO] Scanning for projects...
[DEBUG] Extension realms for project org.apache.maven.plugins.invoker:MINVOKER-191-parent:pom:1.0-SNAPSHOT: (none)
[DEBUG] Looking up lifecycle mappings for packaging pom from ClassRealm[plexus.core, parent: null]
[DEBUG] Extension realms for project org.apache.maven.plugins.invoker:MINVOKER-191-java-a:jar:1.0-SNAPSHOT: (none)
[DEBUG] Looking up lifecycle mappings for packaging jar from ClassRealm[plexus.core, parent: null]
[DEBUG] Extension realms for project org.apache.maven.plugins.invoker:MINVOKER-191-plugin:maven-plugin:1.0-SNAPSHOT: (none)
[DEBUG] Looking up lifecycle mappings for packaging maven-plugin from ClassRealm[plexus.core, parent: null]
[DEBUG] Extension realms for project org.apache.maven.plugins.invoker:MINVOKER-191-java-b:jar:1.0-SNAPSHOT: (none)
[DEBUG] Looking up lifecycle mappings for packaging jar from ClassRealm[plexus.core, parent: null]
[INFO] ------------------------------------------------------------------------
[INFO] Reactor Build Order:
[INFO] 
[INFO] MINVOKER-191-parent                                                [pom]
[INFO] MINVOKER-191-java-a                                                [jar]
[INFO] MINVOKER-191-plugin                                       [maven-plugin]
[INFO] MINVOKER-191-java-b                                                [jar]
[DEBUG] === REACTOR BUILD PLAN ================================================
[DEBUG] Project: org.apache.maven.plugins.invoker:MINVOKER-191-parent:pom:1.0-SNAPSHOT
[DEBUG] Tasks:   [verify]
[DEBUG] Style:   Regular
[DEBUG] -----------------------------------------------------------------------
[DEBUG] Project: org.apache.maven.plugins.invoker:MINVOKER-191-java-a:jar:1.0-SNAPSHOT
[DEBUG] Tasks:   [verify]
[DEBUG] Style:   Regular
[DEBUG] -----------------------------------------------------------------------
[DEBUG] Project: org.apache.maven.plugins.invoker:MINVOKER-191-plugin:maven-plugin:1.0-SNAPSHOT
[DEBUG] Tasks:   [verify]
[DEBUG] Style:   Regular
[DEBUG] -----------------------------------------------------------------------
[DEBUG] Project: org.apache.maven.plugins.invoker:MINVOKER-191-java-b:jar:1.0-SNAPSHOT
[DEBUG] Tasks:   [verify]
[DEBUG] Style:   Regular
[DEBUG] =======================================================================
[INFO] 
[INFO] Using the MultiThreadedBuilder implementation with a thread count of 3
[DEBUG] Scheduling: MavenProject: org.apache.maven.plugins.invoker:MINVOKER-191-parent:1.0-SNAPSHOT @ /Users/olamy/dev/sources/maven/plugins/maven-invoker-plugin/target/it/MINVOKER-191/pom.xml
[INFO] 
[INFO] --------&lt; org.apache.maven.plugins.invoker:MINVOKER-191-parent &gt;--------
[INFO] Building MINVOKER-191-parent 1.0-SNAPSHOT                          [1/4]
[INFO] --------------------------------[ pom ]---------------------------------
[DEBUG] Lifecycle default -&gt; [validate, initialize, generate-sources, process-sources, generate-resources, process-resources, compile, process-classes, generate-test-sources, process-test-sources, generate-test-resources, process-test-resources, test-compile, process-test-classes, test, prepare-package, package, pre-integration-test, integration-test, post-integration-test, verify, install, deploy]
[DEBUG] Lifecycle clean -&gt; [pre-clean, clean, post-clean]
[DEBUG] Lifecycle site -&gt; [pre-site, site, post-site, site-deploy]
[DEBUG] === PROJECT BUILD PLAN ================================================
[DEBUG] Project:       org.apache.maven.plugins.invoker:MINVOKER-191-parent:1.0-SNAPSHOT
[DEBUG] Dependencies (collect): []
[DEBUG] Dependencies (resolve): []
[DEBUG] Repositories (dependencies): [local.central (file:///Users/olamy/.m2/repository, default, releases+snapshots), apache.snapshots (http://repository.apache.org/content/groups/snapshots-group/, default, snapshots), central (https://repo.maven.apache.org/maven2, default, releases)]
[DEBUG] Repositories (plugins)     : [local.central (file:///Users/olamy/.m2/repository, default, releases+snapshots), apache.snapshots (http://repository.apache.org/content/groups/snapshots-group/, default, snapshots), central (https://repo.maven.apache.org/maven2, default, releases)]
[DEBUG] =======================================================================
[DEBUG] Scheduling: org.apache.maven.plugins.invoker:MINVOKER-191-java-a:jar:1.0-SNAPSHOT -&gt; [verify]
[DEBUG] Scheduling: org.apache.maven.plugins.invoker:MINVOKER-191-plugin:maven-plugin:1.0-SNAPSHOT -&gt; [verify]
[INFO] 
[INFO] --------&lt; org.apache.maven.plugins.invoker:MINVOKER-191-java-a &gt;--------
[DEBUG] Scheduling: org.apache.maven.plugins.invoker:MINVOKER-191-java-b:jar:1.0-SNAPSHOT -&gt; [verify]
[INFO] 
[INFO] Building MINVOKER-191-java-a 1.0-SNAPSHOT                          [2/4]
[INFO] 
[INFO] --------&lt; org.apache.maven.plugins.invoker:MINVOKER-191-plugin &gt;--------
[INFO] --------&lt; org.apache.maven.plugins.invoker:MINVOKER-191-java-b &gt;--------
[INFO] --------------------------------[ jar ]---------------------------------
[INFO] Building MINVOKER-191-java-b 1.0-SNAPSHOT                          [4/4]
[INFO] Building MINVOKER-191-plugin 1.0-SNAPSHOT                          [3/4]
[INFO] --------------------------------[ jar ]---------------------------------
[DEBUG] Lifecycle default -&gt; [validate, initialize, generate-sources, process-sources, generate-resources, process-resources, compile, process-classes, generate-test-sources, process-test-sources, generate-test-resources, process-test-resources, test-compile, process-test-classes, test, prepare-package, package, pre-integration-test, integration-test, post-integration-test, verify, install, deploy]
[DEBUG] Lifecycle default -&gt; [validate, initialize, generate-sources, process-sources, generate-resources, process-resources, compile, process-classes, generate-test-sources, process-test-sources, generate-test-resources, process-test-resources, test-compile, process-test-classes, test, prepare-package, package, pre-integration-test, integration-test, post-integration-test, verify, install, deploy]
[INFO] ----------------------------[ maven-plugin ]----------------------------
[DEBUG] Lifecycle clean -&gt; [pre-clean, clean, post-clean]
[DEBUG] Lifecycle clean -&gt; [pre-clean, clean, post-clean]
[DEBUG] Lifecycle site -&gt; [pre-site, site, post-site, site-deploy]
[DEBUG] Lifecycle default -&gt; [validate, initialize, generate-sources, process-sources, generate-resources, process-resources, compile, process-classes, generate-test-sources, process-test-sources, generate-test-resources, process-test-resources, test-compile, process-test-classes, test, prepare-package, package, pre-integration-test, integration-test, post-integration-test, verify, install, deploy]
[DEBUG] Lifecycle site -&gt; [pre-site, site, post-site, site-deploy]
[DEBUG] Lifecycle clean -&gt; [pre-clean, clean, post-clean]
[DEBUG] Lifecycle site -&gt; [pre-site, site, post-site, site-deploy]
[DEBUG] Using transporter WagonTransporter with priority -1.0 for file:///Users/olamy/.m2/repository
[DEBUG] Using connector BasicRepositoryConnector with priority 0.0 for file:///Users/olamy/.m2/repository
[INFO] Downloading from local.central: file:///Users/olamy/.m2/repository/org/apache/maven/plugins/maven-resources-plugin/2.6/maven-resources-plugin-2.6.pom
[INFO] Downloaded from local.central: file:///Users/olamy/.m2/repository/org/apache/maven/plugins/maven-resources-plugin/2.6/maven-resources-plugin-2.6.pom (8.1 kB at 290 kB/s)
[DEBUG] Writing tracking file /Users/olamy/dev/sources/maven/plugins/maven-invoker-plugin/target/local-repo/org/apache/maven/plugins/maven-resources-plugin/2.6/_remote.repositories
[DEBUG] Writing tracking file /Users/olamy/dev/sources/maven/plugins/maven-invoker-plugin/target/local-repo/org/apache/maven/plugins/maven-resources-plugin/2.6/maven-resources-plugin-2.6.pom.lastUpdated
[DEBUG] Using transporter WagonTransporter with priority -1.0 for file:///Users/olamy/.m2/repository
[DEBUG] Using connector BasicRepositoryConnector with priority 0.0 for file:///Users/olamy/.m2/repository
[INFO] Downloading from local.central: file:///Users/olamy/.m2/repository/org/apache/maven/plugins/maven-plugins/23/maven-plugins-23.pom
[INFO] Downloaded from local.central: file:///Users/olamy/.m2/repository/org/apache/maven/plugins/maven-plugins/23/maven-plugins-23.pom (9.2 kB at 1.8 MB/s)
[DEBUG] Writing tracking file /Users/olamy/dev/sources/maven/plugins/maven-invoker-plugin/target/local-repo/org/apache/maven/plugins/maven-plugins/23/_remote.repositories
[DEBUG] Writing tracking file /Users/olamy/dev/sources/maven/plugins/maven-invoker-plugin/target/local-repo/org/apache/maven/plugins/maven-plugins/23/maven-plugins-23.pom.lastUpdated
[DEBUG] Using transporter WagonTransporter with priority -1.0 for file:///Users/olamy/.m2/repository
[DEBUG] Using connector BasicRepositoryConnector with priority 0.0 for file:///Users/olamy/.m2/repository
[INFO] Downloading from local.central: file:///Users/olamy/.m2/repository/org/apache/maven/plugins/maven-resources-plugin/2.6/maven-resources-plugin-2.6.jar
[INFO] Downloaded from local.central: file:///Users/olamy/.m2/repository/org/apache/maven/plugins/maven-resources-plugin/2.6/maven-resources-plugin-2.6.jar (30 kB at 5.9 MB/s)
[DEBUG] Writing tracking file /Users/olamy/dev/sources/maven/plugins/maven-invoker-plugin/target/local-repo/org/apache/maven/plugins/maven-resources-plugin/2.6/_remote.repositories
[DEBUG] Writing tracking file /Users/olamy/dev/sources/maven/plugins/maven-invoker-plugin/target/local-repo/org/apache/maven/plugins/maven-resources-plugin/2.6/maven-resources-plugin-2.6.jar.lastUpdated
[DEBUG] Skipped remote request for org.apache.maven.plugins:maven-invoker-plugin:3.2.1-SNAPSHOT/maven-metadata.xml locally installed metadata up-to-date.
[DEBUG] Skipped remote request for org.apache.maven.plugins:maven-invoker-plugin:3.2.1-SNAPSHOT/maven-metadata.xml locally installed metadata up-to-date.
[DEBUG] Skipped remote request for org.apache.maven.plugins:maven-invoker-plugin:3.2.1-SNAPSHOT/maven-metadata.xml locally installed metadata up-to-date.
[DEBUG] Skipped remote request for org.apache.maven.plugins:maven-invoker-plugin:3.2.1-SNAPSHOT/maven-metadata.xml locally installed metadata up-to-date.
[DEBUG] Using transporter WagonTransporter with priority -1.0 for file:///Users/olamy/.m2/repository
[DEBUG] Using connector BasicRepositoryConnector with priority 0.0 for file:///Users/olamy/.m2/repository
[INFO] Downloading from local.central: file:///Users/olamy/.m2/repository/org/apache/maven/plugins/maven-compiler-plugin/2.5.1/maven-compiler-plugin-2.5.1.pom
[INFO] Downloaded from local.central: file:///Users/olamy/.m2/repository/org/apache/maven/plugins/maven-compiler-plugin/2.5.1/maven-compiler-plugin-2.5.1.pom (7.9 kB at 1.3 MB/s)
[DEBUG] Writing tracking file /Users/olamy/dev/sources/maven/plugins/maven-invoker-plugin/target/local-repo/org/apache/maven/plugins/maven-compiler-plugin/2.5.1/_remote.repositories
[DEBUG] Writing tracking file /Users/olamy/dev/sources/maven/plugins/maven-invoker-plugin/target/local-repo/org/apache/maven/plugins/maven-compiler-plugin/2.5.1/maven-compiler-plugin-2.5.1.pom.lastUpdated
[DEBUG] Using transporter WagonTransporter with priority -1.0 for file:///Users/olamy/.m2/repository
[DEBUG] Using connector BasicRepositoryConnector with priority 0.0 for file:///Users/olamy/.m2/repository
[INFO] Downloading from local.central: file:///Users/olamy/.m2/repository/org/apache/maven/plugins/maven-compiler-plugin/2.5.1/maven-compiler-plugin-2.5.1.jar
[INFO] Downloaded from local.central: file:///Users/olamy/.m2/repository/org/apache/maven/plugins/maven-compiler-plugin/2.5.1/maven-compiler-plugin-2.5.1.jar (33 kB at 8.1 MB/s)
[DEBUG] Writing tracking file /Users/olamy/dev/sources/maven/plugins/maven-invoker-plugin/target/local-repo/org/apache/maven/plugins/maven-compiler-plugin/2.5.1/_remote.repositories
[DEBUG] Writing tracking file /Users/olamy/dev/sources/maven/plugins/maven-invoker-plugin/target/local-repo/org/apache/maven/plugins/maven-compiler-plugin/2.5.1/maven-compiler-plugin-2.5.1.jar.lastUpdated
[DEBUG] Using transporter WagonTransporter with priority -1.0 for file:///Users/olamy/.m2/repository
[DEBUG] Using connector BasicRepositoryConnector with priority 0.0 for file:///Users/olamy/.m2/repository
[INFO] Downloading from local.central: file:///Users/olamy/.m2/repository/org/apache/maven/plugins/maven-surefire-plugin/2.12.4/maven-surefire-plugin-2.12.4.pom
[INFO] Downloaded from local.central: file:///Users/olamy/.m2/repository/org/apache/maven/plugins/maven-surefire-plugin/2.12.4/maven-surefire-plugin-2.12.4.pom (10 kB at 2.1 MB/s)
[DEBUG] Writing tracking file /Users/olamy/dev/sources/maven/plugins/maven-invoker-plugin/target/local-repo/org/apache/maven/plugins/maven-surefire-plugin/2.12.4/_remote.repositories
[DEBUG] Writing tracking file /Users/olamy/dev/sources/maven/plugins/maven-invoker-plugin/target/local-repo/org/apache/maven/plugins/maven-surefire-plugin/2.12.4/maven-surefire-plugin-2.12.4.pom.lastUpdated
[DEBUG] Using transporter WagonTransporter with priority -1.0 for file:///Users/olamy/.m2/repository
[DEBUG] Using connector BasicRepositoryConnector with priority 0.0 for file:///Users/olamy/.m2/repository
[INFO] Downloading from local.central: file:///Users/olamy/.m2/repository/org/apache/maven/surefire/surefire/2.12.4/surefire-2.12.4.pom
[INFO] Downloaded from local.central: file:///Users/olamy/.m2/repository/org/apache/maven/surefire/surefire/2.12.4/surefire-2.12.4.pom (14 kB at 2.8 MB/s)
[DEBUG] Writing tracking file /Users/olamy/dev/sources/maven/plugins/maven-invoker-plugin/target/local-repo/org/apache/maven/surefire/surefire/2.12.4/_remote.repositories
[DEBUG] Writing tracking file /Users/olamy/dev/sources/maven/plugins/maven-invoker-plugin/target/local-repo/org/apache/maven/surefire/surefire/2.12.4/surefire-2.12.4.pom.lastUpdated
[DEBUG] Using transporter WagonTransporter with priority -1.0 for file:///Users/olamy/.m2/repository
[DEBUG] Using connector BasicRepositoryConnector with priority 0.0 for file:///Users/olamy/.m2/repository
[INFO] Downloading from local.central: file:///Users/olamy/.m2/repository/org/apache/maven/plugins/maven-surefire-plugin/2.12.4/maven-surefire-plugin-2.12.4.jar
[INFO] Downloaded from local.central: file:///Users/olamy/.m2/repository/org/apache/maven/plugins/maven-surefire-plugin/2.12.4/maven-surefire-plugin-2.12.4.jar (30 kB at 7.6 MB/s)
[DEBUG] Writing tracking file /Users/olamy/dev/sources/maven/plugins/maven-invoker-plugin/target/local-repo/org/apache/maven/plugins/maven-surefire-plugin/2.12.4/_remote.repositories
[DEBUG] Writing tracking file /Users/olamy/dev/sources/maven/plugins/maven-invoker-plugin/target/local-repo/org/apache/maven/plugins/maven-surefire-plugin/2.12.4/maven-surefire-plugin-2.12.4.jar.lastUpdated
[DEBUG] Using transporter WagonTransporter with priority -1.0 for file:///Users/olamy/.m2/repository
[DEBUG] Using connector BasicRepositoryConnector with priority 0.0 for file:///Users/olamy/.m2/repository
[INFO] Downloading from local.central: file:///Users/olamy/.m2/repository/org/apache/maven/plugins/maven-plugin-plugin/2.9/maven-plugin-plugin-2.9.pom
[DEBUG] Writing tracking file /Users/olamy/dev/sources/maven/plugins/maven-invoker-plugin/target/local-repo/org/apache/maven/plugins/maven-plugin-plugin/2.9/maven-plugin-plugin-2.9.pom.lastUpdated
[DEBUG] Using transporter WagonTransporter with priority -1.0 for https://repo.maven.apache.org/maven2
[DEBUG] Using connector BasicRepositoryConnector with priority 0.0 for https://repo.maven.apache.org/maven2
[INFO] Downloading from central: https://repo.maven.apache.org/maven2/org/apache/maven/plugins/maven-plugin-plugin/2.9/maven-plugin-plugin-2.9.pom
[INFO] Downloaded from central: https://repo.maven.apache.org/maven2/org/apache/maven/plugins/maven-plugin-plugin/2.9/maven-plugin-plugin-2.9.pom (11 kB at 7.2 kB/s)
[DEBUG] Writing tracking file /Users/olamy/dev/sources/maven/plugins/maven-invoker-plugin/target/local-repo/org/apache/maven/plugins/maven-plugin-plugin/2.9/_remote.repositories
[DEBUG] Writing tracking file /Users/olamy/dev/sources/maven/plugins/maven-invoker-plugin/target/local-repo/org/apache/maven/plugins/maven-plugin-plugin/2.9/maven-plugin-plugin-2.9.pom.lastUpdated
[DEBUG] Using transporter WagonTransporter with priority -1.0 for file:///Users/olamy/.m2/repository
[DEBUG] Using connector BasicRepositoryConnector with priority 0.0 for file:///Users/olamy/.m2/repository
[INFO] Downloading from local.central: file:///Users/olamy/.m2/repository/org/apache/maven/plugins/maven-plugin-plugin/2.9/maven-plugin-plugin-2.9.jar
[DEBUG] Writing tracking file /Users/olamy/dev/sources/maven/plugins/maven-invoker-plugin/target/local-repo/org/apache/maven/plugins/maven-plugin-plugin/2.9/maven-plugin-plugin-2.9.jar.lastUpdated
[DEBUG] Using transporter WagonTransporter with priority -1.0 for https://repo.maven.apache.org/maven2
[DEBUG] Using connector BasicRepositoryConnector with priority 0.0 for https://repo.maven.apache.org/maven2
[INFO] Downloading from central: https://repo.maven.apache.org/maven2/org/apache/maven/plugins/maven-plugin-plugin/2.9/maven-plugin-plugin-2.9.jar
[INFO] Downloaded from central: https://repo.maven.apache.org/maven2/org/apache/maven/plugins/maven-plugin-plugin/2.9/maven-plugin-plugin-2.9.jar (42 kB at 63 kB/s)
[DEBUG] Writing tracking file /Users/olamy/dev/sources/maven/plugins/maven-invoker-plugin/target/local-repo/org/apache/maven/plugins/maven-plugin-plugin/2.9/_remote.repositories
[DEBUG] Writing tracking file /Users/olamy/dev/sources/maven/plugins/maven-invoker-plugin/target/local-repo/org/apache/maven/plugins/maven-plugin-plugin/2.9/maven-plugin-plugin-2.9.jar.lastUpdated
[DEBUG] Using transporter WagonTransporter with priority -1.0 for file:///Users/olamy/.m2/repository
[DEBUG] Using connector BasicRepositoryConnector with priority 0.0 for file:///Users/olamy/.m2/repository
[INFO] Downloading from local.central: file:///Users/olamy/.m2/repository/org/apache/maven/plugins/maven-jar-plugin/2.4/maven-jar-plugin-2.4.pom
[INFO] Downloaded from local.central: file:///Users/olamy/.m2/repository/org/apache/maven/plugins/maven-jar-plugin/2.4/maven-jar-plugin-2.4.pom (5.8 kB at 1.5 MB/s)
[DEBUG] Writing tracking file /Users/olamy/dev/sources/maven/plugins/maven-invoker-plugin/target/local-repo/org/apache/maven/plugins/maven-jar-plugin/2.4/_remote.repositories
[DEBUG] Writing tracking file /Users/olamy/dev/sources/maven/plugins/maven-invoker-plugin/target/local-repo/org/apache/maven/plugins/maven-jar-plugin/2.4/maven-jar-plugin-2.4.pom.lastUpdated
[DEBUG] Using transporter WagonTransporter with priority -1.0 for file:///Users/olamy/.m2/repository
[DEBUG] Using connector BasicRepositoryConnector with priority 0.0 for file:///Users/olamy/.m2/repository
[INFO] Downloading from local.central: file:///Users/olamy/.m2/repository/org/apache/maven/plugins/maven-jar-plugin/2.4/maven-jar-plugin-2.4.jar
[INFO] Downloaded from local.central: file:///Users/olamy/.m2/repository/org/apache/maven/plugins/maven-jar-plugin/2.4/maven-jar-plugin-2.4.jar (34 kB at 5.7 MB/s)
[DEBUG] Writing tracking file /Users/olamy/dev/sources/maven/plugins/maven-invoker-plugin/target/local-repo/org/apache/maven/plugins/maven-jar-plugin/2.4/_remote.repositories
[DEBUG] Writing tracking file /Users/olamy/dev/sources/maven/plugins/maven-invoker-plugin/target/local-repo/org/apache/maven/plugins/maven-jar-plugin/2.4/maven-jar-plugin-2.4.jar.lastUpdated
[DEBUG] Lifecycle default -&gt; [validate, initialize, generate-sources, process-sources, generate-resources, process-resources, compile, process-classes, generate-test-sources, process-test-sources, generate-test-resources, process-test-resources, test-compile, process-test-classes, test, prepare-package, package, pre-integration-test, integration-test, post-integration-test, verify, install, deploy]
[DEBUG] Lifecycle default -&gt; [validate, initialize, generate-sources, process-sources, generate-resources, process-resources, compile, process-classes, generate-test-sources, process-test-sources, generate-test-resources, process-test-resources, test-compile, process-test-classes, test, prepare-package, package, pre-integration-test, integration-test, post-integration-test, verify, install, deploy]
[DEBUG] Lifecycle default -&gt; [validate, initialize, generate-sources, process-sources, generate-resources, process-resources, compile, process-classes, generate-test-sources, process-test-sources, generate-test-resources, process-test-resources, test-compile, process-test-classes, test, prepare-package, package, pre-integration-test, integration-test, post-integration-test, verify, install, deploy]
[DEBUG] Lifecycle clean -&gt; [pre-clean, clean, post-clean]
[DEBUG] Lifecycle clean -&gt; [pre-clean, clean, post-clean]
[DEBUG] Lifecycle site -&gt; [pre-site, site, post-site, site-deploy]
[DEBUG] Lifecycle clean -&gt; [pre-clean, clean, post-clean]
[DEBUG] Lifecycle default -&gt; [validate, initialize, generate-sources, process-sources, generate-resources, process-resources, compile, process-classes, generate-test-sources, process-test-sources, generate-test-resources, process-test-resources, test-compile, process-test-classes, test, prepare-package, package, pre-integration-test, integration-test, post-integration-test, verify, install, deploy]
[DEBUG] Lifecycle site -&gt; [pre-site, site, post-site, site-deploy]
[DEBUG] Lifecycle clean -&gt; [pre-clean, clean, post-clean]
[DEBUG] Lifecycle site -&gt; [pre-site, site, post-site, site-deploy]
[DEBUG] Lifecycle default -&gt; [validate, initialize, generate-sources, process-sources, generate-resources, process-resources, compile, process-classes, generate-test-sources, process-test-sources, generate-test-resources, process-test-resources, test-compile, process-test-classes, test, prepare-package, package, pre-integration-test, integration-test, post-integration-test, verify, install, deploy]
[DEBUG] Lifecycle site -&gt; [pre-site, site, post-site, site-deploy]
[DEBUG] Lifecycle default -&gt; [validate, initialize, generate-sources, process-sources, generate-resources, process-resources, compile, process-classes, generate-test-sources, process-test-sources, generate-test-resources, process-test-resources, test-compile, process-test-classes, test, prepare-package, package, pre-integration-test, integration-test, post-integration-test, verify, install, deploy]
[DEBUG] Lifecycle default -&gt; [validate, initialize, generate-sources, process-sources, generate-resources, process-resources, compile, process-classes, generate-test-sources, process-test-sources, generate-test-resources, process-test-resources, test-compile, process-test-classes, test, prepare-package, package, pre-integration-test, integration-test, post-integration-test, verify, install, deploy]
[DEBUG] Lifecycle clean -&gt; [pre-clean, clean, post-clean]
[DEBUG] Lifecycle clean -&gt; [pre-clean, clean, post-clean]
[DEBUG] Lifecycle clean -&gt; [pre-clean, clean, post-clean]
[DEBUG] Lifecycle site -&gt; [pre-site, site, post-site, site-deploy]
[DEBUG] Lifecycle site -&gt; [pre-site, site, post-site, site-deploy]
[DEBUG] Lifecycle default -&gt; [validate, initialize, generate-sources, process-sources, generate-resources, process-resources, compile, process-classes, generate-test-sources, process-test-sources, generate-test-resources, process-test-resources, test-compile, process-test-classes, test, prepare-package, package, pre-integration-test, integration-test, post-integration-test, verify, install, deploy]
[DEBUG] Lifecycle site -&gt; [pre-site, site, post-site, site-deploy]
[DEBUG] Lifecycle clean -&gt; [pre-clean, clean, post-clean]
[DEBUG] Lifecycle default -&gt; [validate, initialize, generate-sources, process-sources, generate-resources, process-resources, compile, process-classes, generate-test-sources, process-test-sources, generate-test-resources, process-test-resources, test-compile, process-test-classes, test, prepare-package, package, pre-integration-test, integration-test, post-integration-test, verify, install, deploy]
[DEBUG] Lifecycle site -&gt; [pre-site, site, post-site, site-deploy]
[DEBUG] Lifecycle default -&gt; [validate, initialize, generate-sources, process-sources, generate-resources, process-resources, compile, process-classes, generate-test-sources, process-test-sources, generate-test-resources, process-test-resources, test-compile, process-test-classes, test, prepare-package, package, pre-integration-test, integration-test, post-integration-test, verify, install, deploy]
[DEBUG] Lifecycle clean -&gt; [pre-clean, clean, post-clean]
[DEBUG] Lifecycle site -&gt; [pre-site, site, post-site, site-deploy]
[DEBUG] Lifecycle default -&gt; [validate, initialize, generate-sources, process-sources, generate-resources, process-resources, compile, process-classes, generate-test-sources, process-test-sources, generate-test-resources, process-test-resources, test-compile, process-test-classes, test, prepare-package, package, pre-integration-test, integration-test, post-integration-test, verify, install, deploy]
[DEBUG] Lifecycle default -&gt; [validate, initialize, generate-sources, process-sources, generate-resources, process-resources, compile, process-classes, generate-test-sources, process-test-sources, generate-test-resources, process-test-resources, test-compile, process-test-classes, test, prepare-package, package, pre-integration-test, integration-test, post-integration-test, verify, install, deploy]
[DEBUG] Lifecycle clean -&gt; [pre-clean, clean, post-clean]
[DEBUG] Lifecycle clean -&gt; [pre-clean, clean, post-clean]
[DEBUG] Lifecycle clean -&gt; [pre-clean, clean, post-clean]
[DEBUG] Lifecycle site -&gt; [pre-site, site, post-site, site-deploy]
[DEBUG] Lifecycle site -&gt; [pre-site, site, post-site, site-deploy]
[DEBUG] Lifecycle site -&gt; [pre-site, site, post-site, site-deploy]
[DEBUG] Lifecycle default -&gt; [validate, initialize, generate-sources, process-sources, generate-resources, process-resources, compile, process-classes, generate-test-sources, process-test-sources, generate-test-resources, process-test-resources, test-compile, process-test-classes, test, prepare-package, package, pre-integration-test, integration-test, post-integration-test, verify, install, deploy]
[DEBUG] Lifecycle default -&gt; [validate, initialize, generate-sources, process-sources, generate-resources, process-resources, compile, process-classes, generate-test-sources, process-test-sources, generate-test-resources, process-test-resources, test-compile, process-test-classes, test, prepare-package, package, pre-integration-test, integration-test, post-integration-test, verify, install, deploy]
[DEBUG] Lifecycle clean -&gt; [pre-clean, clean, post-clean]
[DEBUG] Lifecycle default -&gt; [validate, initialize, generate-sources, process-sources, generate-resources, process-resources, compile, process-classes, generate-test-sources, process-test-sources, generate-test-resources, process-test-resources, test-compile, process-test-classes, test, prepare-package, package, pre-integration-test, integration-test, post-integration-test, verify, install, deploy]
[DEBUG] Lifecycle site -&gt; [pre-site, site, post-site, site-deploy]
[DEBUG] Lifecycle clean -&gt; [pre-clean, clean, post-clean]
[DEBUG] Lifecycle default -&gt; [validate, initialize, generate-sources, process-sources, generate-resources, process-resources, compile, process-classes, generate-test-sources, process-test-sources, generate-test-resources, process-test-resources, test-compile, process-test-classes, test, prepare-package, package, pre-integration-test, integration-test, post-integration-test, verify, install, deploy]
[DEBUG] Lifecycle clean -&gt; [pre-clean, clean, post-clean]
[DEBUG] Lifecycle clean -&gt; [pre-clean, clean, post-clean]
[DEBUG] Lifecycle site -&gt; [pre-site, site, post-site, site-deploy]
[DEBUG] Lifecycle site -&gt; [pre-site, site, post-site, site-deploy]
[DEBUG] Lifecycle site -&gt; [pre-site, site, post-site, site-deploy]
[DEBUG] Lifecycle default -&gt; [validate, initialize, generate-sources, process-sources, generate-resources, process-resources, compile, process-classes, generate-test-sources, process-test-sources, generate-test-resources, process-test-resources, test-compile, process-test-classes, test, prepare-package, package, pre-integration-test, integration-test, post-integration-test, verify, install, deploy]
[DEBUG] Lifecycle default -&gt; [validate, initialize, generate-sources, process-sources, generate-resources, process-resources, compile, process-classes, generate-test-sources, process-test-sources, generate-test-resources, process-test-resources, test-compile, process-test-classes, test, prepare-package, package, pre-integration-test, integration-test, post-integration-test, verify, install, deploy]
[DEBUG] Lifecycle clean -&gt; [pre-clean, clean, post-clean]
[DEBUG] Lifecycle clean -&gt; [pre-clean, clean, post-clean]
[DEBUG] Lifecycle default -&gt; [validate, initialize, generate-sources, process-sources, generate-resources, process-resources, compile, process-classes, generate-test-sources, process-test-sources, generate-test-resources, process-test-resources, test-compile, process-test-classes, test, prepare-package, package, pre-integration-test, integration-test, post-integration-test, verify, install, deploy]
[DEBUG] Lifecycle clean -&gt; [pre-clean, clean, post-clean]
[DEBUG] Lifecycle site -&gt; [pre-site, site, post-site, site-deploy]
[DEBUG] Lifecycle site -&gt; [pre-site, site, post-site, site-deploy]
[DEBUG] Lifecycle site -&gt; [pre-site, site, post-site, site-deploy]
[DEBUG] Lifecycle default -&gt; [validate, initialize, generate-sources, process-sources, generate-resources, process-resources, compile, process-classes, generate-test-sources, process-test-sources, generate-test-resources, process-test-resources, test-compile, process-test-classes, test, prepare-package, package, pre-integration-test, integration-test, post-integration-test, verify, install, deploy]
[DEBUG] === PROJECT BUILD PLAN ================================================
[DEBUG] Lifecycle clean -&gt; [pre-clean, clean, post-clean]
[DEBUG] Lifecycle default -&gt; [validate, initialize, generate-sources, process-sources, generate-resources, process-resources, compile, process-classes, generate-test-sources, process-test-sources, generate-test-resources, process-test-resources, test-compile, process-test-classes, test, prepare-package, package, pre-integration-test, integration-test, post-integration-test, verify, install, deploy]
[DEBUG] Lifecycle site -&gt; [pre-site, site, post-site, site-deploy]
[DEBUG] Project:       org.apache.maven.plugins.invoker:MINVOKER-191-java-b:1.0-SNAPSHOT
[DEBUG] === PROJECT BUILD PLAN ================================================
[DEBUG] Lifecycle clean -&gt; [pre-clean, clean, post-clean]
[DEBUG] Project:       org.apache.maven.plugins.invoker:MINVOKER-191-plugin:1.0-SNAPSHOT
[DEBUG] Dependencies (collect): []
[DEBUG] Dependencies (collect): []
[DEBUG] Lifecycle site -&gt; [pre-site, site, post-site, site-deploy]
[DEBUG] Dependencies (resolve): [compile, runtime, test]
[DEBUG] Dependencies (resolve): [compile, runtime, test]
[DEBUG] Repositories (dependencies): [local.central (file:///Users/olamy/.m2/repository, default, releases+snapshots), apache.snapshots (http://repository.apache.org/content/groups/snapshots-group/, default, snapshots), central (https://repo.maven.apache.org/maven2, default, releases)]
[DEBUG] === PROJECT BUILD PLAN ================================================
[DEBUG] Repositories (plugins)     : [local.central (file:///Users/olamy/.m2/repository, default, releases+snapshots), apache.snapshots (http://repository.apache.org/content/groups/snapshots-group/, default, snapshots), central (https://repo.maven.apache.org/maven2, default, releases)]
[DEBUG] Repositories (dependencies): [local.central (file:///Users/olamy/.m2/repository, default, releases+snapshots), apache.snapshots (http://repository.apache.org/content/groups/snapshots-group/, default, snapshots), central (https://repo.maven.apache.org/maven2, default, releases)]
[DEBUG] -----------------------------------------------------------------------
[DEBUG] Project:       org.apache.maven.plugins.invoker:MINVOKER-191-java-a:1.0-SNAPSHOT
[DEBUG] Goal:          org.apache.maven.plugins:maven-resources-plugin:2.6:resources (default-resources)
[DEBUG] Repositories (plugins)     : [local.central (file:///Users/olamy/.m2/repository, default, releases+snapshots), apache.snapshots (http://repository.apache.org/content/groups/snapshots-group/, default, snapshots), central (https://repo.maven.apache.org/maven2, default, releases)]
[DEBUG] Style:         Regular
[DEBUG] Dependencies (collect): []
[DEBUG] Dependencies (resolve): [compile, runtime, test]
[DEBUG] -----------------------------------------------------------------------
[DEBUG] Repositories (dependencies): [local.central (file:///Users/olamy/.m2/repository, default, releases+snapshots), apache.snapshots (http://repository.apache.org/content/groups/snapshots-group/, default, snapshots), central (https://repo.maven.apache.org/maven2, default, releases)]
[DEBUG] Goal:          org.apache.maven.plugins:maven-resources-plugin:2.6:resources (default-resources)
[DEBUG] Repositories (plugins)     : [local.central (file:///Users/olamy/.m2/repository, default, releases+snapshots), apache.snapshots (http://repository.apache.org/content/groups/snapshots-group/, default, snapshots), central (https://repo.maven.apache.org/maven2, default, releases)]
[DEBUG] Style:         Regular
[DEBUG] -----------------------------------------------------------------------
[DEBUG] Goal:          org.apache.maven.plugins:maven-resources-plugin:2.6:resources (default-resources)
[DEBUG] Style:         Regular
[DEBUG] Configuration: &lt;?xml version=&quot;1.0&quot; encoding=&quot;UTF-8&quot;?&gt;
&lt;configuration&gt;
  &lt;buildFilters default-value=&quot;${project.build.filters}&quot;/&gt;
  &lt;encoding default-value=&quot;${project.build.sourceEncoding}&quot;&gt;${encoding}&lt;/encoding&gt;
  &lt;escapeString&gt;${maven.resources.escapeString}&lt;/escapeString&gt;
  &lt;escapeWindowsPaths default-value=&quot;true&quot;&gt;${maven.resources.escapeWindowsPaths}&lt;/escapeWindowsPaths&gt;
  &lt;includeEmptyDirs default-value=&quot;false&quot;&gt;${maven.resources.includeEmptyDirs}&lt;/includeEmptyDirs&gt;
  &lt;outputDirectory default-value=&quot;${project.build.outputDirectory}&quot;/&gt;
  &lt;overwrite default-value=&quot;false&quot;&gt;${maven.resources.overwrite}&lt;/overwrite&gt;
  &lt;project default-value=&quot;${project}&quot;/&gt;
  &lt;resources default-value=&quot;${project.resources}&quot;/&gt;
  &lt;session default-value=&quot;${session}&quot;/&gt;
  &lt;supportMultiLineFiltering default-value=&quot;false&quot;&gt;${maven.resources.supportMultiLineFiltering}&lt;/supportMultiLineFiltering&gt;
  &lt;useBuildFilters default-value=&quot;true&quot;/&gt;
  &lt;useDefaultDelimiters default-value=&quot;true&quot;/&gt;
&lt;/configuration&gt;
[DEBUG] Configuration: &lt;?xml version=&quot;1.0&quot; encoding=&quot;UTF-8&quot;?&gt;
&lt;configuration&gt;
  &lt;buildFilters default-value=&quot;${project.build.filters}&quot;/&gt;
  &lt;encoding default-value=&quot;${project.build.sourceEncoding}&quot;&gt;${encoding}&lt;/encoding&gt;
  &lt;escapeString&gt;${maven.resources.escapeString}&lt;/escapeString&gt;
  &lt;escapeWindowsPaths default-value=&quot;true&quot;&gt;${maven.resources.escapeWindowsPaths}&lt;/escapeWindowsPaths&gt;
  &lt;includeEmptyDirs default-value=&quot;false&quot;&gt;${maven.resources.includeEmptyDirs}&lt;/includeEmptyDirs&gt;
  &lt;outputDirectory default-value=&quot;${project.build.outputDirectory}&quot;/&gt;
  &lt;overwrite default-value=&quot;false&quot;&gt;${maven.resources.overwrite}&lt;/overwrite&gt;
  &lt;project default-value=&quot;${project}&quot;/&gt;
  &lt;resources default-value=&quot;${project.resources}&quot;/&gt;
  &lt;session default-value=&quot;${session}&quot;/&gt;
  &lt;supportMultiLineFiltering default-value=&quot;false&quot;&gt;${maven.resources.supportMultiLineFiltering}&lt;/supportMultiLineFiltering&gt;
  &lt;useBuildFilters default-value=&quot;true&quot;/&gt;
  &lt;useDefaultDelimiters default-value=&quot;true&quot;/&gt;
&lt;/configuration&gt;
[DEBUG] Configuration: &lt;?xml version=&quot;1.0&quot; encoding=&quot;UTF-8&quot;?&gt;
&lt;configuration&gt;
  &lt;buildFilters default-value=&quot;${project.build.filters}&quot;/&gt;
  &lt;encoding default-value=&quot;${project.build.sourceEncoding}&quot;&gt;${encoding}&lt;/encoding&gt;
  &lt;escapeString&gt;${maven.resources.escapeString}&lt;/escapeString&gt;
  &lt;escapeWindowsPaths default-value=&quot;true&quot;&gt;${maven.resources.escapeWindowsPaths}&lt;/escapeWindowsPaths&gt;
  &lt;includeEmptyDirs default-value=&quot;false&quot;&gt;${maven.resources.includeEmptyDirs}&lt;/includeEmptyDirs&gt;
  &lt;outputDirectory default-value=&quot;${project.build.outputDirectory}&quot;/&gt;
  &lt;overwrite default-value=&quot;false&quot;&gt;${maven.resources.overwrite}&lt;/overwrite&gt;
  &lt;project default-value=&quot;${project}&quot;/&gt;
  &lt;resources default-value=&quot;${project.resources}&quot;/&gt;
  &lt;session default-value=&quot;${session}&quot;/&gt;
  &lt;supportMultiLineFiltering default-value=&quot;false&quot;&gt;${maven.resources.supportMultiLineFiltering}&lt;/supportMultiLineFiltering&gt;
  &lt;useBuildFilters default-value=&quot;true&quot;/&gt;
  &lt;useDefaultDelimiters default-value=&quot;true&quot;/&gt;
&lt;/configuration&gt;
[DEBUG] -----------------------------------------------------------------------
[DEBUG] -----------------------------------------------------------------------
[DEBUG] Goal:          org.apache.maven.plugins:maven-compiler-plugin:2.5.1:compile (default-compile)
[DEBUG] Goal:          org.apache.maven.plugins:maven-compiler-plugin:2.5.1:compile (default-compile)
[DEBUG] -----------------------------------------------------------------------
[DEBUG] Style:         Regular
[DEBUG] Style:         Regular
[DEBUG] Goal:          org.apache.maven.plugins:maven-compiler-plugin:2.5.1:compile (default-compile)
[DEBUG] Style:         Regular
[DEBUG] Configuration: &lt;?xml version=&quot;1.0&quot; encoding=&quot;UTF-8&quot;?&gt;
&lt;configuration&gt;
  &lt;basedir default-value=&quot;${basedir}&quot;/&gt;
  &lt;buildDirectory default-value=&quot;${project.build.directory}&quot;/&gt;
  &lt;classpathElements default-value=&quot;${project.compileClasspathElements}&quot;/&gt;
  &lt;compileSourceRoots default-value=&quot;${project.compileSourceRoots}&quot;/&gt;
  &lt;compilerId default-value=&quot;javac&quot;&gt;${maven.compiler.compilerId}&lt;/compilerId&gt;
  &lt;compilerReuseStrategy default-value=&quot;${reuseCreated}&quot;&gt;${maven.compiler.compilerReuseStrategy}&lt;/compilerReuseStrategy&gt;
  &lt;compilerVersion&gt;${maven.compiler.compilerVersion}&lt;/compilerVersion&gt;
  &lt;debug default-value=&quot;true&quot;&gt;${maven.compiler.debug}&lt;/debug&gt;
  &lt;debuglevel&gt;${maven.compiler.debuglevel}&lt;/debuglevel&gt;
  &lt;encoding default-value=&quot;${project.build.sourceEncoding}&quot;&gt;${encoding}&lt;/encoding&gt;
  &lt;executable&gt;${maven.compiler.executable}&lt;/executable&gt;
  &lt;failOnError default-value=&quot;true&quot;&gt;${maven.compiler.failOnError}&lt;/failOnError&gt;
  &lt;fork default-value=&quot;false&quot;&gt;${maven.compiler.fork}&lt;/fork&gt;
  &lt;generatedSourcesDirectory default-value=&quot;${project.build.directory}/generated-sources/annotations&quot;/&gt;
  &lt;maxmem&gt;${maven.compiler.maxmem}&lt;/maxmem&gt;
  &lt;meminitial&gt;${maven.compiler.meminitial}&lt;/meminitial&gt;
  &lt;optimize default-value=&quot;false&quot;&gt;${maven.compiler.optimize}&lt;/optimize&gt;
  &lt;outputDirectory default-value=&quot;${project.build.outputDirectory}&quot;/&gt;
  &lt;outputFileName&gt;${project.build.finalName}&lt;/outputFileName&gt;
  &lt;projectArtifact default-value=&quot;${project.artifact}&quot;/&gt;
  &lt;session default-value=&quot;${session}&quot;/&gt;
  &lt;showDeprecation default-value=&quot;false&quot;&gt;${maven.compiler.showDeprecation}&lt;/showDeprecation&gt;
  &lt;showWarnings default-value=&quot;false&quot;&gt;${maven.compiler.showWarnings}&lt;/showWarnings&gt;
  &lt;skipMultiThreadWarning default-value=&quot;${false}&quot;&gt;${maven.compiler.skipMultiThreadWarning}&lt;/skipMultiThreadWarning&gt;
  &lt;source default-value=&quot;1.5&quot;&gt;${maven.compiler.source}&lt;/source&gt;
  &lt;staleMillis default-value=&quot;0&quot;&gt;${lastModGranularityMs}&lt;/staleMillis&gt;
  &lt;target default-value=&quot;1.5&quot;&gt;${maven.compiler.target}&lt;/target&gt;
  &lt;verbose default-value=&quot;false&quot;&gt;${maven.compiler.verbose}&lt;/verbose&gt;
&lt;/configuration&gt;
[DEBUG] -----------------------------------------------------------------------
[DEBUG] Goal:          org.apache.maven.plugins:maven-resources-plugin:2.6:testResources (default-testResources)
[DEBUG] Style:         Regular
[DEBUG] Configuration: &lt;?xml version=&quot;1.0&quot; encoding=&quot;UTF-8&quot;?&gt;
&lt;configuration&gt;
  &lt;buildFilters default-value=&quot;${project.build.filters}&quot;/&gt;
  &lt;encoding default-value=&quot;${project.build.sourceEncoding}&quot;&gt;${encoding}&lt;/encoding&gt;
  &lt;escapeString&gt;${maven.resources.escapeString}&lt;/escapeString&gt;
  &lt;escapeWindowsPaths default-value=&quot;true&quot;&gt;${maven.resources.escapeWindowsPaths}&lt;/escapeWindowsPaths&gt;
  &lt;includeEmptyDirs default-value=&quot;false&quot;&gt;${maven.resources.includeEmptyDirs}&lt;/includeEmptyDirs&gt;
  &lt;outputDirectory default-value=&quot;${project.build.testOutputDirectory}&quot;/&gt;
  &lt;overwrite default-value=&quot;false&quot;&gt;${maven.resources.overwrite}&lt;/overwrite&gt;
  &lt;project default-value=&quot;${project}&quot;/&gt;
  &lt;resources default-value=&quot;${project.testResources}&quot;/&gt;
  &lt;session default-value=&quot;${session}&quot;/&gt;
  &lt;skip&gt;${maven.test.skip}&lt;/skip&gt;
  &lt;supportMultiLineFiltering default-value=&quot;false&quot;&gt;${maven.resources.supportMultiLineFiltering}&lt;/supportMultiLineFiltering&gt;
  &lt;useBuildFilters default-value=&quot;true&quot;/&gt;
  &lt;useDefaultDelimiters default-value=&quot;true&quot;/&gt;
&lt;/configuration&gt;
[DEBUG] -----------------------------------------------------------------------
[DEBUG] Goal:          org.apache.maven.plugins:maven-compiler-plugin:2.5.1:testCompile (default-testCompile)
[DEBUG] Style:         Regular
[DEBUG] Configuration: &lt;?xml version=&quot;1.0&quot; encoding=&quot;UTF-8&quot;?&gt;
&lt;configuration&gt;
  &lt;basedir default-value=&quot;${basedir}&quot;/&gt;
  &lt;buildDirectory default-value=&quot;${project.build.directory}&quot;/&gt;
  &lt;classpathElements default-value=&quot;${project.compileClasspathElements}&quot;/&gt;
  &lt;compileSourceRoots default-value=&quot;${project.compileSourceRoots}&quot;/&gt;
  &lt;compilerId default-value=&quot;javac&quot;&gt;${maven.compiler.compilerId}&lt;/compilerId&gt;
  &lt;compilerReuseStrategy default-value=&quot;${reuseCreated}&quot;&gt;${maven.compiler.compilerReuseStrategy}&lt;/compilerReuseStrategy&gt;
  &lt;compilerVersion&gt;${maven.compiler.compilerVersion}&lt;/compilerVersion&gt;
  &lt;debug default-value=&quot;true&quot;&gt;${maven.compiler.debug}&lt;/debug&gt;
  &lt;debuglevel&gt;${maven.compiler.debuglevel}&lt;/debuglevel&gt;
  &lt;encoding default-value=&quot;${project.build.sourceEncoding}&quot;&gt;${encoding}&lt;/encoding&gt;
  &lt;executable&gt;${maven.compiler.executable}&lt;/executable&gt;
  &lt;failOnError default-value=&quot;true&quot;&gt;${maven.compiler.failOnError}&lt;/failOnError&gt;
  &lt;fork default-value=&quot;false&quot;&gt;${maven.compiler.fork}&lt;/fork&gt;
  &lt;generatedSourcesDirectory default-value=&quot;${project.build.directory}/generated-sources/annotations&quot;/&gt;
  &lt;maxmem&gt;${maven.compiler.maxmem}&lt;/maxmem&gt;
  &lt;meminitial&gt;${maven.compiler.meminitial}&lt;/meminitial&gt;
  &lt;optimize default-value=&quot;false&quot;&gt;${maven.compiler.optimize}&lt;/optimize&gt;
  &lt;outputDirectory default-value=&quot;${project.build.outputDirectory}&quot;/&gt;
  &lt;outputFileName&gt;${project.build.finalName}&lt;/outputFileName&gt;
  &lt;projectArtifact default-value=&quot;${project.artifact}&quot;/&gt;
  &lt;session default-value=&quot;${session}&quot;/&gt;
  &lt;showDeprecation default-value=&quot;false&quot;&gt;${maven.compiler.showDeprecation}&lt;/showDeprecation&gt;
  &lt;showWarnings default-value=&quot;false&quot;&gt;${maven.compiler.showWarnings}&lt;/showWarnings&gt;
  &lt;skipMultiThreadWarning default-value=&quot;${false}&quot;&gt;${maven.compiler.skipMultiThreadWarning}&lt;/skipMultiThreadWarning&gt;
  &lt;source default-value=&quot;1.5&quot;&gt;${maven.compiler.source}&lt;/source&gt;
  &lt;staleMillis default-value=&quot;0&quot;&gt;${lastModGranularityMs}&lt;/staleMillis&gt;
  &lt;target default-value=&quot;1.5&quot;&gt;${maven.compiler.target}&lt;/target&gt;
  &lt;verbose default-value=&quot;false&quot;&gt;${maven.compiler.verbose}&lt;/verbose&gt;
&lt;/configuration&gt;
[DEBUG] Configuration: &lt;?xml version=&quot;1.0&quot; encoding=&quot;UTF-8&quot;?&gt;
&lt;configuration&gt;
  &lt;basedir default-value=&quot;${basedir}&quot;/&gt;
  &lt;buildDirectory default-value=&quot;${project.build.directory}&quot;/&gt;
  &lt;classpathElements default-value=&quot;${project.testClasspathElements}&quot;/&gt;
  &lt;compileSourceRoots default-value=&quot;${project.testCompileSourceRoots}&quot;/&gt;
  &lt;compilerId default-value=&quot;javac&quot;&gt;${maven.compiler.compilerId}&lt;/compilerId&gt;
  &lt;compilerReuseStrategy default-value=&quot;${reuseCreated}&quot;&gt;${maven.compiler.compilerReuseStrategy}&lt;/compilerReuseStrategy&gt;
  &lt;compilerVersion&gt;${maven.compiler.compilerVersion}&lt;/compilerVersion&gt;
  &lt;debug default-value=&quot;true&quot;&gt;${maven.compiler.debug}&lt;/debug&gt;
  &lt;debuglevel&gt;${maven.compiler.debuglevel}&lt;/debuglevel&gt;
  &lt;encoding default-value=&quot;${project.build.sourceEncoding}&quot;&gt;${encoding}&lt;/encoding&gt;
  &lt;executable&gt;${maven.compiler.executable}&lt;/executable&gt;
  &lt;failOnError default-value=&quot;true&quot;&gt;${maven.compiler.failOnError}&lt;/failOnError&gt;
  &lt;fork default-value=&quot;false&quot;&gt;${maven.compiler.fork}&lt;/fork&gt;
  &lt;generatedTestSourcesDirectory default-value=&quot;${project.build.directory}/generated-test-sources/test-annotations&quot;/&gt;
  &lt;maxmem&gt;${maven.compiler.maxmem}&lt;/maxmem&gt;
  &lt;meminitial&gt;${maven.compiler.meminitial}&lt;/meminitial&gt;
  &lt;optimize default-value=&quot;false&quot;&gt;${maven.compiler.optimize}&lt;/optimize&gt;
  &lt;outputDirectory default-value=&quot;${project.build.testOutputDirectory}&quot;/&gt;
  &lt;outputFileName&gt;${project.build.finalName}&lt;/outputFileName&gt;
  &lt;session default-value=&quot;${session}&quot;/&gt;
  &lt;showDeprecation default-value=&quot;false&quot;&gt;${maven.compiler.showDeprecation}&lt;/showDeprecation&gt;
  &lt;showWarnings default-value=&quot;false&quot;&gt;${maven.compiler.showWarnings}&lt;/showWarnings&gt;
  &lt;skip&gt;${maven.test.skip}&lt;/skip&gt;
  &lt;skipMultiThreadWarning default-value=&quot;${false}&quot;&gt;${maven.compiler.skipMultiThreadWarning}&lt;/skipMultiThreadWarning&gt;
  &lt;source default-value=&quot;1.5&quot;&gt;${maven.compiler.source}&lt;/source&gt;
  &lt;staleMillis default-value=&quot;0&quot;&gt;${lastModGranularityMs}&lt;/staleMillis&gt;
  &lt;target default-value=&quot;1.5&quot;&gt;${maven.compiler.target}&lt;/target&gt;
  &lt;testSource&gt;${maven.compiler.testSource}&lt;/testSource&gt;
  &lt;testTarget&gt;${maven.compiler.testTarget}&lt;/testTarget&gt;
  &lt;verbose default-value=&quot;false&quot;&gt;${maven.compiler.verbose}&lt;/verbose&gt;
&lt;/configuration&gt;
[DEBUG] Configuration: &lt;?xml version=&quot;1.0&quot; encoding=&quot;UTF-8&quot;?&gt;
&lt;configuration&gt;
  &lt;basedir default-value=&quot;${basedir}&quot;/&gt;
  &lt;buildDirectory default-value=&quot;${project.build.directory}&quot;/&gt;
  &lt;classpathElements default-value=&quot;${project.compileClasspathElements}&quot;/&gt;
  &lt;compileSourceRoots default-value=&quot;${project.compileSourceRoots}&quot;/&gt;
  &lt;compilerId default-value=&quot;javac&quot;&gt;${maven.compiler.compilerId}&lt;/compilerId&gt;
  &lt;compilerReuseStrategy default-value=&quot;${reuseCreated}&quot;&gt;${maven.compiler.compilerReuseStrategy}&lt;/compilerReuseStrategy&gt;
  &lt;compilerVersion&gt;${maven.compiler.compilerVersion}&lt;/compilerVersion&gt;
  &lt;debug default-value=&quot;true&quot;&gt;${maven.compiler.debug}&lt;/debug&gt;
  &lt;debuglevel&gt;${maven.compiler.debuglevel}&lt;/debuglevel&gt;
  &lt;encoding default-value=&quot;${project.build.sourceEncoding}&quot;&gt;${encoding}&lt;/encoding&gt;
  &lt;executable&gt;${maven.compiler.executable}&lt;/executable&gt;
  &lt;failOnError default-value=&quot;true&quot;&gt;${maven.compiler.failOnError}&lt;/failOnError&gt;
  &lt;fork default-value=&quot;false&quot;&gt;${maven.compiler.fork}&lt;/fork&gt;
  &lt;generatedSourcesDirectory default-value=&quot;${project.build.directory}/generated-sources/annotations&quot;/&gt;
  &lt;maxmem&gt;${maven.compiler.maxmem}&lt;/maxmem&gt;
  &lt;meminitial&gt;${maven.compiler.meminitial}&lt;/meminitial&gt;
  &lt;optimize default-value=&quot;false&quot;&gt;${maven.compiler.optimize}&lt;/optimize&gt;
  &lt;outputDirectory default-value=&quot;${project.build.outputDirectory}&quot;/&gt;
  &lt;outputFileName&gt;${project.build.finalName}&lt;/outputFileName&gt;
  &lt;projectArtifact default-value=&quot;${project.artifact}&quot;/&gt;
  &lt;session default-value=&quot;${session}&quot;/&gt;
  &lt;showDeprecation default-value=&quot;false&quot;&gt;${maven.compiler.showDeprecation}&lt;/showDeprecation&gt;
  &lt;showWarnings default-value=&quot;false&quot;&gt;${maven.compiler.showWarnings}&lt;/showWarnings&gt;
  &lt;skipMultiThreadWarning default-value=&quot;${false}&quot;&gt;${maven.compiler.skipMultiThreadWarning}&lt;/skipMultiThreadWarning&gt;
  &lt;source default-value=&quot;1.5&quot;&gt;${maven.compiler.source}&lt;/source&gt;
  &lt;staleMillis default-value=&quot;0&quot;&gt;${lastModGranularityMs}&lt;/staleMillis&gt;
  &lt;target default-value=&quot;1.5&quot;&gt;${maven.compiler.target}&lt;/target&gt;
  &lt;verbose default-value=&quot;false&quot;&gt;${maven.compiler.verbose}&lt;/verbose&gt;
&lt;/configuration&gt;
[DEBUG] -----------------------------------------------------------------------
[DEBUG] -----------------------------------------------------------------------
[DEBUG] Goal:          org.apache.maven.plugins:maven-surefire-plugin:2.12.4:test (default-test)
[DEBUG] Style:         Regular
[DEBUG] Goal:          org.apache.maven.plugins:maven-resources-plugin:2.6:testResources (default-testResources)
[DEBUG] -----------------------------------------------------------------------
[DEBUG] Style:         Regular
[DEBUG] Configuration: &lt;?xml version=&quot;1.0&quot; encoding=&quot;UTF-8&quot;?&gt;
&lt;configuration&gt;
  &lt;argLine&gt;${argLine}&lt;/argLine&gt;
  &lt;basedir default-value=&quot;${basedir}&quot;/&gt;
  &lt;childDelegation default-value=&quot;false&quot;&gt;${childDelegation}&lt;/childDelegation&gt;
  &lt;classesDirectory default-value=&quot;${project.build.outputDirectory}&quot;/&gt;
  &lt;debugForkedProcess&gt;${maven.surefire.debug}&lt;/debugForkedProcess&gt;
  &lt;disableXmlReport default-value=&quot;false&quot;&gt;${disableXmlReport}&lt;/disableXmlReport&gt;
  &lt;enableAssertions default-value=&quot;true&quot;&gt;${enableAssertions}&lt;/enableAssertions&gt;
  &lt;excludedGroups&gt;${excludedGroups}&lt;/excludedGroups&gt;
  &lt;failIfNoSpecifiedTests&gt;${surefire.failIfNoSpecifiedTests}&lt;/failIfNoSpecifiedTests&gt;
  &lt;failIfNoTests&gt;${failIfNoTests}&lt;/failIfNoTests&gt;
  &lt;forkMode default-value=&quot;once&quot;&gt;${forkMode}&lt;/forkMode&gt;
  &lt;forkedProcessTimeoutInSeconds&gt;${surefire.timeout}&lt;/forkedProcessTimeoutInSeconds&gt;
  &lt;groups&gt;${groups}&lt;/groups&gt;
  &lt;junitArtifactName default-value=&quot;junit:junit&quot;&gt;${junitArtifactName}&lt;/junitArtifactName&gt;
  &lt;jvm&gt;${jvm}&lt;/jvm&gt;
  &lt;localRepository default-value=&quot;${localRepository}&quot;/&gt;
  &lt;objectFactory&gt;${objectFactory}&lt;/objectFactory&gt;
  &lt;parallel&gt;${parallel}&lt;/parallel&gt;
  &lt;parallelMavenExecution default-value=&quot;${session.parallel}&quot;/&gt;
  &lt;perCoreThreadCount default-value=&quot;true&quot;&gt;${perCoreThreadCount}&lt;/perCoreThreadCount&gt;
  &lt;pluginArtifactMap&gt;${plugin.artifactMap}&lt;/pluginArtifactMap&gt;
  &lt;pluginDescriptor default-value=&quot;${plugin}&quot;/&gt;
  &lt;printSummary default-value=&quot;true&quot;&gt;${surefire.printSummary}&lt;/printSummary&gt;
  &lt;projectArtifactMap&gt;${project.artifactMap}&lt;/projectArtifactMap&gt;
  &lt;redirectTestOutputToFile default-value=&quot;false&quot;&gt;${maven.test.redirectTestOutputToFile}&lt;/redirectTestOutputToFile&gt;
  &lt;remoteRepositories default-value=&quot;${project.pluginArtifactRepositories}&quot;/&gt;
  &lt;reportFormat default-value=&quot;brief&quot;&gt;${surefire.reportFormat}&lt;/reportFormat&gt;
  &lt;reportNameSuffix default-value=&quot;&quot;&gt;${surefire.reportNameSuffix}&lt;/reportNameSuffix&gt;
  &lt;reportsDirectory default-value=&quot;${project.build.directory}/surefire-reports&quot;/&gt;
  &lt;runOrder default-value=&quot;filesystem&quot;/&gt;
  &lt;skip default-value=&quot;false&quot;&gt;${maven.test.skip}&lt;/skip&gt;
  &lt;skipExec&gt;${maven.test.skip.exec}&lt;/skipExec&gt;
  &lt;skipTests default-value=&quot;false&quot;&gt;${skipTests}&lt;/skipTests&gt;
  &lt;test&gt;${test}&lt;/test&gt;
  &lt;testClassesDirectory default-value=&quot;${project.build.testOutputDirectory}&quot;/&gt;
  &lt;testFailureIgnore default-value=&quot;false&quot;&gt;${maven.test.failure.ignore}&lt;/testFailureIgnore&gt;
  &lt;testNGArtifactName default-value=&quot;org.testng:testng&quot;&gt;${testNGArtifactName}&lt;/testNGArtifactName&gt;
  &lt;testSourceDirectory default-value=&quot;${project.build.testSourceDirectory}&quot;/&gt;
  &lt;threadCount&gt;${threadCount}&lt;/threadCount&gt;
  &lt;trimStackTrace default-value=&quot;true&quot;&gt;${trimStackTrace}&lt;/trimStackTrace&gt;
  &lt;useFile default-value=&quot;true&quot;&gt;${surefire.useFile}&lt;/useFile&gt;
  &lt;useManifestOnlyJar default-value=&quot;true&quot;&gt;${surefire.useManifestOnlyJar}&lt;/useManifestOnlyJar&gt;
  &lt;useSystemClassLoader default-value=&quot;true&quot;&gt;${surefire.useSystemClassLoader}&lt;/useSystemClassLoader&gt;
  &lt;useUnlimitedThreads default-value=&quot;false&quot;&gt;${useUnlimitedThreads}&lt;/useUnlimitedThreads&gt;
  &lt;workingDirectory&gt;${basedir}&lt;/workingDirectory&gt;
  &lt;project default-value=&quot;${project}&quot;/&gt;
  &lt;session default-value=&quot;${session}&quot;/&gt;
&lt;/configuration&gt;
[DEBUG] Goal:          org.apache.maven.plugins:maven-plugin-plugin:2.9:descriptor (default-descriptor)
[DEBUG] Style:         Regular
[DEBUG] -----------------------------------------------------------------------
[DEBUG] Goal:          org.apache.maven.plugins:maven-jar-plugin:2.4:jar (default-jar)
[DEBUG] Style:         Regular
[DEBUG] Configuration: &lt;?xml version=&quot;1.0&quot; encoding=&quot;UTF-8&quot;?&gt;
&lt;configuration&gt;
  &lt;buildFilters default-value=&quot;${project.build.filters}&quot;/&gt;
  &lt;encoding default-value=&quot;${project.build.sourceEncoding}&quot;&gt;${encoding}&lt;/encoding&gt;
  &lt;escapeString&gt;${maven.resources.escapeString}&lt;/escapeString&gt;
  &lt;escapeWindowsPaths default-value=&quot;true&quot;&gt;${maven.resources.escapeWindowsPaths}&lt;/escapeWindowsPaths&gt;
  &lt;includeEmptyDirs default-value=&quot;false&quot;&gt;${maven.resources.includeEmptyDirs}&lt;/includeEmptyDirs&gt;
  &lt;outputDirectory default-value=&quot;${project.build.testOutputDirectory}&quot;/&gt;
  &lt;overwrite default-value=&quot;false&quot;&gt;${maven.resources.overwrite}&lt;/overwrite&gt;
  &lt;project default-value=&quot;${project}&quot;/&gt;
  &lt;resources default-value=&quot;${project.testResources}&quot;/&gt;
  &lt;session default-value=&quot;${session}&quot;/&gt;
  &lt;skip&gt;${maven.test.skip}&lt;/skip&gt;
  &lt;supportMultiLineFiltering default-value=&quot;false&quot;&gt;${maven.resources.supportMultiLineFiltering}&lt;/supportMultiLineFiltering&gt;
  &lt;useBuildFilters default-value=&quot;true&quot;/&gt;
  &lt;useDefaultDelimiters default-value=&quot;true&quot;/&gt;
&lt;/configuration&gt;
[DEBUG] -----------------------------------------------------------------------
[DEBUG] Goal:          org.apache.maven.plugins:maven-compiler-plugin:2.5.1:testCompile (default-testCompile)
[DEBUG] Configuration: &lt;?xml version=&quot;1.0&quot; encoding=&quot;UTF-8&quot;?&gt;
&lt;configuration&gt;
  &lt;classesDirectory default-value=&quot;${project.build.outputDirectory}&quot;/&gt;
  &lt;defaultManifestFile default-value=&quot;${project.build.outputDirectory}/META-INF/MANIFEST.MF&quot;/&gt;
  &lt;finalName default-value=&quot;${project.build.finalName}&quot;&gt;${jar.finalName}&lt;/finalName&gt;
  &lt;forceCreation default-value=&quot;false&quot;&gt;${jar.forceCreation}&lt;/forceCreation&gt;
  &lt;outputDirectory default-value=&quot;${project.build.directory}&quot;/&gt;
  &lt;project default-value=&quot;${project}&quot;/&gt;
  &lt;session default-value=&quot;${session}&quot;/&gt;
  &lt;skipIfEmpty default-value=&quot;false&quot;&gt;${jar.skipIfEmpty}&lt;/skipIfEmpty&gt;
  &lt;useDefaultManifestFile default-value=&quot;false&quot;&gt;${jar.useDefaultManifestFile}&lt;/useDefaultManifestFile&gt;
&lt;/configuration&gt;
[DEBUG] =======================================================================
[DEBUG] Configuration: &lt;?xml version=&quot;1.0&quot; encoding=&quot;UTF-8&quot;?&gt;
&lt;configuration&gt;
  &lt;encoding default-value=&quot;${project.build.sourceEncoding}&quot;&gt;${encoding}&lt;/encoding&gt;
  &lt;outputDirectory default-value=&quot;${project.build.outputDirectory}/META-INF/maven&quot;/&gt;
  &lt;project default-value=&quot;${project}&quot;/&gt;
  &lt;skip default-value=&quot;false&quot;&gt;${maven.plugin.skip}&lt;/skip&gt;
  &lt;skipDescriptor default-value=&quot;false&quot;/&gt;
&lt;/configuration&gt;
[DEBUG] Style:         Regular
[DEBUG] -----------------------------------------------------------------------
[DEBUG] Goal:          org.apache.maven.plugins:maven-resources-plugin:2.6:testResources (default-testResources)
[DEBUG] Configuration: &lt;?xml version=&quot;1.0&quot; encoding=&quot;UTF-8&quot;?&gt;
&lt;configuration&gt;
  &lt;basedir default-value=&quot;${basedir}&quot;/&gt;
  &lt;buildDirectory default-value=&quot;${project.build.directory}&quot;/&gt;
  &lt;classpathElements default-value=&quot;${project.testClasspathElements}&quot;/&gt;
  &lt;compileSourceRoots default-value=&quot;${project.testCompileSourceRoots}&quot;/&gt;
  &lt;compilerId default-value=&quot;javac&quot;&gt;${maven.compiler.compilerId}&lt;/compilerId&gt;
  &lt;compilerReuseStrategy default-value=&quot;${reuseCreated}&quot;&gt;${maven.compiler.compilerReuseStrategy}&lt;/compilerReuseStrategy&gt;
  &lt;compilerVersion&gt;${maven.compiler.compilerVersion}&lt;/compilerVersion&gt;
  &lt;debug default-value=&quot;true&quot;&gt;${maven.compiler.debug}&lt;/debug&gt;
  &lt;debuglevel&gt;${maven.compiler.debuglevel}&lt;/debuglevel&gt;
  &lt;encoding default-value=&quot;${project.build.sourceEncoding}&quot;&gt;${encoding}&lt;/encoding&gt;
  &lt;executable&gt;${maven.compiler.executable}&lt;/executable&gt;
  &lt;failOnError default-value=&quot;true&quot;&gt;${maven.compiler.failOnError}&lt;/failOnError&gt;
  &lt;fork default-value=&quot;false&quot;&gt;${maven.compiler.fork}&lt;/fork&gt;
  &lt;generatedTestSourcesDirectory default-value=&quot;${project.build.directory}/generated-test-sources/test-annotations&quot;/&gt;
  &lt;maxmem&gt;${maven.compiler.maxmem}&lt;/maxmem&gt;
  &lt;meminitial&gt;${maven.compiler.meminitial}&lt;/meminitial&gt;
  &lt;optimize default-value=&quot;false&quot;&gt;${maven.compiler.optimize}&lt;/optimize&gt;
  &lt;outputDirectory default-value=&quot;${project.build.testOutputDirectory}&quot;/&gt;
  &lt;outputFileName&gt;${project.build.finalName}&lt;/outputFileName&gt;
  &lt;session default-value=&quot;${session}&quot;/&gt;
  &lt;showDeprecation default-value=&quot;false&quot;&gt;${maven.compiler.showDeprecation}&lt;/showDeprecation&gt;
  &lt;showWarnings default-value=&quot;false&quot;&gt;${maven.compiler.showWarnings}&lt;/showWarnings&gt;
  &lt;skip&gt;${maven.test.skip}&lt;/skip&gt;
  &lt;skipMultiThreadWarning default-value=&quot;${false}&quot;&gt;${maven.compiler.skipMultiThreadWarning}&lt;/skipMultiThreadWarning&gt;
  &lt;source default-value=&quot;1.5&quot;&gt;${maven.compiler.source}&lt;/source&gt;
  &lt;staleMillis default-value=&quot;0&quot;&gt;${lastModGranularityMs}&lt;/staleMillis&gt;
  &lt;target default-value=&quot;1.5&quot;&gt;${maven.compiler.target}&lt;/target&gt;
  &lt;testSource&gt;${maven.compiler.testSource}&lt;/testSource&gt;
  &lt;testTarget&gt;${maven.compiler.testTarget}&lt;/testTarget&gt;
  &lt;verbose default-value=&quot;false&quot;&gt;${maven.compiler.verbose}&lt;/verbose&gt;
&lt;/configuration&gt;
[DEBUG] Style:         Regular
[DEBUG] -----------------------------------------------------------------------
[DEBUG] Goal:          org.apache.maven.plugins:maven-surefire-plugin:2.12.4:test (default-test)
[DEBUG] Configuration: &lt;?xml version=&quot;1.0&quot; encoding=&quot;UTF-8&quot;?&gt;
&lt;configuration&gt;
  &lt;buildFilters default-value=&quot;${project.build.filters}&quot;/&gt;
  &lt;encoding default-value=&quot;${project.build.sourceEncoding}&quot;&gt;${encoding}&lt;/encoding&gt;
  &lt;escapeString&gt;${maven.resources.escapeString}&lt;/escapeString&gt;
  &lt;escapeWindowsPaths default-value=&quot;true&quot;&gt;${maven.resources.escapeWindowsPaths}&lt;/escapeWindowsPaths&gt;
  &lt;includeEmptyDirs default-value=&quot;false&quot;&gt;${maven.resources.includeEmptyDirs}&lt;/includeEmptyDirs&gt;
  &lt;outputDirectory default-value=&quot;${project.build.testOutputDirectory}&quot;/&gt;
  &lt;overwrite default-value=&quot;false&quot;&gt;${maven.resources.overwrite}&lt;/overwrite&gt;
  &lt;project default-value=&quot;${project}&quot;/&gt;
  &lt;resources default-value=&quot;${project.testResources}&quot;/&gt;
  &lt;session default-value=&quot;${session}&quot;/&gt;
  &lt;skip&gt;${maven.test.skip}&lt;/skip&gt;
  &lt;supportMultiLineFiltering default-value=&quot;false&quot;&gt;${maven.resources.supportMultiLineFiltering}&lt;/supportMultiLineFiltering&gt;
  &lt;useBuildFilters default-value=&quot;true&quot;/&gt;
  &lt;useDefaultDelimiters default-value=&quot;true&quot;/&gt;
&lt;/configuration&gt;
[DEBUG] Style:         Regular
[DEBUG] -----------------------------------------------------------------------
[DEBUG] Goal:          org.apache.maven.plugins:maven-compiler-plugin:2.5.1:testCompile (default-testCompile)
[DEBUG] Style:         Regular
[DEBUG] Configuration: &lt;?xml version=&quot;1.0&quot; encoding=&quot;UTF-8&quot;?&gt;
&lt;configuration&gt;
  &lt;argLine&gt;${argLine}&lt;/argLine&gt;
  &lt;basedir default-value=&quot;${basedir}&quot;/&gt;
  &lt;childDelegation default-value=&quot;false&quot;&gt;${childDelegation}&lt;/childDelegation&gt;
  &lt;classesDirectory default-value=&quot;${project.build.outputDirectory}&quot;/&gt;
  &lt;debugForkedProcess&gt;${maven.surefire.debug}&lt;/debugForkedProcess&gt;
  &lt;disableXmlReport default-value=&quot;false&quot;&gt;${disableXmlReport}&lt;/disableXmlReport&gt;
  &lt;enableAssertions default-value=&quot;true&quot;&gt;${enableAssertions}&lt;/enableAssertions&gt;
  &lt;excludedGroups&gt;${excludedGroups}&lt;/excludedGroups&gt;
  &lt;failIfNoSpecifiedTests&gt;${surefire.failIfNoSpecifiedTests}&lt;/failIfNoSpecifiedTests&gt;
  &lt;failIfNoTests&gt;${failIfNoTests}&lt;/failIfNoTests&gt;
  &lt;forkMode default-value=&quot;once&quot;&gt;${forkMode}&lt;/forkMode&gt;
  &lt;forkedProcessTimeoutInSeconds&gt;${surefire.timeout}&lt;/forkedProcessTimeoutInSeconds&gt;
  &lt;groups&gt;${groups}&lt;/groups&gt;
  &lt;junitArtifactName default-value=&quot;junit:junit&quot;&gt;${junitArtifactName}&lt;/junitArtifactName&gt;
  &lt;jvm&gt;${jvm}&lt;/jvm&gt;
  &lt;localRepository default-value=&quot;${localRepository}&quot;/&gt;
  &lt;objectFactory&gt;${objectFactory}&lt;/objectFactory&gt;
  &lt;parallel&gt;${parallel}&lt;/parallel&gt;
  &lt;parallelMavenExecution default-value=&quot;${session.parallel}&quot;/&gt;
  &lt;perCoreThreadCount default-value=&quot;true&quot;&gt;${perCoreThreadCount}&lt;/perCoreThreadCount&gt;
  &lt;pluginArtifactMap&gt;${plugin.artifactMap}&lt;/pluginArtifactMap&gt;
  &lt;pluginDescriptor default-value=&quot;${plugin}&quot;/&gt;
  &lt;printSummary default-value=&quot;true&quot;&gt;${surefire.printSummary}&lt;/printSummary&gt;
  &lt;projectArtifactMap&gt;${project.artifactMap}&lt;/projectArtifactMap&gt;
  &lt;redirectTestOutputToFile default-value=&quot;false&quot;&gt;${maven.test.redirectTestOutputToFile}&lt;/redirectTestOutputToFile&gt;
  &lt;remoteRepositories default-value=&quot;${project.pluginArtifactRepositories}&quot;/&gt;
  &lt;reportFormat default-value=&quot;brief&quot;&gt;${surefire.reportFormat}&lt;/reportFormat&gt;
  &lt;reportNameSuffix default-value=&quot;&quot;&gt;${surefire.reportNameSuffix}&lt;/reportNameSuffix&gt;
  &lt;reportsDirectory default-value=&quot;${project.build.directory}/surefire-reports&quot;/&gt;
  &lt;runOrder default-value=&quot;filesystem&quot;/&gt;
  &lt;skip default-value=&quot;false&quot;&gt;${maven.test.skip}&lt;/skip&gt;
  &lt;skipExec&gt;${maven.test.skip.exec}&lt;/skipExec&gt;
  &lt;skipTests default-value=&quot;false&quot;&gt;${skipTests}&lt;/skipTests&gt;
  &lt;test&gt;${test}&lt;/test&gt;
  &lt;testClassesDirectory default-value=&quot;${project.build.testOutputDirectory}&quot;/&gt;
  &lt;testFailureIgnore default-value=&quot;false&quot;&gt;${maven.test.failure.ignore}&lt;/testFailureIgnore&gt;
  &lt;testNGArtifactName default-value=&quot;org.testng:testng&quot;&gt;${testNGArtifactName}&lt;/testNGArtifactName&gt;
  &lt;testSourceDirectory default-value=&quot;${project.build.testSourceDirectory}&quot;/&gt;
  &lt;threadCount&gt;${threadCount}&lt;/threadCount&gt;
  &lt;trimStackTrace default-value=&quot;true&quot;&gt;${trimStackTrace}&lt;/trimStackTrace&gt;
  &lt;useFile default-value=&quot;true&quot;&gt;${surefire.useFile}&lt;/useFile&gt;
  &lt;useManifestOnlyJar default-value=&quot;true&quot;&gt;${surefire.useManifestOnlyJar}&lt;/useManifestOnlyJar&gt;
  &lt;useSystemClassLoader default-value=&quot;true&quot;&gt;${surefire.useSystemClassLoader}&lt;/useSystemClassLoader&gt;
  &lt;useUnlimitedThreads default-value=&quot;false&quot;&gt;${useUnlimitedThreads}&lt;/useUnlimitedThreads&gt;
  &lt;workingDirectory&gt;${basedir}&lt;/workingDirectory&gt;
  &lt;project default-value=&quot;${project}&quot;/&gt;
  &lt;session default-value=&quot;${session}&quot;/&gt;
&lt;/configuration&gt;
[DEBUG] -----------------------------------------------------------------------
[DEBUG] Goal:          org.apache.maven.plugins:maven-jar-plugin:2.4:jar (default-jar)
[DEBUG] Style:         Regular
[DEBUG] Using transporter WagonTransporter with priority -1.0 for file:///Users/olamy/.m2/repository
[DEBUG] Configuration: &lt;?xml version=&quot;1.0&quot; encoding=&quot;UTF-8&quot;?&gt;
&lt;configuration&gt;
  &lt;basedir default-value=&quot;${basedir}&quot;/&gt;
  &lt;buildDirectory default-value=&quot;${project.build.directory}&quot;/&gt;
  &lt;classpathElements default-value=&quot;${project.testClasspathElements}&quot;/&gt;
  &lt;compileSourceRoots default-value=&quot;${project.testCompileSourceRoots}&quot;/&gt;
  &lt;compilerId default-value=&quot;javac&quot;&gt;${maven.compiler.compilerId}&lt;/compilerId&gt;
  &lt;compilerReuseStrategy default-value=&quot;${reuseCreated}&quot;&gt;${maven.compiler.compilerReuseStrategy}&lt;/compilerReuseStrategy&gt;
  &lt;compilerVersion&gt;${maven.compiler.compilerVersion}&lt;/compilerVersion&gt;
  &lt;debug default-value=&quot;true&quot;&gt;${maven.compiler.debug}&lt;/debug&gt;
  &lt;debuglevel&gt;${maven.compiler.debuglevel}&lt;/debuglevel&gt;
  &lt;encoding default-value=&quot;${project.build.sourceEncoding}&quot;&gt;${encoding}&lt;/encoding&gt;
  &lt;executable&gt;${maven.compiler.executable}&lt;/executable&gt;
  &lt;failOnError default-value=&quot;true&quot;&gt;${maven.compiler.failOnError}&lt;/failOnError&gt;
  &lt;fork default-value=&quot;false&quot;&gt;${maven.compiler.fork}&lt;/fork&gt;
  &lt;generatedTestSourcesDirectory default-value=&quot;${project.build.directory}/generated-test-sources/test-annotations&quot;/&gt;
  &lt;maxmem&gt;${maven.compiler.maxmem}&lt;/maxmem&gt;
  &lt;meminitial&gt;${maven.compiler.meminitial}&lt;/meminitial&gt;
  &lt;optimize default-value=&quot;false&quot;&gt;${maven.compiler.optimize}&lt;/optimize&gt;
  &lt;outputDirectory default-value=&quot;${project.build.testOutputDirectory}&quot;/&gt;
  &lt;outputFileName&gt;${project.build.finalName}&lt;/outputFileName&gt;
  &lt;session default-value=&quot;${session}&quot;/&gt;
  &lt;showDeprecation default-value=&quot;false&quot;&gt;${maven.compiler.showDeprecation}&lt;/showDeprecation&gt;
  &lt;showWarnings default-value=&quot;false&quot;&gt;${maven.compiler.showWarnings}&lt;/showWarnings&gt;
  &lt;skip&gt;${maven.test.skip}&lt;/skip&gt;
  &lt;skipMultiThreadWarning default-value=&quot;${false}&quot;&gt;${maven.compiler.skipMultiThreadWarning}&lt;/skipMultiThreadWarning&gt;
  &lt;source default-value=&quot;1.5&quot;&gt;${maven.compiler.source}&lt;/source&gt;
  &lt;staleMillis default-value=&quot;0&quot;&gt;${lastModGranularityMs}&lt;/staleMillis&gt;
  &lt;target default-value=&quot;1.5&quot;&gt;${maven.compiler.target}&lt;/target&gt;
  &lt;testSource&gt;${maven.compiler.testSource}&lt;/testSource&gt;
  &lt;testTarget&gt;${maven.compiler.testTarget}&lt;/testTarget&gt;
  &lt;verbose default-value=&quot;false&quot;&gt;${maven.compiler.verbose}&lt;/verbose&gt;
&lt;/configuration&gt;
[DEBUG] Configuration: &lt;?xml version=&quot;1.0&quot; encoding=&quot;UTF-8&quot;?&gt;
&lt;configuration&gt;
  &lt;classesDirectory default-value=&quot;${project.build.outputDirectory}&quot;/&gt;
  &lt;defaultManifestFile default-value=&quot;${project.build.outputDirectory}/META-INF/MANIFEST.MF&quot;/&gt;
  &lt;finalName default-value=&quot;${project.build.finalName}&quot;&gt;${jar.finalName}&lt;/finalName&gt;
  &lt;forceCreation default-value=&quot;false&quot;&gt;${jar.forceCreation}&lt;/forceCreation&gt;
  &lt;outputDirectory default-value=&quot;${project.build.directory}&quot;/&gt;
  &lt;project default-value=&quot;${project}&quot;/&gt;
  &lt;session default-value=&quot;${session}&quot;/&gt;
  &lt;skipIfEmpty default-value=&quot;false&quot;&gt;${jar.skipIfEmpty}&lt;/skipIfEmpty&gt;
  &lt;useDefaultManifestFile default-value=&quot;false&quot;&gt;${jar.useDefaultManifestFile}&lt;/useDefaultManifestFile&gt;
&lt;/configuration&gt;
[DEBUG] Using connector BasicRepositoryConnector with priority 0.0 for file:///Users/olamy/.m2/repository
[DEBUG] -----------------------------------------------------------------------
[INFO] Downloading from local.central: file:///Users/olamy/.m2/repository/junit/junit/4.12/junit-4.12.pom
[DEBUG] =======================================================================
[DEBUG] Goal:          org.apache.maven.plugins:maven-surefire-plugin:2.12.4:test (default-test)
[DEBUG] Style:         Regular
[DEBUG] Configuration: &lt;?xml version=&quot;1.0&quot; encoding=&quot;UTF-8&quot;?&gt;
&lt;configuration&gt;
  &lt;argLine&gt;${argLine}&lt;/argLine&gt;
  &lt;basedir default-value=&quot;${basedir}&quot;/&gt;
  &lt;childDelegation default-value=&quot;false&quot;&gt;${childDelegation}&lt;/childDelegation&gt;
  &lt;classesDirectory default-value=&quot;${project.build.outputDirectory}&quot;/&gt;
  &lt;debugForkedProcess&gt;${maven.surefire.debug}&lt;/debugForkedProcess&gt;
  &lt;disableXmlReport default-value=&quot;false&quot;&gt;${disableXmlReport}&lt;/disableXmlReport&gt;
  &lt;enableAssertions default-value=&quot;true&quot;&gt;${enableAssertions}&lt;/enableAssertions&gt;
  &lt;excludedGroups&gt;${excludedGroups}&lt;/excludedGroups&gt;
  &lt;failIfNoSpecifiedTests&gt;${surefire.failIfNoSpecifiedTests}&lt;/failIfNoSpecifiedTests&gt;
  &lt;failIfNoTests&gt;${failIfNoTests}&lt;/failIfNoTests&gt;
  &lt;forkMode default-value=&quot;once&quot;&gt;${forkMode}&lt;/forkMode&gt;
  &lt;forkedProcessTimeoutInSeconds&gt;${surefire.timeout}&lt;/forkedProcessTimeoutInSeconds&gt;
  &lt;groups&gt;${groups}&lt;/groups&gt;
  &lt;junitArtifactName default-value=&quot;junit:junit&quot;&gt;${junitArtifactName}&lt;/junitArtifactName&gt;
  &lt;jvm&gt;${jvm}&lt;/jvm&gt;
  &lt;localRepository default-value=&quot;${localRepository}&quot;/&gt;
  &lt;objectFactory&gt;${objectFactory}&lt;/objectFactory&gt;
  &lt;parallel&gt;${parallel}&lt;/parallel&gt;
  &lt;parallelMavenExecution default-value=&quot;${session.parallel}&quot;/&gt;
  &lt;perCoreThreadCount default-value=&quot;true&quot;&gt;${perCoreThreadCount}&lt;/perCoreThreadCount&gt;
  &lt;pluginArtifactMap&gt;${plugin.artifactMap}&lt;/pluginArtifactMap&gt;
  &lt;pluginDescriptor default-value=&quot;${plugin}&quot;/&gt;
  &lt;printSummary default-value=&quot;true&quot;&gt;${surefire.printSummary}&lt;/printSummary&gt;
  &lt;projectArtifactMap&gt;${project.artifactMap}&lt;/projectArtifactMap&gt;
  &lt;redirectTestOutputToFile default-value=&quot;false&quot;&gt;${maven.test.redirectTestOutputToFile}&lt;/redirectTestOutputToFile&gt;
  &lt;remoteRepositories default-value=&quot;${project.pluginArtifactRepositories}&quot;/&gt;
  &lt;reportFormat default-value=&quot;brief&quot;&gt;${surefire.reportFormat}&lt;/reportFormat&gt;
  &lt;reportNameSuffix default-value=&quot;&quot;&gt;${surefire.reportNameSuffix}&lt;/reportNameSuffix&gt;
  &lt;reportsDirectory default-value=&quot;${project.build.directory}/surefire-reports&quot;/&gt;
  &lt;runOrder default-value=&quot;filesystem&quot;/&gt;
  &lt;skip default-value=&quot;false&quot;&gt;${maven.test.skip}&lt;/skip&gt;
  &lt;skipExec&gt;${maven.test.skip.exec}&lt;/skipExec&gt;
  &lt;skipTests default-value=&quot;false&quot;&gt;${skipTests}&lt;/skipTests&gt;
  &lt;test&gt;${test}&lt;/test&gt;
  &lt;testClassesDirectory default-value=&quot;${project.build.testOutputDirectory}&quot;/&gt;
  &lt;testFailureIgnore default-value=&quot;false&quot;&gt;${maven.test.failure.ignore}&lt;/testFailureIgnore&gt;
  &lt;testNGArtifactName default-value=&quot;org.testng:testng&quot;&gt;${testNGArtifactName}&lt;/testNGArtifactName&gt;
  &lt;testSourceDirectory default-value=&quot;${project.build.testSourceDirectory}&quot;/&gt;
  &lt;threadCount&gt;${threadCount}&lt;/threadCount&gt;
  &lt;trimStackTrace default-value=&quot;true&quot;&gt;${trimStackTrace}&lt;/trimStackTrace&gt;
  &lt;useFile default-value=&quot;true&quot;&gt;${surefire.useFile}&lt;/useFile&gt;
  &lt;useManifestOnlyJar default-value=&quot;true&quot;&gt;${surefire.useManifestOnlyJar}&lt;/useManifestOnlyJar&gt;
  &lt;useSystemClassLoader default-value=&quot;true&quot;&gt;${surefire.useSystemClassLoader}&lt;/useSystemClassLoader&gt;
  &lt;useUnlimitedThreads default-value=&quot;false&quot;&gt;${useUnlimitedThreads}&lt;/useUnlimitedThreads&gt;
  &lt;workingDirectory&gt;${basedir}&lt;/workingDirectory&gt;
  &lt;project default-value=&quot;${project}&quot;/&gt;
  &lt;session default-value=&quot;${session}&quot;/&gt;
&lt;/configuration&gt;
[DEBUG] Using transporter WagonTransporter with priority -1.0 for file:///Users/olamy/.m2/repository
[DEBUG] -----------------------------------------------------------------------
[DEBUG] Using connector BasicRepositoryConnector with priority 0.0 for file:///Users/olamy/.m2/repository
[INFO] Downloaded from local.central: file:///Users/olamy/.m2/repository/junit/junit/4.12/junit-4.12.pom (24 kB at 3.4 MB/s)
[DEBUG] Goal:          org.apache.maven.plugins:maven-jar-plugin:2.4:jar (default-jar)
[INFO] Downloading from local.central: file:///Users/olamy/.m2/repository/junit/junit/4.12/junit-4.12.pom
[DEBUG] Writing tracking file /Users/olamy/dev/sources/maven/plugins/maven-invoker-plugin/target/local-repo/junit/junit/4.12/_remote.repositories
[DEBUG] Style:         Regular
[DEBUG] Configuration: &lt;?xml version=&quot;1.0&quot; encoding=&quot;UTF-8&quot;?&gt;
&lt;configuration&gt;
  &lt;classesDirectory default-value=&quot;${project.build.outputDirectory}&quot;/&gt;
  &lt;defaultManifestFile default-value=&quot;${project.build.outputDirectory}/META-INF/MANIFEST.MF&quot;/&gt;
  &lt;finalName default-value=&quot;${project.build.finalName}&quot;&gt;${jar.finalName}&lt;/finalName&gt;
  &lt;forceCreation default-value=&quot;false&quot;&gt;${jar.forceCreation}&lt;/forceCreation&gt;
  &lt;outputDirectory default-value=&quot;${project.build.directory}&quot;/&gt;
  &lt;project default-value=&quot;${project}&quot;/&gt;
  &lt;session default-value=&quot;${session}&quot;/&gt;
  &lt;skipIfEmpty default-value=&quot;false&quot;&gt;${jar.skipIfEmpty}&lt;/skipIfEmpty&gt;
  &lt;useDefaultManifestFile default-value=&quot;false&quot;&gt;${jar.useDefaultManifestFile}&lt;/useDefaultManifestFile&gt;
&lt;/configuration&gt;
[DEBUG] Writing tracking file /Users/olamy/dev/sources/maven/plugins/maven-invoker-plugin/target/local-repo/junit/junit/4.12/junit-4.12.pom.lastUpdated
[DEBUG] -----------------------------------------------------------------------
[INFO] Downloaded from local.central: file:///Users/olamy/.m2/repository/junit/junit/4.12/junit-4.12.pom (24 kB at 12 MB/s)
[DEBUG] Goal:          org.apache.maven.plugins:maven-plugin-plugin:2.9:addPluginArtifactMetadata (default-addPluginArtifactMetadata)
[DEBUG] Style:         Regular
[DEBUG] Writing tracking file /Users/olamy/dev/sources/maven/plugins/maven-invoker-plugin/target/local-repo/junit/junit/4.12/_remote.repositories
[DEBUG] Configuration: &lt;?xml version=&quot;1.0&quot; encoding=&quot;UTF-8&quot;?&gt;
&lt;configuration&gt;
  &lt;project default-value=&quot;${project}&quot;/&gt;
  &lt;skip default-value=&quot;false&quot;&gt;${maven.plugin.skip}&lt;/skip&gt;
&lt;/configuration&gt;
[DEBUG] -----------------------------------------------------------------------
[DEBUG] Goal:          org.apache.maven.plugins:maven-invoker-plugin:3.2.1-SNAPSHOT:install (itests)
[DEBUG] Style:         Regular
[DEBUG] Configuration: &lt;?xml version=&quot;1.0&quot; encoding=&quot;UTF-8&quot;?&gt;
&lt;configuration&gt;
  &lt;localRepository&gt;${localRepository}&lt;/localRepository&gt;
  &lt;localRepositoryPath default-value=&quot;${session.localRepository.basedir}&quot;&gt;/Users/olamy/dev/sources/maven/plugins/maven-invoker-plugin/target/it/MINVOKER-191/plugin/target/local-repo&lt;/localRepositoryPath&gt;
  &lt;project default-value=&quot;${project}&quot;/&gt;
  &lt;reactorProjects default-value=&quot;${reactorProjects}&quot;/&gt;
  &lt;session default-value=&quot;${session}&quot;/&gt;
  &lt;skipInstallation default-value=&quot;false&quot;&gt;${invoker.skip}&lt;/skipInstallation&gt;
&lt;/configuration&gt;
[DEBUG] -----------------------------------------------------------------------
[DEBUG] Goal:          org.apache.maven.plugins:maven-invoker-plugin:3.2.1-SNAPSHOT:run (itests)
[DEBUG] Style:         Regular
[DEBUG] Writing tracking file /Users/olamy/dev/sources/maven/plugins/maven-invoker-plugin/target/local-repo/junit/junit/4.12/junit-4.12.pom.lastUpdated
[DEBUG] Configuration: &lt;?xml version=&quot;1.0&quot; encoding=&quot;UTF-8&quot;?&gt;
&lt;configuration&gt;
  &lt;addTestClassPath default-value=&quot;false&quot;&gt;${invoker.addTestClassPath}&lt;/addTestClassPath&gt;
  &lt;cloneAllFiles default-value=&quot;false&quot;/&gt;
  &lt;cloneClean default-value=&quot;true&quot;/&gt;
  &lt;cloneProjectsTo&gt;/Users/olamy/dev/sources/maven/plugins/maven-invoker-plugin/target/it/MINVOKER-191/plugin/target/it&lt;/cloneProjectsTo&gt;
  &lt;debug default-value=&quot;false&quot;&gt;${invoker.debug}&lt;/debug&gt;
  &lt;disableReports default-value=&quot;false&quot;&gt;${invoker.disableReports}&lt;/disableReports&gt;
  &lt;encoding default-value=&quot;${project.build.sourceEncoding}&quot;&gt;${encoding}&lt;/encoding&gt;
  &lt;failIfNoProjects&gt;${invoker.failIfNoProjects}&lt;/failIfNoProjects&gt;
  &lt;ignoreFailures default-value=&quot;false&quot;&gt;${maven.test.failure.ignore}&lt;/ignoreFailures&gt;
  &lt;invokerPropertiesFile default-value=&quot;invoker.properties&quot;&gt;${invoker.invokerPropertiesFile}&lt;/invokerPropertiesFile&gt;
  &lt;invokerTest&gt;${invoker.test}&lt;/invokerTest&gt;
  &lt;javaHome&gt;${invoker.javaHome}&lt;/javaHome&gt;
  &lt;junitPackageName default-value=&quot;maven.invoker.it&quot;&gt;${invoker.junitPackageName}&lt;/junitPackageName&gt;
  &lt;localRepositoryPath default-value=&quot;${settings.localRepository}&quot;&gt;/Users/olamy/dev/sources/maven/plugins/maven-invoker-plugin/target/it/MINVOKER-191/plugin/target/local-repo&lt;/localRepositoryPath&gt;
  &lt;mavenExecutable&gt;${invoker.mavenExecutable}&lt;/mavenExecutable&gt;
  &lt;mavenHome&gt;${invoker.mavenHome}&lt;/mavenHome&gt;
  &lt;mavenOpts&gt;${invoker.mavenOpts}&lt;/mavenOpts&gt;
  &lt;mergeUserSettings default-value=&quot;false&quot;&gt;${invoker.mergeUserSettings}&lt;/mergeUserSettings&gt;
  &lt;mojoExecution default-value=&quot;${mojoExecution}&quot;/&gt;
  &lt;noLog default-value=&quot;false&quot;&gt;${invoker.noLog}&lt;/noLog&gt;
  &lt;parallelThreads default-value=&quot;1&quot;&gt;${invoker.parallelThreads}&lt;/parallelThreads&gt;
  &lt;pluginArtifacts&gt;${plugin.artifacts}&lt;/pluginArtifacts&gt;
  &lt;pom&gt;${invoker.pom}&lt;/pom&gt;
  &lt;postBuildHookScript default-value=&quot;postbuild&quot;&gt;${invoker.postBuildHookScript}&lt;/postBuildHookScript&gt;
  &lt;preBuildHookScript default-value=&quot;prebuild&quot;&gt;${invoker.preBuildHookScript}&lt;/preBuildHookScript&gt;
  &lt;project default-value=&quot;${project}&quot;/&gt;
  &lt;projectsDirectory default-value=&quot;${basedir}/src/it/&quot;&gt;${invoker.projectsDirectory}&lt;/projectsDirectory&gt;
  &lt;properties&gt;
    &lt;https.protocols&gt;${https.protocols}&lt;/https.protocols&gt;
  &lt;/properties&gt;
  &lt;reportsDirectory default-value=&quot;${project.build.directory}/invoker-reports&quot;&gt;${invoker.reportsDirectory}&lt;/reportsDirectory&gt;
  &lt;selectorScript default-value=&quot;selector&quot;&gt;${invoker.selectorScript}&lt;/selectorScript&gt;
  &lt;session default-value=&quot;${session}&quot;/&gt;
  &lt;settings default-value=&quot;${settings}&quot;/&gt;
  &lt;settingsFile&gt;${invoker.settingsFile}&lt;/settingsFile&gt;
  &lt;showErrors default-value=&quot;false&quot;&gt;${invoker.showErrors}&lt;/showErrors&gt;
  &lt;showVersion default-value=&quot;false&quot;&gt;${invoker.showVersion}&lt;/showVersion&gt;
  &lt;skipInvocation default-value=&quot;false&quot;&gt;${invoker.skip}&lt;/skipInvocation&gt;
  &lt;streamLogs default-value=&quot;false&quot;&gt;${invoker.streamLogs}&lt;/streamLogs&gt;
  &lt;suppressSummaries default-value=&quot;false&quot;/&gt;
  &lt;testClassPath default-value=&quot;${project.testClasspathElements}&quot;/&gt;
  &lt;testPropertiesFile default-value=&quot;test.properties&quot;&gt;${invoker.testPropertiesFile}&lt;/testPropertiesFile&gt;
  &lt;timeoutInSeconds default-value=&quot;0&quot;&gt;${invoker.timeoutInSeconds}&lt;/timeoutInSeconds&gt;
  &lt;writeJunitReport default-value=&quot;false&quot;&gt;true&lt;/writeJunitReport&gt;
&lt;/configuration&gt;
[DEBUG] Using transporter WagonTransporter with priority -1.0 for file:///Users/olamy/.m2/repository
[DEBUG] Using transporter WagonTransporter with priority -1.0 for file:///Users/olamy/.m2/repository
[DEBUG] Using connector BasicRepositoryConnector with priority 0.0 for file:///Users/olamy/.m2/repository
[DEBUG] =======================================================================
[DEBUG] Using connector BasicRepositoryConnector with priority 0.0 for file:///Users/olamy/.m2/repository
[INFO] Downloading from local.central: file:///Users/olamy/.m2/repository/org/hamcrest/hamcrest-core/1.3/hamcrest-core-1.3.pom
[INFO] Downloading from local.central: file:///Users/olamy/.m2/repository/org/hamcrest/hamcrest-core/1.3/hamcrest-core-1.3.pom
[DEBUG] Concurrent download of /Users/olamy/dev/sources/maven/plugins/maven-invoker-plugin/target/local-repo/org/hamcrest/hamcrest-core/1.3/hamcrest-core-1.3.pom.part in progress, awaiting completion
[INFO] Downloaded from local.central: file:///Users/olamy/.m2/repository/org/hamcrest/hamcrest-core/1.3/hamcrest-core-1.3.pom (766 B at 192 kB/s)
[DEBUG] Writing tracking file /Users/olamy/dev/sources/maven/plugins/maven-invoker-plugin/target/local-repo/org/hamcrest/hamcrest-core/1.3/_remote.repositories
[DEBUG] Writing tracking file /Users/olamy/dev/sources/maven/plugins/maven-invoker-plugin/target/local-repo/org/hamcrest/hamcrest-core/1.3/hamcrest-core-1.3.pom.lastUpdated
[DEBUG] Using transporter WagonTransporter with priority -1.0 for file:///Users/olamy/.m2/repository
[DEBUG] Using connector BasicRepositoryConnector with priority 0.0 for file:///Users/olamy/.m2/repository
[INFO] Downloading from local.central: file:///Users/olamy/.m2/repository/org/hamcrest/hamcrest-parent/1.3/hamcrest-parent-1.3.pom
[DEBUG] Dependency collection stats: {ConflictMarker.analyzeTime=789684, ConflictMarker.markTime=465460, ConflictMarker.nodeCount=2, ConflictIdSorter.graphTime=393045, ConflictIdSorter.topsortTime=328812, ConflictIdSorter.conflictIdCount=1, ConflictIdSorter.conflictIdCycleCount=0, ConflictResolver.totalTime=2546521, ConflictResolver.conflictItemCount=1, DefaultDependencyCollector.collectTime=3214567, DefaultDependencyCollector.transformTime=6350282}
[INFO] Downloaded from local.central: file:///Users/olamy/.m2/repository/org/hamcrest/hamcrest-parent/1.3/hamcrest-parent-1.3.pom (2.0 kB at 657 kB/s)
[DEBUG] org.apache.maven.plugins.invoker:MINVOKER-191-plugin:maven-plugin:1.0-SNAPSHOT
[DEBUG] Writing tracking file /Users/olamy/dev/sources/maven/plugins/maven-invoker-plugin/target/local-repo/org/hamcrest/hamcrest-parent/1.3/_remote.repositories
[DEBUG]    org.apache.maven:maven-plugin-api:jar:2.0:compile
[DEBUG] Writing tracking file /Users/olamy/dev/sources/maven/plugins/maven-invoker-plugin/target/local-repo/org/hamcrest/hamcrest-parent/1.3/hamcrest-parent-1.3.pom.lastUpdated
[INFO] 
[INFO] --- maven-resources-plugin:2.6:resources (default-resources) @ MINVOKER-191-plugin ---
[DEBUG] Dependency collection stats: {ConflictMarker.analyzeTime=14625, ConflictMarker.markTime=34859, ConflictMarker.nodeCount=3, ConflictIdSorter.graphTime=42080, ConflictIdSorter.topsortTime=13761, ConflictIdSorter.conflictIdCount=2, ConflictIdSorter.conflictIdCycleCount=0, ConflictResolver.totalTime=210506, ConflictResolver.conflictItemCount=2, DefaultDependencyCollector.collectTime=35816647, DefaultDependencyCollector.transformTime=327404}
[DEBUG] org.apache.maven.plugins.invoker:MINVOKER-191-java-a:jar:1.0-SNAPSHOT
[DEBUG]    junit:junit:jar:4.12:compile
[DEBUG]       org.hamcrest:hamcrest-core:jar:1.3:compile
[DEBUG] Using transporter WagonTransporter with priority -1.0 for file:///Users/olamy/.m2/repository
[DEBUG] Using connector BasicRepositoryConnector with priority 0.0 for file:///Users/olamy/.m2/repository
[INFO] Downloading from local.central: file:///Users/olamy/.m2/repository/junit/junit/4.12/junit-4.12.jar
[INFO] Downloading from local.central: file:///Users/olamy/.m2/repository/org/hamcrest/hamcrest-core/1.3/hamcrest-core-1.3.jar
[INFO] Downloaded from local.central: file:///Users/olamy/.m2/repository/org/hamcrest/hamcrest-core/1.3/hamcrest-core-1.3.jar (45 kB at 11 MB/s)
[INFO] Downloaded from local.central: file:///Users/olamy/.m2/repository/junit/junit/4.12/junit-4.12.jar (315 kB at 39 MB/s)
[DEBUG] Using transporter WagonTransporter with priority -1.0 for file:///Users/olamy/.m2/repository
[DEBUG] Using connector BasicRepositoryConnector with priority 0.0 for file:///Users/olamy/.m2/repository
[DEBUG] Writing tracking file /Users/olamy/dev/sources/maven/plugins/maven-invoker-plugin/target/local-repo/junit/junit/4.12/_remote.repositories
[INFO] Downloading from local.central: file:///Users/olamy/.m2/repository/org/apache/maven/maven-project/2.0.6/maven-project-2.0.6.pom
[DEBUG] Writing tracking file /Users/olamy/dev/sources/maven/plugins/maven-invoker-plugin/target/local-repo/junit/junit/4.12/junit-4.12.jar.lastUpdated
[DEBUG] Writing tracking file /Users/olamy/dev/sources/maven/plugins/maven-invoker-plugin/target/local-repo/org/hamcrest/hamcrest-core/1.3/_remote.repositories
[DEBUG] Writing tracking file /Users/olamy/dev/sources/maven/plugins/maven-invoker-plugin/target/local-repo/org/hamcrest/hamcrest-core/1.3/hamcrest-core-1.3.jar.lastUpdated
[INFO] 
[INFO] --- maven-resources-plugin:2.6:resources (default-resources) @ MINVOKER-191-java-a ---
[INFO] Downloaded from local.central: file:///Users/olamy/.m2/repository/org/apache/maven/maven-project/2.0.6/maven-project-2.0.6.pom (2.6 kB at 659 kB/s)
[DEBUG] Writing tracking file /Users/olamy/dev/sources/maven/plugins/maven-invoker-plugin/target/local-repo/org/apache/maven/maven-project/2.0.6/_remote.repositories
[DEBUG] Writing tracking file /Users/olamy/dev/sources/maven/plugins/maven-invoker-plugin/target/local-repo/org/apache/maven/maven-project/2.0.6/maven-project-2.0.6.pom.lastUpdated
[DEBUG] Using transporter WagonTransporter with priority -1.0 for file:///Users/olamy/.m2/repository
[DEBUG] Using connector BasicRepositoryConnector with priority 0.0 for file:///Users/olamy/.m2/repository
[INFO] Downloading from local.central: file:///Users/olamy/.m2/repository/org/apache/maven/maven-settings/2.0.6/maven-settings-2.0.6.pom
[INFO] Downloaded from local.central: file:///Users/olamy/.m2/repository/org/apache/maven/maven-settings/2.0.6/maven-settings-2.0.6.pom (2.0 kB at 667 kB/s)
[DEBUG] Writing tracking file /Users/olamy/dev/sources/maven/plugins/maven-invoker-plugin/target/local-repo/org/apache/maven/maven-settings/2.0.6/_remote.repositories
[DEBUG] Writing tracking file /Users/olamy/dev/sources/maven/plugins/maven-invoker-plugin/target/local-repo/org/apache/maven/maven-settings/2.0.6/maven-settings-2.0.6.pom.lastUpdated
[DEBUG] Using transporter WagonTransporter with priority -1.0 for file:///Users/olamy/.m2/repository
[DEBUG] Using connector BasicRepositoryConnector with priority 0.0 for file:///Users/olamy/.m2/repository
[INFO] Downloading from local.central: file:///Users/olamy/.m2/repository/org/apache/maven/maven-model/2.0.6/maven-model-2.0.6.pom
[INFO] Downloaded from local.central: file:///Users/olamy/.m2/repository/org/apache/maven/maven-model/2.0.6/maven-model-2.0.6.pom (3.0 kB at 1.0 MB/s)
[DEBUG] Writing tracking file /Users/olamy/dev/sources/maven/plugins/maven-invoker-plugin/target/local-repo/org/apache/maven/maven-model/2.0.6/_remote.repositories
[DEBUG] Writing tracking file /Users/olamy/dev/sources/maven/plugins/maven-invoker-plugin/target/local-repo/org/apache/maven/maven-model/2.0.6/maven-model-2.0.6.pom.lastUpdated
[DEBUG] Using transporter WagonTransporter with priority -1.0 for file:///Users/olamy/.m2/repository
[DEBUG] Using connector BasicRepositoryConnector with priority 0.0 for file:///Users/olamy/.m2/repository
[INFO] Downloading from local.central: file:///Users/olamy/.m2/repository/org/apache/maven/maven-profile/2.0.6/maven-profile-2.0.6.pom
[INFO] Downloaded from local.central: file:///Users/olamy/.m2/repository/org/apache/maven/maven-profile/2.0.6/maven-profile-2.0.6.pom (2.0 kB at 660 kB/s)
[DEBUG] Writing tracking file /Users/olamy/dev/sources/maven/plugins/maven-invoker-plugin/target/local-repo/org/apache/maven/maven-profile/2.0.6/_remote.repositories
[DEBUG] Writing tracking file /Users/olamy/dev/sources/maven/plugins/maven-invoker-plugin/target/local-repo/org/apache/maven/maven-profile/2.0.6/maven-profile-2.0.6.pom.lastUpdated
[DEBUG] Using transporter WagonTransporter with priority -1.0 for file:///Users/olamy/.m2/repository
[DEBUG] Using connector BasicRepositoryConnector with priority 0.0 for file:///Users/olamy/.m2/repository
[INFO] Downloading from local.central: file:///Users/olamy/.m2/repository/org/apache/maven/maven-artifact-manager/2.0.6/maven-artifact-manager-2.0.6.pom
[INFO] Downloaded from local.central: file:///Users/olamy/.m2/repository/org/apache/maven/maven-artifact-manager/2.0.6/maven-artifact-manager-2.0.6.pom (2.6 kB at 656 kB/s)
[DEBUG] Writing tracking file /Users/olamy/dev/sources/maven/plugins/maven-invoker-plugin/target/local-repo/org/apache/maven/maven-artifact-manager/2.0.6/_remote.repositories
[DEBUG] Writing tracking file /Users/olamy/dev/sources/maven/plugins/maven-invoker-plugin/target/local-repo/org/apache/maven/maven-artifact-manager/2.0.6/maven-artifact-manager-2.0.6.pom.lastUpdated
[DEBUG] Using transporter WagonTransporter with priority -1.0 for file:///Users/olamy/.m2/repository
[DEBUG] Using connector BasicRepositoryConnector with priority 0.0 for file:///Users/olamy/.m2/repository
[INFO] Downloading from local.central: file:///Users/olamy/.m2/repository/org/apache/maven/maven-repository-metadata/2.0.6/maven-repository-metadata-2.0.6.pom
[INFO] Downloaded from local.central: file:///Users/olamy/.m2/repository/org/apache/maven/maven-repository-metadata/2.0.6/maven-repository-metadata-2.0.6.pom (1.9 kB at 617 kB/s)
[DEBUG] Writing tracking file /Users/olamy/dev/sources/maven/plugins/maven-invoker-plugin/target/local-repo/org/apache/maven/maven-repository-metadata/2.0.6/_remote.repositories
[DEBUG] Writing tracking file /Users/olamy/dev/sources/maven/plugins/maven-invoker-plugin/target/local-repo/org/apache/maven/maven-repository-metadata/2.0.6/maven-repository-metadata-2.0.6.pom.lastUpdated
[DEBUG] Using transporter WagonTransporter with priority -1.0 for file:///Users/olamy/.m2/repository
[DEBUG] Using connector BasicRepositoryConnector with priority 0.0 for file:///Users/olamy/.m2/repository
[INFO] Downloading from local.central: file:///Users/olamy/.m2/repository/org/apache/maven/maven-artifact/2.0.6/maven-artifact-2.0.6.pom
[INFO] Downloaded from local.central: file:///Users/olamy/.m2/repository/org/apache/maven/maven-artifact/2.0.6/maven-artifact-2.0.6.pom (1.6 kB at 788 kB/s)
[DEBUG] Writing tracking file /Users/olamy/dev/sources/maven/plugins/maven-invoker-plugin/target/local-repo/org/apache/maven/maven-artifact/2.0.6/_remote.repositories
[DEBUG] Writing tracking file /Users/olamy/dev/sources/maven/plugins/maven-invoker-plugin/target/local-repo/org/apache/maven/maven-artifact/2.0.6/maven-artifact-2.0.6.pom.lastUpdated
[DEBUG] Using transporter WagonTransporter with priority -1.0 for file:///Users/olamy/.m2/repository
[DEBUG] Using connector BasicRepositoryConnector with priority 0.0 for file:///Users/olamy/.m2/repository
[INFO] Downloading from local.central: file:///Users/olamy/.m2/repository/org/apache/maven/maven-plugin-registry/2.0.6/maven-plugin-registry-2.0.6.pom
[INFO] Downloaded from local.central: file:///Users/olamy/.m2/repository/org/apache/maven/maven-plugin-registry/2.0.6/maven-plugin-registry-2.0.6.pom (1.9 kB at 649 kB/s)
[DEBUG] Writing tracking file /Users/olamy/dev/sources/maven/plugins/maven-invoker-plugin/target/local-repo/org/apache/maven/maven-plugin-registry/2.0.6/_remote.repositories
[DEBUG] Writing tracking file /Users/olamy/dev/sources/maven/plugins/maven-invoker-plugin/target/local-repo/org/apache/maven/maven-plugin-registry/2.0.6/maven-plugin-registry-2.0.6.pom.lastUpdated
[DEBUG] Using transporter WagonTransporter with priority -1.0 for file:///Users/olamy/.m2/repository
[DEBUG] Using connector BasicRepositoryConnector with priority 0.0 for file:///Users/olamy/.m2/repository
[INFO] Downloading from local.central: file:///Users/olamy/.m2/repository/org/apache/maven/maven-core/2.0.6/maven-core-2.0.6.pom
[INFO] Downloaded from local.central: file:///Users/olamy/.m2/repository/org/apache/maven/maven-core/2.0.6/maven-core-2.0.6.pom (6.7 kB at 2.2 MB/s)
[DEBUG] Writing tracking file /Users/olamy/dev/sources/maven/plugins/maven-invoker-plugin/target/local-repo/org/apache/maven/maven-core/2.0.6/_remote.repositories
[DEBUG] Writing tracking file /Users/olamy/dev/sources/maven/plugins/maven-invoker-plugin/target/local-repo/org/apache/maven/maven-core/2.0.6/maven-core-2.0.6.pom.lastUpdated
[INFO] Downloaded from local.central: file:///Users/olamy/.m2/repository/org/hamcrest/hamcrest-core/1.3/hamcrest-core-1.3.pom (766 B at 7.3 kB/s)
[DEBUG] Writing tracking file /Users/olamy/dev/sources/maven/plugins/maven-invoker-plugin/target/local-repo/org/hamcrest/hamcrest-core/1.3/_remote.repositories
[DEBUG] Writing tracking file /Users/olamy/dev/sources/maven/plugins/maven-invoker-plugin/target/local-repo/org/hamcrest/hamcrest-core/1.3/hamcrest-core-1.3.pom.lastUpdated
[DEBUG] Dependency collection stats: {ConflictMarker.analyzeTime=14129, ConflictMarker.markTime=35042, ConflictMarker.nodeCount=3, ConflictIdSorter.graphTime=6379, ConflictIdSorter.topsortTime=6648, ConflictIdSorter.conflictIdCount=2, ConflictIdSorter.conflictIdCycleCount=0, ConflictResolver.totalTime=85531, ConflictResolver.conflictItemCount=2, DefaultDependencyCollector.collectTime=142337956, DefaultDependencyCollector.transformTime=156984}
[DEBUG] Using transporter WagonTransporter with priority -1.0 for file:///Users/olamy/.m2/repository
[DEBUG] org.apache.maven.plugins.invoker:MINVOKER-191-java-b:jar:1.0-SNAPSHOT
[DEBUG]    junit:junit:jar:4.12:compile
[DEBUG] Using connector BasicRepositoryConnector with priority 0.0 for file:///Users/olamy/.m2/repository
[DEBUG]       org.hamcrest:hamcrest-core:jar:1.3:compile
[INFO] Downloading from local.central: file:///Users/olamy/.m2/repository/org/apache/maven/maven-plugin-parameter-documenter/2.0.6/maven-plugin-parameter-documenter-2.0.6.pom
[INFO] 
[INFO] --- maven-resources-plugin:2.6:resources (default-resources) @ MINVOKER-191-java-b ---
[INFO] Downloaded from local.central: file:///Users/olamy/.m2/repository/org/apache/maven/maven-plugin-parameter-documenter/2.0.6/maven-plugin-parameter-documenter-2.0.6.pom (1.9 kB at 637 kB/s)
[DEBUG] Writing tracking file /Users/olamy/dev/sources/maven/plugins/maven-invoker-plugin/target/local-repo/org/apache/maven/maven-plugin-parameter-documenter/2.0.6/_remote.repositories
[DEBUG] Writing tracking file /Users/olamy/dev/sources/maven/plugins/maven-invoker-plugin/target/local-repo/org/apache/maven/maven-plugin-parameter-documenter/2.0.6/maven-plugin-parameter-documenter-2.0.6.pom.lastUpdated
[DEBUG] Using transporter WagonTransporter with priority -1.0 for file:///Users/olamy/.m2/repository
[DEBUG] Using connector BasicRepositoryConnector with priority 0.0 for file:///Users/olamy/.m2/repository
[INFO] Downloading from local.central: file:///Users/olamy/.m2/repository/org/apache/maven/reporting/maven-reporting-api/2.0.6/maven-reporting-api-2.0.6.pom
[INFO] Downloaded from local.central: file:///Users/olamy/.m2/repository/org/apache/maven/reporting/maven-reporting-api/2.0.6/maven-reporting-api-2.0.6.pom (1.8 kB at 584 kB/s)
[DEBUG] Writing tracking file /Users/olamy/dev/sources/maven/plugins/maven-invoker-plugin/target/local-repo/org/apache/maven/reporting/maven-reporting-api/2.0.6/_remote.repositories
[DEBUG] Writing tracking file /Users/olamy/dev/sources/maven/plugins/maven-invoker-plugin/target/local-repo/org/apache/maven/reporting/maven-reporting-api/2.0.6/maven-reporting-api-2.0.6.pom.lastUpdated
[DEBUG] Using transporter WagonTransporter with priority -1.0 for file:///Users/olamy/.m2/repository
[DEBUG] Using connector BasicRepositoryConnector with priority 0.0 for file:///Users/olamy/.m2/repository
[INFO] Downloading from local.central: file:///Users/olamy/.m2/repository/org/apache/maven/reporting/maven-reporting/2.0.6/maven-reporting-2.0.6.pom
[INFO] Downloaded from local.central: file:///Users/olamy/.m2/repository/org/apache/maven/reporting/maven-reporting/2.0.6/maven-reporting-2.0.6.pom (1.4 kB at 480 kB/s)
[DEBUG] Writing tracking file /Users/olamy/dev/sources/maven/plugins/maven-invoker-plugin/target/local-repo/org/apache/maven/reporting/maven-reporting/2.0.6/_remote.repositories
[DEBUG] Writing tracking file /Users/olamy/dev/sources/maven/plugins/maven-invoker-plugin/target/local-repo/org/apache/maven/reporting/maven-reporting/2.0.6/maven-reporting-2.0.6.pom.lastUpdated
[DEBUG] Using transporter WagonTransporter with priority -1.0 for file:///Users/olamy/.m2/repository
[DEBUG] Using connector BasicRepositoryConnector with priority 0.0 for file:///Users/olamy/.m2/repository
[INFO] Downloading from local.central: file:///Users/olamy/.m2/repository/org/apache/maven/doxia/doxia-sink-api/1.0-alpha-7/doxia-sink-api-1.0-alpha-7.pom
[INFO] Downloaded from local.central: file:///Users/olamy/.m2/repository/org/apache/maven/doxia/doxia-sink-api/1.0-alpha-7/doxia-sink-api-1.0-alpha-7.pom (424 B at 212 kB/s)
[DEBUG] Writing tracking file /Users/olamy/dev/sources/maven/plugins/maven-invoker-plugin/target/local-repo/org/apache/maven/doxia/doxia-sink-api/1.0-alpha-7/_remote.repositories
[DEBUG] Writing tracking file /Users/olamy/dev/sources/maven/plugins/maven-invoker-plugin/target/local-repo/org/apache/maven/doxia/doxia-sink-api/1.0-alpha-7/doxia-sink-api-1.0-alpha-7.pom.lastUpdated
[DEBUG] Using transporter WagonTransporter with priority -1.0 for file:///Users/olamy/.m2/repository
[DEBUG] Using connector BasicRepositoryConnector with priority 0.0 for file:///Users/olamy/.m2/repository
[INFO] Downloading from local.central: file:///Users/olamy/.m2/repository/org/apache/maven/doxia/doxia/1.0-alpha-7/doxia-1.0-alpha-7.pom
[INFO] Downloaded from local.central: file:///Users/olamy/.m2/repository/org/apache/maven/doxia/doxia/1.0-alpha-7/doxia-1.0-alpha-7.pom (3.9 kB at 1.3 MB/s)
[DEBUG] Writing tracking file /Users/olamy/dev/sources/maven/plugins/maven-invoker-plugin/target/local-repo/org/apache/maven/doxia/doxia/1.0-alpha-7/_remote.repositories
[DEBUG] Writing tracking file /Users/olamy/dev/sources/maven/plugins/maven-invoker-plugin/target/local-repo/org/apache/maven/doxia/doxia/1.0-alpha-7/doxia-1.0-alpha-7.pom.lastUpdated
[DEBUG] Using transporter WagonTransporter with priority -1.0 for file:///Users/olamy/.m2/repository
[DEBUG] Using connector BasicRepositoryConnector with priority 0.0 for file:///Users/olamy/.m2/repository
[INFO] Downloading from local.central: file:///Users/olamy/.m2/repository/org/apache/maven/maven-error-diagnostics/2.0.6/maven-error-diagnostics-2.0.6.pom
[INFO] Downloaded from local.central: file:///Users/olamy/.m2/repository/org/apache/maven/maven-error-diagnostics/2.0.6/maven-error-diagnostics-2.0.6.pom (1.7 kB at 852 kB/s)
[DEBUG] Writing tracking file /Users/olamy/dev/sources/maven/plugins/maven-invoker-plugin/target/local-repo/org/apache/maven/maven-error-diagnostics/2.0.6/_remote.repositories
[DEBUG] Writing tracking file /Users/olamy/dev/sources/maven/plugins/maven-invoker-plugin/target/local-repo/org/apache/maven/maven-error-diagnostics/2.0.6/maven-error-diagnostics-2.0.6.pom.lastUpdated
[DEBUG] Using transporter WagonTransporter with priority -1.0 for file:///Users/olamy/.m2/repository
[DEBUG] Using connector BasicRepositoryConnector with priority 0.0 for file:///Users/olamy/.m2/repository
[INFO] Downloading from local.central: file:///Users/olamy/.m2/repository/org/apache/maven/maven-plugin-descriptor/2.0.6/maven-plugin-descriptor-2.0.6.pom
[INFO] Downloaded from local.central: file:///Users/olamy/.m2/repository/org/apache/maven/maven-plugin-descriptor/2.0.6/maven-plugin-descriptor-2.0.6.pom (2.0 kB at 673 kB/s)
[DEBUG] Writing tracking file /Users/olamy/dev/sources/maven/plugins/maven-invoker-plugin/target/local-repo/org/apache/maven/maven-plugin-descriptor/2.0.6/_remote.repositories
[DEBUG] Writing tracking file /Users/olamy/dev/sources/maven/plugins/maven-invoker-plugin/target/local-repo/org/apache/maven/maven-plugin-descriptor/2.0.6/maven-plugin-descriptor-2.0.6.pom.lastUpdated
[DEBUG] Using transporter WagonTransporter with priority -1.0 for file:///Users/olamy/.m2/repository
[DEBUG] Using connector BasicRepositoryConnector with priority 0.0 for file:///Users/olamy/.m2/repository
[INFO] Downloading from local.central: file:///Users/olamy/.m2/repository/org/apache/maven/maven-monitor/2.0.6/maven-monitor-2.0.6.pom
[INFO] Downloaded from local.central: file:///Users/olamy/.m2/repository/org/apache/maven/maven-monitor/2.0.6/maven-monitor-2.0.6.pom (1.3 kB at 418 kB/s)
[DEBUG] Writing tracking file /Users/olamy/dev/sources/maven/plugins/maven-invoker-plugin/target/local-repo/org/apache/maven/maven-monitor/2.0.6/_remote.repositories
[DEBUG] Writing tracking file /Users/olamy/dev/sources/maven/plugins/maven-invoker-plugin/target/local-repo/org/apache/maven/maven-monitor/2.0.6/maven-monitor-2.0.6.pom.lastUpdated
[DEBUG] Using transporter WagonTransporter with priority -1.0 for file:///Users/olamy/.m2/repository
[DEBUG] Using connector BasicRepositoryConnector with priority 0.0 for file:///Users/olamy/.m2/repository
[INFO] Downloading from local.central: file:///Users/olamy/.m2/repository/org/apache/maven/shared/maven-filtering/1.1/maven-filtering-1.1.pom
[INFO] Downloaded from local.central: file:///Users/olamy/.m2/repository/org/apache/maven/shared/maven-filtering/1.1/maven-filtering-1.1.pom (5.8 kB at 1.9 MB/s)
[DEBUG] Writing tracking file /Users/olamy/dev/sources/maven/plugins/maven-invoker-plugin/target/local-repo/org/apache/maven/shared/maven-filtering/1.1/_remote.repositories
[DEBUG] Writing tracking file /Users/olamy/dev/sources/maven/plugins/maven-invoker-plugin/target/local-repo/org/apache/maven/shared/maven-filtering/1.1/maven-filtering-1.1.pom.lastUpdated
[DEBUG] Using transporter WagonTransporter with priority -1.0 for file:///Users/olamy/.m2/repository
[DEBUG] Using connector BasicRepositoryConnector with priority 0.0 for file:///Users/olamy/.m2/repository
[INFO] Downloading from local.central: file:///Users/olamy/.m2/repository/org/apache/maven/shared/maven-shared-components/17/maven-shared-components-17.pom
[INFO] Downloaded from local.central: file:///Users/olamy/.m2/repository/org/apache/maven/shared/maven-shared-components/17/maven-shared-components-17.pom (8.6 kB at 2.1 MB/s)
[DEBUG] Writing tracking file /Users/olamy/dev/sources/maven/plugins/maven-invoker-plugin/target/local-repo/org/apache/maven/shared/maven-shared-components/17/_remote.repositories
[DEBUG] Writing tracking file /Users/olamy/dev/sources/maven/plugins/maven-invoker-plugin/target/local-repo/org/apache/maven/shared/maven-shared-components/17/maven-shared-components-17.pom.lastUpdated
[DEBUG] Using transporter WagonTransporter with priority -1.0 for file:///Users/olamy/.m2/repository
[DEBUG] Using connector BasicRepositoryConnector with priority 0.0 for file:///Users/olamy/.m2/repository
[INFO] Downloading from local.central: file:///Users/olamy/.m2/repository/org/codehaus/plexus/plexus-utils/1.5.15/plexus-utils-1.5.15.pom
[INFO] Downloaded from local.central: file:///Users/olamy/.m2/repository/org/codehaus/plexus/plexus-utils/1.5.15/plexus-utils-1.5.15.pom (6.8 kB at 2.3 MB/s)
[DEBUG] Writing tracking file /Users/olamy/dev/sources/maven/plugins/maven-invoker-plugin/target/local-repo/org/codehaus/plexus/plexus-utils/1.5.15/_remote.repositories
[DEBUG] Writing tracking file /Users/olamy/dev/sources/maven/plugins/maven-invoker-plugin/target/local-repo/org/codehaus/plexus/plexus-utils/1.5.15/plexus-utils-1.5.15.pom.lastUpdated
[DEBUG] Using transporter WagonTransporter with priority -1.0 for file:///Users/olamy/.m2/repository
[DEBUG] Using connector BasicRepositoryConnector with priority 0.0 for file:///Users/olamy/.m2/repository
[INFO] Downloading from local.central: file:///Users/olamy/.m2/repository/org/codehaus/plexus/plexus-interpolation/1.12/plexus-interpolation-1.12.pom
[INFO] Downloaded from local.central: file:///Users/olamy/.m2/repository/org/codehaus/plexus/plexus-interpolation/1.12/plexus-interpolation-1.12.pom (889 B at 296 kB/s)
[DEBUG] Writing tracking file /Users/olamy/dev/sources/maven/plugins/maven-invoker-plugin/target/local-repo/org/codehaus/plexus/plexus-interpolation/1.12/_remote.repositories
[DEBUG] Writing tracking file /Users/olamy/dev/sources/maven/plugins/maven-invoker-plugin/target/local-repo/org/codehaus/plexus/plexus-interpolation/1.12/plexus-interpolation-1.12.pom.lastUpdated
[DEBUG] Using transporter WagonTransporter with priority -1.0 for file:///Users/olamy/.m2/repository
[DEBUG] Using connector BasicRepositoryConnector with priority 0.0 for file:///Users/olamy/.m2/repository
[INFO] Downloading from local.central: file:///Users/olamy/.m2/repository/org/codehaus/plexus/plexus-components/1.1.14/plexus-components-1.1.14.pom
[INFO] Downloaded from local.central: file:///Users/olamy/.m2/repository/org/codehaus/plexus/plexus-components/1.1.14/plexus-components-1.1.14.pom (5.8 kB at 2.9 MB/s)
[DEBUG] Writing tracking file /Users/olamy/dev/sources/maven/plugins/maven-invoker-plugin/target/local-repo/org/codehaus/plexus/plexus-components/1.1.14/_remote.repositories
[DEBUG] Writing tracking file /Users/olamy/dev/sources/maven/plugins/maven-invoker-plugin/target/local-repo/org/codehaus/plexus/plexus-components/1.1.14/plexus-components-1.1.14.pom.lastUpdated
[DEBUG] Using transporter WagonTransporter with priority -1.0 for file:///Users/olamy/.m2/repository
[DEBUG] Using connector BasicRepositoryConnector with priority 0.0 for file:///Users/olamy/.m2/repository
[INFO] Downloading from local.central: file:///Users/olamy/.m2/repository/org/sonatype/plexus/plexus-build-api/0.0.4/plexus-build-api-0.0.4.pom
[INFO] Downloaded from local.central: file:///Users/olamy/.m2/repository/org/sonatype/plexus/plexus-build-api/0.0.4/plexus-build-api-0.0.4.pom (2.9 kB at 1.4 MB/s)
[DEBUG] Writing tracking file /Users/olamy/dev/sources/maven/plugins/maven-invoker-plugin/target/local-repo/org/sonatype/plexus/plexus-build-api/0.0.4/_remote.repositories
[DEBUG] Writing tracking file /Users/olamy/dev/sources/maven/plugins/maven-invoker-plugin/target/local-repo/org/sonatype/plexus/plexus-build-api/0.0.4/plexus-build-api-0.0.4.pom.lastUpdated
[DEBUG] Using transporter WagonTransporter with priority -1.0 for file:///Users/olamy/.m2/repository
[DEBUG] Using connector BasicRepositoryConnector with priority 0.0 for file:///Users/olamy/.m2/repository
[INFO] Downloading from local.central: file:///Users/olamy/.m2/repository/org/sonatype/spice/spice-parent/10/spice-parent-10.pom
[INFO] Downloaded from local.central: file:///Users/olamy/.m2/repository/org/sonatype/spice/spice-parent/10/spice-parent-10.pom (3.0 kB at 1.5 MB/s)
[DEBUG] Writing tracking file /Users/olamy/dev/sources/maven/plugins/maven-invoker-plugin/target/local-repo/org/sonatype/spice/spice-parent/10/_remote.repositories
[DEBUG] Writing tracking file /Users/olamy/dev/sources/maven/plugins/maven-invoker-plugin/target/local-repo/org/sonatype/spice/spice-parent/10/spice-parent-10.pom.lastUpdated
[DEBUG] Using transporter WagonTransporter with priority -1.0 for file:///Users/olamy/.m2/repository
[DEBUG] Using connector BasicRepositoryConnector with priority 0.0 for file:///Users/olamy/.m2/repository
[INFO] Downloading from local.central: file:///Users/olamy/.m2/repository/org/sonatype/forge/forge-parent/3/forge-parent-3.pom
[INFO] Downloaded from local.central: file:///Users/olamy/.m2/repository/org/sonatype/forge/forge-parent/3/forge-parent-3.pom (5.0 kB at 2.5 MB/s)
[DEBUG] Writing tracking file /Users/olamy/dev/sources/maven/plugins/maven-invoker-plugin/target/local-repo/org/sonatype/forge/forge-parent/3/_remote.repositories
[DEBUG] Writing tracking file /Users/olamy/dev/sources/maven/plugins/maven-invoker-plugin/target/local-repo/org/sonatype/forge/forge-parent/3/forge-parent-3.pom.lastUpdated
[DEBUG] Using transporter WagonTransporter with priority -1.0 for file:///Users/olamy/.m2/repository
[DEBUG] Using connector BasicRepositoryConnector with priority 0.0 for file:///Users/olamy/.m2/repository
[INFO] Downloading from local.central: file:///Users/olamy/.m2/repository/org/codehaus/plexus/plexus-interpolation/1.13/plexus-interpolation-1.13.pom
[INFO] Downloaded from local.central: file:///Users/olamy/.m2/repository/org/codehaus/plexus/plexus-interpolation/1.13/plexus-interpolation-1.13.pom (890 B at 297 kB/s)
[DEBUG] Writing tracking file /Users/olamy/dev/sources/maven/plugins/maven-invoker-plugin/target/local-repo/org/codehaus/plexus/plexus-interpolation/1.13/_remote.repositories
[DEBUG] Writing tracking file /Users/olamy/dev/sources/maven/plugins/maven-invoker-plugin/target/local-repo/org/codehaus/plexus/plexus-interpolation/1.13/plexus-interpolation-1.13.pom.lastUpdated
[DEBUG] Using transporter WagonTransporter with priority -1.0 for file:///Users/olamy/.m2/repository
[DEBUG] Using connector BasicRepositoryConnector with priority 0.0 for file:///Users/olamy/.m2/repository
[INFO] Downloading from local.central: file:///Users/olamy/.m2/repository/org/codehaus/plexus/plexus-components/1.1.15/plexus-components-1.1.15.pom
[INFO] Downloaded from local.central: file:///Users/olamy/.m2/repository/org/codehaus/plexus/plexus-components/1.1.15/plexus-components-1.1.15.pom (2.8 kB at 949 kB/s)
[DEBUG] Writing tracking file /Users/olamy/dev/sources/maven/plugins/maven-invoker-plugin/target/local-repo/org/codehaus/plexus/plexus-components/1.1.15/_remote.repositories
[DEBUG] Writing tracking file /Users/olamy/dev/sources/maven/plugins/maven-invoker-plugin/target/local-repo/org/codehaus/plexus/plexus-components/1.1.15/plexus-components-1.1.15.pom.lastUpdated
[DEBUG] Using transporter WagonTransporter with priority -1.0 for file:///Users/olamy/.m2/repository
[DEBUG] Using connector BasicRepositoryConnector with priority 0.0 for file:///Users/olamy/.m2/repository
[INFO] Downloading from local.central: file:///Users/olamy/.m2/repository/org/codehaus/plexus/plexus/2.0.3/plexus-2.0.3.pom
[INFO] Downloaded from local.central: file:///Users/olamy/.m2/repository/org/codehaus/plexus/plexus/2.0.3/plexus-2.0.3.pom (15 kB at 5.2 MB/s)
[DEBUG] Writing tracking file /Users/olamy/dev/sources/maven/plugins/maven-invoker-plugin/target/local-repo/org/codehaus/plexus/plexus/2.0.3/_remote.repositories
[DEBUG] Writing tracking file /Users/olamy/dev/sources/maven/plugins/maven-invoker-plugin/target/local-repo/org/codehaus/plexus/plexus/2.0.3/plexus-2.0.3.pom.lastUpdated
[DEBUG] Dependency collection stats: {ConflictMarker.analyzeTime=241362, ConflictMarker.markTime=107068, ConflictMarker.nodeCount=77, ConflictIdSorter.graphTime=123491, ConflictIdSorter.topsortTime=21170, ConflictIdSorter.conflictIdCount=26, ConflictIdSorter.conflictIdCycleCount=0, ConflictResolver.totalTime=1831825, ConflictResolver.conflictItemCount=74, DefaultDependencyCollector.collectTime=231287740, DefaultDependencyCollector.transformTime=2410289}
[DEBUG] org.apache.maven.plugins:maven-resources-plugin:jar:2.6:
[DEBUG]    org.apache.maven:maven-plugin-api:jar:2.0.6:compile
[DEBUG]    org.apache.maven:maven-project:jar:2.0.6:compile
[DEBUG]       org.apache.maven:maven-profile:jar:2.0.6:compile
[DEBUG]       org.apache.maven:maven-artifact-manager:jar:2.0.6:compile
[DEBUG]       org.apache.maven:maven-plugin-registry:jar:2.0.6:compile
[DEBUG]    org.apache.maven:maven-core:jar:2.0.6:compile
[DEBUG]       org.apache.maven:maven-plugin-parameter-documenter:jar:2.0.6:compile
[DEBUG]       org.apache.maven.reporting:maven-reporting-api:jar:2.0.6:compile
[DEBUG]          org.apache.maven.doxia:doxia-sink-api:jar:1.0-alpha-7:compile
[DEBUG]       org.apache.maven:maven-repository-metadata:jar:2.0.6:compile
[DEBUG]       org.apache.maven:maven-error-diagnostics:jar:2.0.6:compile
[DEBUG]       commons-cli:commons-cli:jar:1.0:compile
[DEBUG]       org.apache.maven:maven-plugin-descriptor:jar:2.0.6:compile
[DEBUG]       org.codehaus.plexus:plexus-interactivity-api:jar:1.0-alpha-4:compile
[DEBUG]       classworlds:classworlds:jar:1.1:compile
[DEBUG]    org.apache.maven:maven-artifact:jar:2.0.6:compile
[DEBUG]    org.apache.maven:maven-settings:jar:2.0.6:compile
[DEBUG]    org.apache.maven:maven-model:jar:2.0.6:compile
[DEBUG]    org.apache.maven:maven-monitor:jar:2.0.6:compile
[DEBUG]    org.codehaus.plexus:plexus-container-default:jar:1.0-alpha-9-stable-1:compile
[DEBUG]       junit:junit:jar:3.8.1:compile
[DEBUG]    org.codehaus.plexus:plexus-utils:jar:2.0.5:compile
[DEBUG]    org.apache.maven.shared:maven-filtering:jar:1.1:compile
[DEBUG]       org.sonatype.plexus:plexus-build-api:jar:0.0.4:compile
[DEBUG]    org.codehaus.plexus:plexus-interpolation:jar:1.13:compile
[DEBUG] Using transporter WagonTransporter with priority -1.0 for file:///Users/olamy/.m2/repository
[DEBUG] Using connector BasicRepositoryConnector with priority 0.0 for file:///Users/olamy/.m2/repository
[INFO] Downloading from local.central: file:///Users/olamy/.m2/repository/org/apache/maven/maven-project/2.0.6/maven-project-2.0.6.jar
[INFO] Downloading from local.central: file:///Users/olamy/.m2/repository/org/apache/maven/maven-profile/2.0.6/maven-profile-2.0.6.jar
[INFO] Downloading from local.central: file:///Users/olamy/.m2/repository/org/apache/maven/maven-plugin-registry/2.0.6/maven-plugin-registry-2.0.6.jar
[INFO] Downloading from local.central: file:///Users/olamy/.m2/repository/org/apache/maven/maven-artifact-manager/2.0.6/maven-artifact-manager-2.0.6.jar
[INFO] Downloading from local.central: file:///Users/olamy/.m2/repository/org/apache/maven/maven-core/2.0.6/maven-core-2.0.6.jar
[INFO] Downloaded from local.central: file:///Users/olamy/.m2/repository/org/apache/maven/maven-plugin-registry/2.0.6/maven-plugin-registry-2.0.6.jar (29 kB at 7.2 MB/s)
[INFO] Downloaded from local.central: file:///Users/olamy/.m2/repository/org/apache/maven/maven-profile/2.0.6/maven-profile-2.0.6.jar (35 kB at 8.8 MB/s)
[INFO] Downloading from local.central: file:///Users/olamy/.m2/repository/org/apache/maven/maven-plugin-parameter-documenter/2.0.6/maven-plugin-parameter-documenter-2.0.6.jar
[INFO] Downloading from local.central: file:///Users/olamy/.m2/repository/org/apache/maven/reporting/maven-reporting-api/2.0.6/maven-reporting-api-2.0.6.jar
[INFO] Downloaded from local.central: file:///Users/olamy/.m2/repository/org/apache/maven/maven-project/2.0.6/maven-project-2.0.6.jar (116 kB at 15 MB/s)
[INFO] Downloading from local.central: file:///Users/olamy/.m2/repository/org/apache/maven/doxia/doxia-sink-api/1.0-alpha-7/doxia-sink-api-1.0-alpha-7.jar
[INFO] Downloaded from local.central: file:///Users/olamy/.m2/repository/org/apache/maven/maven-artifact-manager/2.0.6/maven-artifact-manager-2.0.6.jar (57 kB at 7.1 MB/s)
[INFO] Downloading from local.central: file:///Users/olamy/.m2/repository/org/apache/maven/maven-repository-metadata/2.0.6/maven-repository-metadata-2.0.6.jar
[INFO] Downloaded from local.central: file:///Users/olamy/.m2/repository/org/apache/maven/maven-plugin-parameter-documenter/2.0.6/maven-plugin-parameter-documenter-2.0.6.jar (21 kB at 3.0 MB/s)
[INFO] Downloading from local.central: file:///Users/olamy/.m2/repository/org/apache/maven/maven-error-diagnostics/2.0.6/maven-error-diagnostics-2.0.6.jar
[INFO] Downloaded from local.central: file:///Users/olamy/.m2/repository/org/apache/maven/maven-core/2.0.6/maven-core-2.0.6.jar (152 kB at 17 MB/s)
[INFO] Downloaded from local.central: file:///Users/olamy/.m2/repository/org/apache/maven/reporting/maven-reporting-api/2.0.6/maven-reporting-api-2.0.6.jar (9.9 kB at 1.2 MB/s)
[INFO] Downloading from local.central: file:///Users/olamy/.m2/repository/org/apache/maven/maven-plugin-descriptor/2.0.6/maven-plugin-descriptor-2.0.6.jar
[INFO] Downloading from local.central: file:///Users/olamy/.m2/repository/org/apache/maven/maven-artifact/2.0.6/maven-artifact-2.0.6.jar
[INFO] Downloaded from local.central: file:///Users/olamy/.m2/repository/org/apache/maven/doxia/doxia-sink-api/1.0-alpha-7/doxia-sink-api-1.0-alpha-7.jar (5.9 kB at 660 kB/s)
[INFO] Downloading from local.central: file:///Users/olamy/.m2/repository/org/apache/maven/maven-settings/2.0.6/maven-settings-2.0.6.jar
[INFO] Downloaded from local.central: file:///Users/olamy/.m2/repository/org/apache/maven/maven-repository-metadata/2.0.6/maven-repository-metadata-2.0.6.jar (24 kB at 2.2 MB/s)
[INFO] Downloaded from local.central: file:///Users/olamy/.m2/repository/org/apache/maven/maven-error-diagnostics/2.0.6/maven-error-diagnostics-2.0.6.jar (14 kB at 1.2 MB/s)
[INFO] Downloading from local.central: file:///Users/olamy/.m2/repository/org/apache/maven/maven-model/2.0.6/maven-model-2.0.6.jar
[INFO] Downloading from local.central: file:///Users/olamy/.m2/repository/org/apache/maven/maven-monitor/2.0.6/maven-monitor-2.0.6.jar
[INFO] Downloaded from local.central: file:///Users/olamy/.m2/repository/org/apache/maven/maven-plugin-descriptor/2.0.6/maven-plugin-descriptor-2.0.6.jar (37 kB at 3.1 MB/s)
[INFO] Downloading from local.central: file:///Users/olamy/.m2/repository/org/codehaus/plexus/plexus-utils/2.0.5/plexus-utils-2.0.5.jar
[INFO] Downloaded from local.central: file:///Users/olamy/.m2/repository/org/apache/maven/maven-settings/2.0.6/maven-settings-2.0.6.jar (49 kB at 3.5 MB/s)
[INFO] Downloading from local.central: file:///Users/olamy/.m2/repository/org/apache/maven/shared/maven-filtering/1.1/maven-filtering-1.1.jar
[INFO] Downloaded from local.central: file:///Users/olamy/.m2/repository/org/apache/maven/maven-artifact/2.0.6/maven-artifact-2.0.6.jar (87 kB at 6.2 MB/s)
[INFO] Downloading from local.central: file:///Users/olamy/.m2/repository/org/sonatype/plexus/plexus-build-api/0.0.4/plexus-build-api-0.0.4.jar
[INFO] Downloaded from local.central: file:///Users/olamy/.m2/repository/org/apache/maven/maven-monitor/2.0.6/maven-monitor-2.0.6.jar (10 kB at 683 kB/s)
[INFO] Downloading from local.central: file:///Users/olamy/.m2/repository/org/codehaus/plexus/plexus-interpolation/1.13/plexus-interpolation-1.13.jar
[INFO] Downloaded from local.central: file:///Users/olamy/.m2/repository/org/apache/maven/maven-model/2.0.6/maven-model-2.0.6.jar (86 kB at 5.4 MB/s)
[INFO] Downloaded from local.central: file:///Users/olamy/.m2/repository/org/sonatype/plexus/plexus-build-api/0.0.4/plexus-build-api-0.0.4.jar (6.8 kB at 401 kB/s)
[INFO] Downloaded from local.central: file:///Users/olamy/.m2/repository/org/apache/maven/shared/maven-filtering/1.1/maven-filtering-1.1.jar (43 kB at 2.4 MB/s)
[INFO] Downloaded from local.central: file:///Users/olamy/.m2/repository/org/codehaus/plexus/plexus-interpolation/1.13/plexus-interpolation-1.13.jar (61 kB at 3.4 MB/s)
[INFO] Downloaded from local.central: file:///Users/olamy/.m2/repository/org/codehaus/plexus/plexus-utils/2.0.5/plexus-utils-2.0.5.jar (223 kB at 11 MB/s)
[DEBUG] Writing tracking file /Users/olamy/dev/sources/maven/plugins/maven-invoker-plugin/target/local-repo/org/apache/maven/maven-project/2.0.6/_remote.repositories
[DEBUG] Writing tracking file /Users/olamy/dev/sources/maven/plugins/maven-invoker-plugin/target/local-repo/org/apache/maven/maven-project/2.0.6/maven-project-2.0.6.jar.lastUpdated
[DEBUG] Writing tracking file /Users/olamy/dev/sources/maven/plugins/maven-invoker-plugin/target/local-repo/org/apache/maven/maven-profile/2.0.6/_remote.repositories
[DEBUG] Writing tracking file /Users/olamy/dev/sources/maven/plugins/maven-invoker-plugin/target/local-repo/org/apache/maven/maven-profile/2.0.6/maven-profile-2.0.6.jar.lastUpdated
[DEBUG] Writing tracking file /Users/olamy/dev/sources/maven/plugins/maven-invoker-plugin/target/local-repo/org/apache/maven/maven-artifact-manager/2.0.6/_remote.repositories
[DEBUG] Writing tracking file /Users/olamy/dev/sources/maven/plugins/maven-invoker-plugin/target/local-repo/org/apache/maven/maven-artifact-manager/2.0.6/maven-artifact-manager-2.0.6.jar.lastUpdated
[DEBUG] Writing tracking file /Users/olamy/dev/sources/maven/plugins/maven-invoker-plugin/target/local-repo/org/apache/maven/maven-plugin-registry/2.0.6/_remote.repositories
[DEBUG] Writing tracking file /Users/olamy/dev/sources/maven/plugins/maven-invoker-plugin/target/local-repo/org/apache/maven/maven-plugin-registry/2.0.6/maven-plugin-registry-2.0.6.jar.lastUpdated
[DEBUG] Writing tracking file /Users/olamy/dev/sources/maven/plugins/maven-invoker-plugin/target/local-repo/org/apache/maven/maven-core/2.0.6/_remote.repositories
[DEBUG] Writing tracking file /Users/olamy/dev/sources/maven/plugins/maven-invoker-plugin/target/local-repo/org/apache/maven/maven-core/2.0.6/maven-core-2.0.6.jar.lastUpdated
[DEBUG] Writing tracking file /Users/olamy/dev/sources/maven/plugins/maven-invoker-plugin/target/local-repo/org/apache/maven/maven-plugin-parameter-documenter/2.0.6/_remote.repositories
[DEBUG] Writing tracking file /Users/olamy/dev/sources/maven/plugins/maven-invoker-plugin/target/local-repo/org/apache/maven/maven-plugin-parameter-documenter/2.0.6/maven-plugin-parameter-documenter-2.0.6.jar.lastUpdated
[DEBUG] Writing tracking file /Users/olamy/dev/sources/maven/plugins/maven-invoker-plugin/target/local-repo/org/apache/maven/reporting/maven-reporting-api/2.0.6/_remote.repositories
[DEBUG] Writing tracking file /Users/olamy/dev/sources/maven/plugins/maven-invoker-plugin/target/local-repo/org/apache/maven/reporting/maven-reporting-api/2.0.6/maven-reporting-api-2.0.6.jar.lastUpdated
[DEBUG] Writing tracking file /Users/olamy/dev/sources/maven/plugins/maven-invoker-plugin/target/local-repo/org/apache/maven/doxia/doxia-sink-api/1.0-alpha-7/_remote.repositories
[DEBUG] Writing tracking file /Users/olamy/dev/sources/maven/plugins/maven-invoker-plugin/target/local-repo/org/apache/maven/doxia/doxia-sink-api/1.0-alpha-7/doxia-sink-api-1.0-alpha-7.jar.lastUpdated
[DEBUG] Writing tracking file /Users/olamy/dev/sources/maven/plugins/maven-invoker-plugin/target/local-repo/org/apache/maven/maven-repository-metadata/2.0.6/_remote.repositories
[DEBUG] Writing tracking file /Users/olamy/dev/sources/maven/plugins/maven-invoker-plugin/target/local-repo/org/apache/maven/maven-repository-metadata/2.0.6/maven-repository-metadata-2.0.6.jar.lastUpdated
[DEBUG] Writing tracking file /Users/olamy/dev/sources/maven/plugins/maven-invoker-plugin/target/local-repo/org/apache/maven/maven-error-diagnostics/2.0.6/_remote.repositories
[DEBUG] Writing tracking file /Users/olamy/dev/sources/maven/plugins/maven-invoker-plugin/target/local-repo/org/apache/maven/maven-error-diagnostics/2.0.6/maven-error-diagnostics-2.0.6.jar.lastUpdated
[DEBUG] Writing tracking file /Users/olamy/dev/sources/maven/plugins/maven-invoker-plugin/target/local-repo/org/apache/maven/maven-plugin-descriptor/2.0.6/_remote.repositories
[DEBUG] Writing tracking file /Users/olamy/dev/sources/maven/plugins/maven-invoker-plugin/target/local-repo/org/apache/maven/maven-plugin-descriptor/2.0.6/maven-plugin-descriptor-2.0.6.jar.lastUpdated
[DEBUG] Writing tracking file /Users/olamy/dev/sources/maven/plugins/maven-invoker-plugin/target/local-repo/org/apache/maven/maven-artifact/2.0.6/_remote.repositories
[DEBUG] Writing tracking file /Users/olamy/dev/sources/maven/plugins/maven-invoker-plugin/target/local-repo/org/apache/maven/maven-artifact/2.0.6/maven-artifact-2.0.6.jar.lastUpdated
[DEBUG] Writing tracking file /Users/olamy/dev/sources/maven/plugins/maven-invoker-plugin/target/local-repo/org/apache/maven/maven-settings/2.0.6/_remote.repositories
[DEBUG] Writing tracking file /Users/olamy/dev/sources/maven/plugins/maven-invoker-plugin/target/local-repo/org/apache/maven/maven-settings/2.0.6/maven-settings-2.0.6.jar.lastUpdated
[DEBUG] Writing tracking file /Users/olamy/dev/sources/maven/plugins/maven-invoker-plugin/target/local-repo/org/apache/maven/maven-model/2.0.6/_remote.repositories
[DEBUG] Writing tracking file /Users/olamy/dev/sources/maven/plugins/maven-invoker-plugin/target/local-repo/org/apache/maven/maven-model/2.0.6/maven-model-2.0.6.jar.lastUpdated
[DEBUG] Writing tracking file /Users/olamy/dev/sources/maven/plugins/maven-invoker-plugin/target/local-repo/org/apache/maven/maven-monitor/2.0.6/_remote.repositories
[DEBUG] Writing tracking file /Users/olamy/dev/sources/maven/plugins/maven-invoker-plugin/target/local-repo/org/apache/maven/maven-monitor/2.0.6/maven-monitor-2.0.6.jar.lastUpdated
[DEBUG] Writing tracking file /Users/olamy/dev/sources/maven/plugins/maven-invoker-plugin/target/local-repo/org/codehaus/plexus/plexus-utils/2.0.5/_remote.repositories
[DEBUG] Writing tracking file /Users/olamy/dev/sources/maven/plugins/maven-invoker-plugin/target/local-repo/org/codehaus/plexus/plexus-utils/2.0.5/plexus-utils-2.0.5.jar.lastUpdated
[DEBUG] Writing tracking file /Users/olamy/dev/sources/maven/plugins/maven-invoker-plugin/target/local-repo/org/apache/maven/shared/maven-filtering/1.1/_remote.repositories
[DEBUG] Writing tracking file /Users/olamy/dev/sources/maven/plugins/maven-invoker-plugin/target/local-repo/org/apache/maven/shared/maven-filtering/1.1/maven-filtering-1.1.jar.lastUpdated
[DEBUG] Writing tracking file /Users/olamy/dev/sources/maven/plugins/maven-invoker-plugin/target/local-repo/org/sonatype/plexus/plexus-build-api/0.0.4/_remote.repositories
[DEBUG] Writing tracking file /Users/olamy/dev/sources/maven/plugins/maven-invoker-plugin/target/local-repo/org/sonatype/plexus/plexus-build-api/0.0.4/plexus-build-api-0.0.4.jar.lastUpdated
[DEBUG] Writing tracking file /Users/olamy/dev/sources/maven/plugins/maven-invoker-plugin/target/local-repo/org/codehaus/plexus/plexus-interpolation/1.13/_remote.repositories
[DEBUG] Writing tracking file /Users/olamy/dev/sources/maven/plugins/maven-invoker-plugin/target/local-repo/org/codehaus/plexus/plexus-interpolation/1.13/plexus-interpolation-1.13.jar.lastUpdated
[DEBUG] Created new class realm plugin&gt;org.apache.maven.plugins:maven-resources-plugin:2.6
[DEBUG] Importing foreign packages into class realm plugin&gt;org.apache.maven.plugins:maven-resources-plugin:2.6
[DEBUG]   Imported:  &lt; maven.api
[DEBUG] Populating class realm plugin&gt;org.apache.maven.plugins:maven-resources-plugin:2.6
[DEBUG]   Included: org.apache.maven.plugins:maven-resources-plugin:jar:2.6
[DEBUG]   Included: org.apache.maven.reporting:maven-reporting-api:jar:2.0.6
[DEBUG]   Included: org.apache.maven.doxia:doxia-sink-api:jar:1.0-alpha-7
[DEBUG]   Included: commons-cli:commons-cli:jar:1.0
[DEBUG]   Included: org.codehaus.plexus:plexus-interactivity-api:jar:1.0-alpha-4
[DEBUG]   Included: junit:junit:jar:3.8.1
[DEBUG]   Included: org.codehaus.plexus:plexus-utils:jar:2.0.5
[DEBUG]   Included: org.apache.maven.shared:maven-filtering:jar:1.1
[DEBUG]   Included: org.sonatype.plexus:plexus-build-api:jar:0.0.4
[DEBUG]   Included: org.codehaus.plexus:plexus-interpolation:jar:1.13
[DEBUG] Configuring mojo org.apache.maven.plugins:maven-resources-plugin:2.6:resources from plugin realm ClassRealm[plugin&gt;org.apache.maven.plugins:maven-resources-plugin:2.6, parent: sun.misc.Launcher$AppClassLoader@5c647e05]
[DEBUG] Configuring mojo org.apache.maven.plugins:maven-resources-plugin:2.6:resources from plugin realm ClassRealm[plugin&gt;org.apache.maven.plugins:maven-resources-plugin:2.6, parent: sun.misc.Launcher$AppClassLoader@5c647e05]
[DEBUG] Configuring mojo org.apache.maven.plugins:maven-resources-plugin:2.6:resources from plugin realm ClassRealm[plugin&gt;org.apache.maven.plugins:maven-resources-plugin:2.6, parent: sun.misc.Launcher$AppClassLoader@5c647e05]
[DEBUG] Configuring mojo &apos;org.apache.maven.plugins:maven-resources-plugin:2.6:resources&apos; with basic configurator --&gt;
[DEBUG] Configuring mojo &apos;org.apache.maven.plugins:maven-resources-plugin:2.6:resources&apos; with basic configurator --&gt;
[DEBUG] Configuring mojo &apos;org.apache.maven.plugins:maven-resources-plugin:2.6:resources&apos; with basic configurator --&gt;
[DEBUG]   (f) buildFilters = []
[DEBUG]   (f) buildFilters = []
[DEBUG]   (f) buildFilters = []
[DEBUG]   (f) encoding = UTF-8
[DEBUG]   (f) encoding = UTF-8
[DEBUG]   (f) encoding = UTF-8
[DEBUG]   (f) escapeWindowsPaths = true
[DEBUG]   (f) escapeWindowsPaths = true
[DEBUG]   (f) escapeWindowsPaths = true
[DEBUG]   (s) includeEmptyDirs = false
[DEBUG]   (s) includeEmptyDirs = false
[DEBUG]   (s) outputDirectory = /Users/olamy/dev/sources/maven/plugins/maven-invoker-plugin/target/it/MINVOKER-191/module-a/target/classes
[DEBUG]   (s) includeEmptyDirs = false
[DEBUG]   (s) overwrite = false
[DEBUG]   (s) outputDirectory = /Users/olamy/dev/sources/maven/plugins/maven-invoker-plugin/target/it/MINVOKER-191/module-b/target/classes
[DEBUG]   (f) project = MavenProject: org.apache.maven.plugins.invoker:MINVOKER-191-java-a:1.0-SNAPSHOT @ /Users/olamy/dev/sources/maven/plugins/maven-invoker-plugin/target/it/MINVOKER-191/module-a/pom.xml
[DEBUG]   (s) outputDirectory = /Users/olamy/dev/sources/maven/plugins/maven-invoker-plugin/target/it/MINVOKER-191/plugin/target/classes
[DEBUG]   (s) overwrite = false
[DEBUG]   (s) resources = [Resource {targetPath: null, filtering: false, FileSet {directory: /Users/olamy/dev/sources/maven/plugins/maven-invoker-plugin/target/it/MINVOKER-191/module-a/src/main/resources, PatternSet [includes: {}, excludes: {}]}}]
[DEBUG]   (s) overwrite = false
[DEBUG]   (f) project = MavenProject: org.apache.maven.plugins.invoker:MINVOKER-191-plugin:1.0-SNAPSHOT @ /Users/olamy/dev/sources/maven/plugins/maven-invoker-plugin/target/it/MINVOKER-191/plugin/pom.xml
[DEBUG]   (f) project = MavenProject: org.apache.maven.plugins.invoker:MINVOKER-191-java-b:1.0-SNAPSHOT @ /Users/olamy/dev/sources/maven/plugins/maven-invoker-plugin/target/it/MINVOKER-191/module-b/pom.xml
[DEBUG]   (s) resources = [Resource {targetPath: null, filtering: false, FileSet {directory: /Users/olamy/dev/sources/maven/plugins/maven-invoker-plugin/target/it/MINVOKER-191/plugin/src/main/resources, PatternSet [includes: {}, excludes: {}]}}]
[DEBUG]   (f) session = org.apache.maven.execution.MavenSession@74978e86
[DEBUG]   (f) session = org.apache.maven.execution.MavenSession@cef806a
[DEBUG]   (s) resources = [Resource {targetPath: null, filtering: false, FileSet {directory: /Users/olamy/dev/sources/maven/plugins/maven-invoker-plugin/target/it/MINVOKER-191/module-b/src/main/resources, PatternSet [includes: {}, excludes: {}]}}]
[DEBUG]   (f) supportMultiLineFiltering = false
[DEBUG]   (f) supportMultiLineFiltering = false
[DEBUG]   (f) useBuildFilters = true
[DEBUG]   (f) session = org.apache.maven.execution.MavenSession@79061d0d
[DEBUG]   (s) useDefaultDelimiters = true
[DEBUG]   (f) useBuildFilters = true
[DEBUG] -- end configuration --
[DEBUG]   (f) supportMultiLineFiltering = false
[DEBUG]   (s) useDefaultDelimiters = true
[DEBUG] -- end configuration --
[DEBUG]   (f) useBuildFilters = true
[DEBUG]   (s) useDefaultDelimiters = true
[DEBUG] -- end configuration --
[DEBUG] properties used {java.vendor=Oracle Corporation, env.JAVA_MAIN_CLASS_58276=org.codehaus.plexus.classworlds.launcher.Launcher, sun.java.launcher=SUN_STANDARD, env.XPC_SERVICE_NAME=0, sun.management.compiler=HotSpot 64-Bit Tiered Compilers, env.SECURITYSESSIONID=186a9, env.DOCKER_HOST=unix:///var/run/docker.sock, os.name=Mac OS X, sun.boot.class.path=/Library/Java/JavaVirtualMachines/jdk1.8.0_201.jdk/Contents/Home/jre/lib/resources.jar:/Library/Java/JavaVirtualMachines/jdk1.8.0_201.jdk/Contents/Home/jre/lib/rt.jar:/Library/Java/JavaVirtualMachines/jdk1.8.0_201.jdk/Contents/Home/jre/lib/sunrsasign.jar:/Library/Java/JavaVirtualMachines/jdk1.8.0_201.jdk/Contents/Home/jre/lib/jsse.jar:/Library/Java/JavaVirtualMachines/jdk1.8.0_201.jdk/Contents/Home/jre/lib/jce.jar:/Library/Java/JavaVirtualMachines/jdk1.8.0_201.jdk/Contents/Home/jre/lib/charsets.jar:/Library/Java/JavaVirtualMachines/jdk1.8.0_201.jdk/Contents/Home/jre/lib/jfr.jar:/Library/Java/JavaVirtualMachines/jdk1.8.0_201.jdk/Contents/Home/jre/classes, env.TMPDIR=/var/folders/lj/91x5yt6x07x79t9297g4s5c40000gp/T/, env.PWD=/Users/olamy/dev/sources/maven/plugins/maven-invoker-plugin/target/it/MINVOKER-191, env.LANG=en_AU.UTF-8, java.vm.specification.vendor=Oracle Corporation, java.runtime.version=1.8.0_201-b09, env.Apple_PubSub_Socket_Render=/private/tmp/com.apple.launchd.ZoQ2U5AOOf/Render, project.build.sourceEncoding=UTF-8, user.name=olamy, env.GOOGLE_APPLICATION_CREDENTIALS=/Users/olamy/dev/sources/open-sources/jetty/jetty9-work-30268db71eb2.json, maven.build.version=Apache Maven 3.6.1 (d66c9c0b3152b2e69ee9bac180bb8fcc8e6af555; 2019-04-05T05:00:29+10:00), env.USER=olamy, env.SHELL=/bin/bash, env.__CF_USER_TEXT_ENCODING=0x1F6:0x0:0xF, maven.repo.local=/Users/olamy/dev/sources/maven/plugins/maven-invoker-plugin/target/local-repo, env.PATH=/Users/olamy/softs/google-cloud-sdk/bin:/Users/olamy/softs/maven/apache-maven-3.6.1/bin:/Library/Java/JavaVirtualMachines/jdk1.8.0_121.jdk/Contents/Home//bin:/usr/local/bin:/Users/olamy/softs/maven/apache-maven-3.6.1/bin:/usr/local/bin:/bin:/Library/Java/JavaVirtualMachines/jdk1.8.0_121.jdk/Contents/Home//bin:/usr/local/bin:/opt/subversion/bin:/Users/olamy/softs/apache-ant-1.8.2/bin:/opt/local/bin:/opt/local/sbin:/usr/local/bin:/usr/bin:/bin:/usr/sbin:/sbin:/Applications/Wireshark.app/Contents/MacOS:/usr/local/share/npm/bin:/Users/olamy/softs/google-cloud-sdk/bin:/Users/olamy/softs/maven/mvnsh-master/bin/mvnsh:/Users/olamy/softs/j2objc-2.0/:/Users/olamy/dev/sources/jenkins/support-shinobi-tools/exec, user.language=en, sun.boot.library.path=/Library/Java/JavaVirtualMachines/jdk1.8.0_201.jdk/Contents/Home/jre/lib, classworlds.conf=/Users/olamy/softs/maven/apache-maven-3.6.1/bin/m2.conf, env.XPC_FLAGS=0x0, java.version=1.8.0_201, user.timezone=, sun.arch.data.model=64, http.nonProxyHosts=local|*.local|169.254/16|*.169.254/16, java.endorsed.dirs=/Library/Java/JavaVirtualMachines/jdk1.8.0_201.jdk/Contents/Home/jre/lib/endorsed, sun.cpu.isalist=, sun.jnu.encoding=UTF-8, file.encoding.pkg=sun.io, env.SHLVL=2, file.separator=/, java.specification.name=Java Platform API Specification, maven.conf=/Users/olamy/softs/maven/apache-maven-3.6.1/conf, java.class.version=52.0, user.country=AU, java.home=/Library/Java/JavaVirtualMachines/jdk1.8.0_201.jdk/Contents/Home/jre, java.vm.info=mixed mode, env.LOGNAME=olamy, os.version=10.14.5, maven.compiler.target=1.7, env.TERM_PROGRAM_VERSION=421.2, env.GCLOUD_PATH=/Users/olamy/softs/google-cloud-sdk, path.separator=:, java.vm.version=25.201-b09, it.settings-inherit=exists, env.JAVA_HOME=/Library/Java/JavaVirtualMachines/jdk1.8.0_201.jdk/Contents/Home, java.awt.printerjob=sun.lwawt.macosx.CPrinterJob, env.TERM=xterm-256color, sun.io.unicode.encoding=UnicodeBig, awt.toolkit=sun.lwawt.macosx.LWCToolkit, socksNonProxyHosts=local|*.local|169.254/16|*.169.254/16, ftp.nonProxyHosts=local|*.local|169.254/16|*.169.254/16, env.BORINGSSL_HOME=/Users/olamy/dev/sources/open-sources/jetty/boringssl, user.home=/Users/olamy, env.OLDPWD=/Users/olamy/dev/sources/maven/plugins/maven-invoker-plugin/target/it/MINVOKER-191, java.specification.vendor=Oracle Corporation, env.TERM_PROGRAM=Apple_Terminal, env.M2_HOME=/Users/olamy/softs/maven/apache-maven-3.6.1, library.jansi.path=/Users/olamy/softs/maven/apache-maven-3.6.1/lib/jansi-native, java.library.path=/Users/olamy/Library/Java/Extensions:/Library/Java/Extensions:/Network/Library/Java/Extensions:/System/Library/Java/Extensions:/usr/lib/java:., java.vendor.url=http://java.oracle.com/, env.SVN_EDITOR=vi, env.MAVEN_CMD_LINE_ARGS= -B -X -D maven.repo.local=/Users/olamy/dev/sources/maven/plugins/maven-invoker-plugin/target/local-repo -s /Users/olamy/dev/sources/maven/plugins/maven-invoker-plugin/target/it/interpolated-settings.xml -D maven.compiler.source=1.7 -D maven.compiler.target=1.7 verify -T3, env.JAVA_MAIN_CLASS_58591=org.codehaus.plexus.classworlds.launcher.Launcher, java.vm.vendor=Oracle Corporation, gopherProxySet=false, invoker.repo.local=/Users/olamy/.m2/repository, maven.home=/Users/olamy/softs/maven/apache-maven-3.6.1, java.runtime.name=Java(TM) SE Runtime Environment, sun.java.command=org.codehaus.plexus.classworlds.launcher.Launcher -B -X -D maven.repo.local=/Users/olamy/dev/sources/maven/plugins/maven-invoker-plugin/target/local-repo -s /Users/olamy/dev/sources/maven/plugins/maven-invoker-plugin/target/it/interpolated-settings.xml -D maven.compiler.source=1.7 -D maven.compiler.target=1.7 verify -T3, java.class.path=/Users/olamy/softs/maven/apache-maven-3.6.1/boot/plexus-classworlds-2.6.0.jar, env.MAVEN_TERMINATE_CMD=on, env.TERM_SESSION_ID=ABBFB5AA-DE1F-44BA-B4DA-18751C4E4E7C, env.CB_SUPPORT_HOME=/Users/olamy/cbsupporthome, env.JENKINS_MAVEN_AGENT_DISABLED=true, maven.version=3.6.1, java.vm.specification.name=Java Virtual Machine Specification, java.vm.specification.version=1.8, sun.cpu.endian=little, sun.os.patch.level=unknown, env.HOME=/Users/olamy, env.ANT_HOME=/Users/olamy/softs/apache-ant-1.8.2, java.io.tmpdir=/Users/olamy/dev/sources/maven/plugins/maven-invoker-plugin/target, java.vendor.url.bug=http://bugreport.sun.com/bugreport/, maven.multiModuleProjectDirectory=/Users/olamy/dev/sources/maven/plugins/maven-invoker-plugin/target/it/MINVOKER-191, env.MAVEN_OPTS= -Djava.io.tmpdir=/Users/olamy/dev/sources/maven/plugins/maven-invoker-plugin/target, env.SSH_AUTH_SOCK=/private/tmp/com.apple.launchd.fc2cpAmwf1/Listeners, maven.compiler.source=1.7, os.arch=x86_64, java.awt.graphicsenv=sun.awt.CGraphicsEnvironment, java.ext.dirs=/Users/olamy/Library/Java/Extensions:/Library/Java/JavaVirtualMachines/jdk1.8.0_201.jdk/Contents/Home/jre/lib/ext:/Library/Java/Extensions:/Network/Library/Java/Extensions:/System/Library/Java/Extensions:/usr/lib/java, user.dir=/Users/olamy/dev/sources/maven/plugins/maven-invoker-plugin/target/it/MINVOKER-191, it.settings-merge.1=exists, line.separator=
, java.vm.name=Java HotSpot(TM) 64-Bit Server VM, file.encoding=UTF-8, java.specification.version=1.8, env.MAVEN_PROJECTBASEDIR=/Users/olamy/dev/sources/maven/plugins/maven-invoker-plugin/target/it/MINVOKER-191}
[DEBUG] properties used {java.vendor=Oracle Corporation, env.JAVA_MAIN_CLASS_58276=org.codehaus.plexus.classworlds.launcher.Launcher, sun.java.launcher=SUN_STANDARD, env.XPC_SERVICE_NAME=0, sun.management.compiler=HotSpot 64-Bit Tiered Compilers, env.SECURITYSESSIONID=186a9, env.DOCKER_HOST=unix:///var/run/docker.sock, os.name=Mac OS X, sun.boot.class.path=/Library/Java/JavaVirtualMachines/jdk1.8.0_201.jdk/Contents/Home/jre/lib/resources.jar:/Library/Java/JavaVirtualMachines/jdk1.8.0_201.jdk/Contents/Home/jre/lib/rt.jar:/Library/Java/JavaVirtualMachines/jdk1.8.0_201.jdk/Contents/Home/jre/lib/sunrsasign.jar:/Library/Java/JavaVirtualMachines/jdk1.8.0_201.jdk/Contents/Home/jre/lib/jsse.jar:/Library/Java/JavaVirtualMachines/jdk1.8.0_201.jdk/Contents/Home/jre/lib/jce.jar:/Library/Java/JavaVirtualMachines/jdk1.8.0_201.jdk/Contents/Home/jre/lib/charsets.jar:/Library/Java/JavaVirtualMachines/jdk1.8.0_201.jdk/Contents/Home/jre/lib/jfr.jar:/Library/Java/JavaVirtualMachines/jdk1.8.0_201.jdk/Contents/Home/jre/classes, env.TMPDIR=/var/folders/lj/91x5yt6x07x79t9297g4s5c40000gp/T/, env.PWD=/Users/olamy/dev/sources/maven/plugins/maven-invoker-plugin/target/it/MINVOKER-191, env.LANG=en_AU.UTF-8, java.vm.specification.vendor=Oracle Corporation, java.runtime.version=1.8.0_201-b09, env.Apple_PubSub_Socket_Render=/private/tmp/com.apple.launchd.ZoQ2U5AOOf/Render, project.build.sourceEncoding=UTF-8, user.name=olamy, env.GOOGLE_APPLICATION_CREDENTIALS=/Users/olamy/dev/sources/open-sources/jetty/jetty9-work-30268db71eb2.json, maven.build.version=Apache Maven 3.6.1 (d66c9c0b3152b2e69ee9bac180bb8fcc8e6af555; 2019-04-05T05:00:29+10:00), env.USER=olamy, env.SHELL=/bin/bash, env.__CF_USER_TEXT_ENCODING=0x1F6:0x0:0xF, maven.repo.local=/Users/olamy/dev/sources/maven/plugins/maven-invoker-plugin/target/local-repo, env.PATH=/Users/olamy/softs/google-cloud-sdk/bin:/Users/olamy/softs/maven/apache-maven-3.6.1/bin:/Library/Java/JavaVirtualMachines/jdk1.8.0_121.jdk/Contents/Home//bin:/usr/local/bin:/Users/olamy/softs/maven/apache-maven-3.6.1/bin:/usr/local/bin:/bin:/Library/Java/JavaVirtualMachines/jdk1.8.0_121.jdk/Contents/Home//bin:/usr/local/bin:/opt/subversion/bin:/Users/olamy/softs/apache-ant-1.8.2/bin:/opt/local/bin:/opt/local/sbin:/usr/local/bin:/usr/bin:/bin:/usr/sbin:/sbin:/Applications/Wireshark.app/Contents/MacOS:/usr/local/share/npm/bin:/Users/olamy/softs/google-cloud-sdk/bin:/Users/olamy/softs/maven/mvnsh-master/bin/mvnsh:/Users/olamy/softs/j2objc-2.0/:/Users/olamy/dev/sources/jenkins/support-shinobi-tools/exec, user.language=en, sun.boot.library.path=/Library/Java/JavaVirtualMachines/jdk1.8.0_201.jdk/Contents/Home/jre/lib, classworlds.conf=/Users/olamy/softs/maven/apache-maven-3.6.1/bin/m2.conf, env.XPC_FLAGS=0x0, java.version=1.8.0_201, user.timezone=, sun.arch.data.model=64, http.nonProxyHosts=local|*.local|169.254/16|*.169.254/16, java.endorsed.dirs=/Library/Java/JavaVirtualMachines/jdk1.8.0_201.jdk/Contents/Home/jre/lib/endorsed, sun.cpu.isalist=, sun.jnu.encoding=UTF-8, file.encoding.pkg=sun.io, env.SHLVL=2, file.separator=/, java.specification.name=Java Platform API Specification, maven.conf=/Users/olamy/softs/maven/apache-maven-3.6.1/conf, java.class.version=52.0, user.country=AU, java.home=/Library/Java/JavaVirtualMachines/jdk1.8.0_201.jdk/Contents/Home/jre, java.vm.info=mixed mode, env.LOGNAME=olamy, os.version=10.14.5, maven.compiler.target=1.7, env.TERM_PROGRAM_VERSION=421.2, env.GCLOUD_PATH=/Users/olamy/softs/google-cloud-sdk, path.separator=:, java.vm.version=25.201-b09, it.settings-inherit=exists, env.JAVA_HOME=/Library/Java/JavaVirtualMachines/jdk1.8.0_201.jdk/Contents/Home, java.awt.printerjob=sun.lwawt.macosx.CPrinterJob, env.TERM=xterm-256color, sun.io.unicode.encoding=UnicodeBig, awt.toolkit=sun.lwawt.macosx.LWCToolkit, socksNonProxyHosts=local|*.local|169.254/16|*.169.254/16, ftp.nonProxyHosts=local|*.local|169.254/16|*.169.254/16, env.BORINGSSL_HOME=/Users/olamy/dev/sources/open-sources/jetty/boringssl, user.home=/Users/olamy, env.OLDPWD=/Users/olamy/dev/sources/maven/plugins/maven-invoker-plugin/target/it/MINVOKER-191, java.specification.vendor=Oracle Corporation, env.TERM_PROGRAM=Apple_Terminal, env.M2_HOME=/Users/olamy/softs/maven/apache-maven-3.6.1, library.jansi.path=/Users/olamy/softs/maven/apache-maven-3.6.1/lib/jansi-native, java.library.path=/Users/olamy/Library/Java/Extensions:/Library/Java/Extensions:/Network/Library/Java/Extensions:/System/Library/Java/Extensions:/usr/lib/java:., java.vendor.url=http://java.oracle.com/, env.SVN_EDITOR=vi, env.MAVEN_CMD_LINE_ARGS= -B -X -D maven.repo.local=/Users/olamy/dev/sources/maven/plugins/maven-invoker-plugin/target/local-repo -s /Users/olamy/dev/sources/maven/plugins/maven-invoker-plugin/target/it/interpolated-settings.xml -D maven.compiler.source=1.7 -D maven.compiler.target=1.7 verify -T3, env.JAVA_MAIN_CLASS_58591=org.codehaus.plexus.classworlds.launcher.Launcher, java.vm.vendor=Oracle Corporation, gopherProxySet=false, invoker.repo.local=/Users/olamy/.m2/repository, maven.home=/Users/olamy/softs/maven/apache-maven-3.6.1, java.runtime.name=Java(TM) SE Runtime Environment, sun.java.command=org.codehaus.plexus.classworlds.launcher.Launcher -B -X -D maven.repo.local=/Users/olamy/dev/sources/maven/plugins/maven-invoker-plugin/target/local-repo -s /Users/olamy/dev/sources/maven/plugins/maven-invoker-plugin/target/it/interpolated-settings.xml -D maven.compiler.source=1.7 -D maven.compiler.target=1.7 verify -T3, java.class.path=/Users/olamy/softs/maven/apache-maven-3.6.1/boot/plexus-classworlds-2.6.0.jar, env.MAVEN_TERMINATE_CMD=on, env.TERM_SESSION_ID=ABBFB5AA-DE1F-44BA-B4DA-18751C4E4E7C, env.CB_SUPPORT_HOME=/Users/olamy/cbsupporthome, env.JENKINS_MAVEN_AGENT_DISABLED=true, maven.version=3.6.1, java.vm.specification.name=Java Virtual Machine Specification, java.vm.specification.version=1.8, sun.cpu.endian=little, sun.os.patch.level=unknown, env.HOME=/Users/olamy, env.ANT_HOME=/Users/olamy/softs/apache-ant-1.8.2, java.io.tmpdir=/Users/olamy/dev/sources/maven/plugins/maven-invoker-plugin/target, java.vendor.url.bug=http://bugreport.sun.com/bugreport/, maven.multiModuleProjectDirectory=/Users/olamy/dev/sources/maven/plugins/maven-invoker-plugin/target/it/MINVOKER-191, env.MAVEN_OPTS= -Djava.io.tmpdir=/Users/olamy/dev/sources/maven/plugins/maven-invoker-plugin/target, env.SSH_AUTH_SOCK=/private/tmp/com.apple.launchd.fc2cpAmwf1/Listeners, maven.compiler.source=1.7, os.arch=x86_64, java.awt.graphicsenv=sun.awt.CGraphicsEnvironment, java.ext.dirs=/Users/olamy/Library/Java/Extensions:/Library/Java/JavaVirtualMachines/jdk1.8.0_201.jdk/Contents/Home/jre/lib/ext:/Library/Java/Extensions:/Network/Library/Java/Extensions:/System/Library/Java/Extensions:/usr/lib/java, user.dir=/Users/olamy/dev/sources/maven/plugins/maven-invoker-plugin/target/it/MINVOKER-191, it.settings-merge.1=exists, line.separator=
, java.vm.name=Java HotSpot(TM) 64-Bit Server VM, file.encoding=UTF-8, java.specification.version=1.8, env.MAVEN_PROJECTBASEDIR=/Users/olamy/dev/sources/maven/plugins/maven-invoker-plugin/target/it/MINVOKER-191}
[DEBUG] properties used {java.vendor=Oracle Corporation, env.JAVA_MAIN_CLASS_58276=org.codehaus.plexus.classworlds.launcher.Launcher, sun.java.launcher=SUN_STANDARD, env.XPC_SERVICE_NAME=0, sun.management.compiler=HotSpot 64-Bit Tiered Compilers, env.SECURITYSESSIONID=186a9, env.DOCKER_HOST=unix:///var/run/docker.sock, os.name=Mac OS X, sun.boot.class.path=/Library/Java/JavaVirtualMachines/jdk1.8.0_201.jdk/Contents/Home/jre/lib/resources.jar:/Library/Java/JavaVirtualMachines/jdk1.8.0_201.jdk/Contents/Home/jre/lib/rt.jar:/Library/Java/JavaVirtualMachines/jdk1.8.0_201.jdk/Contents/Home/jre/lib/sunrsasign.jar:/Library/Java/JavaVirtualMachines/jdk1.8.0_201.jdk/Contents/Home/jre/lib/jsse.jar:/Library/Java/JavaVirtualMachines/jdk1.8.0_201.jdk/Contents/Home/jre/lib/jce.jar:/Library/Java/JavaVirtualMachines/jdk1.8.0_201.jdk/Contents/Home/jre/lib/charsets.jar:/Library/Java/JavaVirtualMachines/jdk1.8.0_201.jdk/Contents/Home/jre/lib/jfr.jar:/Library/Java/JavaVirtualMachines/jdk1.8.0_201.jdk/Contents/Home/jre/classes, env.TMPDIR=/var/folders/lj/91x5yt6x07x79t9297g4s5c40000gp/T/, env.PWD=/Users/olamy/dev/sources/maven/plugins/maven-invoker-plugin/target/it/MINVOKER-191, env.LANG=en_AU.UTF-8, java.vm.specification.vendor=Oracle Corporation, java.runtime.version=1.8.0_201-b09, env.Apple_PubSub_Socket_Render=/private/tmp/com.apple.launchd.ZoQ2U5AOOf/Render, project.build.sourceEncoding=UTF-8, user.name=olamy, env.GOOGLE_APPLICATION_CREDENTIALS=/Users/olamy/dev/sources/open-sources/jetty/jetty9-work-30268db71eb2.json, maven.build.version=Apache Maven 3.6.1 (d66c9c0b3152b2e69ee9bac180bb8fcc8e6af555; 2019-04-05T05:00:29+10:00), env.USER=olamy, env.SHELL=/bin/bash, env.__CF_USER_TEXT_ENCODING=0x1F6:0x0:0xF, maven.repo.local=/Users/olamy/dev/sources/maven/plugins/maven-invoker-plugin/target/local-repo, env.PATH=/Users/olamy/softs/google-cloud-sdk/bin:/Users/olamy/softs/maven/apache-maven-3.6.1/bin:/Library/Java/JavaVirtualMachines/jdk1.8.0_121.jdk/Contents/Home//bin:/usr/local/bin:/Users/olamy/softs/maven/apache-maven-3.6.1/bin:/usr/local/bin:/bin:/Library/Java/JavaVirtualMachines/jdk1.8.0_121.jdk/Contents/Home//bin:/usr/local/bin:/opt/subversion/bin:/Users/olamy/softs/apache-ant-1.8.2/bin:/opt/local/bin:/opt/local/sbin:/usr/local/bin:/usr/bin:/bin:/usr/sbin:/sbin:/Applications/Wireshark.app/Contents/MacOS:/usr/local/share/npm/bin:/Users/olamy/softs/google-cloud-sdk/bin:/Users/olamy/softs/maven/mvnsh-master/bin/mvnsh:/Users/olamy/softs/j2objc-2.0/:/Users/olamy/dev/sources/jenkins/support-shinobi-tools/exec, user.language=en, sun.boot.library.path=/Library/Java/JavaVirtualMachines/jdk1.8.0_201.jdk/Contents/Home/jre/lib, classworlds.conf=/Users/olamy/softs/maven/apache-maven-3.6.1/bin/m2.conf, env.XPC_FLAGS=0x0, java.version=1.8.0_201, user.timezone=, sun.arch.data.model=64, http.nonProxyHosts=local|*.local|169.254/16|*.169.254/16, java.endorsed.dirs=/Library/Java/JavaVirtualMachines/jdk1.8.0_201.jdk/Contents/Home/jre/lib/endorsed, sun.cpu.isalist=, sun.jnu.encoding=UTF-8, file.encoding.pkg=sun.io, env.SHLVL=2, file.separator=/, java.specification.name=Java Platform API Specification, maven.conf=/Users/olamy/softs/maven/apache-maven-3.6.1/conf, java.class.version=52.0, user.country=AU, java.home=/Library/Java/JavaVirtualMachines/jdk1.8.0_201.jdk/Contents/Home/jre, java.vm.info=mixed mode, env.LOGNAME=olamy, os.version=10.14.5, maven.compiler.target=1.7, env.TERM_PROGRAM_VERSION=421.2, env.GCLOUD_PATH=/Users/olamy/softs/google-cloud-sdk, path.separator=:, java.vm.version=25.201-b09, it.settings-inherit=exists, env.JAVA_HOME=/Library/Java/JavaVirtualMachines/jdk1.8.0_201.jdk/Contents/Home, java.awt.printerjob=sun.lwawt.macosx.CPrinterJob, env.TERM=xterm-256color, sun.io.unicode.encoding=UnicodeBig, awt.toolkit=sun.lwawt.macosx.LWCToolkit, socksNonProxyHosts=local|*.local|169.254/16|*.169.254/16, ftp.nonProxyHosts=local|*.local|169.254/16|*.169.254/16, env.BORINGSSL_HOME=/Users/olamy/dev/sources/open-sources/jetty/boringssl, user.home=/Users/olamy, env.OLDPWD=/Users/olamy/dev/sources/maven/plugins/maven-invoker-plugin/target/it/MINVOKER-191, java.specification.vendor=Oracle Corporation, env.TERM_PROGRAM=Apple_Terminal, env.M2_HOME=/Users/olamy/softs/maven/apache-maven-3.6.1, library.jansi.path=/Users/olamy/softs/maven/apache-maven-3.6.1/lib/jansi-native, java.library.path=/Users/olamy/Library/Java/Extensions:/Library/Java/Extensions:/Network/Library/Java/Extensions:/System/Library/Java/Extensions:/usr/lib/java:., java.vendor.url=http://java.oracle.com/, env.SVN_EDITOR=vi, env.MAVEN_CMD_LINE_ARGS= -B -X -D maven.repo.local=/Users/olamy/dev/sources/maven/plugins/maven-invoker-plugin/target/local-repo -s /Users/olamy/dev/sources/maven/plugins/maven-invoker-plugin/target/it/interpolated-settings.xml -D maven.compiler.source=1.7 -D maven.compiler.target=1.7 verify -T3, env.JAVA_MAIN_CLASS_58591=org.codehaus.plexus.classworlds.launcher.Launcher, java.vm.vendor=Oracle Corporation, gopherProxySet=false, invoker.repo.local=/Users/olamy/.m2/repository, maven.home=/Users/olamy/softs/maven/apache-maven-3.6.1, java.runtime.name=Java(TM) SE Runtime Environment, sun.java.command=org.codehaus.plexus.classworlds.launcher.Launcher -B -X -D maven.repo.local=/Users/olamy/dev/sources/maven/plugins/maven-invoker-plugin/target/local-repo -s /Users/olamy/dev/sources/maven/plugins/maven-invoker-plugin/target/it/interpolated-settings.xml -D maven.compiler.source=1.7 -D maven.compiler.target=1.7 verify -T3, java.class.path=/Users/olamy/softs/maven/apache-maven-3.6.1/boot/plexus-classworlds-2.6.0.jar, env.MAVEN_TERMINATE_CMD=on, env.TERM_SESSION_ID=ABBFB5AA-DE1F-44BA-B4DA-18751C4E4E7C, env.CB_SUPPORT_HOME=/Users/olamy/cbsupporthome, env.JENKINS_MAVEN_AGENT_DISABLED=true, maven.version=3.6.1, java.vm.specification.name=Java Virtual Machine Specification, java.vm.specification.version=1.8, sun.cpu.endian=little, sun.os.patch.level=unknown, env.HOME=/Users/olamy, env.ANT_HOME=/Users/olamy/softs/apache-ant-1.8.2, java.io.tmpdir=/Users/olamy/dev/sources/maven/plugins/maven-invoker-plugin/target, java.vendor.url.bug=http://bugreport.sun.com/bugreport/, maven.multiModuleProjectDirectory=/Users/olamy/dev/sources/maven/plugins/maven-invoker-plugin/target/it/MINVOKER-191, env.MAVEN_OPTS= -Djava.io.tmpdir=/Users/olamy/dev/sources/maven/plugins/maven-invoker-plugin/target, env.SSH_AUTH_SOCK=/private/tmp/com.apple.launchd.fc2cpAmwf1/Listeners, maven.compiler.source=1.7, os.arch=x86_64, java.awt.graphicsenv=sun.awt.CGraphicsEnvironment, java.ext.dirs=/Users/olamy/Library/Java/Extensions:/Library/Java/JavaVirtualMachines/jdk1.8.0_201.jdk/Contents/Home/jre/lib/ext:/Library/Java/Extensions:/Network/Library/Java/Extensions:/System/Library/Java/Extensions:/usr/lib/java, user.dir=/Users/olamy/dev/sources/maven/plugins/maven-invoker-plugin/target/it/MINVOKER-191, it.settings-merge.1=exists, line.separator=
, java.vm.name=Java HotSpot(TM) 64-Bit Server VM, file.encoding=UTF-8, java.specification.version=1.8, env.MAVEN_PROJECTBASEDIR=/Users/olamy/dev/sources/maven/plugins/maven-invoker-plugin/target/it/MINVOKER-191}
[INFO] Using &apos;UTF-8&apos; encoding to copy filtered resources.
[INFO] Using &apos;UTF-8&apos; encoding to copy filtered resources.
[DEBUG] resource with targetPath null
directory /Users/olamy/dev/sources/maven/plugins/maven-invoker-plugin/target/it/MINVOKER-191/plugin/src/main/resources
excludes []
includes []
[DEBUG] resource with targetPath null
directory /Users/olamy/dev/sources/maven/plugins/maven-invoker-plugin/target/it/MINVOKER-191/module-a/src/main/resources
excludes []
includes []
[INFO] Using &apos;UTF-8&apos; encoding to copy filtered resources.
[INFO] skip non existing resourceDirectory /Users/olamy/dev/sources/maven/plugins/maven-invoker-plugin/target/it/MINVOKER-191/module-a/src/main/resources
[INFO] skip non existing resourceDirectory /Users/olamy/dev/sources/maven/plugins/maven-invoker-plugin/target/it/MINVOKER-191/plugin/src/main/resources
[DEBUG] no use filter components
[DEBUG] resource with targetPath null
directory /Users/olamy/dev/sources/maven/plugins/maven-invoker-plugin/target/it/MINVOKER-191/module-b/src/main/resources
excludes []
includes []
[DEBUG] no use filter components
[INFO] skip non existing resourceDirectory /Users/olamy/dev/sources/maven/plugins/maven-invoker-plugin/target/it/MINVOKER-191/module-b/src/main/resources
[DEBUG] no use filter components
[INFO] 
[INFO] 
[INFO] --- maven-compiler-plugin:2.5.1:compile (default-compile) @ MINVOKER-191-java-b ---
[INFO] 
[INFO] --- maven-compiler-plugin:2.5.1:compile (default-compile) @ MINVOKER-191-plugin ---
[INFO] --- maven-compiler-plugin:2.5.1:compile (default-compile) @ MINVOKER-191-java-a ---
[DEBUG] Using transporter WagonTransporter with priority -1.0 for file:///Users/olamy/.m2/repository
[DEBUG] Using connector BasicRepositoryConnector with priority 0.0 for file:///Users/olamy/.m2/repository
[INFO] Downloading from local.central: file:///Users/olamy/.m2/repository/org/codehaus/plexus/plexus-utils/1.5.1/plexus-utils-1.5.1.pom
[INFO] Downloaded from local.central: file:///Users/olamy/.m2/repository/org/codehaus/plexus/plexus-utils/1.5.1/plexus-utils-1.5.1.pom (2.3 kB at 1.1 MB/s)
[DEBUG] Writing tracking file /Users/olamy/dev/sources/maven/plugins/maven-invoker-plugin/target/local-repo/org/codehaus/plexus/plexus-utils/1.5.1/_remote.repositories
[DEBUG] Writing tracking file /Users/olamy/dev/sources/maven/plugins/maven-invoker-plugin/target/local-repo/org/codehaus/plexus/plexus-utils/1.5.1/plexus-utils-1.5.1.pom.lastUpdated
[DEBUG] Using transporter WagonTransporter with priority -1.0 for file:///Users/olamy/.m2/repository
[DEBUG] Using connector BasicRepositoryConnector with priority 0.0 for file:///Users/olamy/.m2/repository
[INFO] Downloading from local.central: file:///Users/olamy/.m2/repository/org/apache/maven/maven-toolchain/1.0/maven-toolchain-1.0.pom
[INFO] Downloaded from local.central: file:///Users/olamy/.m2/repository/org/apache/maven/maven-toolchain/1.0/maven-toolchain-1.0.pom (3.4 kB at 1.1 MB/s)
[DEBUG] Writing tracking file /Users/olamy/dev/sources/maven/plugins/maven-invoker-plugin/target/local-repo/org/apache/maven/maven-toolchain/1.0/_remote.repositories
[DEBUG] Writing tracking file /Users/olamy/dev/sources/maven/plugins/maven-invoker-plugin/target/local-repo/org/apache/maven/maven-toolchain/1.0/maven-toolchain-1.0.pom.lastUpdated
[DEBUG] Using transporter WagonTransporter with priority -1.0 for file:///Users/olamy/.m2/repository
[DEBUG] Using connector BasicRepositoryConnector with priority 0.0 for file:///Users/olamy/.m2/repository
[INFO] Downloading from local.central: file:///Users/olamy/.m2/repository/org/codehaus/plexus/plexus-compiler-api/1.9.1/plexus-compiler-api-1.9.1.pom
[INFO] Downloaded from local.central: file:///Users/olamy/.m2/repository/org/codehaus/plexus/plexus-compiler-api/1.9.1/plexus-compiler-api-1.9.1.pom (867 B at 289 kB/s)
[DEBUG] Writing tracking file /Users/olamy/dev/sources/maven/plugins/maven-invoker-plugin/target/local-repo/org/codehaus/plexus/plexus-compiler-api/1.9.1/_remote.repositories
[DEBUG] Writing tracking file /Users/olamy/dev/sources/maven/plugins/maven-invoker-plugin/target/local-repo/org/codehaus/plexus/plexus-compiler-api/1.9.1/plexus-compiler-api-1.9.1.pom.lastUpdated
[DEBUG] Using transporter WagonTransporter with priority -1.0 for file:///Users/olamy/.m2/repository
[DEBUG] Using connector BasicRepositoryConnector with priority 0.0 for file:///Users/olamy/.m2/repository
[INFO] Downloading from local.central: file:///Users/olamy/.m2/repository/org/codehaus/plexus/plexus-compiler/1.9.1/plexus-compiler-1.9.1.pom
[INFO] Downloaded from local.central: file:///Users/olamy/.m2/repository/org/codehaus/plexus/plexus-compiler/1.9.1/plexus-compiler-1.9.1.pom (3.8 kB at 1.3 MB/s)
[DEBUG] Writing tracking file /Users/olamy/dev/sources/maven/plugins/maven-invoker-plugin/target/local-repo/org/codehaus/plexus/plexus-compiler/1.9.1/_remote.repositories
[DEBUG] Writing tracking file /Users/olamy/dev/sources/maven/plugins/maven-invoker-plugin/target/local-repo/org/codehaus/plexus/plexus-compiler/1.9.1/plexus-compiler-1.9.1.pom.lastUpdated
[DEBUG] Using transporter WagonTransporter with priority -1.0 for file:///Users/olamy/.m2/repository
[DEBUG] Using connector BasicRepositoryConnector with priority 0.0 for file:///Users/olamy/.m2/repository
[INFO] Downloading from local.central: file:///Users/olamy/.m2/repository/org/codehaus/plexus/plexus-components/1.1.20/plexus-components-1.1.20.pom
[INFO] Downloaded from local.central: file:///Users/olamy/.m2/repository/org/codehaus/plexus/plexus-components/1.1.20/plexus-components-1.1.20.pom (2.8 kB at 932 kB/s)
[DEBUG] Writing tracking file /Users/olamy/dev/sources/maven/plugins/maven-invoker-plugin/target/local-repo/org/codehaus/plexus/plexus-components/1.1.20/_remote.repositories
[DEBUG] Writing tracking file /Users/olamy/dev/sources/maven/plugins/maven-invoker-plugin/target/local-repo/org/codehaus/plexus/plexus-components/1.1.20/plexus-components-1.1.20.pom.lastUpdated
[DEBUG] Using transporter WagonTransporter with priority -1.0 for file:///Users/olamy/.m2/repository
[DEBUG] Using connector BasicRepositoryConnector with priority 0.0 for file:///Users/olamy/.m2/repository
[INFO] Downloading from local.central: file:///Users/olamy/.m2/repository/org/codehaus/plexus/plexus/3.1/plexus-3.1.pom
[INFO] Downloaded from local.central: file:///Users/olamy/.m2/repository/org/codehaus/plexus/plexus/3.1/plexus-3.1.pom (19 kB at 6.2 MB/s)
[DEBUG] Writing tracking file /Users/olamy/dev/sources/maven/plugins/maven-invoker-plugin/target/local-repo/org/codehaus/plexus/plexus/3.1/_remote.repositories
[DEBUG] Writing tracking file /Users/olamy/dev/sources/maven/plugins/maven-invoker-plugin/target/local-repo/org/codehaus/plexus/plexus/3.1/plexus-3.1.pom.lastUpdated
[DEBUG] Using transporter WagonTransporter with priority -1.0 for file:///Users/olamy/.m2/repository
[DEBUG] Using connector BasicRepositoryConnector with priority 0.0 for file:///Users/olamy/.m2/repository
[INFO] Downloading from local.central: file:///Users/olamy/.m2/repository/org/codehaus/plexus/plexus-compiler-manager/1.9.1/plexus-compiler-manager-1.9.1.pom
[INFO] Downloaded from local.central: file:///Users/olamy/.m2/repository/org/codehaus/plexus/plexus-compiler-manager/1.9.1/plexus-compiler-manager-1.9.1.pom (692 B at 231 kB/s)
[DEBUG] Writing tracking file /Users/olamy/dev/sources/maven/plugins/maven-invoker-plugin/target/local-repo/org/codehaus/plexus/plexus-compiler-manager/1.9.1/_remote.repositories
[DEBUG] Writing tracking file /Users/olamy/dev/sources/maven/plugins/maven-invoker-plugin/target/local-repo/org/codehaus/plexus/plexus-compiler-manager/1.9.1/plexus-compiler-manager-1.9.1.pom.lastUpdated
[DEBUG] Using transporter WagonTransporter with priority -1.0 for file:///Users/olamy/.m2/repository
[DEBUG] Using connector BasicRepositoryConnector with priority 0.0 for file:///Users/olamy/.m2/repository
[INFO] Downloading from local.central: file:///Users/olamy/.m2/repository/org/codehaus/plexus/plexus-compiler-javac/1.9.1/plexus-compiler-javac-1.9.1.pom
[INFO] Downloaded from local.central: file:///Users/olamy/.m2/repository/org/codehaus/plexus/plexus-compiler-javac/1.9.1/plexus-compiler-javac-1.9.1.pom (688 B at 172 kB/s)
[DEBUG] Writing tracking file /Users/olamy/dev/sources/maven/plugins/maven-invoker-plugin/target/local-repo/org/codehaus/plexus/plexus-compiler-javac/1.9.1/_remote.repositories
[DEBUG] Writing tracking file /Users/olamy/dev/sources/maven/plugins/maven-invoker-plugin/target/local-repo/org/codehaus/plexus/plexus-compiler-javac/1.9.1/plexus-compiler-javac-1.9.1.pom.lastUpdated
[DEBUG] Using transporter WagonTransporter with priority -1.0 for file:///Users/olamy/.m2/repository
[DEBUG] Using connector BasicRepositoryConnector with priority 0.0 for file:///Users/olamy/.m2/repository
[INFO] Downloading from local.central: file:///Users/olamy/.m2/repository/org/codehaus/plexus/plexus-compilers/1.9.1/plexus-compilers-1.9.1.pom
[INFO] Downloaded from local.central: file:///Users/olamy/.m2/repository/org/codehaus/plexus/plexus-compilers/1.9.1/plexus-compilers-1.9.1.pom (1.2 kB at 249 kB/s)
[DEBUG] Writing tracking file /Users/olamy/dev/sources/maven/plugins/maven-invoker-plugin/target/local-repo/org/codehaus/plexus/plexus-compilers/1.9.1/_remote.repositories
[DEBUG] Writing tracking file /Users/olamy/dev/sources/maven/plugins/maven-invoker-plugin/target/local-repo/org/codehaus/plexus/plexus-compilers/1.9.1/plexus-compilers-1.9.1.pom.lastUpdated
[DEBUG] Dependency collection stats: {ConflictMarker.analyzeTime=692605, ConflictMarker.markTime=272793, ConflictMarker.nodeCount=106, ConflictIdSorter.graphTime=220547, ConflictIdSorter.topsortTime=41991, ConflictIdSorter.conflictIdCount=27, ConflictIdSorter.conflictIdCycleCount=0, ConflictResolver.totalTime=1510163, ConflictResolver.conflictItemCount=53, DefaultDependencyCollector.collectTime=115791645, DefaultDependencyCollector.transformTime=2772174}
[DEBUG] org.apache.maven.plugins:maven-compiler-plugin:jar:2.5.1:
[DEBUG]    org.apache.maven:maven-plugin-api:jar:2.0.9:compile
[DEBUG]    org.apache.maven:maven-artifact:jar:2.0.9:compile
[DEBUG]    org.apache.maven:maven-core:jar:2.0.9:compile
[DEBUG]       org.apache.maven:maven-settings:jar:2.0.9:compile
[DEBUG]       org.apache.maven:maven-plugin-parameter-documenter:jar:2.0.9:compile
[DEBUG]       org.apache.maven:maven-profile:jar:2.0.9:compile
[DEBUG]       org.apache.maven:maven-model:jar:2.0.9:compile
[DEBUG]       org.apache.maven:maven-repository-metadata:jar:2.0.9:compile
[DEBUG]       org.apache.maven:maven-error-diagnostics:jar:2.0.9:compile
[DEBUG]       org.apache.maven:maven-project:jar:2.0.9:compile
[DEBUG]          org.apache.maven:maven-plugin-registry:jar:2.0.9:compile
[DEBUG]       org.apache.maven:maven-plugin-descriptor:jar:2.0.9:compile
[DEBUG]       org.apache.maven:maven-artifact-manager:jar:2.0.9:compile
[DEBUG]       org.apache.maven:maven-monitor:jar:2.0.9:compile
[DEBUG]    org.apache.maven:maven-toolchain:jar:1.0:compile
[DEBUG]    org.codehaus.plexus:plexus-utils:jar:3.0:compile
[DEBUG]    org.codehaus.plexus:plexus-compiler-api:jar:1.9.1:compile
[DEBUG]    org.codehaus.plexus:plexus-compiler-manager:jar:1.9.1:compile
[DEBUG]    org.codehaus.plexus:plexus-compiler-javac:jar:1.9.1:runtime
[DEBUG]    org.codehaus.plexus:plexus-container-default:jar:1.0-alpha-9-stable-1:compile
[DEBUG]       junit:junit:jar:3.8.1:compile
[DEBUG]       classworlds:classworlds:jar:1.1-alpha-2:compile
[DEBUG] Using transporter WagonTransporter with priority -1.0 for file:///Users/olamy/.m2/repository
[DEBUG] Using connector BasicRepositoryConnector with priority 0.0 for file:///Users/olamy/.m2/repository
[INFO] Downloading from local.central: file:///Users/olamy/.m2/repository/org/apache/maven/maven-toolchain/1.0/maven-toolchain-1.0.jar
[INFO] Downloading from local.central: file:///Users/olamy/.m2/repository/org/codehaus/plexus/plexus-compiler-api/1.9.1/plexus-compiler-api-1.9.1.jar
[INFO] Downloading from local.central: file:///Users/olamy/.m2/repository/org/codehaus/plexus/plexus-compiler-javac/1.9.1/plexus-compiler-javac-1.9.1.jar
[INFO] Downloading from local.central: file:///Users/olamy/.m2/repository/org/codehaus/plexus/plexus-compiler-manager/1.9.1/plexus-compiler-manager-1.9.1.jar
[INFO] Downloaded from local.central: file:///Users/olamy/.m2/repository/org/codehaus/plexus/plexus-compiler-api/1.9.1/plexus-compiler-api-1.9.1.jar (21 kB at 4.3 MB/s)
[INFO] Downloaded from local.central: file:///Users/olamy/.m2/repository/org/codehaus/plexus/plexus-compiler-javac/1.9.1/plexus-compiler-javac-1.9.1.jar (14 kB at 2.4 MB/s)
[INFO] Downloaded from local.central: file:///Users/olamy/.m2/repository/org/apache/maven/maven-toolchain/1.0/maven-toolchain-1.0.jar (33 kB at 6.6 MB/s)
[INFO] Downloaded from local.central: file:///Users/olamy/.m2/repository/org/codehaus/plexus/plexus-compiler-manager/1.9.1/plexus-compiler-manager-1.9.1.jar (4.6 kB at 759 kB/s)
[DEBUG] Writing tracking file /Users/olamy/dev/sources/maven/plugins/maven-invoker-plugin/target/local-repo/org/apache/maven/maven-toolchain/1.0/_remote.repositories
[DEBUG] Writing tracking file /Users/olamy/dev/sources/maven/plugins/maven-invoker-plugin/target/local-repo/org/apache/maven/maven-toolchain/1.0/maven-toolchain-1.0.jar.lastUpdated
[DEBUG] Writing tracking file /Users/olamy/dev/sources/maven/plugins/maven-invoker-plugin/target/local-repo/org/codehaus/plexus/plexus-compiler-api/1.9.1/_remote.repositories
[DEBUG] Writing tracking file /Users/olamy/dev/sources/maven/plugins/maven-invoker-plugin/target/local-repo/org/codehaus/plexus/plexus-compiler-api/1.9.1/plexus-compiler-api-1.9.1.jar.lastUpdated
[DEBUG] Writing tracking file /Users/olamy/dev/sources/maven/plugins/maven-invoker-plugin/target/local-repo/org/codehaus/plexus/plexus-compiler-manager/1.9.1/_remote.repositories
[DEBUG] Writing tracking file /Users/olamy/dev/sources/maven/plugins/maven-invoker-plugin/target/local-repo/org/codehaus/plexus/plexus-compiler-manager/1.9.1/plexus-compiler-manager-1.9.1.jar.lastUpdated
[DEBUG] Writing tracking file /Users/olamy/dev/sources/maven/plugins/maven-invoker-plugin/target/local-repo/org/codehaus/plexus/plexus-compiler-javac/1.9.1/_remote.repositories
[DEBUG] Writing tracking file /Users/olamy/dev/sources/maven/plugins/maven-invoker-plugin/target/local-repo/org/codehaus/plexus/plexus-compiler-javac/1.9.1/plexus-compiler-javac-1.9.1.jar.lastUpdated
[DEBUG] Created new class realm plugin&gt;org.apache.maven.plugins:maven-compiler-plugin:2.5.1
[DEBUG] Importing foreign packages into class realm plugin&gt;org.apache.maven.plugins:maven-compiler-plugin:2.5.1
[DEBUG]   Imported:  &lt; maven.api
[DEBUG] Populating class realm plugin&gt;org.apache.maven.plugins:maven-compiler-plugin:2.5.1
[DEBUG]   Included: org.apache.maven.plugins:maven-compiler-plugin:jar:2.5.1
[DEBUG]   Included: org.codehaus.plexus:plexus-utils:jar:3.0
[DEBUG]   Included: org.codehaus.plexus:plexus-compiler-api:jar:1.9.1
[DEBUG]   Included: org.codehaus.plexus:plexus-compiler-manager:jar:1.9.1
[DEBUG]   Included: org.codehaus.plexus:plexus-compiler-javac:jar:1.9.1
[DEBUG]   Included: junit:junit:jar:3.8.1
[DEBUG] Configuring mojo org.apache.maven.plugins:maven-compiler-plugin:2.5.1:compile from plugin realm ClassRealm[plugin&gt;org.apache.maven.plugins:maven-compiler-plugin:2.5.1, parent: sun.misc.Launcher$AppClassLoader@5c647e05]
[DEBUG] Configuring mojo org.apache.maven.plugins:maven-compiler-plugin:2.5.1:compile from plugin realm ClassRealm[plugin&gt;org.apache.maven.plugins:maven-compiler-plugin:2.5.1, parent: sun.misc.Launcher$AppClassLoader@5c647e05]
[DEBUG] Configuring mojo org.apache.maven.plugins:maven-compiler-plugin:2.5.1:compile from plugin realm ClassRealm[plugin&gt;org.apache.maven.plugins:maven-compiler-plugin:2.5.1, parent: sun.misc.Launcher$AppClassLoader@5c647e05]
[DEBUG] Configuring mojo &apos;org.apache.maven.plugins:maven-compiler-plugin:2.5.1:compile&apos; with basic configurator --&gt;
[DEBUG] Configuring mojo &apos;org.apache.maven.plugins:maven-compiler-plugin:2.5.1:compile&apos; with basic configurator --&gt;
[DEBUG] Configuring mojo &apos;org.apache.maven.plugins:maven-compiler-plugin:2.5.1:compile&apos; with basic configurator --&gt;
[DEBUG]   (f) basedir = /Users/olamy/dev/sources/maven/plugins/maven-invoker-plugin/target/it/MINVOKER-191/plugin
[DEBUG]   (f) basedir = /Users/olamy/dev/sources/maven/plugins/maven-invoker-plugin/target/it/MINVOKER-191/module-a
[DEBUG]   (f) buildDirectory = /Users/olamy/dev/sources/maven/plugins/maven-invoker-plugin/target/it/MINVOKER-191/plugin/target
[DEBUG]   (f) basedir = /Users/olamy/dev/sources/maven/plugins/maven-invoker-plugin/target/it/MINVOKER-191/module-b
[DEBUG]   (f) classpathElements = [/Users/olamy/dev/sources/maven/plugins/maven-invoker-plugin/target/it/MINVOKER-191/plugin/target/classes, /Users/olamy/dev/sources/maven/plugins/maven-invoker-plugin/target/local-repo/org/apache/maven/maven-plugin-api/2.0/maven-plugin-api-2.0.jar]
[DEBUG]   (f) buildDirectory = /Users/olamy/dev/sources/maven/plugins/maven-invoker-plugin/target/it/MINVOKER-191/module-a/target
[DEBUG]   (f) compileSourceRoots = [/Users/olamy/dev/sources/maven/plugins/maven-invoker-plugin/target/it/MINVOKER-191/plugin/src/main/java]
[DEBUG]   (f) buildDirectory = /Users/olamy/dev/sources/maven/plugins/maven-invoker-plugin/target/it/MINVOKER-191/module-b/target
[DEBUG]   (f) compilerId = javac
[DEBUG]   (f) classpathElements = [/Users/olamy/dev/sources/maven/plugins/maven-invoker-plugin/target/it/MINVOKER-191/module-b/target/classes, /Users/olamy/dev/sources/maven/plugins/maven-invoker-plugin/target/local-repo/junit/junit/4.12/junit-4.12.jar, /Users/olamy/dev/sources/maven/plugins/maven-invoker-plugin/target/local-repo/org/hamcrest/hamcrest-core/1.3/hamcrest-core-1.3.jar]
[DEBUG]   (f) classpathElements = [/Users/olamy/dev/sources/maven/plugins/maven-invoker-plugin/target/it/MINVOKER-191/module-a/target/classes, /Users/olamy/dev/sources/maven/plugins/maven-invoker-plugin/target/local-repo/junit/junit/4.12/junit-4.12.jar, /Users/olamy/dev/sources/maven/plugins/maven-invoker-plugin/target/local-repo/org/hamcrest/hamcrest-core/1.3/hamcrest-core-1.3.jar]
[DEBUG]   (f) compileSourceRoots = [/Users/olamy/dev/sources/maven/plugins/maven-invoker-plugin/target/it/MINVOKER-191/module-b/src/main/java]
[DEBUG]   (f) compileSourceRoots = [/Users/olamy/dev/sources/maven/plugins/maven-invoker-plugin/target/it/MINVOKER-191/module-a/src/main/java]
[DEBUG]   (f) debug = true
[DEBUG]   (f) compilerId = javac
[DEBUG]   (f) compilerId = javac
[DEBUG]   (f) debug = true
[DEBUG]   (f) encoding = UTF-8
[DEBUG]   (f) debug = true
[DEBUG]   (f) failOnError = true
[DEBUG]   (f) encoding = UTF-8
[DEBUG]   (f) fork = false
[DEBUG]   (f) encoding = UTF-8
[DEBUG]   (f) failOnError = true
[DEBUG]   (f) failOnError = true
[DEBUG]   (f) fork = false
[DEBUG]   (f) fork = false
[DEBUG]   (f) generatedSourcesDirectory = /Users/olamy/dev/sources/maven/plugins/maven-invoker-plugin/target/it/MINVOKER-191/module-b/target/generated-sources/annotations
[DEBUG]   (f) generatedSourcesDirectory = /Users/olamy/dev/sources/maven/plugins/maven-invoker-plugin/target/it/MINVOKER-191/module-a/target/generated-sources/annotations
[DEBUG]   (f) optimize = false
[DEBUG]   (f) optimize = false
[DEBUG]   (f) outputDirectory = /Users/olamy/dev/sources/maven/plugins/maven-invoker-plugin/target/it/MINVOKER-191/module-b/target/classes
[DEBUG]   (f) outputDirectory = /Users/olamy/dev/sources/maven/plugins/maven-invoker-plugin/target/it/MINVOKER-191/module-a/target/classes
[DEBUG]   (f) generatedSourcesDirectory = /Users/olamy/dev/sources/maven/plugins/maven-invoker-plugin/target/it/MINVOKER-191/plugin/target/generated-sources/annotations
[DEBUG]   (f) outputFileName = MINVOKER-191-java-a-1.0-SNAPSHOT
[DEBUG]   (f) outputFileName = MINVOKER-191-java-b-1.0-SNAPSHOT
[DEBUG]   (f) projectArtifact = org.apache.maven.plugins.invoker:MINVOKER-191-java-a:jar:1.0-SNAPSHOT
[DEBUG]   (f) optimize = false
[DEBUG]   (f) session = org.apache.maven.execution.MavenSession@74978e86
[DEBUG]   (f) projectArtifact = org.apache.maven.plugins.invoker:MINVOKER-191-java-b:jar:1.0-SNAPSHOT
[DEBUG]   (f) showDeprecation = false
[DEBUG]   (f) session = org.apache.maven.execution.MavenSession@79061d0d
[DEBUG]   (f) outputDirectory = /Users/olamy/dev/sources/maven/plugins/maven-invoker-plugin/target/it/MINVOKER-191/plugin/target/classes
[DEBUG]   (f) showWarnings = false
[DEBUG]   (f) outputFileName = MINVOKER-191-plugin-1.0-SNAPSHOT
[DEBUG]   (f) showDeprecation = false
[DEBUG]   (f) projectArtifact = org.apache.maven.plugins.invoker:MINVOKER-191-plugin:maven-plugin:1.0-SNAPSHOT
[DEBUG]   (f) source = 1.7
[DEBUG]   (f) session = org.apache.maven.execution.MavenSession@cef806a
[DEBUG]   (f) staleMillis = 0
[DEBUG]   (f) showWarnings = false
[DEBUG]   (f) showDeprecation = false
[DEBUG]   (f) source = 1.7
[DEBUG]   (f) showWarnings = false
[DEBUG]   (f) staleMillis = 0
[DEBUG]   (f) target = 1.7
[DEBUG]   (f) target = 1.7
[DEBUG]   (f) verbose = false
[DEBUG]   (f) verbose = false
[DEBUG] -- end configuration --
[DEBUG] -- end configuration --
[DEBUG]   (f) source = 1.7
[DEBUG]   (f) staleMillis = 0
[DEBUG] Using compiler &apos;javac&apos;.
[DEBUG] Using compiler &apos;javac&apos;.
[DEBUG]   (f) target = 1.7
[DEBUG]   (f) verbose = false
[DEBUG] -- end configuration --
[DEBUG] Using compiler &apos;javac&apos;.
[DEBUG] Source directories: [/Users/olamy/dev/sources/maven/plugins/maven-invoker-plugin/target/it/MINVOKER-191/module-a/src/main/java]
[DEBUG] Source directories: [/Users/olamy/dev/sources/maven/plugins/maven-invoker-plugin/target/it/MINVOKER-191/plugin/src/main/java]
[DEBUG] Source directories: [/Users/olamy/dev/sources/maven/plugins/maven-invoker-plugin/target/it/MINVOKER-191/module-b/src/main/java]
[DEBUG] Classpath: [/Users/olamy/dev/sources/maven/plugins/maven-invoker-plugin/target/it/MINVOKER-191/module-b/target/classes
 /Users/olamy/dev/sources/maven/plugins/maven-invoker-plugin/target/local-repo/junit/junit/4.12/junit-4.12.jar
 /Users/olamy/dev/sources/maven/plugins/maven-invoker-plugin/target/local-repo/org/hamcrest/hamcrest-core/1.3/hamcrest-core-1.3.jar]
[DEBUG] Output directory: /Users/olamy/dev/sources/maven/plugins/maven-invoker-plugin/target/it/MINVOKER-191/module-b/target/classes
[DEBUG] Classpath: [/Users/olamy/dev/sources/maven/plugins/maven-invoker-plugin/target/it/MINVOKER-191/plugin/target/classes
 /Users/olamy/dev/sources/maven/plugins/maven-invoker-plugin/target/local-repo/org/apache/maven/maven-plugin-api/2.0/maven-plugin-api-2.0.jar]
[DEBUG] Classpath: [/Users/olamy/dev/sources/maven/plugins/maven-invoker-plugin/target/it/MINVOKER-191/module-a/target/classes
 /Users/olamy/dev/sources/maven/plugins/maven-invoker-plugin/target/local-repo/junit/junit/4.12/junit-4.12.jar
 /Users/olamy/dev/sources/maven/plugins/maven-invoker-plugin/target/local-repo/org/hamcrest/hamcrest-core/1.3/hamcrest-core-1.3.jar]
[DEBUG] Output directory: /Users/olamy/dev/sources/maven/plugins/maven-invoker-plugin/target/it/MINVOKER-191/plugin/target/classes
[DEBUG] Output directory: /Users/olamy/dev/sources/maven/plugins/maven-invoker-plugin/target/it/MINVOKER-191/module-a/target/classes
[DEBUG] CompilerReuseStrategy: reuseCreated
[DEBUG] CompilerReuseStrategy: reuseCreated
[DEBUG] CompilerReuseStrategy: reuseCreated
[DEBUG] Classpath:
[DEBUG]  /Users/olamy/dev/sources/maven/plugins/maven-invoker-plugin/target/it/MINVOKER-191/module-a/target/classes
[DEBUG] Classpath:
[DEBUG]  /Users/olamy/dev/sources/maven/plugins/maven-invoker-plugin/target/local-repo/junit/junit/4.12/junit-4.12.jar
[DEBUG]  /Users/olamy/dev/sources/maven/plugins/maven-invoker-plugin/target/it/MINVOKER-191/module-b/target/classes
[DEBUG]  /Users/olamy/dev/sources/maven/plugins/maven-invoker-plugin/target/local-repo/org/hamcrest/hamcrest-core/1.3/hamcrest-core-1.3.jar
[DEBUG] Classpath:
[DEBUG]  /Users/olamy/dev/sources/maven/plugins/maven-invoker-plugin/target/local-repo/junit/junit/4.12/junit-4.12.jar
[DEBUG]  /Users/olamy/dev/sources/maven/plugins/maven-invoker-plugin/target/local-repo/org/hamcrest/hamcrest-core/1.3/hamcrest-core-1.3.jar
[DEBUG] Source roots:
[DEBUG]  /Users/olamy/dev/sources/maven/plugins/maven-invoker-plugin/target/it/MINVOKER-191/plugin/target/classes
[DEBUG] Source roots:
[DEBUG]  /Users/olamy/dev/sources/maven/plugins/maven-invoker-plugin/target/local-repo/org/apache/maven/maven-plugin-api/2.0/maven-plugin-api-2.0.jar
[DEBUG]  /Users/olamy/dev/sources/maven/plugins/maven-invoker-plugin/target/it/MINVOKER-191/module-b/src/main/java
[DEBUG] Source roots:
[DEBUG]  /Users/olamy/dev/sources/maven/plugins/maven-invoker-plugin/target/it/MINVOKER-191/module-a/src/main/java
[DEBUG]  /Users/olamy/dev/sources/maven/plugins/maven-invoker-plugin/target/it/MINVOKER-191/plugin/src/main/java
[DEBUG] Command line options:
[DEBUG] -d /Users/olamy/dev/sources/maven/plugins/maven-invoker-plugin/target/it/MINVOKER-191/module-b/target/classes -classpath /Users/olamy/dev/sources/maven/plugins/maven-invoker-plugin/target/it/MINVOKER-191/module-b/target/classes:/Users/olamy/dev/sources/maven/plugins/maven-invoker-plugin/target/local-repo/junit/junit/4.12/junit-4.12.jar:/Users/olamy/dev/sources/maven/plugins/maven-invoker-plugin/target/local-repo/org/hamcrest/hamcrest-core/1.3/hamcrest-core-1.3.jar: -sourcepath /Users/olamy/dev/sources/maven/plugins/maven-invoker-plugin/target/it/MINVOKER-191/module-b/src/main/java: /Users/olamy/dev/sources/maven/plugins/maven-invoker-plugin/target/it/MINVOKER-191/module-b/src/main/java/org/apache/maven/plugins/foo/Hello.java -s /Users/olamy/dev/sources/maven/plugins/maven-invoker-plugin/target/it/MINVOKER-191/module-b/target/generated-sources/annotations -g -nowarn -target 1.7 -source 1.7 -encoding UTF-8
[DEBUG] Command line options:
[DEBUG] Command line options:
[DEBUG] -d /Users/olamy/dev/sources/maven/plugins/maven-invoker-plugin/target/it/MINVOKER-191/plugin/target/classes -classpath /Users/olamy/dev/sources/maven/plugins/maven-invoker-plugin/target/it/MINVOKER-191/plugin/target/classes:/Users/olamy/dev/sources/maven/plugins/maven-invoker-plugin/target/local-repo/org/apache/maven/maven-plugin-api/2.0/maven-plugin-api-2.0.jar: -sourcepath /Users/olamy/dev/sources/maven/plugins/maven-invoker-plugin/target/it/MINVOKER-191/plugin/src/main/java: /Users/olamy/dev/sources/maven/plugins/maven-invoker-plugin/target/it/MINVOKER-191/plugin/src/main/java/org/apache/maven/it/plugins/dummy/MyMojo.java -s /Users/olamy/dev/sources/maven/plugins/maven-invoker-plugin/target/it/MINVOKER-191/plugin/target/generated-sources/annotations -g -nowarn -target 1.7 -source 1.7 -encoding UTF-8
[INFO] Compiling 1 source file to /Users/olamy/dev/sources/maven/plugins/maven-invoker-plugin/target/it/MINVOKER-191/module-b/target/classes
[DEBUG] -d /Users/olamy/dev/sources/maven/plugins/maven-invoker-plugin/target/it/MINVOKER-191/module-a/target/classes -classpath /Users/olamy/dev/sources/maven/plugins/maven-invoker-plugin/target/it/MINVOKER-191/module-a/target/classes:/Users/olamy/dev/sources/maven/plugins/maven-invoker-plugin/target/local-repo/junit/junit/4.12/junit-4.12.jar:/Users/olamy/dev/sources/maven/plugins/maven-invoker-plugin/target/local-repo/org/hamcrest/hamcrest-core/1.3/hamcrest-core-1.3.jar: -sourcepath /Users/olamy/dev/sources/maven/plugins/maven-invoker-plugin/target/it/MINVOKER-191/module-a/src/main/java: /Users/olamy/dev/sources/maven/plugins/maven-invoker-plugin/target/it/MINVOKER-191/module-a/src/main/java/org/apache/maven/plugins/foo/Hello.java -s /Users/olamy/dev/sources/maven/plugins/maven-invoker-plugin/target/it/MINVOKER-191/module-a/target/generated-sources/annotations -g -nowarn -target 1.7 -source 1.7 -encoding UTF-8
[INFO] Compiling 1 source file to /Users/olamy/dev/sources/maven/plugins/maven-invoker-plugin/target/it/MINVOKER-191/plugin/target/classes
[INFO] Compiling 1 source file to /Users/olamy/dev/sources/maven/plugins/maven-invoker-plugin/target/it/MINVOKER-191/module-a/target/classes
[INFO] 
[INFO] --- maven-resources-plugin:2.6:testResources (default-testResources) @ MINVOKER-191-java-b ---
[DEBUG] Configuring mojo org.apache.maven.plugins:maven-resources-plugin:2.6:testResources from plugin realm ClassRealm[plugin&gt;org.apache.maven.plugins:maven-resources-plugin:2.6, parent: sun.misc.Launcher$AppClassLoader@5c647e05]
[INFO] 
[INFO] --- maven-resources-plugin:2.6:testResources (default-testResources) @ MINVOKER-191-java-a ---
[DEBUG] Configuring mojo org.apache.maven.plugins:maven-resources-plugin:2.6:testResources from plugin realm ClassRealm[plugin&gt;org.apache.maven.plugins:maven-resources-plugin:2.6, parent: sun.misc.Launcher$AppClassLoader@5c647e05]
[DEBUG] Configuring mojo &apos;org.apache.maven.plugins:maven-resources-plugin:2.6:testResources&apos; with basic configurator --&gt;
[DEBUG] Configuring mojo &apos;org.apache.maven.plugins:maven-resources-plugin:2.6:testResources&apos; with basic configurator --&gt;
[DEBUG]   (f) buildFilters = []
[DEBUG]   (f) buildFilters = []
[DEBUG]   (f) encoding = UTF-8
[DEBUG]   (f) encoding = UTF-8
[DEBUG]   (f) escapeWindowsPaths = true
[DEBUG]   (f) escapeWindowsPaths = true
[DEBUG]   (s) includeEmptyDirs = false
[DEBUG]   (s) includeEmptyDirs = false
[DEBUG]   (s) outputDirectory = /Users/olamy/dev/sources/maven/plugins/maven-invoker-plugin/target/it/MINVOKER-191/module-b/target/test-classes
[DEBUG]   (s) outputDirectory = /Users/olamy/dev/sources/maven/plugins/maven-invoker-plugin/target/it/MINVOKER-191/module-a/target/test-classes
[DEBUG]   (s) overwrite = false
[DEBUG]   (s) overwrite = false
[DEBUG]   (f) project = MavenProject: org.apache.maven.plugins.invoker:MINVOKER-191-java-a:1.0-SNAPSHOT @ /Users/olamy/dev/sources/maven/plugins/maven-invoker-plugin/target/it/MINVOKER-191/module-a/pom.xml
[DEBUG]   (f) project = MavenProject: org.apache.maven.plugins.invoker:MINVOKER-191-java-b:1.0-SNAPSHOT @ /Users/olamy/dev/sources/maven/plugins/maven-invoker-plugin/target/it/MINVOKER-191/module-b/pom.xml
[DEBUG]   (s) resources = [Resource {targetPath: null, filtering: false, FileSet {directory: /Users/olamy/dev/sources/maven/plugins/maven-invoker-plugin/target/it/MINVOKER-191/module-a/src/test/resources, PatternSet [includes: {}, excludes: {}]}}]
[DEBUG]   (s) resources = [Resource {targetPath: null, filtering: false, FileSet {directory: /Users/olamy/dev/sources/maven/plugins/maven-invoker-plugin/target/it/MINVOKER-191/module-b/src/test/resources, PatternSet [includes: {}, excludes: {}]}}]
[DEBUG]   (f) session = org.apache.maven.execution.MavenSession@74978e86
[DEBUG]   (f) session = org.apache.maven.execution.MavenSession@79061d0d
[DEBUG]   (f) supportMultiLineFiltering = false
[DEBUG]   (f) supportMultiLineFiltering = false
[DEBUG]   (f) useBuildFilters = true
[DEBUG]   (f) useBuildFilters = true
[DEBUG]   (s) useDefaultDelimiters = true
[DEBUG]   (s) useDefaultDelimiters = true
[DEBUG] -- end configuration --
[DEBUG] -- end configuration --
[DEBUG] properties used {java.vendor=Oracle Corporation, env.JAVA_MAIN_CLASS_58276=org.codehaus.plexus.classworlds.launcher.Launcher, sun.java.launcher=SUN_STANDARD, env.XPC_SERVICE_NAME=0, sun.management.compiler=HotSpot 64-Bit Tiered Compilers, env.SECURITYSESSIONID=186a9, env.DOCKER_HOST=unix:///var/run/docker.sock, os.name=Mac OS X, sun.boot.class.path=/Library/Java/JavaVirtualMachines/jdk1.8.0_201.jdk/Contents/Home/jre/lib/resources.jar:/Library/Java/JavaVirtualMachines/jdk1.8.0_201.jdk/Contents/Home/jre/lib/rt.jar:/Library/Java/JavaVirtualMachines/jdk1.8.0_201.jdk/Contents/Home/jre/lib/sunrsasign.jar:/Library/Java/JavaVirtualMachines/jdk1.8.0_201.jdk/Contents/Home/jre/lib/jsse.jar:/Library/Java/JavaVirtualMachines/jdk1.8.0_201.jdk/Contents/Home/jre/lib/jce.jar:/Library/Java/JavaVirtualMachines/jdk1.8.0_201.jdk/Contents/Home/jre/lib/charsets.jar:/Library/Java/JavaVirtualMachines/jdk1.8.0_201.jdk/Contents/Home/jre/lib/jfr.jar:/Library/Java/JavaVirtualMachines/jdk1.8.0_201.jdk/Contents/Home/jre/classes, env.TMPDIR=/var/folders/lj/91x5yt6x07x79t9297g4s5c40000gp/T/, env.PWD=/Users/olamy/dev/sources/maven/plugins/maven-invoker-plugin/target/it/MINVOKER-191, env.LANG=en_AU.UTF-8, java.vm.specification.vendor=Oracle Corporation, java.runtime.version=1.8.0_201-b09, env.Apple_PubSub_Socket_Render=/private/tmp/com.apple.launchd.ZoQ2U5AOOf/Render, project.build.sourceEncoding=UTF-8, user.name=olamy, env.GOOGLE_APPLICATION_CREDENTIALS=/Users/olamy/dev/sources/open-sources/jetty/jetty9-work-30268db71eb2.json, maven.build.version=Apache Maven 3.6.1 (d66c9c0b3152b2e69ee9bac180bb8fcc8e6af555; 2019-04-05T05:00:29+10:00), env.USER=olamy, env.SHELL=/bin/bash, env.__CF_USER_TEXT_ENCODING=0x1F6:0x0:0xF, maven.repo.local=/Users/olamy/dev/sources/maven/plugins/maven-invoker-plugin/target/local-repo, env.PATH=/Users/olamy/softs/google-cloud-sdk/bin:/Users/olamy/softs/maven/apache-maven-3.6.1/bin:/Library/Java/JavaVirtualMachines/jdk1.8.0_121.jdk/Contents/Home//bin:/usr/local/bin:/Users/olamy/softs/maven/apache-maven-3.6.1/bin:/usr/local/bin:/bin:/Library/Java/JavaVirtualMachines/jdk1.8.0_121.jdk/Contents/Home//bin:/usr/local/bin:/opt/subversion/bin:/Users/olamy/softs/apache-ant-1.8.2/bin:/opt/local/bin:/opt/local/sbin:/usr/local/bin:/usr/bin:/bin:/usr/sbin:/sbin:/Applications/Wireshark.app/Contents/MacOS:/usr/local/share/npm/bin:/Users/olamy/softs/google-cloud-sdk/bin:/Users/olamy/softs/maven/mvnsh-master/bin/mvnsh:/Users/olamy/softs/j2objc-2.0/:/Users/olamy/dev/sources/jenkins/support-shinobi-tools/exec, user.language=en, sun.boot.library.path=/Library/Java/JavaVirtualMachines/jdk1.8.0_201.jdk/Contents/Home/jre/lib, classworlds.conf=/Users/olamy/softs/maven/apache-maven-3.6.1/bin/m2.conf, env.XPC_FLAGS=0x0, java.version=1.8.0_201, user.timezone=, sun.arch.data.model=64, http.nonProxyHosts=local|*.local|169.254/16|*.169.254/16, java.endorsed.dirs=/Library/Java/JavaVirtualMachines/jdk1.8.0_201.jdk/Contents/Home/jre/lib/endorsed, sun.cpu.isalist=, sun.jnu.encoding=UTF-8, file.encoding.pkg=sun.io, env.SHLVL=2, file.separator=/, java.specification.name=Java Platform API Specification, maven.conf=/Users/olamy/softs/maven/apache-maven-3.6.1/conf, java.class.version=52.0, user.country=AU, java.home=/Library/Java/JavaVirtualMachines/jdk1.8.0_201.jdk/Contents/Home/jre, java.vm.info=mixed mode, env.LOGNAME=olamy, os.version=10.14.5, maven.compiler.target=1.7, env.TERM_PROGRAM_VERSION=421.2, env.GCLOUD_PATH=/Users/olamy/softs/google-cloud-sdk, path.separator=:, java.vm.version=25.201-b09, it.settings-inherit=exists, env.JAVA_HOME=/Library/Java/JavaVirtualMachines/jdk1.8.0_201.jdk/Contents/Home, java.awt.printerjob=sun.lwawt.macosx.CPrinterJob, env.TERM=xterm-256color, sun.io.unicode.encoding=UnicodeBig, awt.toolkit=sun.lwawt.macosx.LWCToolkit, socksNonProxyHosts=local|*.local|169.254/16|*.169.254/16, ftp.nonProxyHosts=local|*.local|169.254/16|*.169.254/16, env.BORINGSSL_HOME=/Users/olamy/dev/sources/open-sources/jetty/boringssl, user.home=/Users/olamy, env.OLDPWD=/Users/olamy/dev/sources/maven/plugins/maven-invoker-plugin/target/it/MINVOKER-191, java.specification.vendor=Oracle Corporation, env.TERM_PROGRAM=Apple_Terminal, env.M2_HOME=/Users/olamy/softs/maven/apache-maven-3.6.1, library.jansi.path=/Users/olamy/softs/maven/apache-maven-3.6.1/lib/jansi-native, java.library.path=/Users/olamy/Library/Java/Extensions:/Library/Java/Extensions:/Network/Library/Java/Extensions:/System/Library/Java/Extensions:/usr/lib/java:., java.vendor.url=http://java.oracle.com/, env.SVN_EDITOR=vi, env.MAVEN_CMD_LINE_ARGS= -B -X -D maven.repo.local=/Users/olamy/dev/sources/maven/plugins/maven-invoker-plugin/target/local-repo -s /Users/olamy/dev/sources/maven/plugins/maven-invoker-plugin/target/it/interpolated-settings.xml -D maven.compiler.source=1.7 -D maven.compiler.target=1.7 verify -T3, env.JAVA_MAIN_CLASS_58591=org.codehaus.plexus.classworlds.launcher.Launcher, java.vm.vendor=Oracle Corporation, gopherProxySet=false, invoker.repo.local=/Users/olamy/.m2/repository, maven.home=/Users/olamy/softs/maven/apache-maven-3.6.1, java.runtime.name=Java(TM) SE Runtime Environment, sun.java.command=org.codehaus.plexus.classworlds.launcher.Launcher -B -X -D maven.repo.local=/Users/olamy/dev/sources/maven/plugins/maven-invoker-plugin/target/local-repo -s /Users/olamy/dev/sources/maven/plugins/maven-invoker-plugin/target/it/interpolated-settings.xml -D maven.compiler.source=1.7 -D maven.compiler.target=1.7 verify -T3, java.class.path=/Users/olamy/softs/maven/apache-maven-3.6.1/boot/plexus-classworlds-2.6.0.jar, env.MAVEN_TERMINATE_CMD=on, env.TERM_SESSION_ID=ABBFB5AA-DE1F-44BA-B4DA-18751C4E4E7C, env.CB_SUPPORT_HOME=/Users/olamy/cbsupporthome, env.JENKINS_MAVEN_AGENT_DISABLED=true, maven.version=3.6.1, java.vm.specification.name=Java Virtual Machine Specification, java.vm.specification.version=1.8, sun.cpu.endian=little, sun.os.patch.level=unknown, env.HOME=/Users/olamy, env.ANT_HOME=/Users/olamy/softs/apache-ant-1.8.2, java.io.tmpdir=/Users/olamy/dev/sources/maven/plugins/maven-invoker-plugin/target, java.vendor.url.bug=http://bugreport.sun.com/bugreport/, maven.multiModuleProjectDirectory=/Users/olamy/dev/sources/maven/plugins/maven-invoker-plugin/target/it/MINVOKER-191, env.MAVEN_OPTS= -Djava.io.tmpdir=/Users/olamy/dev/sources/maven/plugins/maven-invoker-plugin/target, env.SSH_AUTH_SOCK=/private/tmp/com.apple.launchd.fc2cpAmwf1/Listeners, maven.compiler.source=1.7, os.arch=x86_64, java.awt.graphicsenv=sun.awt.CGraphicsEnvironment, java.ext.dirs=/Users/olamy/Library/Java/Extensions:/Library/Java/JavaVirtualMachines/jdk1.8.0_201.jdk/Contents/Home/jre/lib/ext:/Library/Java/Extensions:/Network/Library/Java/Extensions:/System/Library/Java/Extensions:/usr/lib/java, user.dir=/Users/olamy/dev/sources/maven/plugins/maven-invoker-plugin/target/it/MINVOKER-191, it.settings-merge.1=exists, line.separator=
, java.vm.name=Java HotSpot(TM) 64-Bit Server VM, file.encoding=UTF-8, java.specification.version=1.8, env.MAVEN_PROJECTBASEDIR=/Users/olamy/dev/sources/maven/plugins/maven-invoker-plugin/target/it/MINVOKER-191}
[DEBUG] properties used {java.vendor=Oracle Corporation, env.JAVA_MAIN_CLASS_58276=org.codehaus.plexus.classworlds.launcher.Launcher, sun.java.launcher=SUN_STANDARD, env.XPC_SERVICE_NAME=0, sun.management.compiler=HotSpot 64-Bit Tiered Compilers, env.SECURITYSESSIONID=186a9, env.DOCKER_HOST=unix:///var/run/docker.sock, os.name=Mac OS X, sun.boot.class.path=/Library/Java/JavaVirtualMachines/jdk1.8.0_201.jdk/Contents/Home/jre/lib/resources.jar:/Library/Java/JavaVirtualMachines/jdk1.8.0_201.jdk/Contents/Home/jre/lib/rt.jar:/Library/Java/JavaVirtualMachines/jdk1.8.0_201.jdk/Contents/Home/jre/lib/sunrsasign.jar:/Library/Java/JavaVirtualMachines/jdk1.8.0_201.jdk/Contents/Home/jre/lib/jsse.jar:/Library/Java/JavaVirtualMachines/jdk1.8.0_201.jdk/Contents/Home/jre/lib/jce.jar:/Library/Java/JavaVirtualMachines/jdk1.8.0_201.jdk/Contents/Home/jre/lib/charsets.jar:/Library/Java/JavaVirtualMachines/jdk1.8.0_201.jdk/Contents/Home/jre/lib/jfr.jar:/Library/Java/JavaVirtualMachines/jdk1.8.0_201.jdk/Contents/Home/jre/classes, env.TMPDIR=/var/folders/lj/91x5yt6x07x79t9297g4s5c40000gp/T/, env.PWD=/Users/olamy/dev/sources/maven/plugins/maven-invoker-plugin/target/it/MINVOKER-191, env.LANG=en_AU.UTF-8, java.vm.specification.vendor=Oracle Corporation, java.runtime.version=1.8.0_201-b09, env.Apple_PubSub_Socket_Render=/private/tmp/com.apple.launchd.ZoQ2U5AOOf/Render, project.build.sourceEncoding=UTF-8, user.name=olamy, env.GOOGLE_APPLICATION_CREDENTIALS=/Users/olamy/dev/sources/open-sources/jetty/jetty9-work-30268db71eb2.json, maven.build.version=Apache Maven 3.6.1 (d66c9c0b3152b2e69ee9bac180bb8fcc8e6af555; 2019-04-05T05:00:29+10:00), env.USER=olamy, env.SHELL=/bin/bash, env.__CF_USER_TEXT_ENCODING=0x1F6:0x0:0xF, maven.repo.local=/Users/olamy/dev/sources/maven/plugins/maven-invoker-plugin/target/local-repo, env.PATH=/Users/olamy/softs/google-cloud-sdk/bin:/Users/olamy/softs/maven/apache-maven-3.6.1/bin:/Library/Java/JavaVirtualMachines/jdk1.8.0_121.jdk/Contents/Home//bin:/usr/local/bin:/Users/olamy/softs/maven/apache-maven-3.6.1/bin:/usr/local/bin:/bin:/Library/Java/JavaVirtualMachines/jdk1.8.0_121.jdk/Contents/Home//bin:/usr/local/bin:/opt/subversion/bin:/Users/olamy/softs/apache-ant-1.8.2/bin:/opt/local/bin:/opt/local/sbin:/usr/local/bin:/usr/bin:/bin:/usr/sbin:/sbin:/Applications/Wireshark.app/Contents/MacOS:/usr/local/share/npm/bin:/Users/olamy/softs/google-cloud-sdk/bin:/Users/olamy/softs/maven/mvnsh-master/bin/mvnsh:/Users/olamy/softs/j2objc-2.0/:/Users/olamy/dev/sources/jenkins/support-shinobi-tools/exec, user.language=en, sun.boot.library.path=/Library/Java/JavaVirtualMachines/jdk1.8.0_201.jdk/Contents/Home/jre/lib, classworlds.conf=/Users/olamy/softs/maven/apache-maven-3.6.1/bin/m2.conf, env.XPC_FLAGS=0x0, java.version=1.8.0_201, user.timezone=, sun.arch.data.model=64, http.nonProxyHosts=local|*.local|169.254/16|*.169.254/16, java.endorsed.dirs=/Library/Java/JavaVirtualMachines/jdk1.8.0_201.jdk/Contents/Home/jre/lib/endorsed, sun.cpu.isalist=, sun.jnu.encoding=UTF-8, file.encoding.pkg=sun.io, env.SHLVL=2, file.separator=/, java.specification.name=Java Platform API Specification, maven.conf=/Users/olamy/softs/maven/apache-maven-3.6.1/conf, java.class.version=52.0, user.country=AU, java.home=/Library/Java/JavaVirtualMachines/jdk1.8.0_201.jdk/Contents/Home/jre, java.vm.info=mixed mode, env.LOGNAME=olamy, os.version=10.14.5, maven.compiler.target=1.7, env.TERM_PROGRAM_VERSION=421.2, env.GCLOUD_PATH=/Users/olamy/softs/google-cloud-sdk, path.separator=:, java.vm.version=25.201-b09, it.settings-inherit=exists, env.JAVA_HOME=/Library/Java/JavaVirtualMachines/jdk1.8.0_201.jdk/Contents/Home, java.awt.printerjob=sun.lwawt.macosx.CPrinterJob, env.TERM=xterm-256color, sun.io.unicode.encoding=UnicodeBig, awt.toolkit=sun.lwawt.macosx.LWCToolkit, socksNonProxyHosts=local|*.local|169.254/16|*.169.254/16, ftp.nonProxyHosts=local|*.local|169.254/16|*.169.254/16, env.BORINGSSL_HOME=/Users/olamy/dev/sources/open-sources/jetty/boringssl, user.home=/Users/olamy, env.OLDPWD=/Users/olamy/dev/sources/maven/plugins/maven-invoker-plugin/target/it/MINVOKER-191, java.specification.vendor=Oracle Corporation, env.TERM_PROGRAM=Apple_Terminal, env.M2_HOME=/Users/olamy/softs/maven/apache-maven-3.6.1, library.jansi.path=/Users/olamy/softs/maven/apache-maven-3.6.1/lib/jansi-native, java.library.path=/Users/olamy/Library/Java/Extensions:/Library/Java/Extensions:/Network/Library/Java/Extensions:/System/Library/Java/Extensions:/usr/lib/java:., java.vendor.url=http://java.oracle.com/, env.SVN_EDITOR=vi, env.MAVEN_CMD_LINE_ARGS= -B -X -D maven.repo.local=/Users/olamy/dev/sources/maven/plugins/maven-invoker-plugin/target/local-repo -s /Users/olamy/dev/sources/maven/plugins/maven-invoker-plugin/target/it/interpolated-settings.xml -D maven.compiler.source=1.7 -D maven.compiler.target=1.7 verify -T3, env.JAVA_MAIN_CLASS_58591=org.codehaus.plexus.classworlds.launcher.Launcher, java.vm.vendor=Oracle Corporation, gopherProxySet=false, invoker.repo.local=/Users/olamy/.m2/repository, maven.home=/Users/olamy/softs/maven/apache-maven-3.6.1, java.runtime.name=Java(TM) SE Runtime Environment, sun.java.command=org.codehaus.plexus.classworlds.launcher.Launcher -B -X -D maven.repo.local=/Users/olamy/dev/sources/maven/plugins/maven-invoker-plugin/target/local-repo -s /Users/olamy/dev/sources/maven/plugins/maven-invoker-plugin/target/it/interpolated-settings.xml -D maven.compiler.source=1.7 -D maven.compiler.target=1.7 verify -T3, java.class.path=/Users/olamy/softs/maven/apache-maven-3.6.1/boot/plexus-classworlds-2.6.0.jar, env.MAVEN_TERMINATE_CMD=on, env.TERM_SESSION_ID=ABBFB5AA-DE1F-44BA-B4DA-18751C4E4E7C, env.CB_SUPPORT_HOME=/Users/olamy/cbsupporthome, env.JENKINS_MAVEN_AGENT_DISABLED=true, maven.version=3.6.1, java.vm.specification.name=Java Virtual Machine Specification, java.vm.specification.version=1.8, sun.cpu.endian=little, sun.os.patch.level=unknown, env.HOME=/Users/olamy, env.ANT_HOME=/Users/olamy/softs/apache-ant-1.8.2, java.io.tmpdir=/Users/olamy/dev/sources/maven/plugins/maven-invoker-plugin/target, java.vendor.url.bug=http://bugreport.sun.com/bugreport/, maven.multiModuleProjectDirectory=/Users/olamy/dev/sources/maven/plugins/maven-invoker-plugin/target/it/MINVOKER-191, env.MAVEN_OPTS= -Djava.io.tmpdir=/Users/olamy/dev/sources/maven/plugins/maven-invoker-plugin/target, env.SSH_AUTH_SOCK=/private/tmp/com.apple.launchd.fc2cpAmwf1/Listeners, maven.compiler.source=1.7, os.arch=x86_64, java.awt.graphicsenv=sun.awt.CGraphicsEnvironment, java.ext.dirs=/Users/olamy/Library/Java/Extensions:/Library/Java/JavaVirtualMachines/jdk1.8.0_201.jdk/Contents/Home/jre/lib/ext:/Library/Java/Extensions:/Network/Library/Java/Extensions:/System/Library/Java/Extensions:/usr/lib/java, user.dir=/Users/olamy/dev/sources/maven/plugins/maven-invoker-plugin/target/it/MINVOKER-191, it.settings-merge.1=exists, line.separator=
, java.vm.name=Java HotSpot(TM) 64-Bit Server VM, file.encoding=UTF-8, java.specification.version=1.8, env.MAVEN_PROJECTBASEDIR=/Users/olamy/dev/sources/maven/plugins/maven-invoker-plugin/target/it/MINVOKER-191}
[INFO] 
[INFO] Using &apos;UTF-8&apos; encoding to copy filtered resources.
[DEBUG] resource with targetPath null
directory /Users/olamy/dev/sources/maven/plugins/maven-invoker-plugin/target/it/MINVOKER-191/module-b/src/test/resources
excludes []
includes []
[INFO] skip non existing resourceDirectory /Users/olamy/dev/sources/maven/plugins/maven-invoker-plugin/target/it/MINVOKER-191/module-b/src/test/resources
[DEBUG] no use filter components
[INFO] 
[INFO] --- maven-compiler-plugin:2.5.1:testCompile (default-testCompile) @ MINVOKER-191-java-b ---
[DEBUG] Configuring mojo org.apache.maven.plugins:maven-compiler-plugin:2.5.1:testCompile from plugin realm ClassRealm[plugin&gt;org.apache.maven.plugins:maven-compiler-plugin:2.5.1, parent: sun.misc.Launcher$AppClassLoader@5c647e05]
[INFO] --- maven-plugin-plugin:2.9:descriptor (default-descriptor) @ MINVOKER-191-plugin ---
[INFO] Using &apos;UTF-8&apos; encoding to copy filtered resources.
[DEBUG] resource with targetPath null
directory /Users/olamy/dev/sources/maven/plugins/maven-invoker-plugin/target/it/MINVOKER-191/module-a/src/test/resources
excludes []
includes []
[DEBUG] Configuring mojo &apos;org.apache.maven.plugins:maven-compiler-plugin:2.5.1:testCompile&apos; with basic configurator --&gt;
[INFO] skip non existing resourceDirectory /Users/olamy/dev/sources/maven/plugins/maven-invoker-plugin/target/it/MINVOKER-191/module-a/src/test/resources
[DEBUG]   (f) basedir = /Users/olamy/dev/sources/maven/plugins/maven-invoker-plugin/target/it/MINVOKER-191/module-b
[DEBUG] no use filter components
[DEBUG]   (f) buildDirectory = /Users/olamy/dev/sources/maven/plugins/maven-invoker-plugin/target/it/MINVOKER-191/module-b/target
[INFO] 
[INFO] --- maven-compiler-plugin:2.5.1:testCompile (default-testCompile) @ MINVOKER-191-java-a ---
[DEBUG]   (f) classpathElements = [/Users/olamy/dev/sources/maven/plugins/maven-invoker-plugin/target/it/MINVOKER-191/module-b/target/test-classes, /Users/olamy/dev/sources/maven/plugins/maven-invoker-plugin/target/it/MINVOKER-191/module-b/target/classes, /Users/olamy/dev/sources/maven/plugins/maven-invoker-plugin/target/local-repo/junit/junit/4.12/junit-4.12.jar, /Users/olamy/dev/sources/maven/plugins/maven-invoker-plugin/target/local-repo/org/hamcrest/hamcrest-core/1.3/hamcrest-core-1.3.jar]
[DEBUG]   (f) compileSourceRoots = [/Users/olamy/dev/sources/maven/plugins/maven-invoker-plugin/target/it/MINVOKER-191/module-b/src/test/java]
[DEBUG]   (f) compilerId = javac
[DEBUG]   (f) debug = true
[DEBUG]   (f) encoding = UTF-8
[DEBUG]   (f) failOnError = true
[DEBUG]   (f) fork = false
[DEBUG]   (f) generatedTestSourcesDirectory = /Users/olamy/dev/sources/maven/plugins/maven-invoker-plugin/target/it/MINVOKER-191/module-b/target/generated-test-sources/test-annotations
[DEBUG]   (f) optimize = false
[DEBUG]   (f) outputDirectory = /Users/olamy/dev/sources/maven/plugins/maven-invoker-plugin/target/it/MINVOKER-191/module-b/target/test-classes
[DEBUG]   (f) outputFileName = MINVOKER-191-java-b-1.0-SNAPSHOT
[DEBUG]   (f) session = org.apache.maven.execution.MavenSession@79061d0d
[DEBUG]   (f) showDeprecation = false
[DEBUG] Using transporter WagonTransporter with priority -1.0 for file:///Users/olamy/.m2/repository
[DEBUG] Using connector BasicRepositoryConnector with priority 0.0 for file:///Users/olamy/.m2/repository
[DEBUG]   (f) showWarnings = false
[INFO] Downloading from local.central: file:///Users/olamy/.m2/repository/org/apache/maven/doxia/doxia-sink-api/1.2/doxia-sink-api-1.2.pom
[DEBUG]   (f) source = 1.7
[DEBUG]   (f) staleMillis = 0
[DEBUG]   (f) target = 1.7
[DEBUG]   (f) verbose = false
[DEBUG] -- end configuration --
[DEBUG] Using compiler &apos;javac&apos;.
[DEBUG] Source directories: [/Users/olamy/dev/sources/maven/plugins/maven-invoker-plugin/target/it/MINVOKER-191/module-b/src/test/java]
[DEBUG] Classpath: [/Users/olamy/dev/sources/maven/plugins/maven-invoker-plugin/target/it/MINVOKER-191/module-b/target/test-classes
 /Users/olamy/dev/sources/maven/plugins/maven-invoker-plugin/target/it/MINVOKER-191/module-b/target/classes
 /Users/olamy/dev/sources/maven/plugins/maven-invoker-plugin/target/local-repo/junit/junit/4.12/junit-4.12.jar
 /Users/olamy/dev/sources/maven/plugins/maven-invoker-plugin/target/local-repo/org/hamcrest/hamcrest-core/1.3/hamcrest-core-1.3.jar]
[DEBUG] Output directory: /Users/olamy/dev/sources/maven/plugins/maven-invoker-plugin/target/it/MINVOKER-191/module-b/target/test-classes
[DEBUG] CompilerReuseStrategy: reuseCreated
[DEBUG] Classpath:
[DEBUG]  /Users/olamy/dev/sources/maven/plugins/maven-invoker-plugin/target/it/MINVOKER-191/module-b/target/test-classes
[DEBUG]  /Users/olamy/dev/sources/maven/plugins/maven-invoker-plugin/target/it/MINVOKER-191/module-b/target/classes
[DEBUG]  /Users/olamy/dev/sources/maven/plugins/maven-invoker-plugin/target/local-repo/junit/junit/4.12/junit-4.12.jar
[DEBUG]  /Users/olamy/dev/sources/maven/plugins/maven-invoker-plugin/target/local-repo/org/hamcrest/hamcrest-core/1.3/hamcrest-core-1.3.jar
[DEBUG] Source roots:
[DEBUG]  /Users/olamy/dev/sources/maven/plugins/maven-invoker-plugin/target/it/MINVOKER-191/module-b/src/test/java
[DEBUG] Command line options:
[DEBUG] -d /Users/olamy/dev/sources/maven/plugins/maven-invoker-plugin/target/it/MINVOKER-191/module-b/target/test-classes -classpath /Users/olamy/dev/sources/maven/plugins/maven-invoker-plugin/target/it/MINVOKER-191/module-b/target/test-classes:/Users/olamy/dev/sources/maven/plugins/maven-invoker-plugin/target/it/MINVOKER-191/module-b/target/classes:/Users/olamy/dev/sources/maven/plugins/maven-invoker-plugin/target/local-repo/junit/junit/4.12/junit-4.12.jar:/Users/olamy/dev/sources/maven/plugins/maven-invoker-plugin/target/local-repo/org/hamcrest/hamcrest-core/1.3/hamcrest-core-1.3.jar: -sourcepath /Users/olamy/dev/sources/maven/plugins/maven-invoker-plugin/target/it/MINVOKER-191/module-b/src/test/java: /Users/olamy/dev/sources/maven/plugins/maven-invoker-plugin/target/it/MINVOKER-191/module-b/src/test/java/org/apache/maven/plugins/foo/HelloTest.java -s /Users/olamy/dev/sources/maven/plugins/maven-invoker-plugin/target/it/MINVOKER-191/module-b/target/generated-test-sources/test-annotations -g -nowarn -target 1.7 -source 1.7 -encoding UTF-8
[INFO] Compiling 1 source file to /Users/olamy/dev/sources/maven/plugins/maven-invoker-plugin/target/it/MINVOKER-191/module-b/target/test-classes
[INFO] Downloaded from local.central: file:///Users/olamy/.m2/repository/org/apache/maven/doxia/doxia-sink-api/1.2/doxia-sink-api-1.2.pom (1.6 kB at 410 kB/s)
[DEBUG] Writing tracking file /Users/olamy/dev/sources/maven/plugins/maven-invoker-plugin/target/local-repo/org/apache/maven/doxia/doxia-sink-api/1.2/_remote.repositories
[DEBUG] Writing tracking file /Users/olamy/dev/sources/maven/plugins/maven-invoker-plugin/target/local-repo/org/apache/maven/doxia/doxia-sink-api/1.2/doxia-sink-api-1.2.pom.lastUpdated
[DEBUG] Using transporter WagonTransporter with priority -1.0 for file:///Users/olamy/.m2/repository
[DEBUG] Using connector BasicRepositoryConnector with priority 0.0 for file:///Users/olamy/.m2/repository
[INFO] Downloading from local.central: file:///Users/olamy/.m2/repository/org/apache/maven/doxia/doxia/1.2/doxia-1.2.pom
[INFO] Downloaded from local.central: file:///Users/olamy/.m2/repository/org/apache/maven/doxia/doxia/1.2/doxia-1.2.pom (19 kB at 4.7 MB/s)
[DEBUG] Writing tracking file /Users/olamy/dev/sources/maven/plugins/maven-invoker-plugin/target/local-repo/org/apache/maven/doxia/doxia/1.2/_remote.repositories
[DEBUG] Writing tracking file /Users/olamy/dev/sources/maven/plugins/maven-invoker-plugin/target/local-repo/org/apache/maven/doxia/doxia/1.2/doxia-1.2.pom.lastUpdated
[DEBUG] Using transporter WagonTransporter with priority -1.0 for file:///Users/olamy/.m2/repository
[DEBUG] Using connector BasicRepositoryConnector with priority 0.0 for file:///Users/olamy/.m2/repository
[INFO] Downloading from local.central: file:///Users/olamy/.m2/repository/org/apache/maven/maven-parent/19/maven-parent-19.pom
[INFO] Downloaded from local.central: file:///Users/olamy/.m2/repository/org/apache/maven/maven-parent/19/maven-parent-19.pom (25 kB at 6.3 MB/s)
[DEBUG] Writing tracking file /Users/olamy/dev/sources/maven/plugins/maven-invoker-plugin/target/local-repo/org/apache/maven/maven-parent/19/_remote.repositories
[DEBUG] Writing tracking file /Users/olamy/dev/sources/maven/plugins/maven-invoker-plugin/target/local-repo/org/apache/maven/maven-parent/19/maven-parent-19.pom.lastUpdated
[DEBUG] Using transporter WagonTransporter with priority -1.0 for file:///Users/olamy/.m2/repository
[DEBUG] Using connector BasicRepositoryConnector with priority 0.0 for file:///Users/olamy/.m2/repository
[INFO] Downloading from local.central: file:///Users/olamy/.m2/repository/org/apache/maven/doxia/doxia-logging-api/1.2/doxia-logging-api-1.2.pom
[INFO] Downloaded from local.central: file:///Users/olamy/.m2/repository/org/apache/maven/doxia/doxia-logging-api/1.2/doxia-logging-api-1.2.pom (1.6 kB at 824 kB/s)
[DEBUG] Writing tracking file /Users/olamy/dev/sources/maven/plugins/maven-invoker-plugin/target/local-repo/org/apache/maven/doxia/doxia-logging-api/1.2/_remote.repositories
[DEBUG] Writing tracking file /Users/olamy/dev/sources/maven/plugins/maven-invoker-plugin/target/local-repo/org/apache/maven/doxia/doxia-logging-api/1.2/doxia-logging-api-1.2.pom.lastUpdated
[INFO] 
[INFO] --- maven-surefire-plugin:2.12.4:test (default-test) @ MINVOKER-191-java-b ---
[DEBUG] Using transporter WagonTransporter with priority -1.0 for file:///Users/olamy/.m2/repository
[DEBUG] Using connector BasicRepositoryConnector with priority 0.0 for file:///Users/olamy/.m2/repository
[INFO] Downloading from local.central: file:///Users/olamy/.m2/repository/org/apache/maven/doxia/doxia-site-renderer/1.2/doxia-site-renderer-1.2.pom
[INFO] Downloaded from local.central: file:///Users/olamy/.m2/repository/org/apache/maven/doxia/doxia-site-renderer/1.2/doxia-site-renderer-1.2.pom (6.2 kB at 2.1 MB/s)
[DEBUG] Writing tracking file /Users/olamy/dev/sources/maven/plugins/maven-invoker-plugin/target/local-repo/org/apache/maven/doxia/doxia-site-renderer/1.2/_remote.repositories
[DEBUG] Writing tracking file /Users/olamy/dev/sources/maven/plugins/maven-invoker-plugin/target/local-repo/org/apache/maven/doxia/doxia-site-renderer/1.2/doxia-site-renderer-1.2.pom.lastUpdated
[DEBUG] Using transporter WagonTransporter with priority -1.0 for file:///Users/olamy/.m2/repository
[DEBUG] Using connector BasicRepositoryConnector with priority 0.0 for file:///Users/olamy/.m2/repository
[INFO] Downloading from local.central: file:///Users/olamy/.m2/repository/org/apache/maven/doxia/doxia-sitetools/1.2/doxia-sitetools-1.2.pom
[INFO] Downloaded from local.central: file:///Users/olamy/.m2/repository/org/apache/maven/doxia/doxia-sitetools/1.2/doxia-sitetools-1.2.pom (16 kB at 5.4 MB/s)
[DEBUG] Writing tracking file /Users/olamy/dev/sources/maven/plugins/maven-invoker-plugin/target/local-repo/org/apache/maven/doxia/doxia-sitetools/1.2/_remote.repositories
[DEBUG] Writing tracking file /Users/olamy/dev/sources/maven/plugins/maven-invoker-plugin/target/local-repo/org/apache/maven/doxia/doxia-sitetools/1.2/doxia-sitetools-1.2.pom.lastUpdated
[DEBUG] Using transporter WagonTransporter with priority -1.0 for file:///Users/olamy/.m2/repository
[DEBUG] Using connector BasicRepositoryConnector with priority 0.0 for file:///Users/olamy/.m2/repository
[INFO] Downloading from local.central: file:///Users/olamy/.m2/repository/org/apache/maven/doxia/doxia-core/1.2/doxia-core-1.2.pom
[INFO] Downloaded from local.central: file:///Users/olamy/.m2/repository/org/apache/maven/doxia/doxia-core/1.2/doxia-core-1.2.pom (4.0 kB at 1.3 MB/s)
[DEBUG] Writing tracking file /Users/olamy/dev/sources/maven/plugins/maven-invoker-plugin/target/local-repo/org/apache/maven/doxia/doxia-core/1.2/_remote.repositories
[DEBUG] Writing tracking file /Users/olamy/dev/sources/maven/plugins/maven-invoker-plugin/target/local-repo/org/apache/maven/doxia/doxia-core/1.2/doxia-core-1.2.pom.lastUpdated
[DEBUG] Using transporter WagonTransporter with priority -1.0 for file:///Users/olamy/.m2/repository
[DEBUG] Using connector BasicRepositoryConnector with priority 0.0 for file:///Users/olamy/.m2/repository
[INFO] Downloading from local.central: file:///Users/olamy/.m2/repository/org/apache/maven/doxia/doxia-decoration-model/1.2/doxia-decoration-model-1.2.pom
[INFO] Downloaded from local.central: file:///Users/olamy/.m2/repository/org/apache/maven/doxia/doxia-decoration-model/1.2/doxia-decoration-model-1.2.pom (3.1 kB at 764 kB/s)
[DEBUG] Writing tracking file /Users/olamy/dev/sources/maven/plugins/maven-invoker-plugin/target/local-repo/org/apache/maven/doxia/doxia-decoration-model/1.2/_remote.repositories
[DEBUG] Writing tracking file /Users/olamy/dev/sources/maven/plugins/maven-invoker-plugin/target/local-repo/org/apache/maven/doxia/doxia-decoration-model/1.2/doxia-decoration-model-1.2.pom.lastUpdated
[DEBUG] Using transporter WagonTransporter with priority -1.0 for file:///Users/olamy/.m2/repository
[DEBUG] Using connector BasicRepositoryConnector with priority 0.0 for file:///Users/olamy/.m2/repository
[INFO] Downloading from local.central: file:///Users/olamy/.m2/repository/org/apache/maven/doxia/doxia-module-xhtml/1.2/doxia-module-xhtml-1.2.pom
[INFO] Downloaded from local.central: file:///Users/olamy/.m2/repository/org/apache/maven/doxia/doxia-module-xhtml/1.2/doxia-module-xhtml-1.2.pom (1.8 kB at 587 kB/s)
[DEBUG] Writing tracking file /Users/olamy/dev/sources/maven/plugins/maven-invoker-plugin/target/local-repo/org/apache/maven/doxia/doxia-module-xhtml/1.2/_remote.repositories
[DEBUG] Writing tracking file /Users/olamy/dev/sources/maven/plugins/maven-invoker-plugin/target/local-repo/org/apache/maven/doxia/doxia-module-xhtml/1.2/doxia-module-xhtml-1.2.pom.lastUpdated
[DEBUG] Using transporter WagonTransporter with priority -1.0 for file:///Users/olamy/.m2/repository
[DEBUG] Using connector BasicRepositoryConnector with priority 0.0 for file:///Users/olamy/.m2/repository
[INFO] Downloading from local.central: file:///Users/olamy/.m2/repository/org/apache/maven/doxia/doxia-modules/1.2/doxia-modules-1.2.pom
[INFO] Downloaded from local.central: file:///Users/olamy/.m2/repository/org/apache/maven/doxia/doxia-modules/1.2/doxia-modules-1.2.pom (2.5 kB at 833 kB/s)
[DEBUG] Writing tracking file /Users/olamy/dev/sources/maven/plugins/maven-invoker-plugin/target/local-repo/org/apache/maven/doxia/doxia-modules/1.2/_remote.repositories
[DEBUG] Writing tracking file /Users/olamy/dev/sources/maven/plugins/maven-invoker-plugin/target/local-repo/org/apache/maven/doxia/doxia-modules/1.2/doxia-modules-1.2.pom.lastUpdated
[DEBUG] Using transporter WagonTransporter with priority -1.0 for file:///Users/olamy/.m2/repository
[DEBUG] Using connector BasicRepositoryConnector with priority 0.0 for file:///Users/olamy/.m2/repository
[INFO] Downloading from local.central: file:///Users/olamy/.m2/repository/org/apache/maven/doxia/doxia-module-fml/1.2/doxia-module-fml-1.2.pom
[INFO] Downloaded from local.central: file:///Users/olamy/.m2/repository/org/apache/maven/doxia/doxia-module-fml/1.2/doxia-module-fml-1.2.pom (5.6 kB at 1.9 MB/s)
[DEBUG] Writing tracking file /Users/olamy/dev/sources/maven/plugins/maven-invoker-plugin/target/local-repo/org/apache/maven/doxia/doxia-module-fml/1.2/_remote.repositories
[DEBUG] Writing tracking file /Users/olamy/dev/sources/maven/plugins/maven-invoker-plugin/target/local-repo/org/apache/maven/doxia/doxia-module-fml/1.2/doxia-module-fml-1.2.pom.lastUpdated
[DEBUG] Using transporter WagonTransporter with priority -1.0 for file:///Users/olamy/.m2/repository
[DEBUG] Using connector BasicRepositoryConnector with priority 0.0 for file:///Users/olamy/.m2/repository
[INFO] Downloading from local.central: file:///Users/olamy/.m2/repository/org/apache/maven/plugin-tools/maven-plugin-tools-api/2.9/maven-plugin-tools-api-2.9.pom
[DEBUG] Writing tracking file /Users/olamy/dev/sources/maven/plugins/maven-invoker-plugin/target/local-repo/org/apache/maven/plugin-tools/maven-plugin-tools-api/2.9/maven-plugin-tools-api-2.9.pom.lastUpdated
[DEBUG] Using transporter WagonTransporter with priority -1.0 for https://repo.maven.apache.org/maven2
[DEBUG] Using connector BasicRepositoryConnector with priority 0.0 for https://repo.maven.apache.org/maven2
[INFO] Downloading from central: https://repo.maven.apache.org/maven2/org/apache/maven/plugin-tools/maven-plugin-tools-api/2.9/maven-plugin-tools-api-2.9.pom
[INFO] Downloaded from central: https://repo.maven.apache.org/maven2/org/apache/maven/plugin-tools/maven-plugin-tools-api/2.9/maven-plugin-tools-api-2.9.pom (4.5 kB at 10 kB/s)
[DEBUG] Writing tracking file /Users/olamy/dev/sources/maven/plugins/maven-invoker-plugin/target/local-repo/org/apache/maven/plugin-tools/maven-plugin-tools-api/2.9/_remote.repositories
[DEBUG] Writing tracking file /Users/olamy/dev/sources/maven/plugins/maven-invoker-plugin/target/local-repo/org/apache/maven/plugin-tools/maven-plugin-tools-api/2.9/maven-plugin-tools-api-2.9.pom.lastUpdated
[DEBUG] Using transporter WagonTransporter with priority -1.0 for file:///Users/olamy/.m2/repository
[DEBUG] Using connector BasicRepositoryConnector with priority 0.0 for file:///Users/olamy/.m2/repository
[INFO] Downloading from local.central: file:///Users/olamy/.m2/repository/org/apache/maven/plugin-tools/maven-plugin-tools/2.9/maven-plugin-tools-2.9.pom
[DEBUG] Writing tracking file /Users/olamy/dev/sources/maven/plugins/maven-invoker-plugin/target/local-repo/org/apache/maven/plugin-tools/maven-plugin-tools/2.9/maven-plugin-tools-2.9.pom.lastUpdated
[DEBUG] Using transporter WagonTransporter with priority -1.0 for https://repo.maven.apache.org/maven2
[DEBUG] Using connector BasicRepositoryConnector with priority 0.0 for https://repo.maven.apache.org/maven2
[INFO] Downloading from central: https://repo.maven.apache.org/maven2/org/apache/maven/plugin-tools/maven-plugin-tools/2.9/maven-plugin-tools-2.9.pom
[INFO] Downloaded from central: https://repo.maven.apache.org/maven2/org/apache/maven/plugin-tools/maven-plugin-tools/2.9/maven-plugin-tools-2.9.pom (10 kB at 23 kB/s)
[DEBUG] Writing tracking file /Users/olamy/dev/sources/maven/plugins/maven-invoker-plugin/target/local-repo/org/apache/maven/plugin-tools/maven-plugin-tools/2.9/_remote.repositories
[DEBUG] Writing tracking file /Users/olamy/dev/sources/maven/plugins/maven-invoker-plugin/target/local-repo/org/apache/maven/plugin-tools/maven-plugin-tools/2.9/maven-plugin-tools-2.9.pom.lastUpdated
[DEBUG] Using transporter WagonTransporter with priority -1.0 for file:///Users/olamy/.m2/repository
[DEBUG] Using connector BasicRepositoryConnector with priority 0.0 for file:///Users/olamy/.m2/repository
[INFO] Downloading from local.central: file:///Users/olamy/.m2/repository/net/sf/jtidy/jtidy/r938/jtidy-r938.pom
[INFO] Downloaded from local.central: file:///Users/olamy/.m2/repository/net/sf/jtidy/jtidy/r938/jtidy-r938.pom (9.2 kB at 3.1 MB/s)
[DEBUG] Writing tracking file /Users/olamy/dev/sources/maven/plugins/maven-invoker-plugin/target/local-repo/net/sf/jtidy/jtidy/r938/_remote.repositories
[DEBUG] Writing tracking file /Users/olamy/dev/sources/maven/plugins/maven-invoker-plugin/target/local-repo/net/sf/jtidy/jtidy/r938/jtidy-r938.pom.lastUpdated
[DEBUG] Using transporter WagonTransporter with priority -1.0 for file:///Users/olamy/.m2/repository
[DEBUG] Using connector BasicRepositoryConnector with priority 0.0 for file:///Users/olamy/.m2/repository
[INFO] Downloading from local.central: file:///Users/olamy/.m2/repository/org/apache/maven/reporting/maven-reporting-impl/2.0.5/maven-reporting-impl-2.0.5.pom
[INFO] Downloaded from local.central: file:///Users/olamy/.m2/repository/org/apache/maven/reporting/maven-reporting-impl/2.0.5/maven-reporting-impl-2.0.5.pom (4.2 kB at 1.1 MB/s)
[DEBUG] Writing tracking file /Users/olamy/dev/sources/maven/plugins/maven-invoker-plugin/target/local-repo/org/apache/maven/reporting/maven-reporting-impl/2.0.5/_remote.repositories
[DEBUG] Writing tracking file /Users/olamy/dev/sources/maven/plugins/maven-invoker-plugin/target/local-repo/org/apache/maven/reporting/maven-reporting-impl/2.0.5/maven-reporting-impl-2.0.5.pom.lastUpdated
[DEBUG] Using transporter WagonTransporter with priority -1.0 for file:///Users/olamy/.m2/repository
[DEBUG] Using connector BasicRepositoryConnector with priority 0.0 for file:///Users/olamy/.m2/repository
[INFO] Downloading from local.central: file:///Users/olamy/.m2/repository/org/apache/maven/doxia/doxia-core/1.0/doxia-core-1.0.pom
[INFO] Downloaded from local.central: file:///Users/olamy/.m2/repository/org/apache/maven/doxia/doxia-core/1.0/doxia-core-1.0.pom (2.4 kB at 798 kB/s)
[DEBUG] Writing tracking file /Users/olamy/dev/sources/maven/plugins/maven-invoker-plugin/target/local-repo/org/apache/maven/doxia/doxia-core/1.0/_remote.repositories
[DEBUG] Writing tracking file /Users/olamy/dev/sources/maven/plugins/maven-invoker-plugin/target/local-repo/org/apache/maven/doxia/doxia-core/1.0/doxia-core-1.0.pom.lastUpdated
[DEBUG] Using transporter WagonTransporter with priority -1.0 for file:///Users/olamy/.m2/repository
[DEBUG] Using connector BasicRepositoryConnector with priority 0.0 for file:///Users/olamy/.m2/repository
[INFO] Downloading from local.central: file:///Users/olamy/.m2/repository/org/apache/maven/doxia/doxia-site-renderer/1.0/doxia-site-renderer-1.0.pom
[INFO] Downloaded from local.central: file:///Users/olamy/.m2/repository/org/apache/maven/doxia/doxia-site-renderer/1.0/doxia-site-renderer-1.0.pom (4.4 kB at 2.2 MB/s)
[DEBUG] Writing tracking file /Users/olamy/dev/sources/maven/plugins/maven-invoker-plugin/target/local-repo/org/apache/maven/doxia/doxia-site-renderer/1.0/_remote.repositories
[DEBUG] Writing tracking file /Users/olamy/dev/sources/maven/plugins/maven-invoker-plugin/target/local-repo/org/apache/maven/doxia/doxia-site-renderer/1.0/doxia-site-renderer-1.0.pom.lastUpdated
[DEBUG] Using transporter WagonTransporter with priority -1.0 for file:///Users/olamy/.m2/repository
[DEBUG] Using connector BasicRepositoryConnector with priority 0.0 for file:///Users/olamy/.m2/repository
[INFO] Downloading from local.central: file:///Users/olamy/.m2/repository/org/apache/maven/doxia/doxia-sitetools/1.0/doxia-sitetools-1.0.pom
[INFO] Downloaded from local.central: file:///Users/olamy/.m2/repository/org/apache/maven/doxia/doxia-sitetools/1.0/doxia-sitetools-1.0.pom (9.6 kB at 3.2 MB/s)
[DEBUG] Writing tracking file /Users/olamy/dev/sources/maven/plugins/maven-invoker-plugin/target/local-repo/org/apache/maven/doxia/doxia-sitetools/1.0/_remote.repositories
[DEBUG] Writing tracking file /Users/olamy/dev/sources/maven/plugins/maven-invoker-plugin/target/local-repo/org/apache/maven/doxia/doxia-sitetools/1.0/doxia-sitetools-1.0.pom.lastUpdated
[DEBUG] Using transporter WagonTransporter with priority -1.0 for file:///Users/olamy/.m2/repository
[DEBUG] Using connector BasicRepositoryConnector with priority 0.0 for file:///Users/olamy/.m2/repository
[INFO] Downloading from local.central: file:///Users/olamy/.m2/repository/org/apache/maven/doxia/doxia-decoration-model/1.0/doxia-decoration-model-1.0.pom
[INFO] Downloaded from local.central: file:///Users/olamy/.m2/repository/org/apache/maven/doxia/doxia-decoration-model/1.0/doxia-decoration-model-1.0.pom (3.2 kB at 1.1 MB/s)
[DEBUG] Writing tracking file /Users/olamy/dev/sources/maven/plugins/maven-invoker-plugin/target/local-repo/org/apache/maven/doxia/doxia-decoration-model/1.0/_remote.repositories
[DEBUG] Writing tracking file /Users/olamy/dev/sources/maven/plugins/maven-invoker-plugin/target/local-repo/org/apache/maven/doxia/doxia-decoration-model/1.0/doxia-decoration-model-1.0.pom.lastUpdated
[DEBUG] Using transporter WagonTransporter with priority -1.0 for file:///Users/olamy/.m2/repository
[DEBUG] Using connector BasicRepositoryConnector with priority 0.0 for file:///Users/olamy/.m2/repository
[INFO] Downloading from local.central: file:///Users/olamy/.m2/repository/org/apache/maven/doxia/doxia-module-apt/1.0/doxia-module-apt-1.0.pom
[INFO] Downloaded from local.central: file:///Users/olamy/.m2/repository/org/apache/maven/doxia/doxia-module-apt/1.0/doxia-module-apt-1.0.pom (2.3 kB at 751 kB/s)
[DEBUG] Writing tracking file /Users/olamy/dev/sources/maven/plugins/maven-invoker-plugin/target/local-repo/org/apache/maven/doxia/doxia-module-apt/1.0/_remote.repositories
[DEBUG] Writing tracking file /Users/olamy/dev/sources/maven/plugins/maven-invoker-plugin/target/local-repo/org/apache/maven/doxia/doxia-module-apt/1.0/doxia-module-apt-1.0.pom.lastUpdated
[DEBUG] Using transporter WagonTransporter with priority -1.0 for file:///Users/olamy/.m2/repository
[DEBUG] Using connector BasicRepositoryConnector with priority 0.0 for file:///Users/olamy/.m2/repository
[INFO] Downloading from local.central: file:///Users/olamy/.m2/repository/org/apache/maven/doxia/doxia-modules/1.0/doxia-modules-1.0.pom
[INFO] Downloaded from local.central: file:///Users/olamy/.m2/repository/org/apache/maven/doxia/doxia-modules/1.0/doxia-modules-1.0.pom (2.4 kB at 1.2 MB/s)
[DEBUG] Writing tracking file /Users/olamy/dev/sources/maven/plugins/maven-invoker-plugin/target/local-repo/org/apache/maven/doxia/doxia-modules/1.0/_remote.repositories
[DEBUG] Writing tracking file /Users/olamy/dev/sources/maven/plugins/maven-invoker-plugin/target/local-repo/org/apache/maven/doxia/doxia-modules/1.0/doxia-modules-1.0.pom.lastUpdated
[DEBUG] Using transporter WagonTransporter with priority -1.0 for file:///Users/olamy/.m2/repository
[DEBUG] Using connector BasicRepositoryConnector with priority 0.0 for file:///Users/olamy/.m2/repository
[INFO] Downloading from local.central: file:///Users/olamy/.m2/repository/org/apache/maven/doxia/doxia-module-fml/1.0/doxia-module-fml-1.0.pom
[INFO] Downloaded from local.central: file:///Users/olamy/.m2/repository/org/apache/maven/doxia/doxia-module-fml/1.0/doxia-module-fml-1.0.pom (2.7 kB at 1.3 MB/s)
[DEBUG] Writing tracking file /Users/olamy/dev/sources/maven/plugins/maven-invoker-plugin/target/local-repo/org/apache/maven/doxia/doxia-module-fml/1.0/_remote.repositories
[DEBUG] Writing tracking file /Users/olamy/dev/sources/maven/plugins/maven-invoker-plugin/target/local-repo/org/apache/maven/doxia/doxia-module-fml/1.0/doxia-module-fml-1.0.pom.lastUpdated
[DEBUG] Using transporter WagonTransporter with priority -1.0 for file:///Users/olamy/.m2/repository
[DEBUG] Using connector BasicRepositoryConnector with priority 0.0 for file:///Users/olamy/.m2/repository
[INFO] Downloading from local.central: file:///Users/olamy/.m2/repository/org/apache/maven/doxia/doxia-module-xdoc/1.0/doxia-module-xdoc-1.0.pom
[INFO] Downloaded from local.central: file:///Users/olamy/.m2/repository/org/apache/maven/doxia/doxia-module-xdoc/1.0/doxia-module-xdoc-1.0.pom (2.2 kB at 747 kB/s)
[DEBUG] Writing tracking file /Users/olamy/dev/sources/maven/plugins/maven-invoker-plugin/target/local-repo/org/apache/maven/doxia/doxia-module-xdoc/1.0/_remote.repositories
[DEBUG] Writing tracking file /Users/olamy/dev/sources/maven/plugins/maven-invoker-plugin/target/local-repo/org/apache/maven/doxia/doxia-module-xdoc/1.0/doxia-module-xdoc-1.0.pom.lastUpdated
[DEBUG] Using transporter WagonTransporter with priority -1.0 for file:///Users/olamy/.m2/repository
[DEBUG] Using connector BasicRepositoryConnector with priority 0.0 for file:///Users/olamy/.m2/repository
[INFO] Downloading from local.central: file:///Users/olamy/.m2/repository/org/apache/maven/doxia/doxia-module-xhtml/1.0/doxia-module-xhtml-1.0.pom
[INFO] Downloaded from local.central: file:///Users/olamy/.m2/repository/org/apache/maven/doxia/doxia-module-xhtml/1.0/doxia-module-xhtml-1.0.pom (1.6 kB at 533 kB/s)
[DEBUG] Writing tracking file /Users/olamy/dev/sources/maven/plugins/maven-invoker-plugin/target/local-repo/org/apache/maven/doxia/doxia-module-xhtml/1.0/_remote.repositories
[DEBUG] Writing tracking file /Users/olamy/dev/sources/maven/plugins/maven-invoker-plugin/target/local-repo/org/apache/maven/doxia/doxia-module-xhtml/1.0/doxia-module-xhtml-1.0.pom.lastUpdated
[DEBUG] Using transporter WagonTransporter with priority -1.0 for file:///Users/olamy/.m2/repository
[DEBUG] Using connector BasicRepositoryConnector with priority 0.0 for file:///Users/olamy/.m2/repository
[INFO] Downloading from local.central: file:///Users/olamy/.m2/repository/org/apache/maven/shared/maven-doxia-tools/1.0.2/maven-doxia-tools-1.0.2.pom
[INFO] Downloaded from local.central: file:///Users/olamy/.m2/repository/org/apache/maven/shared/maven-doxia-tools/1.0.2/maven-doxia-tools-1.0.2.pom (5.9 kB at 2.0 MB/s)
[DEBUG] Writing tracking file /Users/olamy/dev/sources/maven/plugins/maven-invoker-plugin/target/local-repo/org/apache/maven/shared/maven-doxia-tools/1.0.2/_remote.repositories
[DEBUG] Writing tracking file /Users/olamy/dev/sources/maven/plugins/maven-invoker-plugin/target/local-repo/org/apache/maven/shared/maven-doxia-tools/1.0.2/maven-doxia-tools-1.0.2.pom.lastUpdated
[DEBUG] Using transporter WagonTransporter with priority -1.0 for file:///Users/olamy/.m2/repository
[DEBUG] Using connector BasicRepositoryConnector with priority 0.0 for file:///Users/olamy/.m2/repository
[INFO] Downloading from local.central: file:///Users/olamy/.m2/repository/commons-io/commons-io/1.4/commons-io-1.4.pom
[INFO] Downloaded from local.central: file:///Users/olamy/.m2/repository/commons-io/commons-io/1.4/commons-io-1.4.pom (13 kB at 6.6 MB/s)
[DEBUG] Writing tracking file /Users/olamy/dev/sources/maven/plugins/maven-invoker-plugin/target/local-repo/commons-io/commons-io/1.4/_remote.repositories
[DEBUG] Writing tracking file /Users/olamy/dev/sources/maven/plugins/maven-invoker-plugin/target/local-repo/commons-io/commons-io/1.4/commons-io-1.4.pom.lastUpdated
[DEBUG] Using transporter WagonTransporter with priority -1.0 for file:///Users/olamy/.m2/repository
[DEBUG] Using connector BasicRepositoryConnector with priority 0.0 for file:///Users/olamy/.m2/repository
[INFO] Downloading from local.central: file:///Users/olamy/.m2/repository/org/apache/commons/commons-parent/7/commons-parent-7.pom
[INFO] Downloaded from local.central: file:///Users/olamy/.m2/repository/org/apache/commons/commons-parent/7/commons-parent-7.pom (17 kB at 5.8 MB/s)
[DEBUG] Writing tracking file /Users/olamy/dev/sources/maven/plugins/maven-invoker-plugin/target/local-repo/org/apache/commons/commons-parent/7/_remote.repositories
[DEBUG] Writing tracking file /Users/olamy/dev/sources/maven/plugins/maven-invoker-plugin/target/local-repo/org/apache/commons/commons-parent/7/commons-parent-7.pom.lastUpdated
[DEBUG] Using transporter WagonTransporter with priority -1.0 for file:///Users/olamy/.m2/repository
[DEBUG] Using connector BasicRepositoryConnector with priority 0.0 for file:///Users/olamy/.m2/repository
[INFO] Downloading from local.central: file:///Users/olamy/.m2/repository/commons-validator/commons-validator/1.2.0/commons-validator-1.2.0.pom
[INFO] Downloaded from local.central: file:///Users/olamy/.m2/repository/commons-validator/commons-validator/1.2.0/commons-validator-1.2.0.pom (9.1 kB at 3.0 MB/s)
[DEBUG] Writing tracking file /Users/olamy/dev/sources/maven/plugins/maven-invoker-plugin/target/local-repo/commons-validator/commons-validator/1.2.0/_remote.repositories
[DEBUG] Writing tracking file /Users/olamy/dev/sources/maven/plugins/maven-invoker-plugin/target/local-repo/commons-validator/commons-validator/1.2.0/commons-validator-1.2.0.pom.lastUpdated
[DEBUG] Using transporter WagonTransporter with priority -1.0 for file:///Users/olamy/.m2/repository
[DEBUG] Using connector BasicRepositoryConnector with priority 0.0 for file:///Users/olamy/.m2/repository
[INFO] Downloading from local.central: file:///Users/olamy/.m2/repository/xml-apis/xml-apis/2.0.2/xml-apis-2.0.2.pom
[INFO] Downloaded from local.central: file:///Users/olamy/.m2/repository/xml-apis/xml-apis/2.0.2/xml-apis-2.0.2.pom (346 B at 115 kB/s)
[DEBUG] Writing tracking file /Users/olamy/dev/sources/maven/plugins/maven-invoker-plugin/target/local-repo/xml-apis/xml-apis/2.0.2/_remote.repositories
[DEBUG] Writing tracking file /Users/olamy/dev/sources/maven/plugins/maven-invoker-plugin/target/local-repo/xml-apis/xml-apis/2.0.2/xml-apis-2.0.2.pom.lastUpdated
[DEBUG] Using transporter WagonTransporter with priority -1.0 for file:///Users/olamy/.m2/repository
[DEBUG] Using connector BasicRepositoryConnector with priority 0.0 for file:///Users/olamy/.m2/repository
[INFO] Downloading from local.central: file:///Users/olamy/.m2/repository/org/apache/maven/plugin-tools/maven-plugin-tools-java/2.9/maven-plugin-tools-java-2.9.pom
[DEBUG] Writing tracking file /Users/olamy/dev/sources/maven/plugins/maven-invoker-plugin/target/local-repo/org/apache/maven/plugin-tools/maven-plugin-tools-java/2.9/maven-plugin-tools-java-2.9.pom.lastUpdated
[DEBUG] Using transporter WagonTransporter with priority -1.0 for https://repo.maven.apache.org/maven2
[DEBUG] Using connector BasicRepositoryConnector with priority 0.0 for https://repo.maven.apache.org/maven2
[INFO] Downloading from central: https://repo.maven.apache.org/maven2/org/apache/maven/plugin-tools/maven-plugin-tools-java/2.9/maven-plugin-tools-java-2.9.pom
[INFO] Downloaded from central: https://repo.maven.apache.org/maven2/org/apache/maven/plugin-tools/maven-plugin-tools-java/2.9/maven-plugin-tools-java-2.9.pom (3.0 kB at 5.5 kB/s)
[DEBUG] Writing tracking file /Users/olamy/dev/sources/maven/plugins/maven-invoker-plugin/target/local-repo/org/apache/maven/plugin-tools/maven-plugin-tools-java/2.9/_remote.repositories
[DEBUG] Writing tracking file /Users/olamy/dev/sources/maven/plugins/maven-invoker-plugin/target/local-repo/org/apache/maven/plugin-tools/maven-plugin-tools-java/2.9/maven-plugin-tools-java-2.9.pom.lastUpdated
[DEBUG] Using transporter WagonTransporter with priority -1.0 for file:///Users/olamy/.m2/repository
[DEBUG] Using connector BasicRepositoryConnector with priority 0.0 for file:///Users/olamy/.m2/repository
[INFO] Downloading from local.central: file:///Users/olamy/.m2/repository/com/thoughtworks/qdox/qdox/1.11/qdox-1.11.pom
[DEBUG] Writing tracking file /Users/olamy/dev/sources/maven/plugins/maven-invoker-plugin/target/local-repo/com/thoughtworks/qdox/qdox/1.11/qdox-1.11.pom.lastUpdated
[DEBUG] Using transporter WagonTransporter with priority -1.0 for https://repo.maven.apache.org/maven2
[DEBUG] Using connector BasicRepositoryConnector with priority 0.0 for https://repo.maven.apache.org/maven2
[INFO] Downloading from central: https://repo.maven.apache.org/maven2/com/thoughtworks/qdox/qdox/1.11/qdox-1.11.pom
[INFO] Downloaded from central: https://repo.maven.apache.org/maven2/com/thoughtworks/qdox/qdox/1.11/qdox-1.11.pom (18 kB at 41 kB/s)
[DEBUG] Writing tracking file /Users/olamy/dev/sources/maven/plugins/maven-invoker-plugin/target/local-repo/com/thoughtworks/qdox/qdox/1.11/_remote.repositories
[DEBUG] Writing tracking file /Users/olamy/dev/sources/maven/plugins/maven-invoker-plugin/target/local-repo/com/thoughtworks/qdox/qdox/1.11/qdox-1.11.pom.lastUpdated
[DEBUG] Using transporter WagonTransporter with priority -1.0 for file:///Users/olamy/.m2/repository
[DEBUG] Using connector BasicRepositoryConnector with priority 0.0 for file:///Users/olamy/.m2/repository
[INFO] Downloading from local.central: file:///Users/olamy/.m2/repository/org/apache/maven/plugin-tools/maven-plugin-tools-beanshell/2.9/maven-plugin-tools-beanshell-2.9.pom
[DEBUG] Writing tracking file /Users/olamy/dev/sources/maven/plugins/maven-invoker-plugin/target/local-repo/org/apache/maven/plugin-tools/maven-plugin-tools-beanshell/2.9/maven-plugin-tools-beanshell-2.9.pom.lastUpdated
[DEBUG] Using transporter WagonTransporter with priority -1.0 for https://repo.maven.apache.org/maven2
[DEBUG] Using connector BasicRepositoryConnector with priority 0.0 for https://repo.maven.apache.org/maven2
[INFO] Downloading from central: https://repo.maven.apache.org/maven2/org/apache/maven/plugin-tools/maven-plugin-tools-beanshell/2.9/maven-plugin-tools-beanshell-2.9.pom
[INFO] Downloaded from central: https://repo.maven.apache.org/maven2/org/apache/maven/plugin-tools/maven-plugin-tools-beanshell/2.9/maven-plugin-tools-beanshell-2.9.pom (2.4 kB at 4.3 kB/s)
[DEBUG] Writing tracking file /Users/olamy/dev/sources/maven/plugins/maven-invoker-plugin/target/local-repo/org/apache/maven/plugin-tools/maven-plugin-tools-beanshell/2.9/_remote.repositories
[DEBUG] Writing tracking file /Users/olamy/dev/sources/maven/plugins/maven-invoker-plugin/target/local-repo/org/apache/maven/plugin-tools/maven-plugin-tools-beanshell/2.9/maven-plugin-tools-beanshell-2.9.pom.lastUpdated
[DEBUG] Using transporter WagonTransporter with priority -1.0 for file:///Users/olamy/.m2/repository
[DEBUG] Using connector BasicRepositoryConnector with priority 0.0 for file:///Users/olamy/.m2/repository
[INFO] Downloading from local.central: file:///Users/olamy/.m2/repository/bsh/bsh/1.3.0/bsh-1.3.0.pom
[INFO] Downloaded from local.central: file:///Users/olamy/.m2/repository/bsh/bsh/1.3.0/bsh-1.3.0.pom (210 B at 52 kB/s)
[DEBUG] Writing tracking file /Users/olamy/dev/sources/maven/plugins/maven-invoker-plugin/target/local-repo/bsh/bsh/1.3.0/_remote.repositories
[DEBUG] Writing tracking file /Users/olamy/dev/sources/maven/plugins/maven-invoker-plugin/target/local-repo/bsh/bsh/1.3.0/bsh-1.3.0.pom.lastUpdated
[DEBUG] Dependency collection stats: {ConflictMarker.analyzeTime=707944, ConflictMarker.markTime=259637, ConflictMarker.nodeCount=199, ConflictIdSorter.graphTime=284147, ConflictIdSorter.topsortTime=58337, ConflictIdSorter.conflictIdCount=50, ConflictIdSorter.conflictIdCycleCount=0, ConflictResolver.totalTime=1871096, ConflictResolver.conflictItemCount=128, DefaultDependencyCollector.collectTime=2758915734, DefaultDependencyCollector.transformTime=3215869}
[DEBUG] org.apache.maven.plugins:maven-plugin-plugin:jar:2.9:
[DEBUG]    org.apache.maven.doxia:doxia-sink-api:jar:1.2:compile
[DEBUG]       org.apache.maven.doxia:doxia-logging-api:jar:1.2:compile
[DEBUG]    org.apache.maven.doxia:doxia-site-renderer:jar:1.2:compile
[DEBUG]       org.apache.maven.doxia:doxia-core:jar:1.2:compile
[DEBUG]          xerces:xercesImpl:jar:2.9.1:compile
[DEBUG]          commons-lang:commons-lang:jar:2.4:compile
[DEBUG]          org.apache.httpcomponents:httpclient:jar:4.0.2:compile
[DEBUG]             org.apache.httpcomponents:httpcore:jar:4.0.1:compile
[DEBUG]             commons-codec:commons-codec:jar:1.3:compile
[DEBUG]       org.apache.maven.doxia:doxia-decoration-model:jar:1.2:compile
[DEBUG]       org.apache.maven.doxia:doxia-module-xhtml:jar:1.2:compile
[DEBUG]       org.apache.maven.doxia:doxia-module-fml:jar:1.2:compile
[DEBUG]       org.codehaus.plexus:plexus-i18n:jar:1.0-beta-7:compile
[DEBUG]       org.codehaus.plexus:plexus-velocity:jar:1.1.7:compile
[DEBUG]       org.apache.velocity:velocity:jar:1.5:compile
[DEBUG]          oro:oro:jar:2.0.8:compile
[DEBUG]       commons-collections:commons-collections:jar:3.2.1:compile
[DEBUG]    org.apache.maven:maven-plugin-api:jar:2.0.6:compile
[DEBUG]    org.apache.maven:maven-model:jar:2.0.6:compile
[DEBUG]    org.apache.maven:maven-repository-metadata:jar:2.0.6:compile
[DEBUG]    org.apache.maven:maven-project:jar:2.0.6:compile
[DEBUG]       org.apache.maven:maven-settings:jar:2.0.6:compile
[DEBUG]       org.apache.maven:maven-profile:jar:2.0.6:compile
[DEBUG]       org.codehaus.plexus:plexus-container-default:jar:1.0-alpha-9-stable-1:compile
[DEBUG]          junit:junit:jar:3.8.1:compile
[DEBUG]          classworlds:classworlds:jar:1.1-alpha-2:compile
[DEBUG]    org.apache.maven:maven-plugin-descriptor:jar:2.0.6:compile
[DEBUG]    org.apache.maven:maven-plugin-registry:jar:2.0.6:compile
[DEBUG]    org.apache.maven.plugin-tools:maven-plugin-tools-api:jar:2.9:compile
[DEBUG]       net.sf.jtidy:jtidy:jar:r938:compile
[DEBUG]    org.apache.maven:maven-artifact-manager:jar:2.0.6:compile
[DEBUG]    org.apache.maven:maven-artifact:jar:2.0.6:compile
[DEBUG]    org.apache.maven.reporting:maven-reporting-impl:jar:2.0.5:compile
[DEBUG]       org.apache.maven.shared:maven-doxia-tools:jar:1.0.2:compile
[DEBUG]          commons-io:commons-io:jar:1.4:compile
[DEBUG]       commons-validator:commons-validator:jar:1.2.0:compile
[DEBUG]          commons-beanutils:commons-beanutils:jar:1.7.0:compile
[DEBUG]          commons-digester:commons-digester:jar:1.6:compile
[DEBUG]          commons-logging:commons-logging:jar:1.0.4:compile
[DEBUG]          xml-apis:xml-apis:jar:1.0.b2:compile
[DEBUG]    org.apache.maven.reporting:maven-reporting-api:jar:3.0:compile
[DEBUG]    org.apache.maven.plugin-tools:maven-plugin-tools-java:jar:2.9:runtime
[DEBUG]       com.thoughtworks.qdox:qdox:jar:1.11:runtime
[DEBUG]    org.apache.maven.plugin-tools:maven-plugin-tools-beanshell:jar:2.9:runtime
[DEBUG]       bsh:bsh:jar:1.3.0:runtime
[DEBUG]    org.codehaus.plexus:plexus-utils:jar:2.0.5:compile
[DEBUG] Using transporter WagonTransporter with priority -1.0 for file:///Users/olamy/.m2/repository
[DEBUG] Using connector BasicRepositoryConnector with priority 0.0 for file:///Users/olamy/.m2/repository
[INFO] Downloading from local.central: file:///Users/olamy/.m2/repository/org/apache/maven/doxia/doxia-sink-api/1.2/doxia-sink-api-1.2.jar
[INFO] Downloading from local.central: file:///Users/olamy/.m2/repository/org/apache/maven/doxia/doxia-logging-api/1.2/doxia-logging-api-1.2.jar
[INFO] Downloading from local.central: file:///Users/olamy/.m2/repository/commons-codec/commons-codec/1.3/commons-codec-1.3.jar
[INFO] Downloading from local.central: file:///Users/olamy/.m2/repository/org/apache/maven/doxia/doxia-core/1.2/doxia-core-1.2.jar
[INFO] Downloading from local.central: file:///Users/olamy/.m2/repository/org/apache/maven/doxia/doxia-site-renderer/1.2/doxia-site-renderer-1.2.jar
[INFO] Downloaded from local.central: file:///Users/olamy/.m2/repository/org/apache/maven/doxia/doxia-sink-api/1.2/doxia-sink-api-1.2.jar (11 kB at 234 kB/s)
[INFO] Downloaded from local.central: file:///Users/olamy/.m2/repository/org/apache/maven/doxia/doxia-logging-api/1.2/doxia-logging-api-1.2.jar (11 kB at 236 kB/s)
[INFO] Downloading from local.central: file:///Users/olamy/.m2/repository/org/apache/maven/doxia/doxia-decoration-model/1.2/doxia-decoration-model-1.2.jar
[INFO] Downloading from local.central: file:///Users/olamy/.m2/repository/org/apache/maven/doxia/doxia-module-xhtml/1.2/doxia-module-xhtml-1.2.jar
[INFO] Downloaded from local.central: file:///Users/olamy/.m2/repository/org/apache/maven/doxia/doxia-site-renderer/1.2/doxia-site-renderer-1.2.jar (52 kB at 1.0 MB/s)
[INFO] Downloaded from local.central: file:///Users/olamy/.m2/repository/commons-codec/commons-codec/1.3/commons-codec-1.3.jar (47 kB at 916 kB/s)
[INFO] Downloading from local.central: file:///Users/olamy/.m2/repository/org/apache/maven/doxia/doxia-module-fml/1.2/doxia-module-fml-1.2.jar
[INFO] Downloading from local.central: file:///Users/olamy/.m2/repository/org/codehaus/plexus/plexus-velocity/1.1.7/plexus-velocity-1.1.7.jar
[INFO] Downloaded from local.central: file:///Users/olamy/.m2/repository/org/apache/maven/doxia/doxia-module-xhtml/1.2/doxia-module-xhtml-1.2.jar (15 kB at 285 kB/s)
[INFO] Downloading from local.central: file:///Users/olamy/.m2/repository/org/apache/velocity/velocity/1.5/velocity-1.5.jar
[INFO] Downloaded from local.central: file:///Users/olamy/.m2/repository/org/apache/maven/doxia/doxia-core/1.2/doxia-core-1.2.jar (154 kB at 2.8 MB/s)
[INFO] Downloading from local.central: file:///Users/olamy/.m2/repository/org/apache/maven/plugin-tools/maven-plugin-tools-api/2.9/maven-plugin-tools-api-2.9.jar
[INFO] Downloaded from local.central: file:///Users/olamy/.m2/repository/org/codehaus/plexus/plexus-velocity/1.1.7/plexus-velocity-1.1.7.jar (7.7 kB at 139 kB/s)
[INFO] Downloading from local.central: file:///Users/olamy/.m2/repository/net/sf/jtidy/jtidy/r938/jtidy-r938.jar
[INFO] Downloading from local.central: file:///Users/olamy/.m2/repository/org/apache/maven/reporting/maven-reporting-impl/2.0.5/maven-reporting-impl-2.0.5.jar
[INFO] Downloaded from local.central: file:///Users/olamy/.m2/repository/org/apache/maven/doxia/doxia-decoration-model/1.2/doxia-decoration-model-1.2.jar (60 kB at 1.1 MB/s)
[INFO] Downloaded from local.central: file:///Users/olamy/.m2/repository/org/apache/maven/doxia/doxia-module-fml/1.2/doxia-module-fml-1.2.jar (38 kB at 676 kB/s)
[INFO] Downloading from local.central: file:///Users/olamy/.m2/repository/org/apache/maven/shared/maven-doxia-tools/1.0.2/maven-doxia-tools-1.0.2.jar
[INFO] Downloading from local.central: file:///Users/olamy/.m2/repository/commons-io/commons-io/1.4/commons-io-1.4.jar
[INFO] Downloaded from local.central: file:///Users/olamy/.m2/repository/org/apache/maven/reporting/maven-reporting-impl/2.0.5/maven-reporting-impl-2.0.5.jar (21 kB at 349 kB/s)
[INFO] Downloading from local.central: file:///Users/olamy/.m2/repository/commons-validator/commons-validator/1.2.0/commons-validator-1.2.0.jar
[INFO] Downloaded from local.central: file:///Users/olamy/.m2/repository/org/apache/maven/shared/maven-doxia-tools/1.0.2/maven-doxia-tools-1.0.2.jar (41 kB at 674 kB/s)
[INFO] Downloading from local.central: file:///Users/olamy/.m2/repository/commons-beanutils/commons-beanutils/1.7.0/commons-beanutils-1.7.0.jar
[INFO] Downloaded from local.central: file:///Users/olamy/.m2/repository/commons-io/commons-io/1.4/commons-io-1.4.jar (109 kB at 1.8 MB/s)
[INFO] Downloading from local.central: file:///Users/olamy/.m2/repository/commons-digester/commons-digester/1.6/commons-digester-1.6.jar
[INFO] Downloaded from local.central: file:///Users/olamy/.m2/repository/net/sf/jtidy/jtidy/r938/jtidy-r938.jar (250 kB at 4.0 MB/s)
[INFO] Downloading from local.central: file:///Users/olamy/.m2/repository/commons-logging/commons-logging/1.0.4/commons-logging-1.0.4.jar
[INFO] Downloaded from local.central: file:///Users/olamy/.m2/repository/org/apache/velocity/velocity/1.5/velocity-1.5.jar (392 kB at 6.2 MB/s)
[INFO] Downloading from local.central: file:///Users/olamy/.m2/repository/xml-apis/xml-apis/1.0.b2/xml-apis-1.0.b2.jar
[INFO] Downloaded from local.central: file:///Users/olamy/.m2/repository/commons-validator/commons-validator/1.2.0/commons-validator-1.2.0.jar (91 kB at 1.4 MB/s)
[INFO] Downloading from local.central: file:///Users/olamy/.m2/repository/org/apache/maven/plugin-tools/maven-plugin-tools-java/2.9/maven-plugin-tools-java-2.9.jar
[INFO] Downloaded from local.central: file:///Users/olamy/.m2/repository/commons-logging/commons-logging/1.0.4/commons-logging-1.0.4.jar (38 kB at 576 kB/s)
[INFO] Downloading from local.central: file:///Users/olamy/.m2/repository/com/thoughtworks/qdox/qdox/1.11/qdox-1.11.jar
[INFO] Downloading from local.central: file:///Users/olamy/.m2/repository/org/apache/maven/plugin-tools/maven-plugin-tools-beanshell/2.9/maven-plugin-tools-beanshell-2.9.jar
[INFO] Downloading from local.central: file:///Users/olamy/.m2/repository/bsh/bsh/1.3.0/bsh-1.3.0.jar
[INFO] Downloaded from local.central: file:///Users/olamy/.m2/repository/commons-beanutils/commons-beanutils/1.7.0/commons-beanutils-1.7.0.jar (189 kB at 2.8 MB/s)
[INFO] Downloaded from local.central: file:///Users/olamy/.m2/repository/xml-apis/xml-apis/1.0.b2/xml-apis-1.0.b2.jar (109 kB at 1.6 MB/s)
[INFO] Downloaded from local.central: file:///Users/olamy/.m2/repository/commons-digester/commons-digester/1.6/commons-digester-1.6.jar (168 kB at 2.5 MB/s)
[INFO] Downloaded from local.central: file:///Users/olamy/.m2/repository/bsh/bsh/1.3.0/bsh-1.3.0.jar (242 kB at 3.3 MB/s)
[DEBUG] Writing tracking file /Users/olamy/dev/sources/maven/plugins/maven-invoker-plugin/target/local-repo/org/apache/maven/doxia/doxia-sink-api/1.2/_remote.repositories
[DEBUG] Writing tracking file /Users/olamy/dev/sources/maven/plugins/maven-invoker-plugin/target/local-repo/org/apache/maven/doxia/doxia-sink-api/1.2/doxia-sink-api-1.2.jar.lastUpdated
[DEBUG] Writing tracking file /Users/olamy/dev/sources/maven/plugins/maven-invoker-plugin/target/local-repo/org/apache/maven/doxia/doxia-logging-api/1.2/_remote.repositories
[DEBUG] Writing tracking file /Users/olamy/dev/sources/maven/plugins/maven-invoker-plugin/target/local-repo/org/apache/maven/doxia/doxia-logging-api/1.2/doxia-logging-api-1.2.jar.lastUpdated
[DEBUG] Writing tracking file /Users/olamy/dev/sources/maven/plugins/maven-invoker-plugin/target/local-repo/org/apache/maven/doxia/doxia-site-renderer/1.2/_remote.repositories
[DEBUG] Writing tracking file /Users/olamy/dev/sources/maven/plugins/maven-invoker-plugin/target/local-repo/org/apache/maven/doxia/doxia-site-renderer/1.2/doxia-site-renderer-1.2.jar.lastUpdated
[DEBUG] Writing tracking file /Users/olamy/dev/sources/maven/plugins/maven-invoker-plugin/target/local-repo/org/apache/maven/doxia/doxia-core/1.2/_remote.repositories
[DEBUG] Writing tracking file /Users/olamy/dev/sources/maven/plugins/maven-invoker-plugin/target/local-repo/org/apache/maven/doxia/doxia-core/1.2/doxia-core-1.2.jar.lastUpdated
[DEBUG] Writing tracking file /Users/olamy/dev/sources/maven/plugins/maven-invoker-plugin/target/local-repo/commons-codec/commons-codec/1.3/_remote.repositories
[DEBUG] Writing tracking file /Users/olamy/dev/sources/maven/plugins/maven-invoker-plugin/target/local-repo/commons-codec/commons-codec/1.3/commons-codec-1.3.jar.lastUpdated
[DEBUG] Writing tracking file /Users/olamy/dev/sources/maven/plugins/maven-invoker-plugin/target/local-repo/org/apache/maven/doxia/doxia-decoration-model/1.2/_remote.repositories
[DEBUG] Writing tracking file /Users/olamy/dev/sources/maven/plugins/maven-invoker-plugin/target/local-repo/org/apache/maven/doxia/doxia-decoration-model/1.2/doxia-decoration-model-1.2.jar.lastUpdated
[DEBUG] Writing tracking file /Users/olamy/dev/sources/maven/plugins/maven-invoker-plugin/target/local-repo/org/apache/maven/doxia/doxia-module-xhtml/1.2/_remote.repositories
[DEBUG] Writing tracking file /Users/olamy/dev/sources/maven/plugins/maven-invoker-plugin/target/local-repo/org/apache/maven/doxia/doxia-module-xhtml/1.2/doxia-module-xhtml-1.2.jar.lastUpdated
[DEBUG] Writing tracking file /Users/olamy/dev/sources/maven/plugins/maven-invoker-plugin/target/local-repo/org/apache/maven/doxia/doxia-module-fml/1.2/_remote.repositories
[DEBUG] Writing tracking file /Users/olamy/dev/sources/maven/plugins/maven-invoker-plugin/target/local-repo/org/apache/maven/doxia/doxia-module-fml/1.2/doxia-module-fml-1.2.jar.lastUpdated
[DEBUG] Writing tracking file /Users/olamy/dev/sources/maven/plugins/maven-invoker-plugin/target/local-repo/org/codehaus/plexus/plexus-velocity/1.1.7/_remote.repositories
[DEBUG] Writing tracking file /Users/olamy/dev/sources/maven/plugins/maven-invoker-plugin/target/local-repo/org/codehaus/plexus/plexus-velocity/1.1.7/plexus-velocity-1.1.7.jar.lastUpdated
[DEBUG] Writing tracking file /Users/olamy/dev/sources/maven/plugins/maven-invoker-plugin/target/local-repo/org/apache/velocity/velocity/1.5/_remote.repositories
[DEBUG] Writing tracking file /Users/olamy/dev/sources/maven/plugins/maven-invoker-plugin/target/local-repo/org/apache/velocity/velocity/1.5/velocity-1.5.jar.lastUpdated
[DEBUG] Writing tracking file /Users/olamy/dev/sources/maven/plugins/maven-invoker-plugin/target/local-repo/org/apache/maven/plugin-tools/maven-plugin-tools-api/2.9/maven-plugin-tools-api-2.9.jar.lastUpdated
[DEBUG] Writing tracking file /Users/olamy/dev/sources/maven/plugins/maven-invoker-plugin/target/local-repo/net/sf/jtidy/jtidy/r938/_remote.repositories
[DEBUG] Writing tracking file /Users/olamy/dev/sources/maven/plugins/maven-invoker-plugin/target/local-repo/net/sf/jtidy/jtidy/r938/jtidy-r938.jar.lastUpdated
[DEBUG] Writing tracking file /Users/olamy/dev/sources/maven/plugins/maven-invoker-plugin/target/local-repo/org/apache/maven/reporting/maven-reporting-impl/2.0.5/_remote.repositories
[DEBUG] Writing tracking file /Users/olamy/dev/sources/maven/plugins/maven-invoker-plugin/target/local-repo/org/apache/maven/reporting/maven-reporting-impl/2.0.5/maven-reporting-impl-2.0.5.jar.lastUpdated
[DEBUG] Writing tracking file /Users/olamy/dev/sources/maven/plugins/maven-invoker-plugin/target/local-repo/org/apache/maven/shared/maven-doxia-tools/1.0.2/_remote.repositories
[DEBUG] Writing tracking file /Users/olamy/dev/sources/maven/plugins/maven-invoker-plugin/target/local-repo/org/apache/maven/shared/maven-doxia-tools/1.0.2/maven-doxia-tools-1.0.2.jar.lastUpdated
[DEBUG] Writing tracking file /Users/olamy/dev/sources/maven/plugins/maven-invoker-plugin/target/local-repo/commons-io/commons-io/1.4/_remote.repositories
[DEBUG] Writing tracking file /Users/olamy/dev/sources/maven/plugins/maven-invoker-plugin/target/local-repo/commons-io/commons-io/1.4/commons-io-1.4.jar.lastUpdated
[DEBUG] Writing tracking file /Users/olamy/dev/sources/maven/plugins/maven-invoker-plugin/target/local-repo/commons-validator/commons-validator/1.2.0/_remote.repositories
[DEBUG] Writing tracking file /Users/olamy/dev/sources/maven/plugins/maven-invoker-plugin/target/local-repo/commons-validator/commons-validator/1.2.0/commons-validator-1.2.0.jar.lastUpdated
[DEBUG] Writing tracking file /Users/olamy/dev/sources/maven/plugins/maven-invoker-plugin/target/local-repo/commons-beanutils/commons-beanutils/1.7.0/_remote.repositories
[DEBUG] Writing tracking file /Users/olamy/dev/sources/maven/plugins/maven-invoker-plugin/target/local-repo/commons-beanutils/commons-beanutils/1.7.0/commons-beanutils-1.7.0.jar.lastUpdated
[DEBUG] Writing tracking file /Users/olamy/dev/sources/maven/plugins/maven-invoker-plugin/target/local-repo/commons-digester/commons-digester/1.6/_remote.repositories
[DEBUG] Writing tracking file /Users/olamy/dev/sources/maven/plugins/maven-invoker-plugin/target/local-repo/commons-digester/commons-digester/1.6/commons-digester-1.6.jar.lastUpdated
[DEBUG] Writing tracking file /Users/olamy/dev/sources/maven/plugins/maven-invoker-plugin/target/local-repo/commons-logging/commons-logging/1.0.4/_remote.repositories
[DEBUG] Writing tracking file /Users/olamy/dev/sources/maven/plugins/maven-invoker-plugin/target/local-repo/commons-logging/commons-logging/1.0.4/commons-logging-1.0.4.jar.lastUpdated
[DEBUG] Writing tracking file /Users/olamy/dev/sources/maven/plugins/maven-invoker-plugin/target/local-repo/xml-apis/xml-apis/1.0.b2/_remote.repositories
[DEBUG] Writing tracking file /Users/olamy/dev/sources/maven/plugins/maven-invoker-plugin/target/local-repo/xml-apis/xml-apis/1.0.b2/xml-apis-1.0.b2.jar.lastUpdated
[DEBUG] Writing tracking file /Users/olamy/dev/sources/maven/plugins/maven-invoker-plugin/target/local-repo/org/apache/maven/plugin-tools/maven-plugin-tools-java/2.9/maven-plugin-tools-java-2.9.jar.lastUpdated
[DEBUG] Writing tracking file /Users/olamy/dev/sources/maven/plugins/maven-invoker-plugin/target/local-repo/com/thoughtworks/qdox/qdox/1.11/qdox-1.11.jar.lastUpdated
[DEBUG] Writing tracking file /Users/olamy/dev/sources/maven/plugins/maven-invoker-plugin/target/local-repo/org/apache/maven/plugin-tools/maven-plugin-tools-beanshell/2.9/maven-plugin-tools-beanshell-2.9.jar.lastUpdated
[DEBUG] Writing tracking file /Users/olamy/dev/sources/maven/plugins/maven-invoker-plugin/target/local-repo/bsh/bsh/1.3.0/_remote.repositories
[DEBUG] Writing tracking file /Users/olamy/dev/sources/maven/plugins/maven-invoker-plugin/target/local-repo/bsh/bsh/1.3.0/bsh-1.3.0.jar.lastUpdated
[DEBUG] Using transporter WagonTransporter with priority -1.0 for https://repo.maven.apache.org/maven2
[DEBUG] Using connector BasicRepositoryConnector with priority 0.0 for https://repo.maven.apache.org/maven2
[INFO] Downloading from central: https://repo.maven.apache.org/maven2/org/apache/maven/plugin-tools/maven-plugin-tools-api/2.9/maven-plugin-tools-api-2.9.jar
[INFO] Downloading from central: https://repo.maven.apache.org/maven2/org/apache/maven/plugin-tools/maven-plugin-tools-beanshell/2.9/maven-plugin-tools-beanshell-2.9.jar
[INFO] Downloading from central: https://repo.maven.apache.org/maven2/com/thoughtworks/qdox/qdox/1.11/qdox-1.11.jar
[INFO] Downloading from central: https://repo.maven.apache.org/maven2/org/apache/maven/plugin-tools/maven-plugin-tools-java/2.9/maven-plugin-tools-java-2.9.jar
[INFO] Downloaded from central: https://repo.maven.apache.org/maven2/org/apache/maven/plugin-tools/maven-plugin-tools-api/2.9/maven-plugin-tools-api-2.9.jar (56 kB at 63 kB/s)
[INFO] Downloaded from central: https://repo.maven.apache.org/maven2/org/apache/maven/plugin-tools/maven-plugin-tools-beanshell/2.9/maven-plugin-tools-beanshell-2.9.jar (13 kB at 10 kB/s)
[INFO] Downloaded from central: https://repo.maven.apache.org/maven2/org/apache/maven/plugin-tools/maven-plugin-tools-java/2.9/maven-plugin-tools-java-2.9.jar (17 kB at 13 kB/s)
[INFO] Downloaded from central: https://repo.maven.apache.org/maven2/com/thoughtworks/qdox/qdox/1.11/qdox-1.11.jar (176 kB at 98 kB/s)
[DEBUG] Writing tracking file /Users/olamy/dev/sources/maven/plugins/maven-invoker-plugin/target/local-repo/org/apache/maven/plugin-tools/maven-plugin-tools-api/2.9/_remote.repositories
[DEBUG] Writing tracking file /Users/olamy/dev/sources/maven/plugins/maven-invoker-plugin/target/local-repo/org/apache/maven/plugin-tools/maven-plugin-tools-api/2.9/maven-plugin-tools-api-2.9.jar.lastUpdated
[DEBUG] Writing tracking file /Users/olamy/dev/sources/maven/plugins/maven-invoker-plugin/target/local-repo/org/apache/maven/plugin-tools/maven-plugin-tools-java/2.9/_remote.repositories
[DEBUG] Writing tracking file /Users/olamy/dev/sources/maven/plugins/maven-invoker-plugin/target/local-repo/org/apache/maven/plugin-tools/maven-plugin-tools-java/2.9/maven-plugin-tools-java-2.9.jar.lastUpdated
[DEBUG] Writing tracking file /Users/olamy/dev/sources/maven/plugins/maven-invoker-plugin/target/local-repo/com/thoughtworks/qdox/qdox/1.11/_remote.repositories
[DEBUG] Writing tracking file /Users/olamy/dev/sources/maven/plugins/maven-invoker-plugin/target/local-repo/com/thoughtworks/qdox/qdox/1.11/qdox-1.11.jar.lastUpdated
[DEBUG] Writing tracking file /Users/olamy/dev/sources/maven/plugins/maven-invoker-plugin/target/local-repo/org/apache/maven/plugin-tools/maven-plugin-tools-beanshell/2.9/_remote.repositories
[DEBUG] Writing tracking file /Users/olamy/dev/sources/maven/plugins/maven-invoker-plugin/target/local-repo/org/apache/maven/plugin-tools/maven-plugin-tools-beanshell/2.9/maven-plugin-tools-beanshell-2.9.jar.lastUpdated
[DEBUG] Created new class realm plugin&gt;org.apache.maven.plugins:maven-plugin-plugin:2.9
[DEBUG] Importing foreign packages into class realm plugin&gt;org.apache.maven.plugins:maven-plugin-plugin:2.9
[DEBUG]   Imported:  &lt; maven.api
[DEBUG] Populating class realm plugin&gt;org.apache.maven.plugins:maven-plugin-plugin:2.9
[DEBUG]   Included: org.apache.maven.plugins:maven-plugin-plugin:jar:2.9
[DEBUG]   Included: org.apache.maven.doxia:doxia-sink-api:jar:1.2
[DEBUG]   Included: org.apache.maven.doxia:doxia-logging-api:jar:1.2
[DEBUG]   Included: org.apache.maven.doxia:doxia-site-renderer:jar:1.2
[DEBUG]   Included: org.apache.maven.doxia:doxia-core:jar:1.2
[DEBUG]   Included: xerces:xercesImpl:jar:2.9.1
[DEBUG]   Included: commons-lang:commons-lang:jar:2.4
[DEBUG]   Included: org.apache.httpcomponents:httpclient:jar:4.0.2
[DEBUG]   Included: org.apache.httpcomponents:httpcore:jar:4.0.1
[DEBUG]   Included: commons-codec:commons-codec:jar:1.3
[DEBUG]   Included: org.apache.maven.doxia:doxia-decoration-model:jar:1.2
[DEBUG]   Included: org.apache.maven.doxia:doxia-module-xhtml:jar:1.2
[DEBUG]   Included: org.apache.maven.doxia:doxia-module-fml:jar:1.2
[DEBUG]   Included: org.codehaus.plexus:plexus-i18n:jar:1.0-beta-7
[DEBUG]   Included: org.codehaus.plexus:plexus-velocity:jar:1.1.7
[DEBUG]   Included: org.apache.velocity:velocity:jar:1.5
[DEBUG]   Included: oro:oro:jar:2.0.8
[DEBUG]   Included: commons-collections:commons-collections:jar:3.2.1
[DEBUG]   Included: junit:junit:jar:3.8.1
[DEBUG]   Included: org.apache.maven.plugin-tools:maven-plugin-tools-api:jar:2.9
[DEBUG]   Included: net.sf.jtidy:jtidy:jar:r938
[DEBUG]   Included: org.apache.maven.reporting:maven-reporting-impl:jar:2.0.5
[DEBUG]   Included: org.apache.maven.shared:maven-doxia-tools:jar:1.0.2
[DEBUG]   Included: commons-io:commons-io:jar:1.4
[DEBUG]   Included: commons-validator:commons-validator:jar:1.2.0
[DEBUG]   Included: commons-beanutils:commons-beanutils:jar:1.7.0
[DEBUG]   Included: commons-digester:commons-digester:jar:1.6
[DEBUG]   Included: commons-logging:commons-logging:jar:1.0.4
[DEBUG]   Included: xml-apis:xml-apis:jar:1.0.b2
[DEBUG]   Included: org.apache.maven.reporting:maven-reporting-api:jar:3.0
[DEBUG]   Included: org.apache.maven.plugin-tools:maven-plugin-tools-java:jar:2.9
[DEBUG]   Included: com.thoughtworks.qdox:qdox:jar:1.11
[DEBUG]   Included: org.apache.maven.plugin-tools:maven-plugin-tools-beanshell:jar:2.9
[DEBUG]   Included: bsh:bsh:jar:1.3.0
[DEBUG]   Included: org.codehaus.plexus:plexus-utils:jar:2.0.5
[DEBUG] Configuring mojo org.apache.maven.plugins:maven-plugin-plugin:2.9:descriptor from plugin realm ClassRealm[plugin&gt;org.apache.maven.plugins:maven-plugin-plugin:2.9, parent: sun.misc.Launcher$AppClassLoader@5c647e05]
[DEBUG] Configuring mojo &apos;org.apache.maven.plugins:maven-plugin-plugin:2.9:descriptor&apos; with basic configurator --&gt;
[DEBUG]   (f) encoding = UTF-8
[DEBUG]   (f) outputDirectory = /Users/olamy/dev/sources/maven/plugins/maven-invoker-plugin/target/it/MINVOKER-191/plugin/target/classes/META-INF/maven
[DEBUG]   (f) project = MavenProject: org.apache.maven.plugins.invoker:MINVOKER-191-plugin:1.0-SNAPSHOT @ /Users/olamy/dev/sources/maven/plugins/maven-invoker-plugin/target/it/MINVOKER-191/plugin/pom.xml
[DEBUG]   (f) skip = false
[DEBUG]   (f) skipDescriptor = false
[DEBUG] -- end configuration --
[INFO] Using &apos;UTF-8&apos; encoding to read mojo metadata.
[DEBUG] Using transporter WagonTransporter with priority -1.0 for file:///Users/olamy/.m2/repository
[DEBUG] Using connector BasicRepositoryConnector with priority 0.0 for file:///Users/olamy/.m2/repository
[INFO] Downloading from local.central: file:///Users/olamy/.m2/repository/org/apache/maven/surefire/surefire-booter/2.12.4/surefire-booter-2.12.4.pom
[DEBUG] Using 2 mojo extractors.
[INFO] Downloaded from local.central: file:///Users/olamy/.m2/repository/org/apache/maven/surefire/surefire-booter/2.12.4/surefire-booter-2.12.4.pom (3.0 kB at 606 kB/s)
[INFO] Applying mojo extractor for language: java
[DEBUG] Writing tracking file /Users/olamy/dev/sources/maven/plugins/maven-invoker-plugin/target/local-repo/org/apache/maven/surefire/surefire-booter/2.12.4/_remote.repositories
[DEBUG] Writing tracking file /Users/olamy/dev/sources/maven/plugins/maven-invoker-plugin/target/local-repo/org/apache/maven/surefire/surefire-booter/2.12.4/surefire-booter-2.12.4.pom.lastUpdated
[DEBUG] Using transporter WagonTransporter with priority -1.0 for file:///Users/olamy/.m2/repository
[DEBUG] Using connector BasicRepositoryConnector with priority 0.0 for file:///Users/olamy/.m2/repository
[INFO] Downloading from local.central: file:///Users/olamy/.m2/repository/org/apache/maven/surefire/surefire-api/2.12.4/surefire-api-2.12.4.pom
[INFO] Downloaded from local.central: file:///Users/olamy/.m2/repository/org/apache/maven/surefire/surefire-api/2.12.4/surefire-api-2.12.4.pom (2.5 kB at 830 kB/s)
[DEBUG] Writing tracking file /Users/olamy/dev/sources/maven/plugins/maven-invoker-plugin/target/local-repo/org/apache/maven/surefire/surefire-api/2.12.4/_remote.repositories
[DEBUG] Writing tracking file /Users/olamy/dev/sources/maven/plugins/maven-invoker-plugin/target/local-repo/org/apache/maven/surefire/surefire-api/2.12.4/surefire-api-2.12.4.pom.lastUpdated
[DEBUG] Using transporter WagonTransporter with priority -1.0 for file:///Users/olamy/.m2/repository
[DEBUG] Using connector BasicRepositoryConnector with priority 0.0 for file:///Users/olamy/.m2/repository
[INFO] Downloading from local.central: file:///Users/olamy/.m2/repository/org/apache/maven/surefire/maven-surefire-common/2.12.4/maven-surefire-common-2.12.4.pom
[INFO] Downloaded from local.central: file:///Users/olamy/.m2/repository/org/apache/maven/surefire/maven-surefire-common/2.12.4/maven-surefire-common-2.12.4.pom (5.5 kB at 1.8 MB/s)
[DEBUG] Writing tracking file /Users/olamy/dev/sources/maven/plugins/maven-invoker-plugin/target/local-repo/org/apache/maven/surefire/maven-surefire-common/2.12.4/_remote.repositories
[DEBUG] Writing tracking file /Users/olamy/dev/sources/maven/plugins/maven-invoker-plugin/target/local-repo/org/apache/maven/surefire/maven-surefire-common/2.12.4/maven-surefire-common-2.12.4.pom.lastUpdated
[DEBUG] Using transporter WagonTransporter with priority -1.0 for file:///Users/olamy/.m2/repository
[DEBUG] Using connector BasicRepositoryConnector with priority 0.0 for file:///Users/olamy/.m2/repository
[INFO] Downloading from local.central: file:///Users/olamy/.m2/repository/org/apache/maven/plugin-tools/maven-plugin-annotations/3.1/maven-plugin-annotations-3.1.pom
[INFO] Downloaded from local.central: file:///Users/olamy/.m2/repository/org/apache/maven/plugin-tools/maven-plugin-annotations/3.1/maven-plugin-annotations-3.1.pom (1.6 kB at 541 kB/s)
[DEBUG] Writing tracking file /Users/olamy/dev/sources/maven/plugins/maven-invoker-plugin/target/local-repo/org/apache/maven/plugin-tools/maven-plugin-annotations/3.1/_remote.repositories
[DEBUG] Writing tracking file /Users/olamy/dev/sources/maven/plugins/maven-invoker-plugin/target/local-repo/org/apache/maven/plugin-tools/maven-plugin-annotations/3.1/maven-plugin-annotations-3.1.pom.lastUpdated
[DEBUG] Using transporter WagonTransporter with priority -1.0 for file:///Users/olamy/.m2/repository
[DEBUG] Using connector BasicRepositoryConnector with priority 0.0 for file:///Users/olamy/.m2/repository
[INFO] Downloading from local.central: file:///Users/olamy/.m2/repository/org/apache/maven/plugin-tools/maven-plugin-tools/3.1/maven-plugin-tools-3.1.pom
[INFO] Downloaded from local.central: file:///Users/olamy/.m2/repository/org/apache/maven/plugin-tools/maven-plugin-tools/3.1/maven-plugin-tools-3.1.pom (16 kB at 4.0 MB/s)
[DEBUG] Writing tracking file /Users/olamy/dev/sources/maven/plugins/maven-invoker-plugin/target/local-repo/org/apache/maven/plugin-tools/maven-plugin-tools/3.1/_remote.repositories
[DEBUG] Writing tracking file /Users/olamy/dev/sources/maven/plugins/maven-invoker-plugin/target/local-repo/org/apache/maven/plugin-tools/maven-plugin-tools/3.1/maven-plugin-tools-3.1.pom.lastUpdated
[INFO] Mojo extractor for language: java found 1 mojo descriptors.
[DEBUG] Adding mojo: org.apache.maven.tools.plugin.ExtendedMojoDescriptor [role: &apos;org.apache.maven.plugin.Mojo&apos;, hint: &apos;org.apache.maven.plugins.invoker:MINVOKER-191-plugin:1.0-SNAPSHOT:touch&apos;, realm: null] to plugin descriptor.
[DEBUG] Using transporter WagonTransporter with priority -1.0 for file:///Users/olamy/.m2/repository
[INFO] Applying mojo extractor for language: bsh
[DEBUG] Using connector BasicRepositoryConnector with priority 0.0 for file:///Users/olamy/.m2/repository
[DEBUG] Running: org.apache.maven.tools.plugin.extractor.beanshell.BeanshellMojoDescriptorExtractor
[INFO] Downloading from local.central: file:///Users/olamy/.m2/repository/org/codehaus/plexus/plexus-utils/3.0.8/plexus-utils-3.0.8.pom
[DEBUG] Scanning script dir: /Users/olamy/dev/sources/maven/plugins/maven-invoker-plugin/target/it/MINVOKER-191/plugin/src/main/scripts with extractor: org.apache.maven.tools.plugin.extractor.beanshell.BeanshellMojoDescriptorExtractor
[INFO] Mojo extractor for language: bsh found 0 mojo descriptors.
[INFO] Downloaded from local.central: file:///Users/olamy/.m2/repository/org/codehaus/plexus/plexus-utils/3.0.8/plexus-utils-3.0.8.pom (3.1 kB at 1.0 MB/s)
[DEBUG] Writing tracking file /Users/olamy/dev/sources/maven/plugins/maven-invoker-plugin/target/local-repo/org/codehaus/plexus/plexus-utils/3.0.8/_remote.repositories
[DEBUG] Writing tracking file /Users/olamy/dev/sources/maven/plugins/maven-invoker-plugin/target/local-repo/org/codehaus/plexus/plexus-utils/3.0.8/plexus-utils-3.0.8.pom.lastUpdated
[DEBUG] Using transporter WagonTransporter with priority -1.0 for file:///Users/olamy/.m2/repository
[DEBUG] Using connector BasicRepositoryConnector with priority 0.0 for file:///Users/olamy/.m2/repository
[INFO] 
[INFO] Downloading from local.central: file:///Users/olamy/.m2/repository/org/codehaus/plexus/plexus/3.2/plexus-3.2.pom
[INFO] --- maven-resources-plugin:2.6:testResources (default-testResources) @ MINVOKER-191-plugin ---
[INFO] Downloaded from local.central: file:///Users/olamy/.m2/repository/org/codehaus/plexus/plexus/3.2/plexus-3.2.pom (19 kB at 9.4 MB/s)
[DEBUG] Writing tracking file /Users/olamy/dev/sources/maven/plugins/maven-invoker-plugin/target/local-repo/org/codehaus/plexus/plexus/3.2/_remote.repositories
[DEBUG] Writing tracking file /Users/olamy/dev/sources/maven/plugins/maven-invoker-plugin/target/local-repo/org/codehaus/plexus/plexus/3.2/plexus-3.2.pom.lastUpdated
[DEBUG] Using transporter WagonTransporter with priority -1.0 for file:///Users/olamy/.m2/repository
[DEBUG] Using connector BasicRepositoryConnector with priority 0.0 for file:///Users/olamy/.m2/repository
[INFO] Downloading from local.central: file:///Users/olamy/.m2/repository/org/apache/maven/maven-toolchain/2.0.9/maven-toolchain-2.0.9.pom
[INFO] Downloaded from local.central: file:///Users/olamy/.m2/repository/org/apache/maven/maven-toolchain/2.0.9/maven-toolchain-2.0.9.pom (3.5 kB at 1.2 MB/s)
[DEBUG] Writing tracking file /Users/olamy/dev/sources/maven/plugins/maven-invoker-plugin/target/local-repo/org/apache/maven/maven-toolchain/2.0.9/_remote.repositories
[DEBUG] Writing tracking file /Users/olamy/dev/sources/maven/plugins/maven-invoker-plugin/target/local-repo/org/apache/maven/maven-toolchain/2.0.9/maven-toolchain-2.0.9.pom.lastUpdated
[DEBUG] Using transporter WagonTransporter with priority -1.0 for file:///Users/olamy/.m2/repository
[DEBUG] Using connector BasicRepositoryConnector with priority 0.0 for file:///Users/olamy/.m2/repository
[INFO] Downloading from local.central: file:///Users/olamy/.m2/repository/org/apache/commons/commons-lang3/3.1/commons-lang3-3.1.pom
[INFO] Downloaded from local.central: file:///Users/olamy/.m2/repository/org/apache/commons/commons-lang3/3.1/commons-lang3-3.1.pom (17 kB at 5.6 MB/s)
[DEBUG] Writing tracking file /Users/olamy/dev/sources/maven/plugins/maven-invoker-plugin/target/local-repo/org/apache/commons/commons-lang3/3.1/_remote.repositories
[DEBUG] Writing tracking file /Users/olamy/dev/sources/maven/plugins/maven-invoker-plugin/target/local-repo/org/apache/commons/commons-lang3/3.1/commons-lang3-3.1.pom.lastUpdated
[DEBUG] Using transporter WagonTransporter with priority -1.0 for file:///Users/olamy/.m2/repository
[DEBUG] Using connector BasicRepositoryConnector with priority 0.0 for file:///Users/olamy/.m2/repository
[INFO] Downloading from local.central: file:///Users/olamy/.m2/repository/org/apache/maven/shared/maven-common-artifact-filters/1.3/maven-common-artifact-filters-1.3.pom
[INFO] Downloaded from local.central: file:///Users/olamy/.m2/repository/org/apache/maven/shared/maven-common-artifact-filters/1.3/maven-common-artifact-filters-1.3.pom (3.7 kB at 1.2 MB/s)
[DEBUG] Writing tracking file /Users/olamy/dev/sources/maven/plugins/maven-invoker-plugin/target/local-repo/org/apache/maven/shared/maven-common-artifact-filters/1.3/_remote.repositories
[DEBUG] Writing tracking file /Users/olamy/dev/sources/maven/plugins/maven-invoker-plugin/target/local-repo/org/apache/maven/shared/maven-common-artifact-filters/1.3/maven-common-artifact-filters-1.3.pom.lastUpdated
[DEBUG] Using transporter WagonTransporter with priority -1.0 for file:///Users/olamy/.m2/repository
[DEBUG] Using connector BasicRepositoryConnector with priority 0.0 for file:///Users/olamy/.m2/repository
[INFO] Downloading from local.central: file:///Users/olamy/.m2/repository/org/apache/maven/shared/maven-shared-components/12/maven-shared-components-12.pom
[INFO] Downloaded from local.central: file:///Users/olamy/.m2/repository/org/apache/maven/shared/maven-shared-components/12/maven-shared-components-12.pom (9.3 kB at 3.1 MB/s)
[DEBUG] Writing tracking file /Users/olamy/dev/sources/maven/plugins/maven-invoker-plugin/target/local-repo/org/apache/maven/shared/maven-shared-components/12/_remote.repositories
[DEBUG] Writing tracking file /Users/olamy/dev/sources/maven/plugins/maven-invoker-plugin/target/local-repo/org/apache/maven/shared/maven-shared-components/12/maven-shared-components-12.pom.lastUpdated
[DEBUG] Using transporter WagonTransporter with priority -1.0 for file:///Users/olamy/.m2/repository
[DEBUG] Using connector BasicRepositoryConnector with priority 0.0 for file:///Users/olamy/.m2/repository
[INFO] Downloading from local.central: file:///Users/olamy/.m2/repository/org/apache/maven/maven-parent/13/maven-parent-13.pom
[INFO] Downloaded from local.central: file:///Users/olamy/.m2/repository/org/apache/maven/maven-parent/13/maven-parent-13.pom (23 kB at 7.5 MB/s)
[DEBUG] Writing tracking file /Users/olamy/dev/sources/maven/plugins/maven-invoker-plugin/target/local-repo/org/apache/maven/maven-parent/13/_remote.repositories
[DEBUG] Writing tracking file /Users/olamy/dev/sources/maven/plugins/maven-invoker-plugin/target/local-repo/org/apache/maven/maven-parent/13/maven-parent-13.pom.lastUpdated
[DEBUG] Dependency collection stats: {ConflictMarker.analyzeTime=192825, ConflictMarker.markTime=77486, ConflictMarker.nodeCount=132, ConflictIdSorter.graphTime=129653, ConflictIdSorter.topsortTime=23764, ConflictIdSorter.conflictIdCount=27, ConflictIdSorter.conflictIdCycleCount=0, ConflictResolver.totalTime=716584, ConflictResolver.conflictItemCount=77, DefaultDependencyCollector.collectTime=108991045, DefaultDependencyCollector.transformTime=1157473}
[DEBUG] org.apache.maven.plugins:maven-surefire-plugin:jar:2.12.4:
[DEBUG]    org.apache.maven:maven-plugin-api:jar:2.0.9:compile
[DEBUG]    org.apache.maven.surefire:surefire-booter:jar:2.12.4:compile
[DEBUG]       org.apache.maven.surefire:surefire-api:jar:2.12.4:compile
[DEBUG]    org.apache.maven.surefire:maven-surefire-common:jar:2.12.4:compile
[DEBUG]       org.apache.commons:commons-lang3:jar:3.1:compile
[DEBUG]       org.apache.maven.shared:maven-common-artifact-filters:jar:1.3:compile
[DEBUG]    org.codehaus.plexus:plexus-utils:jar:3.0.8:compile
[DEBUG]    org.apache.maven:maven-artifact:jar:2.0.9:compile
[DEBUG]    org.apache.maven:maven-project:jar:2.0.9:compile
[DEBUG]       org.apache.maven:maven-settings:jar:2.0.9:compile
[DEBUG]       org.apache.maven:maven-profile:jar:2.0.9:compile
[DEBUG]       org.apache.maven:maven-model:jar:2.0.9:compile
[DEBUG]       org.apache.maven:maven-artifact-manager:jar:2.0.9:compile
[DEBUG]       org.apache.maven:maven-plugin-registry:jar:2.0.9:compile
[DEBUG]       org.codehaus.plexus:plexus-container-default:jar:1.0-alpha-9-stable-1:compile
[DEBUG]          junit:junit:jar:3.8.1:test
[DEBUG]    org.apache.maven:maven-core:jar:2.0.9:compile
[DEBUG]       org.apache.maven:maven-plugin-parameter-documenter:jar:2.0.9:compile
[DEBUG]       org.apache.maven.reporting:maven-reporting-api:jar:2.0.9:compile
[DEBUG]       org.apache.maven:maven-repository-metadata:jar:2.0.9:compile
[DEBUG]       org.apache.maven:maven-error-diagnostics:jar:2.0.9:compile
[DEBUG]       org.apache.maven:maven-plugin-descriptor:jar:2.0.9:compile
[DEBUG]       org.apache.maven:maven-monitor:jar:2.0.9:compile
[DEBUG]       classworlds:classworlds:jar:1.1:compile
[DEBUG]    org.apache.maven:maven-toolchain:jar:2.0.9:compile
[DEBUG]    org.apache.maven.plugin-tools:maven-plugin-annotations:jar:3.1:compile
[DEBUG] Using transporter WagonTransporter with priority -1.0 for file:///Users/olamy/.m2/repository
[DEBUG] Using connector BasicRepositoryConnector with priority 0.0 for file:///Users/olamy/.m2/repository
[INFO] Downloading from local.central: file:///Users/olamy/.m2/repository/org/apache/maven/surefire/surefire-booter/2.12.4/surefire-booter-2.12.4.jar
[INFO] Downloading from local.central: file:///Users/olamy/.m2/repository/org/apache/maven/surefire/maven-surefire-common/2.12.4/maven-surefire-common-2.12.4.jar
[INFO] Downloading from local.central: file:///Users/olamy/.m2/repository/org/apache/commons/commons-lang3/3.1/commons-lang3-3.1.jar
[INFO] Downloading from local.central: file:///Users/olamy/.m2/repository/org/apache/maven/surefire/surefire-api/2.12.4/surefire-api-2.12.4.jar
[INFO] Downloading from local.central: file:///Users/olamy/.m2/repository/org/apache/maven/shared/maven-common-artifact-filters/1.3/maven-common-artifact-filters-1.3.jar
[INFO] Downloaded from local.central: file:///Users/olamy/.m2/repository/org/apache/maven/surefire/surefire-booter/2.12.4/surefire-booter-2.12.4.jar (35 kB at 6.9 MB/s)
[INFO] Downloading from local.central: file:///Users/olamy/.m2/repository/org/codehaus/plexus/plexus-utils/3.0.8/plexus-utils-3.0.8.jar
[INFO] Downloaded from local.central: file:///Users/olamy/.m2/repository/org/apache/maven/surefire/surefire-api/2.12.4/surefire-api-2.12.4.jar (118 kB at 13 MB/s)
[INFO] Downloading from local.central: file:///Users/olamy/.m2/repository/org/apache/maven/maven-toolchain/2.0.9/maven-toolchain-2.0.9.jar
[INFO] Downloaded from local.central: file:///Users/olamy/.m2/repository/org/apache/maven/shared/maven-common-artifact-filters/1.3/maven-common-artifact-filters-1.3.jar (31 kB at 3.5 MB/s)
[INFO] Downloading from local.central: file:///Users/olamy/.m2/repository/org/apache/maven/plugin-tools/maven-plugin-annotations/3.1/maven-plugin-annotations-3.1.jar
[INFO] Downloaded from local.central: file:///Users/olamy/.m2/repository/org/apache/maven/surefire/maven-surefire-common/2.12.4/maven-surefire-common-2.12.4.jar (263 kB at 22 MB/s)
[INFO] Downloaded from local.central: file:///Users/olamy/.m2/repository/org/apache/commons/commons-lang3/3.1/commons-lang3-3.1.jar (316 kB at 23 MB/s)
[INFO] Downloaded from local.central: file:///Users/olamy/.m2/repository/org/apache/maven/plugin-tools/maven-plugin-annotations/3.1/maven-plugin-annotations-3.1.jar (14 kB at 1.1 MB/s)
[INFO] Downloaded from local.central: file:///Users/olamy/.m2/repository/org/apache/maven/maven-toolchain/2.0.9/maven-toolchain-2.0.9.jar (38 kB at 2.7 MB/s)
[INFO] Downloaded from local.central: file:///Users/olamy/.m2/repository/org/codehaus/plexus/plexus-utils/3.0.8/plexus-utils-3.0.8.jar (232 kB at 15 MB/s)
[DEBUG] Writing tracking file /Users/olamy/dev/sources/maven/plugins/maven-invoker-plugin/target/local-repo/org/apache/maven/surefire/surefire-booter/2.12.4/_remote.repositories
[DEBUG] Writing tracking file /Users/olamy/dev/sources/maven/plugins/maven-invoker-plugin/target/local-repo/org/apache/maven/surefire/surefire-booter/2.12.4/surefire-booter-2.12.4.jar.lastUpdated
[DEBUG] Writing tracking file /Users/olamy/dev/sources/maven/plugins/maven-invoker-plugin/target/local-repo/org/apache/maven/surefire/surefire-api/2.12.4/_remote.repositories
[DEBUG] Writing tracking file /Users/olamy/dev/sources/maven/plugins/maven-invoker-plugin/target/local-repo/org/apache/maven/surefire/surefire-api/2.12.4/surefire-api-2.12.4.jar.lastUpdated
[DEBUG] Writing tracking file /Users/olamy/dev/sources/maven/plugins/maven-invoker-plugin/target/local-repo/org/apache/maven/surefire/maven-surefire-common/2.12.4/_remote.repositories
[DEBUG] Writing tracking file /Users/olamy/dev/sources/maven/plugins/maven-invoker-plugin/target/local-repo/org/apache/maven/surefire/maven-surefire-common/2.12.4/maven-surefire-common-2.12.4.jar.lastUpdated
[DEBUG] Writing tracking file /Users/olamy/dev/sources/maven/plugins/maven-invoker-plugin/target/local-repo/org/apache/commons/commons-lang3/3.1/_remote.repositories
[DEBUG] Writing tracking file /Users/olamy/dev/sources/maven/plugins/maven-invoker-plugin/target/local-repo/org/apache/commons/commons-lang3/3.1/commons-lang3-3.1.jar.lastUpdated
[DEBUG] Writing tracking file /Users/olamy/dev/sources/maven/plugins/maven-invoker-plugin/target/local-repo/org/apache/maven/shared/maven-common-artifact-filters/1.3/_remote.repositories
[DEBUG] Writing tracking file /Users/olamy/dev/sources/maven/plugins/maven-invoker-plugin/target/local-repo/org/apache/maven/shared/maven-common-artifact-filters/1.3/maven-common-artifact-filters-1.3.jar.lastUpdated
[DEBUG] Writing tracking file /Users/olamy/dev/sources/maven/plugins/maven-invoker-plugin/target/local-repo/org/codehaus/plexus/plexus-utils/3.0.8/_remote.repositories
[DEBUG] Writing tracking file /Users/olamy/dev/sources/maven/plugins/maven-invoker-plugin/target/local-repo/org/codehaus/plexus/plexus-utils/3.0.8/plexus-utils-3.0.8.jar.lastUpdated
[DEBUG] Writing tracking file /Users/olamy/dev/sources/maven/plugins/maven-invoker-plugin/target/local-repo/org/apache/maven/maven-toolchain/2.0.9/_remote.repositories
[DEBUG] Writing tracking file /Users/olamy/dev/sources/maven/plugins/maven-invoker-plugin/target/local-repo/org/apache/maven/maven-toolchain/2.0.9/maven-toolchain-2.0.9.jar.lastUpdated
[DEBUG] Writing tracking file /Users/olamy/dev/sources/maven/plugins/maven-invoker-plugin/target/local-repo/org/apache/maven/plugin-tools/maven-plugin-annotations/3.1/_remote.repositories
[DEBUG] Writing tracking file /Users/olamy/dev/sources/maven/plugins/maven-invoker-plugin/target/local-repo/org/apache/maven/plugin-tools/maven-plugin-annotations/3.1/maven-plugin-annotations-3.1.jar.lastUpdated
[DEBUG] Created new class realm plugin&gt;org.apache.maven.plugins:maven-surefire-plugin:2.12.4
[DEBUG] Importing foreign packages into class realm plugin&gt;org.apache.maven.plugins:maven-surefire-plugin:2.12.4
[DEBUG]   Imported:  &lt; maven.api
[DEBUG] Populating class realm plugin&gt;org.apache.maven.plugins:maven-surefire-plugin:2.12.4
[DEBUG]   Included: org.apache.maven.plugins:maven-surefire-plugin:jar:2.12.4
[DEBUG]   Included: org.apache.maven.surefire:surefire-booter:jar:2.12.4
[DEBUG]   Included: org.apache.maven.surefire:surefire-api:jar:2.12.4
[DEBUG]   Included: org.apache.maven.surefire:maven-surefire-common:jar:2.12.4
[DEBUG]   Included: org.apache.commons:commons-lang3:jar:3.1
[DEBUG]   Included: org.apache.maven.shared:maven-common-artifact-filters:jar:1.3
[DEBUG]   Included: org.codehaus.plexus:plexus-utils:jar:3.0.8
[DEBUG]   Included: org.apache.maven.reporting:maven-reporting-api:jar:2.0.9
[DEBUG]   Included: org.apache.maven.plugin-tools:maven-plugin-annotations:jar:3.1
[DEBUG] Configuring mojo org.apache.maven.plugins:maven-surefire-plugin:2.12.4:test from plugin realm ClassRealm[plugin&gt;org.apache.maven.plugins:maven-surefire-plugin:2.12.4, parent: sun.misc.Launcher$AppClassLoader@5c647e05]
[DEBUG] Configuring mojo org.apache.maven.plugins:maven-resources-plugin:2.6:testResources from plugin realm ClassRealm[plugin&gt;org.apache.maven.plugins:maven-resources-plugin:2.6, parent: sun.misc.Launcher$AppClassLoader@5c647e05]
[DEBUG] Configuring mojo org.apache.maven.plugins:maven-compiler-plugin:2.5.1:testCompile from plugin realm ClassRealm[plugin&gt;org.apache.maven.plugins:maven-compiler-plugin:2.5.1, parent: sun.misc.Launcher$AppClassLoader@5c647e05]
[DEBUG] Configuring mojo &apos;org.apache.maven.plugins:maven-resources-plugin:2.6:testResources&apos; with basic configurator --&gt;
[DEBUG]   (f) buildFilters = []
[DEBUG]   (f) encoding = UTF-8
[DEBUG]   (f) escapeWindowsPaths = true
[DEBUG]   (s) includeEmptyDirs = false
[DEBUG]   (s) outputDirectory = /Users/olamy/dev/sources/maven/plugins/maven-invoker-plugin/target/it/MINVOKER-191/plugin/target/test-classes
[DEBUG]   (s) overwrite = false
[DEBUG]   (f) project = MavenProject: org.apache.maven.plugins.invoker:MINVOKER-191-plugin:1.0-SNAPSHOT @ /Users/olamy/dev/sources/maven/plugins/maven-invoker-plugin/target/it/MINVOKER-191/plugin/pom.xml
[DEBUG]   (s) resources = [Resource {targetPath: null, filtering: false, FileSet {directory: /Users/olamy/dev/sources/maven/plugins/maven-invoker-plugin/target/it/MINVOKER-191/plugin/src/test/resources, PatternSet [includes: {}, excludes: {}]}}]
[DEBUG]   (f) session = org.apache.maven.execution.MavenSession@cef806a
[DEBUG]   (f) supportMultiLineFiltering = false
[DEBUG]   (f) useBuildFilters = true
[DEBUG]   (s) useDefaultDelimiters = true
[DEBUG] -- end configuration --
[DEBUG] Configuring mojo &apos;org.apache.maven.plugins:maven-compiler-plugin:2.5.1:testCompile&apos; with basic configurator --&gt;
[DEBUG] properties used {java.vendor=Oracle Corporation, env.JAVA_MAIN_CLASS_58276=org.codehaus.plexus.classworlds.launcher.Launcher, sun.java.launcher=SUN_STANDARD, env.XPC_SERVICE_NAME=0, sun.management.compiler=HotSpot 64-Bit Tiered Compilers, env.SECURITYSESSIONID=186a9, env.DOCKER_HOST=unix:///var/run/docker.sock, os.name=Mac OS X, sun.boot.class.path=/Library/Java/JavaVirtualMachines/jdk1.8.0_201.jdk/Contents/Home/jre/lib/resources.jar:/Library/Java/JavaVirtualMachines/jdk1.8.0_201.jdk/Contents/Home/jre/lib/rt.jar:/Library/Java/JavaVirtualMachines/jdk1.8.0_201.jdk/Contents/Home/jre/lib/sunrsasign.jar:/Library/Java/JavaVirtualMachines/jdk1.8.0_201.jdk/Contents/Home/jre/lib/jsse.jar:/Library/Java/JavaVirtualMachines/jdk1.8.0_201.jdk/Contents/Home/jre/lib/jce.jar:/Library/Java/JavaVirtualMachines/jdk1.8.0_201.jdk/Contents/Home/jre/lib/charsets.jar:/Library/Java/JavaVirtualMachines/jdk1.8.0_201.jdk/Contents/Home/jre/lib/jfr.jar:/Library/Java/JavaVirtualMachines/jdk1.8.0_201.jdk/Contents/Home/jre/classes, env.TMPDIR=/var/folders/lj/91x5yt6x07x79t9297g4s5c40000gp/T/, env.PWD=/Users/olamy/dev/sources/maven/plugins/maven-invoker-plugin/target/it/MINVOKER-191, env.LANG=en_AU.UTF-8, java.vm.specification.vendor=Oracle Corporation, java.runtime.version=1.8.0_201-b09, env.Apple_PubSub_Socket_Render=/private/tmp/com.apple.launchd.ZoQ2U5AOOf/Render, project.build.sourceEncoding=UTF-8, user.name=olamy, env.GOOGLE_APPLICATION_CREDENTIALS=/Users/olamy/dev/sources/open-sources/jetty/jetty9-work-30268db71eb2.json, maven.build.version=Apache Maven 3.6.1 (d66c9c0b3152b2e69ee9bac180bb8fcc8e6af555; 2019-04-05T05:00:29+10:00), env.USER=olamy, env.SHELL=/bin/bash, env.__CF_USER_TEXT_ENCODING=0x1F6:0x0:0xF, maven.repo.local=/Users/olamy/dev/sources/maven/plugins/maven-invoker-plugin/target/local-repo, env.PATH=/Users/olamy/softs/google-cloud-sdk/bin:/Users/olamy/softs/maven/apache-maven-3.6.1/bin:/Library/Java/JavaVirtualMachines/jdk1.8.0_121.jdk/Contents/Home//bin:/usr/local/bin:/Users/olamy/softs/maven/apache-maven-3.6.1/bin:/usr/local/bin:/bin:/Library/Java/JavaVirtualMachines/jdk1.8.0_121.jdk/Contents/Home//bin:/usr/local/bin:/opt/subversion/bin:/Users/olamy/softs/apache-ant-1.8.2/bin:/opt/local/bin:/opt/local/sbin:/usr/local/bin:/usr/bin:/bin:/usr/sbin:/sbin:/Applications/Wireshark.app/Contents/MacOS:/usr/local/share/npm/bin:/Users/olamy/softs/google-cloud-sdk/bin:/Users/olamy/softs/maven/mvnsh-master/bin/mvnsh:/Users/olamy/softs/j2objc-2.0/:/Users/olamy/dev/sources/jenkins/support-shinobi-tools/exec, user.language=en, sun.boot.library.path=/Library/Java/JavaVirtualMachines/jdk1.8.0_201.jdk/Contents/Home/jre/lib, classworlds.conf=/Users/olamy/softs/maven/apache-maven-3.6.1/bin/m2.conf, env.XPC_FLAGS=0x0, java.version=1.8.0_201, user.timezone=, sun.arch.data.model=64, http.nonProxyHosts=local|*.local|169.254/16|*.169.254/16, java.endorsed.dirs=/Library/Java/JavaVirtualMachines/jdk1.8.0_201.jdk/Contents/Home/jre/lib/endorsed, sun.cpu.isalist=, sun.jnu.encoding=UTF-8, file.encoding.pkg=sun.io, env.SHLVL=2, file.separator=/, java.specification.name=Java Platform API Specification, maven.conf=/Users/olamy/softs/maven/apache-maven-3.6.1/conf, java.class.version=52.0, user.country=AU, java.home=/Library/Java/JavaVirtualMachines/jdk1.8.0_201.jdk/Contents/Home/jre, java.vm.info=mixed mode, env.LOGNAME=olamy, os.version=10.14.5, maven.compiler.target=1.7, env.TERM_PROGRAM_VERSION=421.2, env.GCLOUD_PATH=/Users/olamy/softs/google-cloud-sdk, path.separator=:, java.vm.version=25.201-b09, it.settings-inherit=exists, env.JAVA_HOME=/Library/Java/JavaVirtualMachines/jdk1.8.0_201.jdk/Contents/Home, java.awt.printerjob=sun.lwawt.macosx.CPrinterJob, env.TERM=xterm-256color, sun.io.unicode.encoding=UnicodeBig, awt.toolkit=sun.lwawt.macosx.LWCToolkit, socksNonProxyHosts=local|*.local|169.254/16|*.169.254/16, ftp.nonProxyHosts=local|*.local|169.254/16|*.169.254/16, env.BORINGSSL_HOME=/Users/olamy/dev/sources/open-sources/jetty/boringssl, user.home=/Users/olamy, env.OLDPWD=/Users/olamy/dev/sources/maven/plugins/maven-invoker-plugin/target/it/MINVOKER-191, java.specification.vendor=Oracle Corporation, env.TERM_PROGRAM=Apple_Terminal, env.M2_HOME=/Users/olamy/softs/maven/apache-maven-3.6.1, library.jansi.path=/Users/olamy/softs/maven/apache-maven-3.6.1/lib/jansi-native, java.library.path=/Users/olamy/Library/Java/Extensions:/Library/Java/Extensions:/Network/Library/Java/Extensions:/System/Library/Java/Extensions:/usr/lib/java:., java.vendor.url=http://java.oracle.com/, env.SVN_EDITOR=vi, env.MAVEN_CMD_LINE_ARGS= -B -X -D maven.repo.local=/Users/olamy/dev/sources/maven/plugins/maven-invoker-plugin/target/local-repo -s /Users/olamy/dev/sources/maven/plugins/maven-invoker-plugin/target/it/interpolated-settings.xml -D maven.compiler.source=1.7 -D maven.compiler.target=1.7 verify -T3, env.JAVA_MAIN_CLASS_58591=org.codehaus.plexus.classworlds.launcher.Launcher, java.vm.vendor=Oracle Corporation, gopherProxySet=false, invoker.repo.local=/Users/olamy/.m2/repository, maven.home=/Users/olamy/softs/maven/apache-maven-3.6.1, java.runtime.name=Java(TM) SE Runtime Environment, sun.java.command=org.codehaus.plexus.classworlds.launcher.Launcher -B -X -D maven.repo.local=/Users/olamy/dev/sources/maven/plugins/maven-invoker-plugin/target/local-repo -s /Users/olamy/dev/sources/maven/plugins/maven-invoker-plugin/target/it/interpolated-settings.xml -D maven.compiler.source=1.7 -D maven.compiler.target=1.7 verify -T3, java.class.path=/Users/olamy/softs/maven/apache-maven-3.6.1/boot/plexus-classworlds-2.6.0.jar, env.MAVEN_TERMINATE_CMD=on, env.TERM_SESSION_ID=ABBFB5AA-DE1F-44BA-B4DA-18751C4E4E7C, env.CB_SUPPORT_HOME=/Users/olamy/cbsupporthome, env.JENKINS_MAVEN_AGENT_DISABLED=true, maven.version=3.6.1, java.vm.specification.name=Java Virtual Machine Specification, java.vm.specification.version=1.8, sun.cpu.endian=little, sun.os.patch.level=unknown, env.HOME=/Users/olamy, env.ANT_HOME=/Users/olamy/softs/apache-ant-1.8.2, java.io.tmpdir=/Users/olamy/dev/sources/maven/plugins/maven-invoker-plugin/target, java.vendor.url.bug=http://bugreport.sun.com/bugreport/, maven.multiModuleProjectDirectory=/Users/olamy/dev/sources/maven/plugins/maven-invoker-plugin/target/it/MINVOKER-191, env.MAVEN_OPTS= -Djava.io.tmpdir=/Users/olamy/dev/sources/maven/plugins/maven-invoker-plugin/target, env.SSH_AUTH_SOCK=/private/tmp/com.apple.launchd.fc2cpAmwf1/Listeners, maven.compiler.source=1.7, os.arch=x86_64, java.awt.graphicsenv=sun.awt.CGraphicsEnvironment, java.ext.dirs=/Users/olamy/Library/Java/Extensions:/Library/Java/JavaVirtualMachines/jdk1.8.0_201.jdk/Contents/Home/jre/lib/ext:/Library/Java/Extensions:/Network/Library/Java/Extensions:/System/Library/Java/Extensions:/usr/lib/java, user.dir=/Users/olamy/dev/sources/maven/plugins/maven-invoker-plugin/target/it/MINVOKER-191, it.settings-merge.1=exists, line.separator=
, java.vm.name=Java HotSpot(TM) 64-Bit Server VM, file.encoding=UTF-8, java.specification.version=1.8, env.MAVEN_PROJECTBASEDIR=/Users/olamy/dev/sources/maven/plugins/maven-invoker-plugin/target/it/MINVOKER-191}
[INFO] Using &apos;UTF-8&apos; encoding to copy filtered resources.
[DEBUG] resource with targetPath null
directory /Users/olamy/dev/sources/maven/plugins/maven-invoker-plugin/target/it/MINVOKER-191/plugin/src/test/resources
excludes []
includes []
[DEBUG] Configuring mojo &apos;org.apache.maven.plugins:maven-surefire-plugin:2.12.4:test&apos; with basic configurator --&gt;
[DEBUG]   (f) basedir = /Users/olamy/dev/sources/maven/plugins/maven-invoker-plugin/target/it/MINVOKER-191/module-a
[INFO] skip non existing resourceDirectory /Users/olamy/dev/sources/maven/plugins/maven-invoker-plugin/target/it/MINVOKER-191/plugin/src/test/resources
[DEBUG] no use filter components
[DEBUG]   (f) buildDirectory = /Users/olamy/dev/sources/maven/plugins/maven-invoker-plugin/target/it/MINVOKER-191/module-a/target
[DEBUG]   (s) basedir = /Users/olamy/dev/sources/maven/plugins/maven-invoker-plugin/target/it/MINVOKER-191/module-b
[DEBUG]   (f) classpathElements = [/Users/olamy/dev/sources/maven/plugins/maven-invoker-plugin/target/it/MINVOKER-191/module-a/target/test-classes, /Users/olamy/dev/sources/maven/plugins/maven-invoker-plugin/target/it/MINVOKER-191/module-a/target/classes, /Users/olamy/dev/sources/maven/plugins/maven-invoker-plugin/target/local-repo/junit/junit/4.12/junit-4.12.jar, /Users/olamy/dev/sources/maven/plugins/maven-invoker-plugin/target/local-repo/org/hamcrest/hamcrest-core/1.3/hamcrest-core-1.3.jar]
[INFO] 
[DEBUG]   (s) childDelegation = false
[DEBUG]   (f) compileSourceRoots = [/Users/olamy/dev/sources/maven/plugins/maven-invoker-plugin/target/it/MINVOKER-191/module-a/src/test/java]
[INFO] --- maven-compiler-plugin:2.5.1:testCompile (default-testCompile) @ MINVOKER-191-plugin ---
[DEBUG]   (f) compilerId = javac
[DEBUG]   (s) classesDirectory = /Users/olamy/dev/sources/maven/plugins/maven-invoker-plugin/target/it/MINVOKER-191/module-b/target/classes
[DEBUG] Configuring mojo org.apache.maven.plugins:maven-compiler-plugin:2.5.1:testCompile from plugin realm ClassRealm[plugin&gt;org.apache.maven.plugins:maven-compiler-plugin:2.5.1, parent: sun.misc.Launcher$AppClassLoader@5c647e05]
[DEBUG]   (f) debug = true
[DEBUG]   (s) disableXmlReport = false
[DEBUG]   (s) enableAssertions = true
[DEBUG]   (f) encoding = UTF-8
[DEBUG]   (f) failOnError = true
[DEBUG] Configuring mojo &apos;org.apache.maven.plugins:maven-compiler-plugin:2.5.1:testCompile&apos; with basic configurator --&gt;
[DEBUG]   (s) forkMode = once
[DEBUG]   (f) fork = false
[DEBUG]   (f) basedir = /Users/olamy/dev/sources/maven/plugins/maven-invoker-plugin/target/it/MINVOKER-191/plugin
[DEBUG]   (f) generatedTestSourcesDirectory = /Users/olamy/dev/sources/maven/plugins/maven-invoker-plugin/target/it/MINVOKER-191/module-a/target/generated-test-sources/test-annotations
[DEBUG]   (s) junitArtifactName = junit:junit
[DEBUG]   (f) optimize = false
[DEBUG]   (f) buildDirectory = /Users/olamy/dev/sources/maven/plugins/maven-invoker-plugin/target/it/MINVOKER-191/plugin/target
[DEBUG]   (f) outputDirectory = /Users/olamy/dev/sources/maven/plugins/maven-invoker-plugin/target/it/MINVOKER-191/module-a/target/test-classes
[DEBUG]   (f) classpathElements = [/Users/olamy/dev/sources/maven/plugins/maven-invoker-plugin/target/it/MINVOKER-191/plugin/target/test-classes, /Users/olamy/dev/sources/maven/plugins/maven-invoker-plugin/target/it/MINVOKER-191/plugin/target/classes, /Users/olamy/dev/sources/maven/plugins/maven-invoker-plugin/target/local-repo/org/apache/maven/maven-plugin-api/2.0/maven-plugin-api-2.0.jar]
[DEBUG]   (s) localRepository =       id: local
      url: file:///Users/olamy/dev/sources/maven/plugins/maven-invoker-plugin/target/local-repo/
   layout: default
snapshots: [enabled =&gt; true, update =&gt; always]
 releases: [enabled =&gt; true, update =&gt; always]

[DEBUG]   (f) outputFileName = MINVOKER-191-java-a-1.0-SNAPSHOT
[DEBUG]   (f) compileSourceRoots = [/Users/olamy/dev/sources/maven/plugins/maven-invoker-plugin/target/it/MINVOKER-191/plugin/src/test/java]
[DEBUG]   (f) session = org.apache.maven.execution.MavenSession@74978e86
[DEBUG]   (f) compilerId = javac
[DEBUG]   (f) showDeprecation = false
[DEBUG]   (f) debug = true
[DEBUG]   (f) showWarnings = false
[DEBUG]   (f) encoding = UTF-8
[DEBUG]   (f) failOnError = true
[DEBUG]   (f) source = 1.7
[DEBUG]   (f) parallelMavenExecution = true
[DEBUG]   (f) staleMillis = 0
[DEBUG]   (s) perCoreThreadCount = true
[DEBUG]   (f) fork = false
[DEBUG]   (f) generatedTestSourcesDirectory = /Users/olamy/dev/sources/maven/plugins/maven-invoker-plugin/target/it/MINVOKER-191/plugin/target/generated-test-sources/test-annotations
[DEBUG]   (f) optimize = false
[DEBUG]   (f) outputDirectory = /Users/olamy/dev/sources/maven/plugins/maven-invoker-plugin/target/it/MINVOKER-191/plugin/target/test-classes
[DEBUG]   (f) outputFileName = MINVOKER-191-plugin-1.0-SNAPSHOT
[DEBUG]   (f) session = org.apache.maven.execution.MavenSession@cef806a
[DEBUG]   (f) showDeprecation = false
[DEBUG]   (f) showWarnings = false
[DEBUG]   (f) source = 1.7
[DEBUG]   (f) staleMillis = 0
[DEBUG]   (f) target = 1.7
[DEBUG]   (f) target = 1.7
[DEBUG]   (f) verbose = false
[DEBUG]   (f) verbose = false
[DEBUG]   (s) pluginArtifactMap = {org.apache.maven.plugins:maven-surefire-plugin=org.apache.maven.plugins:maven-surefire-plugin:maven-plugin:2.12.4:, org.apache.maven:maven-plugin-api=org.apache.maven:maven-plugin-api:jar:2.0.9:compile, org.apache.maven.surefire:surefire-booter=org.apache.maven.surefire:surefire-booter:jar:2.12.4:compile, org.apache.maven.surefire:surefire-api=org.apache.maven.surefire:surefire-api:jar:2.12.4:compile, org.apache.maven.surefire:maven-surefire-common=org.apache.maven.surefire:maven-surefire-common:jar:2.12.4:compile, org.apache.commons:commons-lang3=org.apache.commons:commons-lang3:jar:3.1:compile, org.apache.maven.shared:maven-common-artifact-filters=org.apache.maven.shared:maven-common-artifact-filters:jar:1.3:compile, org.codehaus.plexus:plexus-utils=org.codehaus.plexus:plexus-utils:jar:3.0.8:compile, org.apache.maven:maven-artifact=org.apache.maven:maven-artifact:jar:2.0.9:compile, org.apache.maven:maven-project=org.apache.maven:maven-project:jar:2.0.9:compile, org.apache.maven:maven-settings=org.apache.maven:maven-settings:jar:2.0.9:compile, org.apache.maven:maven-profile=org.apache.maven:maven-profile:jar:2.0.9:compile, org.apache.maven:maven-model=org.apache.maven:maven-model:jar:2.0.9:compile, org.apache.maven:maven-artifact-manager=org.apache.maven:maven-artifact-manager:jar:2.0.9:compile, org.apache.maven:maven-plugin-registry=org.apache.maven:maven-plugin-registry:jar:2.0.9:compile, org.codehaus.plexus:plexus-container-default=org.codehaus.plexus:plexus-container-default:jar:1.0-alpha-9-stable-1:compile, org.apache.maven:maven-core=org.apache.maven:maven-core:jar:2.0.9:compile, org.apache.maven:maven-plugin-parameter-documenter=org.apache.maven:maven-plugin-parameter-documenter:jar:2.0.9:compile, org.apache.maven.reporting:maven-reporting-api=org.apache.maven.reporting:maven-reporting-api:jar:2.0.9:compile, org.apache.maven:maven-repository-metadata=org.apache.maven:maven-repository-metadata:jar:2.0.9:compile, org.apache.maven:maven-error-diagnostics=org.apache.maven:maven-error-diagnostics:jar:2.0.9:compile, org.apache.maven:maven-plugin-descriptor=org.apache.maven:maven-plugin-descriptor:jar:2.0.9:compile, org.apache.maven:maven-monitor=org.apache.maven:maven-monitor:jar:2.0.9:compile, classworlds:classworlds=classworlds:classworlds:jar:1.1:compile, org.apache.maven:maven-toolchain=org.apache.maven:maven-toolchain:jar:2.0.9:compile, org.apache.maven.plugin-tools:maven-plugin-annotations=org.apache.maven.plugin-tools:maven-plugin-annotations:jar:3.1:compile}
[DEBUG]   (f) pluginDescriptor = Component Descriptor: role: &apos;org.apache.maven.plugin.Mojo&apos;, implementation: &apos;org.apache.maven.plugin.surefire.HelpMojo&apos;, role hint: &apos;org.apache.maven.plugins:maven-surefire-plugin:2.12.4:help&apos;
role: &apos;org.apache.maven.plugin.Mojo&apos;, implementation: &apos;org.apache.maven.plugin.surefire.SurefirePlugin&apos;, role hint: &apos;org.apache.maven.plugins:maven-surefire-plugin:2.12.4:test&apos;
---
[DEBUG]   (s) printSummary = true
[DEBUG]   (s) projectArtifactMap = {junit:junit=junit:junit:jar:4.12:compile, org.hamcrest:hamcrest-core=org.hamcrest:hamcrest-core:jar:1.3:compile}
[DEBUG]   (s) redirectTestOutputToFile = false
[DEBUG] -- end configuration --
[DEBUG]   (s) remoteRepositories = [      id: local.central
      url: file:///Users/olamy/.m2/repository
   layout: default
snapshots: [enabled =&gt; true, update =&gt; daily]
 releases: [enabled =&gt; true, update =&gt; daily]
,       id: apache.snapshots
      url: http://repository.apache.org/content/groups/snapshots-group/
   layout: default
snapshots: [enabled =&gt; true, update =&gt; daily]
 releases: [enabled =&gt; false, update =&gt; daily]
,       id: central
      url: https://repo.maven.apache.org/maven2
   layout: default
snapshots: [enabled =&gt; false, update =&gt; daily]
 releases: [enabled =&gt; true, update =&gt; never]
]
[DEBUG] -- end configuration --
[DEBUG]   (s) reportFormat = brief
[DEBUG] Using compiler &apos;javac&apos;.
[DEBUG]   (s) reportsDirectory = /Users/olamy/dev/sources/maven/plugins/maven-invoker-plugin/target/it/MINVOKER-191/module-b/target/surefire-reports
[DEBUG]   (s) runOrder = filesystem
[DEBUG] Source directories: [/Users/olamy/dev/sources/maven/plugins/maven-invoker-plugin/target/it/MINVOKER-191/module-a/src/test/java]
[DEBUG]   (s) skip = false
[DEBUG] Using compiler &apos;javac&apos;.
[DEBUG] Classpath: [/Users/olamy/dev/sources/maven/plugins/maven-invoker-plugin/target/it/MINVOKER-191/module-a/target/test-classes
 /Users/olamy/dev/sources/maven/plugins/maven-invoker-plugin/target/it/MINVOKER-191/module-a/target/classes
 /Users/olamy/dev/sources/maven/plugins/maven-invoker-plugin/target/local-repo/junit/junit/4.12/junit-4.12.jar
 /Users/olamy/dev/sources/maven/plugins/maven-invoker-plugin/target/local-repo/org/hamcrest/hamcrest-core/1.3/hamcrest-core-1.3.jar]
[INFO] No sources to compile
[DEBUG]   (s) skipTests = false
[DEBUG] Output directory: /Users/olamy/dev/sources/maven/plugins/maven-invoker-plugin/target/it/MINVOKER-191/module-a/target/test-classes
[DEBUG]   (s) testClassesDirectory = /Users/olamy/dev/sources/maven/plugins/maven-invoker-plugin/target/it/MINVOKER-191/module-b/target/test-classes
[INFO] 
[DEBUG] CompilerReuseStrategy: reuseCreated
[INFO] --- maven-surefire-plugin:2.12.4:test (default-test) @ MINVOKER-191-plugin ---
[DEBUG]   (s) testFailureIgnore = false
[DEBUG] Configuring mojo org.apache.maven.plugins:maven-surefire-plugin:2.12.4:test from plugin realm ClassRealm[plugin&gt;org.apache.maven.plugins:maven-surefire-plugin:2.12.4, parent: sun.misc.Launcher$AppClassLoader@5c647e05]
[DEBUG]   (s) testNGArtifactName = org.testng:testng
[DEBUG]   (s) testSourceDirectory = /Users/olamy/dev/sources/maven/plugins/maven-invoker-plugin/target/it/MINVOKER-191/module-b/src/test/java
[DEBUG] Configuring mojo &apos;org.apache.maven.plugins:maven-surefire-plugin:2.12.4:test&apos; with basic configurator --&gt;
[DEBUG] Classpath:
[DEBUG]   (s) trimStackTrace = true
[DEBUG]   (s) basedir = /Users/olamy/dev/sources/maven/plugins/maven-invoker-plugin/target/it/MINVOKER-191/plugin
[DEBUG]  /Users/olamy/dev/sources/maven/plugins/maven-invoker-plugin/target/it/MINVOKER-191/module-a/target/test-classes
[DEBUG]   (s) childDelegation = false
[DEBUG]   (s) useFile = true
[DEBUG]   (s) classesDirectory = /Users/olamy/dev/sources/maven/plugins/maven-invoker-plugin/target/it/MINVOKER-191/plugin/target/classes
[DEBUG]  /Users/olamy/dev/sources/maven/plugins/maven-invoker-plugin/target/it/MINVOKER-191/module-a/target/classes
[DEBUG]   (s) disableXmlReport = false
[DEBUG]  /Users/olamy/dev/sources/maven/plugins/maven-invoker-plugin/target/local-repo/junit/junit/4.12/junit-4.12.jar
[DEBUG]   (s) useManifestOnlyJar = true
[DEBUG]   (s) enableAssertions = true
[DEBUG]   (s) forkMode = once
[DEBUG]   (s) junitArtifactName = junit:junit
[DEBUG]   (s) localRepository =       id: local
      url: file:///Users/olamy/dev/sources/maven/plugins/maven-invoker-plugin/target/local-repo/
   layout: default
snapshots: [enabled =&gt; true, update =&gt; always]
 releases: [enabled =&gt; true, update =&gt; always]

[DEBUG]   (s) useSystemClassLoader = true
[DEBUG]  /Users/olamy/dev/sources/maven/plugins/maven-invoker-plugin/target/local-repo/org/hamcrest/hamcrest-core/1.3/hamcrest-core-1.3.jar
[DEBUG] Source roots:
[DEBUG]  /Users/olamy/dev/sources/maven/plugins/maven-invoker-plugin/target/it/MINVOKER-191/module-a/src/test/java
[DEBUG]   (s) useUnlimitedThreads = false
[DEBUG]   (f) parallelMavenExecution = true
[DEBUG]   (s) perCoreThreadCount = true
[DEBUG]   (s) workingDirectory = /Users/olamy/dev/sources/maven/plugins/maven-invoker-plugin/target/it/MINVOKER-191/module-b
[DEBUG]   (s) pluginArtifactMap = {org.apache.maven.plugins:maven-surefire-plugin=org.apache.maven.plugins:maven-surefire-plugin:maven-plugin:2.12.4:, org.apache.maven:maven-plugin-api=org.apache.maven:maven-plugin-api:jar:2.0.9:compile, org.apache.maven.surefire:surefire-booter=org.apache.maven.surefire:surefire-booter:jar:2.12.4:compile, org.apache.maven.surefire:surefire-api=org.apache.maven.surefire:surefire-api:jar:2.12.4:compile, org.apache.maven.surefire:maven-surefire-common=org.apache.maven.surefire:maven-surefire-common:jar:2.12.4:compile, org.apache.commons:commons-lang3=org.apache.commons:commons-lang3:jar:3.1:compile, org.apache.maven.shared:maven-common-artifact-filters=org.apache.maven.shared:maven-common-artifact-filters:jar:1.3:compile, org.codehaus.plexus:plexus-utils=org.codehaus.plexus:plexus-utils:jar:3.0.8:compile, org.apache.maven:maven-artifact=org.apache.maven:maven-artifact:jar:2.0.9:compile, org.apache.maven:maven-project=org.apache.maven:maven-project:jar:2.0.9:compile, org.apache.maven:maven-settings=org.apache.maven:maven-settings:jar:2.0.9:compile, org.apache.maven:maven-profile=org.apache.maven:maven-profile:jar:2.0.9:compile, org.apache.maven:maven-model=org.apache.maven:maven-model:jar:2.0.9:compile, org.apache.maven:maven-artifact-manager=org.apache.maven:maven-artifact-manager:jar:2.0.9:compile, org.apache.maven:maven-plugin-registry=org.apache.maven:maven-plugin-registry:jar:2.0.9:compile, org.codehaus.plexus:plexus-container-default=org.codehaus.plexus:plexus-container-default:jar:1.0-alpha-9-stable-1:compile, org.apache.maven:maven-core=org.apache.maven:maven-core:jar:2.0.9:compile, org.apache.maven:maven-plugin-parameter-documenter=org.apache.maven:maven-plugin-parameter-documenter:jar:2.0.9:compile, org.apache.maven.reporting:maven-reporting-api=org.apache.maven.reporting:maven-reporting-api:jar:2.0.9:compile, org.apache.maven:maven-repository-metadata=org.apache.maven:maven-repository-metadata:jar:2.0.9:compile, org.apache.maven:maven-error-diagnostics=org.apache.maven:maven-error-diagnostics:jar:2.0.9:compile, org.apache.maven:maven-plugin-descriptor=org.apache.maven:maven-plugin-descriptor:jar:2.0.9:compile, org.apache.maven:maven-monitor=org.apache.maven:maven-monitor:jar:2.0.9:compile, classworlds:classworlds=classworlds:classworlds:jar:1.1:compile, org.apache.maven:maven-toolchain=org.apache.maven:maven-toolchain:jar:2.0.9:compile, org.apache.maven.plugin-tools:maven-plugin-annotations=org.apache.maven.plugin-tools:maven-plugin-annotations:jar:3.1:compile}
[DEBUG] Command line options:
[DEBUG]   (s) project = MavenProject: org.apache.maven.plugins.invoker:MINVOKER-191-java-b:1.0-SNAPSHOT @ /Users/olamy/dev/sources/maven/plugins/maven-invoker-plugin/target/it/MINVOKER-191/module-b/pom.xml
[DEBUG]   (f) pluginDescriptor = Component Descriptor: role: &apos;org.apache.maven.plugin.Mojo&apos;, implementation: &apos;org.apache.maven.plugin.surefire.HelpMojo&apos;, role hint: &apos;org.apache.maven.plugins:maven-surefire-plugin:2.12.4:help&apos;
role: &apos;org.apache.maven.plugin.Mojo&apos;, implementation: &apos;org.apache.maven.plugin.surefire.SurefirePlugin&apos;, role hint: &apos;org.apache.maven.plugins:maven-surefire-plugin:2.12.4:test&apos;
---
[DEBUG] -d /Users/olamy/dev/sources/maven/plugins/maven-invoker-plugin/target/it/MINVOKER-191/module-a/target/test-classes -classpath /Users/olamy/dev/sources/maven/plugins/maven-invoker-plugin/target/it/MINVOKER-191/module-a/target/test-classes:/Users/olamy/dev/sources/maven/plugins/maven-invoker-plugin/target/it/MINVOKER-191/module-a/target/classes:/Users/olamy/dev/sources/maven/plugins/maven-invoker-plugin/target/local-repo/junit/junit/4.12/junit-4.12.jar:/Users/olamy/dev/sources/maven/plugins/maven-invoker-plugin/target/local-repo/org/hamcrest/hamcrest-core/1.3/hamcrest-core-1.3.jar: -sourcepath /Users/olamy/dev/sources/maven/plugins/maven-invoker-plugin/target/it/MINVOKER-191/module-a/src/test/java: /Users/olamy/dev/sources/maven/plugins/maven-invoker-plugin/target/it/MINVOKER-191/module-a/src/test/java/org/apache/maven/plugins/foo/HelloTest.java -s /Users/olamy/dev/sources/maven/plugins/maven-invoker-plugin/target/it/MINVOKER-191/module-a/target/generated-test-sources/test-annotations -g -nowarn -target 1.7 -source 1.7 -encoding UTF-8
[DEBUG]   (s) printSummary = true
[DEBUG]   (s) session = org.apache.maven.execution.MavenSession@79061d0d
[DEBUG]   (s) projectArtifactMap = {org.apache.maven:maven-plugin-api=org.apache.maven:maven-plugin-api:jar:2.0:compile}
[INFO] Compiling 1 source file to /Users/olamy/dev/sources/maven/plugins/maven-invoker-plugin/target/it/MINVOKER-191/module-a/target/test-classes
[DEBUG]   (s) redirectTestOutputToFile = false
[DEBUG] -- end configuration --
[DEBUG]   (s) remoteRepositories = [      id: local.central
      url: file:///Users/olamy/.m2/repository
   layout: default
snapshots: [enabled =&gt; true, update =&gt; daily]
 releases: [enabled =&gt; true, update =&gt; daily]
,       id: apache.snapshots
      url: http://repository.apache.org/content/groups/snapshots-group/
   layout: default
snapshots: [enabled =&gt; true, update =&gt; daily]
 releases: [enabled =&gt; false, update =&gt; daily]
,       id: central
      url: https://repo.maven.apache.org/maven2
   layout: default
snapshots: [enabled =&gt; false, update =&gt; daily]
 releases: [enabled =&gt; true, update =&gt; never]
]
[DEBUG]   (s) reportFormat = brief
[DEBUG]   (s) reportsDirectory = /Users/olamy/dev/sources/maven/plugins/maven-invoker-plugin/target/it/MINVOKER-191/plugin/target/surefire-reports
[DEBUG]   (s) runOrder = filesystem
[DEBUG]   (s) skip = false
[DEBUG]   (s) skipTests = false
[DEBUG]   (s) testClassesDirectory = /Users/olamy/dev/sources/maven/plugins/maven-invoker-plugin/target/it/MINVOKER-191/plugin/target/test-classes
[DEBUG]   (s) testFailureIgnore = false
[DEBUG]   (s) testNGArtifactName = org.testng:testng
[DEBUG]   (s) testSourceDirectory = /Users/olamy/dev/sources/maven/plugins/maven-invoker-plugin/target/it/MINVOKER-191/plugin/src/test/java
[DEBUG]   (s) trimStackTrace = true
[DEBUG]   (s) useFile = true
[DEBUG]   (s) useManifestOnlyJar = true
[DEBUG]   (s) useSystemClassLoader = true
[DEBUG]   (s) useUnlimitedThreads = false
[DEBUG]   (s) workingDirectory = /Users/olamy/dev/sources/maven/plugins/maven-invoker-plugin/target/it/MINVOKER-191/plugin
[DEBUG]   (s) project = MavenProject: org.apache.maven.plugins.invoker:MINVOKER-191-plugin:1.0-SNAPSHOT @ /Users/olamy/dev/sources/maven/plugins/maven-invoker-plugin/target/it/MINVOKER-191/plugin/pom.xml
[DEBUG]   (s) session = org.apache.maven.execution.MavenSession@cef806a
[DEBUG] -- end configuration --
[INFO] No tests to run.
[INFO] 
[INFO] --- maven-jar-plugin:2.4:jar (default-jar) @ MINVOKER-191-plugin ---
[DEBUG] Using transporter WagonTransporter with priority -1.0 for file:///Users/olamy/.m2/repository
[DEBUG] Using connector BasicRepositoryConnector with priority 0.0 for file:///Users/olamy/.m2/repository
[INFO] Downloading from local.central: file:///Users/olamy/.m2/repository/org/apache/maven/maven-archiver/2.5/maven-archiver-2.5.pom
[INFO] Surefire report directory: /Users/olamy/dev/sources/maven/plugins/maven-invoker-plugin/target/it/MINVOKER-191/module-b/target/surefire-reports
[INFO] Downloaded from local.central: file:///Users/olamy/.m2/repository/org/apache/maven/maven-archiver/2.5/maven-archiver-2.5.pom (4.5 kB at 908 kB/s)
[DEBUG] Writing tracking file /Users/olamy/dev/sources/maven/plugins/maven-invoker-plugin/target/local-repo/org/apache/maven/maven-archiver/2.5/_remote.repositories
[DEBUG] Writing tracking file /Users/olamy/dev/sources/maven/plugins/maven-invoker-plugin/target/local-repo/org/apache/maven/maven-archiver/2.5/maven-archiver-2.5.pom.lastUpdated
[DEBUG] Setting system property [user.dir]=[/Users/olamy/dev/sources/maven/plugins/maven-invoker-plugin/target/it/MINVOKER-191/module-b]
[DEBUG] Setting system property [maven.repo.local]=[/Users/olamy/dev/sources/maven/plugins/maven-invoker-plugin/target/local-repo]
[DEBUG] Setting system property [localRepository]=[/Users/olamy/dev/sources/maven/plugins/maven-invoker-plugin/target/local-repo]
[DEBUG] Setting system property [maven.compiler.source]=[1.7]
[DEBUG] Setting system property [maven.compiler.target]=[1.7]
[DEBUG] Setting system property [basedir]=[/Users/olamy/dev/sources/maven/plugins/maven-invoker-plugin/target/it/MINVOKER-191/module-b]
[DEBUG] Using transporter WagonTransporter with priority -1.0 for file:///Users/olamy/.m2/repository
[DEBUG] dummy:dummy:jar:1.0 (selected for null)
[DEBUG] Using connector BasicRepositoryConnector with priority 0.0 for file:///Users/olamy/.m2/repository
[INFO] Downloading from local.central: file:///Users/olamy/.m2/repository/org/codehaus/plexus/plexus-archiver/2.1/plexus-archiver-2.1.pom
[INFO] Downloaded from local.central: file:///Users/olamy/.m2/repository/org/codehaus/plexus/plexus-archiver/2.1/plexus-archiver-2.1.pom (2.8 kB at 936 kB/s)
[DEBUG] Writing tracking file /Users/olamy/dev/sources/maven/plugins/maven-invoker-plugin/target/local-repo/org/codehaus/plexus/plexus-archiver/2.1/_remote.repositories
[DEBUG] Writing tracking file /Users/olamy/dev/sources/maven/plugins/maven-invoker-plugin/target/local-repo/org/codehaus/plexus/plexus-archiver/2.1/plexus-archiver-2.1.pom.lastUpdated
[DEBUG] Using transporter WagonTransporter with priority -1.0 for file:///Users/olamy/.m2/repository
[DEBUG] Using connector BasicRepositoryConnector with priority 0.0 for file:///Users/olamy/.m2/repository
[INFO] Downloading from local.central: file:///Users/olamy/.m2/repository/org/codehaus/plexus/plexus-io/2.0.2/plexus-io-2.0.2.pom
[INFO] Downloaded from local.central: file:///Users/olamy/.m2/repository/org/codehaus/plexus/plexus-io/2.0.2/plexus-io-2.0.2.pom (1.7 kB at 433 kB/s)
[DEBUG] Writing tracking file /Users/olamy/dev/sources/maven/plugins/maven-invoker-plugin/target/local-repo/org/codehaus/plexus/plexus-io/2.0.2/_remote.repositories
[INFO] 
[INFO] --- maven-surefire-plugin:2.12.4:test (default-test) @ MINVOKER-191-java-a ---
[DEBUG] Writing tracking file /Users/olamy/dev/sources/maven/plugins/maven-invoker-plugin/target/local-repo/org/codehaus/plexus/plexus-io/2.0.2/plexus-io-2.0.2.pom.lastUpdated
[DEBUG] Using transporter WagonTransporter with priority -1.0 for file:///Users/olamy/.m2/repository
[DEBUG] Using connector BasicRepositoryConnector with priority 0.0 for file:///Users/olamy/.m2/repository
[INFO] Downloading from local.central: file:///Users/olamy/.m2/repository/org/codehaus/plexus/plexus-components/1.1.19/plexus-components-1.1.19.pom
[INFO] Downloaded from local.central: file:///Users/olamy/.m2/repository/org/codehaus/plexus/plexus-components/1.1.19/plexus-components-1.1.19.pom (2.7 kB at 899 kB/s)
[DEBUG] Writing tracking file /Users/olamy/dev/sources/maven/plugins/maven-invoker-plugin/target/local-repo/org/codehaus/plexus/plexus-components/1.1.19/_remote.repositories
[DEBUG] Writing tracking file /Users/olamy/dev/sources/maven/plugins/maven-invoker-plugin/target/local-repo/org/codehaus/plexus/plexus-components/1.1.19/plexus-components-1.1.19.pom.lastUpdated
[DEBUG]   org.apache.maven.surefire:surefire-booter:jar:2.12.4:compile (selected for compile)
[DEBUG] Using transporter WagonTransporter with priority -1.0 for file:///Users/olamy/.m2/repository
[DEBUG] Using connector BasicRepositoryConnector with priority 0.0 for file:///Users/olamy/.m2/repository
[INFO] Downloading from local.central: file:///Users/olamy/.m2/repository/org/codehaus/plexus/plexus/3.0.1/plexus-3.0.1.pom
[INFO] Downloaded from local.central: file:///Users/olamy/.m2/repository/org/codehaus/plexus/plexus/3.0.1/plexus-3.0.1.pom (19 kB at 6.2 MB/s)
[DEBUG] Writing tracking file /Users/olamy/dev/sources/maven/plugins/maven-invoker-plugin/target/local-repo/org/codehaus/plexus/plexus/3.0.1/_remote.repositories
[DEBUG] Writing tracking file /Users/olamy/dev/sources/maven/plugins/maven-invoker-plugin/target/local-repo/org/codehaus/plexus/plexus/3.0.1/plexus-3.0.1.pom.lastUpdated
[DEBUG] Using transporter WagonTransporter with priority -1.0 for file:///Users/olamy/.m2/repository
[DEBUG] Using connector BasicRepositoryConnector with priority 0.0 for file:///Users/olamy/.m2/repository
[INFO] Downloading from local.central: file:///Users/olamy/.m2/repository/org/codehaus/plexus/plexus-interpolation/1.15/plexus-interpolation-1.15.pom
[DEBUG]     org.apache.maven.surefire:surefire-api:jar:2.12.4:compile (selected for compile)
[INFO] Downloaded from local.central: file:///Users/olamy/.m2/repository/org/codehaus/plexus/plexus-interpolation/1.15/plexus-interpolation-1.15.pom (1.0 kB at 339 kB/s)
[DEBUG] Adding to surefire booter test classpath: /Users/olamy/dev/sources/maven/plugins/maven-invoker-plugin/target/local-repo/org/apache/maven/surefire/surefire-booter/2.12.4/surefire-booter-2.12.4.jar Scope: compile
[DEBUG] Writing tracking file /Users/olamy/dev/sources/maven/plugins/maven-invoker-plugin/target/local-repo/org/codehaus/plexus/plexus-interpolation/1.15/_remote.repositories
[DEBUG] Adding to surefire booter test classpath: /Users/olamy/dev/sources/maven/plugins/maven-invoker-plugin/target/local-repo/org/apache/maven/surefire/surefire-api/2.12.4/surefire-api-2.12.4.jar Scope: compile
[DEBUG] Writing tracking file /Users/olamy/dev/sources/maven/plugins/maven-invoker-plugin/target/local-repo/org/codehaus/plexus/plexus-interpolation/1.15/plexus-interpolation-1.15.pom.lastUpdated
[DEBUG] Using JVM: /Library/Java/JavaVirtualMachines/jdk1.8.0_201.jdk/Contents/Home/jre/bin/java
[DEBUG] dummy:dummy:jar:1.0 (selected for null)
[DEBUG] Dependency collection stats: {ConflictMarker.analyzeTime=174201, ConflictMarker.markTime=68347, ConflictMarker.nodeCount=74, ConflictIdSorter.graphTime=87769, ConflictIdSorter.topsortTime=31690, ConflictIdSorter.conflictIdCount=28, ConflictIdSorter.conflictIdCycleCount=0, ConflictResolver.totalTime=796175, ConflictResolver.conflictItemCount=70, DefaultDependencyCollector.collectTime=67326401, DefaultDependencyCollector.transformTime=1189881}
[DEBUG] Using transporter WagonTransporter with priority -1.0 for file:///Users/olamy/.m2/repository
[DEBUG] org.apache.maven.plugins:maven-jar-plugin:jar:2.4:
[DEBUG] Using connector BasicRepositoryConnector with priority 0.0 for file:///Users/olamy/.m2/repository
[DEBUG]    org.apache.maven:maven-plugin-api:jar:2.0.6:compile
[INFO] Downloading from local.central: file:///Users/olamy/.m2/repository/org/apache/maven/surefire/surefire-junit4/2.12.4/surefire-junit4-2.12.4.pom
[DEBUG]    org.apache.maven:maven-project:jar:2.0.6:compile
[DEBUG]       org.apache.maven:maven-settings:jar:2.0.6:compile
[DEBUG]       org.apache.maven:maven-profile:jar:2.0.6:compile
[DEBUG]       org.apache.maven:maven-artifact-manager:jar:2.0.6:compile
[DEBUG]          org.apache.maven:maven-repository-metadata:jar:2.0.6:compile
[DEBUG]       org.apache.maven:maven-plugin-registry:jar:2.0.6:compile
[DEBUG]       org.codehaus.plexus:plexus-container-default:jar:1.0-alpha-9-stable-1:compile
[DEBUG]          junit:junit:jar:3.8.1:compile
[DEBUG]          classworlds:classworlds:jar:1.1-alpha-2:compile
[DEBUG]    org.apache.maven:maven-model:jar:2.0.6:runtime
[DEBUG]    org.apache.maven:maven-artifact:jar:2.0.6:compile
[DEBUG]    org.apache.maven:maven-archiver:jar:2.5:compile
[DEBUG]       org.apache.maven:maven-core:jar:2.0.6:compile
[DEBUG]          org.apache.maven:maven-plugin-parameter-documenter:jar:2.0.6:compile
[DEBUG]          org.apache.maven.reporting:maven-reporting-api:jar:2.0.6:compile
[DEBUG]             org.apache.maven.doxia:doxia-sink-api:jar:1.0-alpha-7:compile
[DEBUG]          org.apache.maven:maven-error-diagnostics:jar:2.0.6:compile
[DEBUG]          commons-cli:commons-cli:jar:1.0:compile
[DEBUG]          org.apache.maven:maven-plugin-descriptor:jar:2.0.6:compile
[DEBUG]          org.codehaus.plexus:plexus-interactivity-api:jar:1.0-alpha-4:compile
[DEBUG]          org.apache.maven:maven-monitor:jar:2.0.6:compile
[DEBUG]       org.codehaus.plexus:plexus-interpolation:jar:1.15:compile
[DEBUG]    org.codehaus.plexus:plexus-archiver:jar:2.1:compile
[DEBUG]       org.codehaus.plexus:plexus-io:jar:2.0.2:compile
[DEBUG]    commons-lang:commons-lang:jar:2.1:compile
[DEBUG]    org.codehaus.plexus:plexus-utils:jar:3.0:compile
[INFO] Downloaded from local.central: file:///Users/olamy/.m2/repository/org/apache/maven/surefire/surefire-junit4/2.12.4/surefire-junit4-2.12.4.pom (2.4 kB at 602 kB/s)
[DEBUG] Writing tracking file /Users/olamy/dev/sources/maven/plugins/maven-invoker-plugin/target/local-repo/org/apache/maven/surefire/surefire-junit4/2.12.4/_remote.repositories
[DEBUG] Writing tracking file /Users/olamy/dev/sources/maven/plugins/maven-invoker-plugin/target/local-repo/org/apache/maven/surefire/surefire-junit4/2.12.4/surefire-junit4-2.12.4.pom.lastUpdated
[DEBUG] Using transporter WagonTransporter with priority -1.0 for file:///Users/olamy/.m2/repository
[DEBUG] Using connector BasicRepositoryConnector with priority 0.0 for file:///Users/olamy/.m2/repository
[INFO] Downloading from local.central: file:///Users/olamy/.m2/repository/org/apache/maven/surefire/surefire-providers/2.12.4/surefire-providers-2.12.4.pom
[DEBUG] Using transporter WagonTransporter with priority -1.0 for file:///Users/olamy/.m2/repository
[DEBUG] Using connector BasicRepositoryConnector with priority 0.0 for file:///Users/olamy/.m2/repository
[INFO] Downloading from local.central: file:///Users/olamy/.m2/repository/org/apache/maven/maven-archiver/2.5/maven-archiver-2.5.jar
[INFO] Downloading from local.central: file:///Users/olamy/.m2/repository/org/codehaus/plexus/plexus-archiver/2.1/plexus-archiver-2.1.jar
[INFO] Downloading from local.central: file:///Users/olamy/.m2/repository/org/codehaus/plexus/plexus-interpolation/1.15/plexus-interpolation-1.15.jar
[INFO] Downloading from local.central: file:///Users/olamy/.m2/repository/commons-lang/commons-lang/2.1/commons-lang-2.1.jar
[INFO] Downloading from local.central: file:///Users/olamy/.m2/repository/org/codehaus/plexus/plexus-io/2.0.2/plexus-io-2.0.2.jar
[INFO] Downloaded from local.central: file:///Users/olamy/.m2/repository/org/apache/maven/surefire/surefire-providers/2.12.4/surefire-providers-2.12.4.pom (2.3 kB at 587 kB/s)
[DEBUG] Writing tracking file /Users/olamy/dev/sources/maven/plugins/maven-invoker-plugin/target/local-repo/org/apache/maven/surefire/surefire-providers/2.12.4/_remote.repositories
[DEBUG] Writing tracking file /Users/olamy/dev/sources/maven/plugins/maven-invoker-plugin/target/local-repo/org/apache/maven/surefire/surefire-providers/2.12.4/surefire-providers-2.12.4.pom.lastUpdated
[INFO] Downloaded from local.central: file:///Users/olamy/.m2/repository/org/apache/maven/maven-archiver/2.5/maven-archiver-2.5.jar (22 kB at 4.4 MB/s)
[INFO] Downloaded from local.central: file:///Users/olamy/.m2/repository/org/codehaus/plexus/plexus-io/2.0.2/plexus-io-2.0.2.jar (58 kB at 8.3 MB/s)
[INFO] Downloaded from local.central: file:///Users/olamy/.m2/repository/org/codehaus/plexus/plexus-interpolation/1.15/plexus-interpolation-1.15.jar (60 kB at 7.6 MB/s)
[INFO] Downloaded from local.central: file:///Users/olamy/.m2/repository/org/codehaus/plexus/plexus-archiver/2.1/plexus-archiver-2.1.jar (184 kB at 20 MB/s)
[INFO] Downloaded from local.central: file:///Users/olamy/.m2/repository/commons-lang/commons-lang/2.1/commons-lang-2.1.jar (208 kB at 21 MB/s)
[DEBUG] Writing tracking file /Users/olamy/dev/sources/maven/plugins/maven-invoker-plugin/target/local-repo/org/apache/maven/maven-archiver/2.5/_remote.repositories
[DEBUG] Writing tracking file /Users/olamy/dev/sources/maven/plugins/maven-invoker-plugin/target/local-repo/org/apache/maven/maven-archiver/2.5/maven-archiver-2.5.jar.lastUpdated
[DEBUG] Writing tracking file /Users/olamy/dev/sources/maven/plugins/maven-invoker-plugin/target/local-repo/org/codehaus/plexus/plexus-interpolation/1.15/_remote.repositories
[DEBUG] Writing tracking file /Users/olamy/dev/sources/maven/plugins/maven-invoker-plugin/target/local-repo/org/codehaus/plexus/plexus-interpolation/1.15/plexus-interpolation-1.15.jar.lastUpdated
[DEBUG] Writing tracking file /Users/olamy/dev/sources/maven/plugins/maven-invoker-plugin/target/local-repo/org/codehaus/plexus/plexus-archiver/2.1/_remote.repositories
[DEBUG] Writing tracking file /Users/olamy/dev/sources/maven/plugins/maven-invoker-plugin/target/local-repo/org/codehaus/plexus/plexus-archiver/2.1/plexus-archiver-2.1.jar.lastUpdated
[DEBUG] Writing tracking file /Users/olamy/dev/sources/maven/plugins/maven-invoker-plugin/target/local-repo/org/codehaus/plexus/plexus-io/2.0.2/_remote.repositories
[DEBUG] Writing tracking file /Users/olamy/dev/sources/maven/plugins/maven-invoker-plugin/target/local-repo/org/codehaus/plexus/plexus-io/2.0.2/plexus-io-2.0.2.jar.lastUpdated
[DEBUG] Writing tracking file /Users/olamy/dev/sources/maven/plugins/maven-invoker-plugin/target/local-repo/commons-lang/commons-lang/2.1/_remote.repositories
[DEBUG] Writing tracking file /Users/olamy/dev/sources/maven/plugins/maven-invoker-plugin/target/local-repo/commons-lang/commons-lang/2.1/commons-lang-2.1.jar.lastUpdated
[DEBUG] Created new class realm plugin&gt;org.apache.maven.plugins:maven-jar-plugin:2.4
[DEBUG] Importing foreign packages into class realm plugin&gt;org.apache.maven.plugins:maven-jar-plugin:2.4
[DEBUG]   Imported:  &lt; maven.api
[DEBUG] Populating class realm plugin&gt;org.apache.maven.plugins:maven-jar-plugin:2.4
[DEBUG]   org.apache.maven.surefire:surefire-junit4:jar:2.12.4:test (selected for test)
[DEBUG]   Included: org.apache.maven.plugins:maven-jar-plugin:jar:2.4
[DEBUG]   Included: junit:junit:jar:3.8.1
[DEBUG]   Included: org.apache.maven:maven-archiver:jar:2.5
[DEBUG]   Included: org.apache.maven.reporting:maven-reporting-api:jar:2.0.6
[DEBUG]   Included: org.apache.maven.doxia:doxia-sink-api:jar:1.0-alpha-7
[DEBUG]   Included: commons-cli:commons-cli:jar:1.0
[DEBUG]   Included: org.codehaus.plexus:plexus-interactivity-api:jar:1.0-alpha-4
[DEBUG]   Included: org.codehaus.plexus:plexus-interpolation:jar:1.15
[DEBUG]   Included: org.codehaus.plexus:plexus-archiver:jar:2.1
[DEBUG]   Included: org.codehaus.plexus:plexus-io:jar:2.0.2
[DEBUG]   Included: commons-lang:commons-lang:jar:2.1
[DEBUG]   Included: org.codehaus.plexus:plexus-utils:jar:3.0
[DEBUG]     org.apache.maven.surefire:surefire-api:jar:2.12.4:test (selected for test)
[DEBUG] Using transporter WagonTransporter with priority -1.0 for file:///Users/olamy/.m2/repository
[DEBUG] Using connector BasicRepositoryConnector with priority 0.0 for file:///Users/olamy/.m2/repository
[INFO] Downloading from local.central: file:///Users/olamy/.m2/repository/org/apache/maven/surefire/surefire-junit4/2.12.4/surefire-junit4-2.12.4.jar
[INFO] Downloaded from local.central: file:///Users/olamy/.m2/repository/org/apache/maven/surefire/surefire-junit4/2.12.4/surefire-junit4-2.12.4.jar (37 kB at 9.2 MB/s)
[DEBUG] Writing tracking file /Users/olamy/dev/sources/maven/plugins/maven-invoker-plugin/target/local-repo/org/apache/maven/surefire/surefire-junit4/2.12.4/_remote.repositories
[DEBUG] Writing tracking file /Users/olamy/dev/sources/maven/plugins/maven-invoker-plugin/target/local-repo/org/apache/maven/surefire/surefire-junit4/2.12.4/surefire-junit4-2.12.4.jar.lastUpdated
[DEBUG] Adding to surefire test classpath: /Users/olamy/dev/sources/maven/plugins/maven-invoker-plugin/target/local-repo/org/apache/maven/surefire/surefire-junit4/2.12.4/surefire-junit4-2.12.4.jar Scope: test
[DEBUG] Adding to surefire test classpath: /Users/olamy/dev/sources/maven/plugins/maven-invoker-plugin/target/local-repo/org/apache/maven/surefire/surefire-api/2.12.4/surefire-api-2.12.4.jar Scope: test
[DEBUG] test classpath classpath:
[DEBUG]   /Users/olamy/dev/sources/maven/plugins/maven-invoker-plugin/target/it/MINVOKER-191/module-b/target/test-classes
[DEBUG]   /Users/olamy/dev/sources/maven/plugins/maven-invoker-plugin/target/it/MINVOKER-191/module-b/target/classes
[DEBUG]   /Users/olamy/dev/sources/maven/plugins/maven-invoker-plugin/target/local-repo/junit/junit/4.12/junit-4.12.jar
[DEBUG]   /Users/olamy/dev/sources/maven/plugins/maven-invoker-plugin/target/local-repo/org/hamcrest/hamcrest-core/1.3/hamcrest-core-1.3.jar
[DEBUG] provider classpath classpath:
[DEBUG]   /Users/olamy/dev/sources/maven/plugins/maven-invoker-plugin/target/local-repo/org/apache/maven/surefire/surefire-junit4/2.12.4/surefire-junit4-2.12.4.jar
[DEBUG]   /Users/olamy/dev/sources/maven/plugins/maven-invoker-plugin/target/local-repo/org/apache/maven/surefire/surefire-api/2.12.4/surefire-api-2.12.4.jar

-------------------------------------------------------
 T E S T S
-------------------------------------------------------
Forking command line: /bin/sh -c cd /Users/olamy/dev/sources/maven/plugins/maven-invoker-plugin/target/it/MINVOKER-191/module-b &amp;&amp; /Library/Java/JavaVirtualMachines/jdk1.8.0_201.jdk/Contents/Home/jre/bin/java -jar /Users/olamy/dev/sources/maven/plugins/maven-invoker-plugin/target/it/MINVOKER-191/module-b/target/surefire/surefirebooter7717258140963634168.jar /Users/olamy/dev/sources/maven/plugins/maven-invoker-plugin/target/it/MINVOKER-191/module-b/target/surefire/surefire5203565984623484479tmp /Users/olamy/dev/sources/maven/plugins/maven-invoker-plugin/target/it/MINVOKER-191/module-b/target/surefire/surefire_05485329610792082435tmp
[DEBUG] Configuring mojo org.apache.maven.plugins:maven-jar-plugin:2.4:jar from plugin realm ClassRealm[plugin&gt;org.apache.maven.plugins:maven-jar-plugin:2.4, parent: sun.misc.Launcher$AppClassLoader@5c647e05]
[DEBUG] Configuring mojo org.apache.maven.plugins:maven-surefire-plugin:2.12.4:test from plugin realm ClassRealm[plugin&gt;org.apache.maven.plugins:maven-surefire-plugin:2.12.4, parent: sun.misc.Launcher$AppClassLoader@5c647e05]
[DEBUG] Configuring mojo &apos;org.apache.maven.plugins:maven-surefire-plugin:2.12.4:test&apos; with basic configurator --&gt;
[DEBUG]   (s) basedir = /Users/olamy/dev/sources/maven/plugins/maven-invoker-plugin/target/it/MINVOKER-191/module-a
[DEBUG]   (s) childDelegation = false
[DEBUG]   (s) classesDirectory = /Users/olamy/dev/sources/maven/plugins/maven-invoker-plugin/target/it/MINVOKER-191/module-a/target/classes
[DEBUG]   (s) disableXmlReport = false
[DEBUG]   (s) enableAssertions = true
[DEBUG]   (s) forkMode = once
[DEBUG]   (s) junitArtifactName = junit:junit
[DEBUG]   (s) localRepository =       id: local
      url: file:///Users/olamy/dev/sources/maven/plugins/maven-invoker-plugin/target/local-repo/
   layout: default
snapshots: [enabled =&gt; true, update =&gt; always]
 releases: [enabled =&gt; true, update =&gt; always]

[DEBUG]   (f) parallelMavenExecution = true
[DEBUG]   (s) perCoreThreadCount = true
[DEBUG] Configuring mojo &apos;org.apache.maven.plugins:maven-jar-plugin:2.4:jar&apos; with basic configurator --&gt;
[DEBUG]   (s) pluginArtifactMap = {org.apache.maven.plugins:maven-surefire-plugin=org.apache.maven.plugins:maven-surefire-plugin:maven-plugin:2.12.4:, org.apache.maven:maven-plugin-api=org.apache.maven:maven-plugin-api:jar:2.0.9:compile, org.apache.maven.surefire:surefire-booter=org.apache.maven.surefire:surefire-booter:jar:2.12.4:compile, org.apache.maven.surefire:surefire-api=org.apache.maven.surefire:surefire-api:jar:2.12.4:compile, org.apache.maven.surefire:maven-surefire-common=org.apache.maven.surefire:maven-surefire-common:jar:2.12.4:compile, org.apache.commons:commons-lang3=org.apache.commons:commons-lang3:jar:3.1:compile, org.apache.maven.shared:maven-common-artifact-filters=org.apache.maven.shared:maven-common-artifact-filters:jar:1.3:compile, org.codehaus.plexus:plexus-utils=org.codehaus.plexus:plexus-utils:jar:3.0.8:compile, org.apache.maven:maven-artifact=org.apache.maven:maven-artifact:jar:2.0.9:compile, org.apache.maven:maven-project=org.apache.maven:maven-project:jar:2.0.9:compile, org.apache.maven:maven-settings=org.apache.maven:maven-settings:jar:2.0.9:compile, org.apache.maven:maven-profile=org.apache.maven:maven-profile:jar:2.0.9:compile, org.apache.maven:maven-model=org.apache.maven:maven-model:jar:2.0.9:compile, org.apache.maven:maven-artifact-manager=org.apache.maven:maven-artifact-manager:jar:2.0.9:compile, org.apache.maven:maven-plugin-registry=org.apache.maven:maven-plugin-registry:jar:2.0.9:compile, org.codehaus.plexus:plexus-container-default=org.codehaus.plexus:plexus-container-default:jar:1.0-alpha-9-stable-1:compile, org.apache.maven:maven-core=org.apache.maven:maven-core:jar:2.0.9:compile, org.apache.maven:maven-plugin-parameter-documenter=org.apache.maven:maven-plugin-parameter-documenter:jar:2.0.9:compile, org.apache.maven.reporting:maven-reporting-api=org.apache.maven.reporting:maven-reporting-api:jar:2.0.9:compile, org.apache.maven:maven-repository-metadata=org.apache.maven:maven-repository-metadata:jar:2.0.9:compile, org.apache.maven:maven-error-diagnostics=org.apache.maven:maven-error-diagnostics:jar:2.0.9:compile, org.apache.maven:maven-plugin-descriptor=org.apache.maven:maven-plugin-descriptor:jar:2.0.9:compile, org.apache.maven:maven-monitor=org.apache.maven:maven-monitor:jar:2.0.9:compile, classworlds:classworlds=classworlds:classworlds:jar:1.1:compile, org.apache.maven:maven-toolchain=org.apache.maven:maven-toolchain:jar:2.0.9:compile, org.apache.maven.plugin-tools:maven-plugin-annotations=org.apache.maven.plugin-tools:maven-plugin-annotations:jar:3.1:compile}
[DEBUG]   (f) classesDirectory = /Users/olamy/dev/sources/maven/plugins/maven-invoker-plugin/target/it/MINVOKER-191/plugin/target/classes
[DEBUG]   (f) pluginDescriptor = Component Descriptor: role: &apos;org.apache.maven.plugin.Mojo&apos;, implementation: &apos;org.apache.maven.plugin.surefire.HelpMojo&apos;, role hint: &apos;org.apache.maven.plugins:maven-surefire-plugin:2.12.4:help&apos;
role: &apos;org.apache.maven.plugin.Mojo&apos;, implementation: &apos;org.apache.maven.plugin.surefire.SurefirePlugin&apos;, role hint: &apos;org.apache.maven.plugins:maven-surefire-plugin:2.12.4:test&apos;
---
[DEBUG]   (f) defaultManifestFile = /Users/olamy/dev/sources/maven/plugins/maven-invoker-plugin/target/it/MINVOKER-191/plugin/target/classes/META-INF/MANIFEST.MF
[DEBUG]   (s) printSummary = true
[DEBUG]   (f) finalName = MINVOKER-191-plugin-1.0-SNAPSHOT
[DEBUG]   (s) projectArtifactMap = {junit:junit=junit:junit:jar:4.12:compile, org.hamcrest:hamcrest-core=org.hamcrest:hamcrest-core:jar:1.3:compile}
[DEBUG]   (f) forceCreation = false
[DEBUG]   (s) redirectTestOutputToFile = false
[DEBUG]   (f) outputDirectory = /Users/olamy/dev/sources/maven/plugins/maven-invoker-plugin/target/it/MINVOKER-191/plugin/target
[DEBUG]   (f) project = MavenProject: org.apache.maven.plugins.invoker:MINVOKER-191-plugin:1.0-SNAPSHOT @ /Users/olamy/dev/sources/maven/plugins/maven-invoker-plugin/target/it/MINVOKER-191/plugin/pom.xml
[DEBUG]   (f) session = org.apache.maven.execution.MavenSession@cef806a
[DEBUG]   (f) skipIfEmpty = false
[DEBUG]   (f) useDefaultManifestFile = false
[DEBUG]   (s) remoteRepositories = [      id: local.central
      url: file:///Users/olamy/.m2/repository
   layout: default
snapshots: [enabled =&gt; true, update =&gt; daily]
 releases: [enabled =&gt; true, update =&gt; daily]
,       id: apache.snapshots
      url: http://repository.apache.org/content/groups/snapshots-group/
   layout: default
snapshots: [enabled =&gt; true, update =&gt; daily]
 releases: [enabled =&gt; false, update =&gt; daily]
,       id: central
      url: https://repo.maven.apache.org/maven2
   layout: default
snapshots: [enabled =&gt; false, update =&gt; daily]
 releases: [enabled =&gt; true, update =&gt; never]
]
[DEBUG] -- end configuration --
[DEBUG]   (s) reportFormat = brief
[DEBUG]   (s) reportsDirectory = /Users/olamy/dev/sources/maven/plugins/maven-invoker-plugin/target/it/MINVOKER-191/module-a/target/surefire-reports
[DEBUG]   (s) runOrder = filesystem
[DEBUG]   (s) skip = false
[DEBUG]   (s) skipTests = false
[DEBUG]   (s) testClassesDirectory = /Users/olamy/dev/sources/maven/plugins/maven-invoker-plugin/target/it/MINVOKER-191/module-a/target/test-classes
[DEBUG]   (s) testFailureIgnore = false
[DEBUG]   (s) testNGArtifactName = org.testng:testng
[DEBUG]   (s) testSourceDirectory = /Users/olamy/dev/sources/maven/plugins/maven-invoker-plugin/target/it/MINVOKER-191/module-a/src/test/java
[DEBUG]   (s) trimStackTrace = true
[DEBUG]   (s) useFile = true
[DEBUG]   (s) useManifestOnlyJar = true
[DEBUG]   (s) useSystemClassLoader = true
[DEBUG]   (s) useUnlimitedThreads = false
[DEBUG]   (s) workingDirectory = /Users/olamy/dev/sources/maven/plugins/maven-invoker-plugin/target/it/MINVOKER-191/module-a
[DEBUG]   (s) project = MavenProject: org.apache.maven.plugins.invoker:MINVOKER-191-java-a:1.0-SNAPSHOT @ /Users/olamy/dev/sources/maven/plugins/maven-invoker-plugin/target/it/MINVOKER-191/module-a/pom.xml
[DEBUG]   (s) session = org.apache.maven.execution.MavenSession@74978e86
[DEBUG] -- end configuration --
[INFO] Surefire report directory: /Users/olamy/dev/sources/maven/plugins/maven-invoker-plugin/target/it/MINVOKER-191/module-a/target/surefire-reports
[DEBUG] Setting system property [user.dir]=[/Users/olamy/dev/sources/maven/plugins/maven-invoker-plugin/target/it/MINVOKER-191/module-a]
[DEBUG] Setting system property [maven.repo.local]=[/Users/olamy/dev/sources/maven/plugins/maven-invoker-plugin/target/local-repo]
[DEBUG] Setting system property [localRepository]=[/Users/olamy/dev/sources/maven/plugins/maven-invoker-plugin/target/local-repo]
[DEBUG] Setting system property [maven.compiler.source]=[1.7]
[DEBUG] Setting system property [maven.compiler.target]=[1.7]
[DEBUG] Setting system property [basedir]=[/Users/olamy/dev/sources/maven/plugins/maven-invoker-plugin/target/it/MINVOKER-191/module-a]
[DEBUG] Using JVM: /Library/Java/JavaVirtualMachines/jdk1.8.0_201.jdk/Contents/Home/jre/bin/java
[DEBUG] test classpath classpath:
[DEBUG]   /Users/olamy/dev/sources/maven/plugins/maven-invoker-plugin/target/it/MINVOKER-191/module-a/target/test-classes
[DEBUG]   /Users/olamy/dev/sources/maven/plugins/maven-invoker-plugin/target/it/MINVOKER-191/module-a/target/classes
[DEBUG]   /Users/olamy/dev/sources/maven/plugins/maven-invoker-plugin/target/local-repo/junit/junit/4.12/junit-4.12.jar
[DEBUG]   /Users/olamy/dev/sources/maven/plugins/maven-invoker-plugin/target/local-repo/org/hamcrest/hamcrest-core/1.3/hamcrest-core-1.3.jar
[DEBUG] provider classpath classpath:
[DEBUG]   /Users/olamy/dev/sources/maven/plugins/maven-invoker-plugin/target/local-repo/org/apache/maven/surefire/surefire-junit4/2.12.4/surefire-junit4-2.12.4.jar
[DEBUG]   /Users/olamy/dev/sources/maven/plugins/maven-invoker-plugin/target/local-repo/org/apache/maven/surefire/surefire-api/2.12.4/surefire-api-2.12.4.jar

-------------------------------------------------------
 T E S T S
-------------------------------------------------------
Forking command line: /bin/sh -c cd /Users/olamy/dev/sources/maven/plugins/maven-invoker-plugin/target/it/MINVOKER-191/module-a &amp;&amp; /Library/Java/JavaVirtualMachines/jdk1.8.0_201.jdk/Contents/Home/jre/bin/java -jar /Users/olamy/dev/sources/maven/plugins/maven-invoker-plugin/target/it/MINVOKER-191/module-a/target/surefire/surefirebooter1566984794912364405.jar /Users/olamy/dev/sources/maven/plugins/maven-invoker-plugin/target/it/MINVOKER-191/module-a/target/surefire/surefire8169393036902586286tmp /Users/olamy/dev/sources/maven/plugins/maven-invoker-plugin/target/it/MINVOKER-191/module-a/target/surefire/surefire_12904698322325278261tmp
[DEBUG] isUp2date: false (Destination /Users/olamy/dev/sources/maven/plugins/maven-invoker-plugin/target/it/MINVOKER-191/plugin/target/MINVOKER-191-plugin-1.0-SNAPSHOT.jar not found.)
[INFO] Building jar: /Users/olamy/dev/sources/maven/plugins/maven-invoker-plugin/target/it/MINVOKER-191/plugin/target/MINVOKER-191-plugin-1.0-SNAPSHOT.jar
[DEBUG] adding directory META-INF/
[DEBUG] adding entry META-INF/MANIFEST.MF
[DEBUG] adding directory org/
[DEBUG] adding directory org/apache/
[DEBUG] adding directory org/apache/maven/
[DEBUG] adding directory org/apache/maven/it/
[DEBUG] adding directory org/apache/maven/it/plugins/
[DEBUG] adding directory org/apache/maven/it/plugins/dummy/
[DEBUG] adding directory META-INF/maven/
[DEBUG] adding entry org/apache/maven/it/plugins/dummy/MyMojo.class
[DEBUG] adding entry META-INF/maven/plugin.xml
[DEBUG] adding directory META-INF/maven/org.apache.maven.plugins.invoker/
[DEBUG] adding directory META-INF/maven/org.apache.maven.plugins.invoker/MINVOKER-191-plugin/
[DEBUG] adding entry META-INF/maven/org.apache.maven.plugins.invoker/MINVOKER-191-plugin/pom.xml
[DEBUG] adding entry META-INF/maven/org.apache.maven.plugins.invoker/MINVOKER-191-plugin/pom.properties
[INFO] 
[INFO] --- maven-plugin-plugin:2.9:addPluginArtifactMetadata (default-addPluginArtifactMetadata) @ MINVOKER-191-plugin ---
[DEBUG] Configuring mojo org.apache.maven.plugins:maven-plugin-plugin:2.9:addPluginArtifactMetadata from plugin realm ClassRealm[plugin&gt;org.apache.maven.plugins:maven-plugin-plugin:2.9, parent: sun.misc.Launcher$AppClassLoader@5c647e05]
[DEBUG] Configuring mojo &apos;org.apache.maven.plugins:maven-plugin-plugin:2.9:addPluginArtifactMetadata&apos; with basic configurator --&gt;
[DEBUG]   (f) project = MavenProject: org.apache.maven.plugins.invoker:MINVOKER-191-plugin:1.0-SNAPSHOT @ /Users/olamy/dev/sources/maven/plugins/maven-invoker-plugin/target/it/MINVOKER-191/plugin/pom.xml
[DEBUG]   (f) skip = false
[DEBUG] -- end configuration --
[INFO] 
[INFO] --- maven-invoker-plugin:3.2.1-SNAPSHOT:install (itests) @ MINVOKER-191-plugin ---
Running org.apache.maven.plugins.foo.HelloTest
Running org.apache.maven.plugins.foo.HelloTest
[DEBUG] Dependency collection stats: {ConflictMarker.analyzeTime=773244, ConflictMarker.markTime=249695, ConflictMarker.nodeCount=313, ConflictIdSorter.graphTime=149129, ConflictIdSorter.topsortTime=76215, ConflictIdSorter.conflictIdCount=74, ConflictIdSorter.conflictIdCycleCount=0, ConflictResolver.totalTime=2439594, ConflictResolver.conflictItemCount=176, DefaultDependencyCollector.collectTime=379742163, DefaultDependencyCollector.transformTime=3766611}
[DEBUG] org.apache.maven.plugins:maven-invoker-plugin:jar:3.2.1-SNAPSHOT:
[DEBUG]    org.apache.maven.shared:maven-invoker:jar:3.0.1:compile
[DEBUG]       org.codehaus.plexus:plexus-component-annotations:jar:1.7.1:compile
[DEBUG]    org.apache.maven:maven-core:jar:3.0:compile
[DEBUG]       org.apache.maven:maven-settings-builder:jar:3.0:compile
[DEBUG]       org.apache.maven:maven-repository-metadata:jar:3.0:compile
[DEBUG]       org.apache.maven:maven-model-builder:jar:3.0:compile
[DEBUG]       org.apache.maven:maven-aether-provider:jar:3.0:runtime
[DEBUG]       org.sonatype.aether:aether-impl:jar:1.7:compile
[DEBUG]          org.sonatype.aether:aether-spi:jar:1.7:compile
[DEBUG]       org.sonatype.aether:aether-api:jar:1.7:compile
[DEBUG]       org.sonatype.aether:aether-util:jar:1.7:compile
[DEBUG]       org.sonatype.sisu:sisu-inject-plexus:jar:1.4.2:compile
[DEBUG]          org.sonatype.sisu:sisu-inject-bean:jar:1.4.2:compile
[DEBUG]             org.sonatype.sisu:sisu-guice:jar:noaop:2.1.7:compile
[DEBUG]       org.codehaus.plexus:plexus-classworlds:jar:2.2.3:compile
[DEBUG]       org.sonatype.plexus:plexus-sec-dispatcher:jar:1.3:compile
[DEBUG]          org.sonatype.plexus:plexus-cipher:jar:1.4:compile
[DEBUG]    org.apache.maven:maven-model:jar:3.0:compile
[DEBUG]    org.apache.maven:maven-plugin-api:jar:3.0:compile
[DEBUG]    org.apache.maven:maven-artifact:jar:3.0:compile
[DEBUG]    org.apache.maven:maven-settings:jar:3.0:compile
[DEBUG]    org.apache.maven.reporting:maven-reporting-api:jar:3.0:compile
[DEBUG]    org.apache.maven.reporting:maven-reporting-impl:jar:2.4:compile
[DEBUG]       org.apache.maven.doxia:doxia-core:jar:1.6:compile
[DEBUG]          org.codehaus.plexus:plexus-container-default:jar:1.0-alpha-30:compile
[DEBUG]             junit:junit:jar:3.8.1:compile
[DEBUG]          xerces:xercesImpl:jar:2.9.1:compile
[DEBUG]             xml-apis:xml-apis:jar:1.3.04:compile
[DEBUG]          org.apache.httpcomponents:httpclient:jar:4.0.2:compile
[DEBUG]          org.apache.httpcomponents:httpcore:jar:4.0.1:compile
[DEBUG]          xmlunit:xmlunit:jar:1.5:compile
[DEBUG]       commons-validator:commons-validator:jar:1.4.1:compile
[DEBUG]          commons-beanutils:commons-beanutils:jar:1.8.3:compile
[DEBUG]          commons-digester:commons-digester:jar:1.8.1:compile
[DEBUG]          commons-logging:commons-logging:jar:1.2:compile
[DEBUG]    org.apache.maven.shared:maven-script-interpreter:jar:1.2:compile
[DEBUG]       org.apache.ant:ant:jar:1.8.1:compile
[DEBUG]    org.apache.maven.shared:maven-artifact-transfer:jar:0.9.1:compile
[DEBUG]       org.apache.maven.shared:maven-common-artifact-filters:jar:3.0.1:compile
[DEBUG]       commons-codec:commons-codec:jar:1.6:compile
[DEBUG]       org.slf4j:slf4j-api:jar:1.7.5:compile
[DEBUG]    org.apache.maven.doxia:doxia-sink-api:jar:1.7:compile
[DEBUG]       org.apache.maven.doxia:doxia-logging-api:jar:1.7:compile
[DEBUG]    org.apache.maven.doxia:doxia-site-renderer:jar:1.7.4:compile
[DEBUG]       org.apache.maven.doxia:doxia-decoration-model:jar:1.7.4:compile
[DEBUG]       org.apache.maven.doxia:doxia-skin-model:jar:1.7.4:compile
[DEBUG]       org.apache.maven.doxia:doxia-module-xhtml:jar:1.7:compile
[DEBUG]       org.codehaus.plexus:plexus-velocity:jar:1.2:compile
[DEBUG]       org.apache.velocity:velocity:jar:1.7:compile
[DEBUG]       org.apache.velocity:velocity-tools:jar:2.0:compile
[DEBUG]          commons-chain:commons-chain:jar:1.1:compile
[DEBUG]          dom4j:dom4j:jar:1.1:compile
[DEBUG]          oro:oro:jar:2.0.8:compile
[DEBUG]          sslext:sslext:jar:1.2-0:compile
[DEBUG]          org.apache.struts:struts-core:jar:1.3.8:compile
[DEBUG]             antlr:antlr:jar:2.7.2:compile
[DEBUG]          org.apache.struts:struts-taglib:jar:1.3.8:compile
[DEBUG]          org.apache.struts:struts-tiles:jar:1.3.8:compile
[DEBUG]       commons-collections:commons-collections:jar:3.2.1:compile
[DEBUG]       commons-lang:commons-lang:jar:2.4:compile
[DEBUG]    org.beanshell:bsh:jar:2.0b4:runtime
[DEBUG]    org.codehaus.groovy:groovy-all:jar:2.4.8:runtime
[DEBUG]    org.codehaus.plexus:plexus-utils:jar:3.1.0:compile
[DEBUG]    commons-io:commons-io:jar:2.5:compile
[DEBUG]    org.codehaus.plexus:plexus-interpolation:jar:1.26:compile
[DEBUG]    org.codehaus.plexus:plexus-i18n:jar:1.0-beta-7:compile
[DEBUG]    org.apache.maven.shared:maven-shared-utils:jar:3.2.1:compile
[DEBUG] Created new class realm plugin&gt;org.apache.maven.plugins:maven-invoker-plugin:3.2.1-SNAPSHOT
[DEBUG] Importing foreign packages into class realm plugin&gt;org.apache.maven.plugins:maven-invoker-plugin:3.2.1-SNAPSHOT
[DEBUG]   Imported:  &lt; maven.api
[DEBUG] Populating class realm plugin&gt;org.apache.maven.plugins:maven-invoker-plugin:3.2.1-SNAPSHOT
[DEBUG]   Included: org.apache.maven.plugins:maven-invoker-plugin:jar:3.2.1-SNAPSHOT
[DEBUG]   Included: org.apache.maven.shared:maven-invoker:jar:3.0.1
[DEBUG]   Included: org.codehaus.plexus:plexus-component-annotations:jar:1.7.1
[DEBUG]   Included: org.sonatype.aether:aether-util:jar:1.7
[DEBUG]   Included: org.sonatype.sisu:sisu-inject-bean:jar:1.4.2
[DEBUG]   Included: org.sonatype.sisu:sisu-guice:jar:noaop:2.1.7
[DEBUG]   Included: org.sonatype.plexus:plexus-sec-dispatcher:jar:1.3
[DEBUG]   Included: org.sonatype.plexus:plexus-cipher:jar:1.4
[DEBUG]   Included: org.apache.maven.reporting:maven-reporting-api:jar:3.0
[DEBUG]   Included: org.apache.maven.reporting:maven-reporting-impl:jar:2.4
[DEBUG]   Included: org.apache.maven.doxia:doxia-core:jar:1.6
[DEBUG]   Included: junit:junit:jar:3.8.1
[DEBUG]   Included: xerces:xercesImpl:jar:2.9.1
[DEBUG]   Included: xml-apis:xml-apis:jar:1.3.04
[DEBUG]   Included: org.apache.httpcomponents:httpclient:jar:4.0.2
[DEBUG]   Included: org.apache.httpcomponents:httpcore:jar:4.0.1
[DEBUG]   Included: xmlunit:xmlunit:jar:1.5
[DEBUG]   Included: commons-validator:commons-validator:jar:1.4.1
[DEBUG]   Included: commons-beanutils:commons-beanutils:jar:1.8.3
[DEBUG]   Included: commons-digester:commons-digester:jar:1.8.1
[DEBUG]   Included: commons-logging:commons-logging:jar:1.2
[DEBUG]   Included: org.apache.maven.shared:maven-script-interpreter:jar:1.2
[DEBUG]   Included: org.apache.ant:ant:jar:1.8.1
[DEBUG]   Included: org.apache.maven.shared:maven-artifact-transfer:jar:0.9.1
[DEBUG]   Included: org.apache.maven.shared:maven-common-artifact-filters:jar:3.0.1
[DEBUG]   Included: commons-codec:commons-codec:jar:1.6
[DEBUG]   Included: org.apache.maven.doxia:doxia-sink-api:jar:1.7
[DEBUG]   Included: org.apache.maven.doxia:doxia-logging-api:jar:1.7
[DEBUG]   Included: org.apache.maven.doxia:doxia-site-renderer:jar:1.7.4
[DEBUG]   Included: org.apache.maven.doxia:doxia-decoration-model:jar:1.7.4
[DEBUG]   Included: org.apache.maven.doxia:doxia-skin-model:jar:1.7.4
[DEBUG]   Included: org.apache.maven.doxia:doxia-module-xhtml:jar:1.7
[DEBUG]   Included: org.codehaus.plexus:plexus-velocity:jar:1.2
[DEBUG]   Included: org.apache.velocity:velocity:jar:1.7
[DEBUG]   Included: org.apache.velocity:velocity-tools:jar:2.0
[DEBUG]   Included: commons-chain:commons-chain:jar:1.1
[DEBUG]   Included: dom4j:dom4j:jar:1.1
[DEBUG]   Included: oro:oro:jar:2.0.8
[DEBUG]   Included: sslext:sslext:jar:1.2-0
[DEBUG]   Included: org.apache.struts:struts-core:jar:1.3.8
[DEBUG]   Included: antlr:antlr:jar:2.7.2
[DEBUG]   Included: org.apache.struts:struts-taglib:jar:1.3.8
[DEBUG]   Included: org.apache.struts:struts-tiles:jar:1.3.8
[DEBUG]   Included: commons-collections:commons-collections:jar:3.2.1
[DEBUG]   Included: commons-lang:commons-lang:jar:2.4
[DEBUG]   Included: org.beanshell:bsh:jar:2.0b4
[DEBUG]   Included: org.codehaus.groovy:groovy-all:jar:2.4.8
[DEBUG]   Included: org.codehaus.plexus:plexus-utils:jar:3.1.0
[DEBUG]   Included: commons-io:commons-io:jar:2.5
[DEBUG]   Included: org.codehaus.plexus:plexus-interpolation:jar:1.26
[DEBUG]   Included: org.codehaus.plexus:plexus-i18n:jar:1.0-beta-7
[DEBUG]   Included: org.apache.maven.shared:maven-shared-utils:jar:3.2.1
[DEBUG] Configuring mojo org.apache.maven.plugins:maven-invoker-plugin:3.2.1-SNAPSHOT:install from plugin realm ClassRealm[plugin&gt;org.apache.maven.plugins:maven-invoker-plugin:3.2.1-SNAPSHOT, parent: sun.misc.Launcher$AppClassLoader@5c647e05]
[DEBUG] Configuring mojo &apos;org.apache.maven.plugins:maven-invoker-plugin:3.2.1-SNAPSHOT:install&apos; with basic configurator --&gt;
[DEBUG]   (f) localRepository =       id: local
      url: file:///Users/olamy/dev/sources/maven/plugins/maven-invoker-plugin/target/local-repo/
   layout: default
snapshots: [enabled =&gt; true, update =&gt; always]
 releases: [enabled =&gt; true, update =&gt; always]

[DEBUG]   (f) localRepositoryPath = /Users/olamy/dev/sources/maven/plugins/maven-invoker-plugin/target/it/MINVOKER-191/plugin/target/local-repo
[DEBUG]   (f) project = MavenProject: org.apache.maven.plugins.invoker:MINVOKER-191-plugin:1.0-SNAPSHOT @ /Users/olamy/dev/sources/maven/plugins/maven-invoker-plugin/target/it/MINVOKER-191/plugin/pom.xml
[DEBUG]   (f) reactorProjects = [MavenProject: org.apache.maven.plugins.invoker:MINVOKER-191-parent:1.0-SNAPSHOT @ /Users/olamy/dev/sources/maven/plugins/maven-invoker-plugin/target/it/MINVOKER-191/pom.xml, MavenProject: org.apache.maven.plugins.invoker:MINVOKER-191-java-a:1.0-SNAPSHOT @ /Users/olamy/dev/sources/maven/plugins/maven-invoker-plugin/target/it/MINVOKER-191/module-a/pom.xml, MavenProject: org.apache.maven.plugins.invoker:MINVOKER-191-plugin:1.0-SNAPSHOT @ /Users/olamy/dev/sources/maven/plugins/maven-invoker-plugin/target/it/MINVOKER-191/plugin/pom.xml, MavenProject: org.apache.maven.plugins.invoker:MINVOKER-191-java-b:1.0-SNAPSHOT @ /Users/olamy/dev/sources/maven/plugins/maven-invoker-plugin/target/it/MINVOKER-191/module-b/pom.xml]
[DEBUG]   (f) session = org.apache.maven.execution.MavenSession@cef806a
[DEBUG]   (f) skipInstallation = false
[DEBUG] -- end configuration --
[DEBUG] Using manager EnhancedLocalRepositoryManager with priority 10.0 for /Users/olamy/dev/sources/maven/plugins/maven-invoker-plugin/target/it/MINVOKER-191/plugin/target/local-repo
[DEBUG] Installing /Users/olamy/dev/sources/maven/plugins/maven-invoker-plugin/target/local-repo/org/apache/maven/maven-plugin-api/2.0/maven-plugin-api-2.0.pom to /Users/olamy/dev/sources/maven/plugins/maven-invoker-plugin/target/it/MINVOKER-191/plugin/target/local-repo/org/apache/maven/maven-plugin-api/2.0/maven-plugin-api-2.0.pom
[DEBUG] Installing /Users/olamy/dev/sources/maven/plugins/maven-invoker-plugin/target/local-repo/org/apache/maven/maven/2.0/maven-2.0.pom to /Users/olamy/dev/sources/maven/plugins/maven-invoker-plugin/target/it/MINVOKER-191/plugin/target/local-repo/org/apache/maven/maven/2.0/maven-2.0.pom
[DEBUG] Installing /Users/olamy/dev/sources/maven/plugins/maven-invoker-plugin/target/local-repo/org/apache/maven/maven-plugin-api/2.0/maven-plugin-api-2.0.jar to /Users/olamy/dev/sources/maven/plugins/maven-invoker-plugin/target/it/MINVOKER-191/plugin/target/local-repo/org/apache/maven/maven-plugin-api/2.0/maven-plugin-api-2.0.jar
[DEBUG] Using manager EnhancedLocalRepositoryManager with priority 10.0 for /Users/olamy/dev/sources/maven/plugins/maven-invoker-plugin/target/it/MINVOKER-191/plugin/target/local-repo
[INFO] Installing /Users/olamy/dev/sources/maven/plugins/maven-invoker-plugin/target/it/MINVOKER-191/pom.xml to /Users/olamy/dev/sources/maven/plugins/maven-invoker-plugin/target/it/MINVOKER-191/plugin/target/local-repo/org/apache/maven/plugins/invoker/MINVOKER-191-parent/1.0-SNAPSHOT/MINVOKER-191-parent-1.0-SNAPSHOT.pom
[DEBUG] Writing tracking file /Users/olamy/dev/sources/maven/plugins/maven-invoker-plugin/target/it/MINVOKER-191/plugin/target/local-repo/org/apache/maven/plugins/invoker/MINVOKER-191-parent/1.0-SNAPSHOT/_remote.repositories
[DEBUG] Installing org.apache.maven.plugins.invoker:MINVOKER-191-parent:1.0-SNAPSHOT/maven-metadata.xml to /Users/olamy/dev/sources/maven/plugins/maven-invoker-plugin/target/it/MINVOKER-191/plugin/target/local-repo/org/apache/maven/plugins/invoker/MINVOKER-191-parent/1.0-SNAPSHOT/maven-metadata-local.xml
[DEBUG] Installing org.apache.maven.plugins.invoker:MINVOKER-191-parent/maven-metadata.xml to /Users/olamy/dev/sources/maven/plugins/maven-invoker-plugin/target/it/MINVOKER-191/plugin/target/local-repo/org/apache/maven/plugins/invoker/MINVOKER-191-parent/maven-metadata-local.xml
[DEBUG] Using manager EnhancedLocalRepositoryManager with priority 10.0 for /Users/olamy/dev/sources/maven/plugins/maven-invoker-plugin/target/it/MINVOKER-191/plugin/target/local-repo
[INFO] Installing /Users/olamy/dev/sources/maven/plugins/maven-invoker-plugin/target/it/MINVOKER-191/plugin/pom.xml to /Users/olamy/dev/sources/maven/plugins/maven-invoker-plugin/target/it/MINVOKER-191/plugin/target/local-repo/org/apache/maven/plugins/invoker/MINVOKER-191-plugin/1.0-SNAPSHOT/MINVOKER-191-plugin-1.0-SNAPSHOT.pom
[DEBUG] Writing tracking file /Users/olamy/dev/sources/maven/plugins/maven-invoker-plugin/target/it/MINVOKER-191/plugin/target/local-repo/org/apache/maven/plugins/invoker/MINVOKER-191-plugin/1.0-SNAPSHOT/_remote.repositories
[DEBUG] Installing org.apache.maven.plugins.invoker:MINVOKER-191-plugin:1.0-SNAPSHOT/maven-metadata.xml to /Users/olamy/dev/sources/maven/plugins/maven-invoker-plugin/target/it/MINVOKER-191/plugin/target/local-repo/org/apache/maven/plugins/invoker/MINVOKER-191-plugin/1.0-SNAPSHOT/maven-metadata-local.xml
[DEBUG] Installing org.apache.maven.plugins.invoker:MINVOKER-191-plugin/maven-metadata.xml to /Users/olamy/dev/sources/maven/plugins/maven-invoker-plugin/target/it/MINVOKER-191/plugin/target/local-repo/org/apache/maven/plugins/invoker/MINVOKER-191-plugin/maven-metadata-local.xml
[DEBUG] Using manager EnhancedLocalRepositoryManager with priority 10.0 for /Users/olamy/dev/sources/maven/plugins/maven-invoker-plugin/target/it/MINVOKER-191/plugin/target/local-repo
[INFO] Installing /Users/olamy/dev/sources/maven/plugins/maven-invoker-plugin/target/it/MINVOKER-191/plugin/target/MINVOKER-191-plugin-1.0-SNAPSHOT.jar to /Users/olamy/dev/sources/maven/plugins/maven-invoker-plugin/target/it/MINVOKER-191/plugin/target/local-repo/org/apache/maven/plugins/invoker/MINVOKER-191-plugin/1.0-SNAPSHOT/MINVOKER-191-plugin-1.0-SNAPSHOT.jar
[DEBUG] Writing tracking file /Users/olamy/dev/sources/maven/plugins/maven-invoker-plugin/target/it/MINVOKER-191/plugin/target/local-repo/org/apache/maven/plugins/invoker/MINVOKER-191-plugin/1.0-SNAPSHOT/_remote.repositories
[DEBUG] Installing org.apache.maven.plugins.invoker:MINVOKER-191-plugin:1.0-SNAPSHOT/maven-metadata.xml to /Users/olamy/dev/sources/maven/plugins/maven-invoker-plugin/target/it/MINVOKER-191/plugin/target/local-repo/org/apache/maven/plugins/invoker/MINVOKER-191-plugin/1.0-SNAPSHOT/maven-metadata-local.xml
[DEBUG] Installing org.apache.maven.plugins.invoker:MINVOKER-191-plugin/maven-metadata.xml to /Users/olamy/dev/sources/maven/plugins/maven-invoker-plugin/target/it/MINVOKER-191/plugin/target/local-repo/org/apache/maven/plugins/invoker/MINVOKER-191-plugin/maven-metadata-local.xml
[INFO] 
[INFO] --- maven-invoker-plugin:3.2.1-SNAPSHOT:run (itests) @ MINVOKER-191-plugin ---
[DEBUG] Configuring mojo org.apache.maven.plugins:maven-invoker-plugin:3.2.1-SNAPSHOT:run from plugin realm ClassRealm[plugin&gt;org.apache.maven.plugins:maven-invoker-plugin:3.2.1-SNAPSHOT, parent: sun.misc.Launcher$AppClassLoader@5c647e05]
[DEBUG] Configuring mojo &apos;org.apache.maven.plugins:maven-invoker-plugin:3.2.1-SNAPSHOT:run&apos; with basic configurator --&gt;
[DEBUG]   (f) addTestClassPath = false
[DEBUG]   (f) cloneAllFiles = false
[DEBUG]   (f) cloneClean = true
[DEBUG]   (f) cloneProjectsTo = /Users/olamy/dev/sources/maven/plugins/maven-invoker-plugin/target/it/MINVOKER-191/plugin/target/it
[DEBUG]   (f) debug = false
[DEBUG]   (f) disableReports = false
[DEBUG]   (f) encoding = UTF-8
[DEBUG]   (f) ignoreFailures = false
[DEBUG]   (f) invokerPropertiesFile = invoker.properties
[DEBUG]   (f) junitPackageName = maven.invoker.it
[DEBUG]   (f) localRepositoryPath = /Users/olamy/dev/sources/maven/plugins/maven-invoker-plugin/target/it/MINVOKER-191/plugin/target/local-repo
[DEBUG]   (f) mergeUserSettings = false
[DEBUG]   (f) mojoExecution = org.apache.maven.plugins:maven-invoker-plugin:3.2.1-SNAPSHOT:run {execution: itests}
[DEBUG]   (f) noLog = false
[DEBUG]   (f) parallelThreads = 1
[DEBUG]   (f) pluginArtifacts = [org.apache.maven.plugins:maven-invoker-plugin:maven-plugin:3.2.1-SNAPSHOT:, org.apache.maven.shared:maven-invoker:jar:3.0.1:compile, org.codehaus.plexus:plexus-component-annotations:jar:1.7.1:compile, org.apache.maven:maven-core:jar:3.0:compile, org.apache.maven:maven-settings-builder:jar:3.0:compile, org.apache.maven:maven-repository-metadata:jar:3.0:compile, org.apache.maven:maven-model-builder:jar:3.0:compile, org.apache.maven:maven-aether-provider:jar:3.0:runtime, org.sonatype.aether:aether-impl:jar:1.7:compile, org.sonatype.aether:aether-spi:jar:1.7:compile, org.sonatype.aether:aether-api:jar:1.7:compile, org.sonatype.aether:aether-util:jar:1.7:compile, org.sonatype.sisu:sisu-inject-plexus:jar:1.4.2:compile, org.sonatype.sisu:sisu-inject-bean:jar:1.4.2:compile, org.sonatype.sisu:sisu-guice:jar:noaop:2.1.7:compile, org.codehaus.plexus:plexus-classworlds:jar:2.2.3:compile, org.sonatype.plexus:plexus-sec-dispatcher:jar:1.3:compile, org.sonatype.plexus:plexus-cipher:jar:1.4:compile, org.apache.maven:maven-model:jar:3.0:compile, org.apache.maven:maven-plugin-api:jar:3.0:compile, org.apache.maven:maven-artifact:jar:3.0:compile, org.apache.maven:maven-settings:jar:3.0:compile, org.apache.maven.reporting:maven-reporting-api:jar:3.0:compile, org.apache.maven.reporting:maven-reporting-impl:jar:2.4:compile, org.apache.maven.doxia:doxia-core:jar:1.6:compile, org.codehaus.plexus:plexus-container-default:jar:1.0-alpha-30:compile, junit:junit:jar:3.8.1:compile, xerces:xercesImpl:jar:2.9.1:compile, xml-apis:xml-apis:jar:1.3.04:compile, org.apache.httpcomponents:httpclient:jar:4.0.2:compile, org.apache.httpcomponents:httpcore:jar:4.0.1:compile, xmlunit:xmlunit:jar:1.5:compile, commons-validator:commons-validator:jar:1.4.1:compile, commons-beanutils:commons-beanutils:jar:1.8.3:compile, commons-digester:commons-digester:jar:1.8.1:compile, commons-logging:commons-logging:jar:1.2:compile, org.apache.maven.shared:maven-script-interpreter:jar:1.2:compile, org.apache.ant:ant:jar:1.8.1:compile, org.apache.maven.shared:maven-artifact-transfer:jar:0.9.1:compile, org.apache.maven.shared:maven-common-artifact-filters:jar:3.0.1:compile, commons-codec:commons-codec:jar:1.6:compile, org.slf4j:slf4j-api:jar:1.7.5:compile, org.apache.maven.doxia:doxia-sink-api:jar:1.7:compile, org.apache.maven.doxia:doxia-logging-api:jar:1.7:compile, org.apache.maven.doxia:doxia-site-renderer:jar:1.7.4:compile, org.apache.maven.doxia:doxia-decoration-model:jar:1.7.4:compile, org.apache.maven.doxia:doxia-skin-model:jar:1.7.4:compile, org.apache.maven.doxia:doxia-module-xhtml:jar:1.7:compile, org.codehaus.plexus:plexus-velocity:jar:1.2:compile, org.apache.velocity:velocity:jar:1.7:compile, org.apache.velocity:velocity-tools:jar:2.0:compile, commons-chain:commons-chain:jar:1.1:compile, dom4j:dom4j:jar:1.1:compile, oro:oro:jar:2.0.8:compile, sslext:sslext:jar:1.2-0:compile, org.apache.struts:struts-core:jar:1.3.8:compile, antlr:antlr:jar:2.7.2:compile, org.apache.struts:struts-taglib:jar:1.3.8:compile, org.apache.struts:struts-tiles:jar:1.3.8:compile, commons-collections:commons-collections:jar:3.2.1:compile, commons-lang:commons-lang:jar:2.4:compile, org.beanshell:bsh:jar:2.0b4:runtime, org.codehaus.groovy:groovy-all:jar:2.4.8:runtime, org.codehaus.plexus:plexus-utils:jar:3.1.0:compile, commons-io:commons-io:jar:2.5:compile, org.codehaus.plexus:plexus-interpolation:jar:1.26:compile, org.codehaus.plexus:plexus-i18n:jar:1.0-beta-7:compile, org.apache.maven.shared:maven-shared-utils:jar:3.2.1:compile]
[DEBUG]   (f) postBuildHookScript = postbuild
[DEBUG]   (f) preBuildHookScript = prebuild
[DEBUG]   (f) project = MavenProject: org.apache.maven.plugins.invoker:MINVOKER-191-plugin:1.0-SNAPSHOT @ /Users/olamy/dev/sources/maven/plugins/maven-invoker-plugin/target/it/MINVOKER-191/plugin/pom.xml
[DEBUG]   (f) projectsDirectory = /Users/olamy/dev/sources/maven/plugins/maven-invoker-plugin/target/it/MINVOKER-191/plugin/src/it
[DEBUG]   (f) properties = {https.protocols=null}
[DEBUG]   (f) reportsDirectory = /Users/olamy/dev/sources/maven/plugins/maven-invoker-plugin/target/it/MINVOKER-191/plugin/target/invoker-reports
[DEBUG]   (f) selectorScript = selector
[DEBUG]   (f) session = org.apache.maven.execution.MavenSession@cef806a
[DEBUG]   (f) settings = org.apache.maven.execution.SettingsAdapter@716b7156
[DEBUG]   (f) showErrors = false
[DEBUG]   (f) showVersion = false
[DEBUG]   (f) skipInvocation = false
[DEBUG]   (f) streamLogs = false
[DEBUG]   (f) suppressSummaries = false
[DEBUG]   (f) testClassPath = [/Users/olamy/dev/sources/maven/plugins/maven-invoker-plugin/target/it/MINVOKER-191/plugin/target/test-classes, /Users/olamy/dev/sources/maven/plugins/maven-invoker-plugin/target/it/MINVOKER-191/plugin/target/classes, /Users/olamy/dev/sources/maven/plugins/maven-invoker-plugin/target/local-repo/org/apache/maven/maven-plugin-api/2.0/maven-plugin-api-2.0.jar]
[DEBUG]   (f) testPropertiesFile = test.properties
[DEBUG]   (f) timeoutInSeconds = 0
[DEBUG]   (f) writeJunitReport = true
[DEBUG] -- end configuration --
[DEBUG] Setup projects: []
[DEBUG] Collecting parent/child projects of basic/pom.xml
[DEBUG] Interpolate /Users/olamy/dev/sources/maven/plugins/maven-invoker-plugin/target/it/MINVOKER-191/plugin/target/it/basic/pom.xml to /Users/olamy/dev/sources/maven/plugins/maven-invoker-plugin/target/it/MINVOKER-191/plugin/target/it/basic/pom.xml
[DEBUG] Setup projects: []
[DEBUG] Created temporary file for invoker settings.xml: /Users/olamy/dev/sources/maven/plugins/maven-invoker-plugin/target/invoker-settings5042602854662246543.xml
[INFO] Building: basic/pom.xml
[DEBUG] Build log initialized in: /Users/olamy/dev/sources/maven/plugins/maven-invoker-plugin/target/it/MINVOKER-191/plugin/target/it/basic
[DEBUG] selector script: no script &apos;selector&apos; found in directory /Users/olamy/dev/sources/maven/plugins/maven-invoker-plugin/target/it/MINVOKER-191/plugin/target/it/basic
[DEBUG] pre-build script: no script &apos;prebuild&apos; found in directory /Users/olamy/dev/sources/maven/plugins/maven-invoker-plugin/target/it/MINVOKER-191/plugin/target/it/basic
[DEBUG] Using MAVEN_OPTS: null
[DEBUG] Executing: /bin/sh -c cd /Users/olamy/dev/sources/maven/plugins/maven-invoker-plugin/target/it/MINVOKER-191/plugin/target/it/basic &amp;&amp; /Users/olamy/softs/maven/apache-maven-3.6.1/bin/mvn -B -D maven.repo.local=/Users/olamy/dev/sources/maven/plugins/maven-invoker-plugin/target/it/MINVOKER-191/plugin/target/local-repo -s /Users/olamy/dev/sources/maven/plugins/maven-invoker-plugin/target/invoker-settings5042602854662246543.xml package
[DEBUG] post-build script: no script &apos;postbuild&apos; found in directory /Users/olamy/dev/sources/maven/plugins/maven-invoker-plugin/target/it/MINVOKER-191/plugin/target/it/basic
[INFO]           basic/pom.xml .................................... SUCCESS (1.3 s)
[INFO] fileLogger:/Users/olamy/dev/sources/maven/plugins/maven-invoker-plugin/target/it/MINVOKER-191/plugin/target/it/basic/build.log
[INFO] -------------------------------------------------
[INFO] Build Summary:
[INFO]   Passed: 1, Failed: 0, Errors: 0, Skipped: 0
[INFO] -------------------------------------------------
Tests run: 1, Failures: 0, Errors: 0, Skipped: 0, Time elapsed: 2.145 sec

Results :

Tests run: 1, Failures: 0, Errors: 0, Skipped: 0

[INFO] 
[INFO] --- maven-jar-plugin:2.4:jar (default-jar) @ MINVOKER-191-java-b ---
[DEBUG] Configuring mojo org.apache.maven.plugins:maven-jar-plugin:2.4:jar from plugin realm ClassRealm[plugin&gt;org.apache.maven.plugins:maven-jar-plugin:2.4, parent: sun.misc.Launcher$AppClassLoader@5c647e05]
[DEBUG] Configuring mojo &apos;org.apache.maven.plugins:maven-jar-plugin:2.4:jar&apos; with basic configurator --&gt;
[DEBUG]   (f) classesDirectory = /Users/olamy/dev/sources/maven/plugins/maven-invoker-plugin/target/it/MINVOKER-191/module-b/target/classes
[DEBUG]   (f) defaultManifestFile = /Users/olamy/dev/sources/maven/plugins/maven-invoker-plugin/target/it/MINVOKER-191/module-b/target/classes/META-INF/MANIFEST.MF
[DEBUG]   (f) finalName = MINVOKER-191-java-b-1.0-SNAPSHOT
[DEBUG]   (f) forceCreation = false
[DEBUG]   (f) outputDirectory = /Users/olamy/dev/sources/maven/plugins/maven-invoker-plugin/target/it/MINVOKER-191/module-b/target
[DEBUG]   (f) project = MavenProject: org.apache.maven.plugins.invoker:MINVOKER-191-java-b:1.0-SNAPSHOT @ /Users/olamy/dev/sources/maven/plugins/maven-invoker-plugin/target/it/MINVOKER-191/module-b/pom.xml
[DEBUG]   (f) session = org.apache.maven.execution.MavenSession@79061d0d
[DEBUG]   (f) skipIfEmpty = false
[DEBUG]   (f) useDefaultManifestFile = false
[DEBUG] -- end configuration --
[DEBUG] isUp2date: false (Destination /Users/olamy/dev/sources/maven/plugins/maven-invoker-plugin/target/it/MINVOKER-191/module-b/target/MINVOKER-191-java-b-1.0-SNAPSHOT.jar not found.)
[INFO] Building jar: /Users/olamy/dev/sources/maven/plugins/maven-invoker-plugin/target/it/MINVOKER-191/module-b/target/MINVOKER-191-java-b-1.0-SNAPSHOT.jar
[DEBUG] adding directory META-INF/
[DEBUG] adding entry META-INF/MANIFEST.MF
[DEBUG] adding directory org/
[DEBUG] adding directory org/apache/
[DEBUG] adding directory org/apache/maven/
[DEBUG] adding directory org/apache/maven/plugins/
[DEBUG] adding directory org/apache/maven/plugins/foo/
[DEBUG] adding entry org/apache/maven/plugins/foo/Hello.class
[DEBUG] adding directory META-INF/maven/
[DEBUG] adding directory META-INF/maven/org.apache.maven.plugins.invoker/
[DEBUG] adding directory META-INF/maven/org.apache.maven.plugins.invoker/MINVOKER-191-java-b/
[DEBUG] adding entry META-INF/maven/org.apache.maven.plugins.invoker/MINVOKER-191-java-b/pom.xml
[DEBUG] adding entry META-INF/maven/org.apache.maven.plugins.invoker/MINVOKER-191-java-b/pom.properties
Tests run: 1, Failures: 0, Errors: 0, Skipped: 0, Time elapsed: 4.1 sec

Results :

Tests run: 1, Failures: 0, Errors: 0, Skipped: 0

[INFO] 
[INFO] --- maven-jar-plugin:2.4:jar (default-jar) @ MINVOKER-191-java-a ---
[DEBUG] Configuring mojo org.apache.maven.plugins:maven-jar-plugin:2.4:jar from plugin realm ClassRealm[plugin&gt;org.apache.maven.plugins:maven-jar-plugin:2.4, parent: sun.misc.Launcher$AppClassLoader@5c647e05]
[DEBUG] Configuring mojo &apos;org.apache.maven.plugins:maven-jar-plugin:2.4:jar&apos; with basic configurator --&gt;
[DEBUG]   (f) classesDirectory = /Users/olamy/dev/sources/maven/plugins/maven-invoker-plugin/target/it/MINVOKER-191/module-a/target/classes
[DEBUG]   (f) defaultManifestFile = /Users/olamy/dev/sources/maven/plugins/maven-invoker-plugin/target/it/MINVOKER-191/module-a/target/classes/META-INF/MANIFEST.MF
[DEBUG]   (f) finalName = MINVOKER-191-java-a-1.0-SNAPSHOT
[DEBUG]   (f) forceCreation = false
[DEBUG]   (f) outputDirectory = /Users/olamy/dev/sources/maven/plugins/maven-invoker-plugin/target/it/MINVOKER-191/module-a/target
[DEBUG]   (f) project = MavenProject: org.apache.maven.plugins.invoker:MINVOKER-191-java-a:1.0-SNAPSHOT @ /Users/olamy/dev/sources/maven/plugins/maven-invoker-plugin/target/it/MINVOKER-191/module-a/pom.xml
[DEBUG]   (f) session = org.apache.maven.execution.MavenSession@74978e86
[DEBUG]   (f) skipIfEmpty = false
[DEBUG]   (f) useDefaultManifestFile = false
[DEBUG] -- end configuration --
[DEBUG] isUp2date: false (Destination /Users/olamy/dev/sources/maven/plugins/maven-invoker-plugin/target/it/MINVOKER-191/module-a/target/MINVOKER-191-java-a-1.0-SNAPSHOT.jar not found.)
[INFO] Building jar: /Users/olamy/dev/sources/maven/plugins/maven-invoker-plugin/target/it/MINVOKER-191/module-a/target/MINVOKER-191-java-a-1.0-SNAPSHOT.jar
[DEBUG] adding directory META-INF/
[DEBUG] adding entry META-INF/MANIFEST.MF
[DEBUG] adding directory org/
[DEBUG] adding directory org/apache/
[DEBUG] adding directory org/apache/maven/
[DEBUG] adding directory org/apache/maven/plugins/
[DEBUG] adding directory org/apache/maven/plugins/foo/
[DEBUG] adding entry org/apache/maven/plugins/foo/Hello.class
[DEBUG] adding directory META-INF/maven/
[DEBUG] adding directory META-INF/maven/org.apache.maven.plugins.invoker/
[DEBUG] adding directory META-INF/maven/org.apache.maven.plugins.invoker/MINVOKER-191-java-a/
[DEBUG] adding entry META-INF/maven/org.apache.maven.plugins.invoker/MINVOKER-191-java-a/pom.xml
[DEBUG] adding entry META-INF/maven/org.apache.maven.plugins.invoker/MINVOKER-191-java-a/pom.properties
[INFO] ------------------------------------------------------------------------
[INFO] Reactor Summary for MINVOKER-191-parent 1.0-SNAPSHOT:
[INFO] 
[INFO] MINVOKER-191-parent ................................ SUCCESS [  0.006 s]
[INFO] MINVOKER-191-java-a ................................ SUCCESS [ 13.749 s]
[INFO] MINVOKER-191-plugin ................................ SUCCESS [ 11.287 s]
[INFO] MINVOKER-191-java-b ................................ SUCCESS [ 11.688 s]
[INFO] ------------------------------------------------------------------------
[INFO] BUILD SUCCESS
[INFO] ------------------------------------------------------------------------
[INFO] Total time:  13.866 s (Wall Clock)
[INFO] Finished at: 2019-07-17T17:09:21+10:00
[INFO] ------------------------------------------------------------------------
</system-out>
  </testcase>
</testsuite>