<testsuite tests="1" failures="1" time="3.682">
  <testcase classname="maven.invoker.it.MINVOKER-243_install-reactor" name="MINVOKER-243_install-reactor">
    <failure message="The post-build script did not succeed. assert new File(localRepo, &apos;org/apache/maven/plugins/invoker/minvoker251-parent/1.0-SNAPSHOT/minvoker251-parent-1.0.0-SNAPSHOT.pom&apos;).exists()&#10;       |        |                                                                                                                    |&#10;       |        |                                                                                                                    false&#10;       |        /Users/olamy/dev/sources/maven/plugins/maven-invoker-plugin/target/it/MINVOKER-243_install-reactor/plugin/target/local-repo&#10;       /Users/olamy/dev/sources/maven/plugins/maven-invoker-plugin/target/it/MINVOKER-243_install-reactor/plugin/target/local-repo/org/apache/maven/plugins/invoker/minvoker251-parent/1.0-SNAPSHOT/minvoker251-parent-1.0.0-SNAPSHOT.pom"/>
    <system-out/>
  </testcase>
</testsuite>