<testsuite tests="1" time="1.87">
  <testcase classname="maven.invoker.it.mod2-parent" name="mod2-parent">
    <system-out>&lt;![CDATA[[INFO] Scanning for projects...
[INFO] ------------------------------------------------------------------------
[INFO] Reactor Build Order:
[INFO] 
[INFO] mod1                                                               [pom]
[INFO] mod2-parent                                                        [pom]
[INFO] mod2                                                               [pom]
[INFO] 
[INFO] -----------------------------&lt; test:mod1 &gt;------------------------------
[INFO] Building mod1 0.1-SNAPSHOT                                         [1/3]
[INFO] --------------------------------[ pom ]---------------------------------
[INFO] 
[INFO] --------------------------&lt; test:mod2-parent &gt;--------------------------
[INFO] Building mod2-parent 0.1-SNAPSHOT                                  [2/3]
[INFO] --------------------------------[ pom ]---------------------------------
[INFO] 
[INFO] -----------------------------&lt; test:mod2 &gt;------------------------------
[INFO] Building mod2 0.1-SNAPSHOT                                         [3/3]
[INFO] --------------------------------[ pom ]---------------------------------
[INFO] ------------------------------------------------------------------------
[INFO] Reactor Summary for mod2-parent 0.1-SNAPSHOT:
[INFO] 
[INFO] mod1 ............................................... SUCCESS [  0.006 s]
[INFO] mod2-parent ........................................ SUCCESS [  0.003 s]
[INFO] mod2 ............................................... SUCCESS [  0.002 s]
[INFO] ------------------------------------------------------------------------
[INFO] BUILD SUCCESS
[INFO] ------------------------------------------------------------------------
[INFO] Total time:  0.209 s
[INFO] Finished at: 2019-07-16T20:11:09+10:00
[INFO] ------------------------------------------------------------------------
]]&gt;</system-out>
  </testcase>
</testsuite>