<testsuite tests="1" time="3.218">
  <testcase classname="maven.invoker.it.MINVOKER-243_install-reactor" name="MINVOKER-243_install-reactor">
    <system-out>&lt;![CDATA[Apache Maven 3.6.1 (d66c9c0b3152b2e69ee9bac180bb8fcc8e6af555; 2019-04-05T05:00:29+10:00)
Maven home: /Users/olamy/softs/maven/apache-maven-3.6.1
Java version: 1.8.0_201, vendor: Oracle Corporation, runtime: /Library/Java/JavaVirtualMachines/jdk1.8.0_201.jdk/Contents/Home/jre
Default locale: en_AU, platform encoding: UTF-8
OS name: &quot;mac os x&quot;, version: &quot;10.14.5&quot;, arch: &quot;x86_64&quot;, family: &quot;mac&quot;
[DEBUG] Created new class realm maven.api
[DEBUG] Importing foreign packages into class realm maven.api
[DEBUG]   Imported: javax.annotation.* &lt; plexus.core
[DEBUG]   Imported: javax.annotation.security.* &lt; plexus.core
[DEBUG]   Imported: javax.enterprise.inject.* &lt; plexus.core
[DEBUG]   Imported: javax.enterprise.util.* &lt; plexus.core
[DEBUG]   Imported: javax.inject.* &lt; plexus.core
[DEBUG]   Imported: org.apache.maven.* &lt; plexus.core
[DEBUG]   Imported: org.apache.maven.artifact &lt; plexus.core
[DEBUG]   Imported: org.apache.maven.classrealm &lt; plexus.core
[DEBUG]   Imported: org.apache.maven.cli &lt; plexus.core
[DEBUG]   Imported: org.apache.maven.configuration &lt; plexus.core
[DEBUG]   Imported: org.apache.maven.exception &lt; plexus.core
[DEBUG]   Imported: org.apache.maven.execution &lt; plexus.core
[DEBUG]   Imported: org.apache.maven.execution.scope &lt; plexus.core
[DEBUG]   Imported: org.apache.maven.lifecycle &lt; plexus.core
[DEBUG]   Imported: org.apache.maven.model &lt; plexus.core
[DEBUG]   Imported: org.apache.maven.monitor &lt; plexus.core
[DEBUG]   Imported: org.apache.maven.plugin &lt; plexus.core
[DEBUG]   Imported: org.apache.maven.profiles &lt; plexus.core
[DEBUG]   Imported: org.apache.maven.project &lt; plexus.core
[DEBUG]   Imported: org.apache.maven.reporting &lt; plexus.core
[DEBUG]   Imported: org.apache.maven.repository &lt; plexus.core
[DEBUG]   Imported: org.apache.maven.rtinfo &lt; plexus.core
[DEBUG]   Imported: org.apache.maven.settings &lt; plexus.core
[DEBUG]   Imported: org.apache.maven.toolchain &lt; plexus.core
[DEBUG]   Imported: org.apache.maven.usability &lt; plexus.core
[DEBUG]   Imported: org.apache.maven.wagon.* &lt; plexus.core
[DEBUG]   Imported: org.apache.maven.wagon.authentication &lt; plexus.core
[DEBUG]   Imported: org.apache.maven.wagon.authorization &lt; plexus.core
[DEBUG]   Imported: org.apache.maven.wagon.events &lt; plexus.core
[DEBUG]   Imported: org.apache.maven.wagon.observers &lt; plexus.core
[DEBUG]   Imported: org.apache.maven.wagon.proxy &lt; plexus.core
[DEBUG]   Imported: org.apache.maven.wagon.repository &lt; plexus.core
[DEBUG]   Imported: org.apache.maven.wagon.resource &lt; plexus.core
[DEBUG]   Imported: org.codehaus.classworlds &lt; plexus.core
[DEBUG]   Imported: org.codehaus.plexus.* &lt; plexus.core
[DEBUG]   Imported: org.codehaus.plexus.classworlds &lt; plexus.core
[DEBUG]   Imported: org.codehaus.plexus.component &lt; plexus.core
[DEBUG]   Imported: org.codehaus.plexus.configuration &lt; plexus.core
[DEBUG]   Imported: org.codehaus.plexus.container &lt; plexus.core
[DEBUG]   Imported: org.codehaus.plexus.context &lt; plexus.core
[DEBUG]   Imported: org.codehaus.plexus.lifecycle &lt; plexus.core
[DEBUG]   Imported: org.codehaus.plexus.logging &lt; plexus.core
[DEBUG]   Imported: org.codehaus.plexus.personality &lt; plexus.core
[DEBUG]   Imported: org.codehaus.plexus.util.xml.Xpp3Dom &lt; plexus.core
[DEBUG]   Imported: org.codehaus.plexus.util.xml.pull.XmlPullParser &lt; plexus.core
[DEBUG]   Imported: org.codehaus.plexus.util.xml.pull.XmlPullParserException &lt; plexus.core
[DEBUG]   Imported: org.codehaus.plexus.util.xml.pull.XmlSerializer &lt; plexus.core
[DEBUG]   Imported: org.eclipse.aether.* &lt; plexus.core
[DEBUG]   Imported: org.eclipse.aether.artifact &lt; plexus.core
[DEBUG]   Imported: org.eclipse.aether.collection &lt; plexus.core
[DEBUG]   Imported: org.eclipse.aether.deployment &lt; plexus.core
[DEBUG]   Imported: org.eclipse.aether.graph &lt; plexus.core
[DEBUG]   Imported: org.eclipse.aether.impl &lt; plexus.core
[DEBUG]   Imported: org.eclipse.aether.installation &lt; plexus.core
[DEBUG]   Imported: org.eclipse.aether.internal.impl &lt; plexus.core
[DEBUG]   Imported: org.eclipse.aether.metadata &lt; plexus.core
[DEBUG]   Imported: org.eclipse.aether.repository &lt; plexus.core
[DEBUG]   Imported: org.eclipse.aether.resolution &lt; plexus.core
[DEBUG]   Imported: org.eclipse.aether.spi &lt; plexus.core
[DEBUG]   Imported: org.eclipse.aether.transfer &lt; plexus.core
[DEBUG]   Imported: org.eclipse.aether.version &lt; plexus.core
[DEBUG]   Imported: org.fusesource.jansi.* &lt; plexus.core
[DEBUG]   Imported: org.slf4j.* &lt; plexus.core
[DEBUG]   Imported: org.slf4j.event.* &lt; plexus.core
[DEBUG]   Imported: org.slf4j.helpers.* &lt; plexus.core
[DEBUG]   Imported: org.slf4j.spi.* &lt; plexus.core
[DEBUG] Populating class realm maven.api
[INFO] Error stacktraces are turned on.
[DEBUG] Message scheme: plain
[DEBUG] Reading global settings from /Users/olamy/softs/maven/apache-maven-3.6.1/conf/settings.xml
[DEBUG] Reading user settings from /Users/olamy/dev/sources/maven/plugins/maven-invoker-plugin/target/it/interpolated-settings.xml
[DEBUG] Reading global toolchains from /Users/olamy/softs/maven/apache-maven-3.6.1/conf/toolchains.xml
[DEBUG] Reading user toolchains from /Users/olamy/.m2/toolchains.xml
[DEBUG] Using local repository at /Users/olamy/dev/sources/maven/plugins/maven-invoker-plugin/target/local-repo
[DEBUG] Using manager EnhancedLocalRepositoryManager with priority 10.0 for /Users/olamy/dev/sources/maven/plugins/maven-invoker-plugin/target/local-repo
[INFO] Scanning for projects...
[DEBUG] Extension realms for project org.apache.maven.plugins.invoker:minvoker251-parent:pom:1.0-SNAPSHOT: (none)
[DEBUG] Looking up lifecycle mappings for packaging pom from ClassRealm[plexus.core, parent: null]
[DEBUG] Extension realms for project org.apache.maven.plugins.invoker:minvoker251-a:jar:1.0-SNAPSHOT: (none)
[DEBUG] Looking up lifecycle mappings for packaging jar from ClassRealm[plexus.core, parent: null]
[DEBUG] Extension realms for project org.apache.maven.plugins.invoker:minvoker251-b:jar:1.0-SNAPSHOT: (none)
[DEBUG] Looking up lifecycle mappings for packaging jar from ClassRealm[plexus.core, parent: null]
[DEBUG] Extension realms for project org.apache.maven.plugins.invoker:minvoker251-plugin:jar:1.0-SNAPSHOT: (none)
[DEBUG] Looking up lifecycle mappings for packaging jar from ClassRealm[plexus.core, parent: null]
[INFO] ------------------------------------------------------------------------
[INFO] Reactor Build Order:
[INFO] 
[INFO] minvoker251-parent                                                 [pom]
[INFO] minvoker251-a                                                      [jar]
[INFO] minvoker251-b                                                      [jar]
[INFO] minvoker251-plugin                                                 [jar]
[DEBUG] === REACTOR BUILD PLAN ================================================
[DEBUG] Project: org.apache.maven.plugins.invoker:minvoker251-parent:pom:1.0-SNAPSHOT
[DEBUG] Tasks:   [verify]
[DEBUG] Style:   Regular
[DEBUG] -----------------------------------------------------------------------
[DEBUG] Project: org.apache.maven.plugins.invoker:minvoker251-a:jar:1.0-SNAPSHOT
[DEBUG] Tasks:   [verify]
[DEBUG] Style:   Regular
[DEBUG] -----------------------------------------------------------------------
[DEBUG] Project: org.apache.maven.plugins.invoker:minvoker251-b:jar:1.0-SNAPSHOT
[DEBUG] Tasks:   [verify]
[DEBUG] Style:   Regular
[DEBUG] -----------------------------------------------------------------------
[DEBUG] Project: org.apache.maven.plugins.invoker:minvoker251-plugin:jar:1.0-SNAPSHOT
[DEBUG] Tasks:   [verify]
[DEBUG] Style:   Regular
[DEBUG] =======================================================================
[INFO] 
[INFO] --------&lt; org.apache.maven.plugins.invoker:minvoker251-parent &gt;---------
[INFO] Building minvoker251-parent 1.0-SNAPSHOT                           [1/4]
[INFO] --------------------------------[ pom ]---------------------------------
[DEBUG] Lifecycle default -&gt; [validate, initialize, generate-sources, process-sources, generate-resources, process-resources, compile, process-classes, generate-test-sources, process-test-sources, generate-test-resources, process-test-resources, test-compile, process-test-classes, test, prepare-package, package, pre-integration-test, integration-test, post-integration-test, verify, install, deploy]
[DEBUG] Lifecycle clean -&gt; [pre-clean, clean, post-clean]
[DEBUG] Lifecycle site -&gt; [pre-site, site, post-site, site-deploy]
[DEBUG] === PROJECT BUILD PLAN ================================================
[DEBUG] Project:       org.apache.maven.plugins.invoker:minvoker251-parent:1.0-SNAPSHOT
[DEBUG] Dependencies (collect): []
[DEBUG] Dependencies (resolve): []
[DEBUG] Repositories (dependencies): [local.central (file:///Users/olamy/.m2/repository, default, releases+snapshots), apache.snapshots (http://repository.apache.org/content/groups/snapshots-group/, default, snapshots), central (https://repo.maven.apache.org/maven2, default, releases)]
[DEBUG] Repositories (plugins)     : [local.central (file:///Users/olamy/.m2/repository, default, releases+snapshots), apache.snapshots (http://repository.apache.org/content/groups/snapshots-group/, default, snapshots), central (https://repo.maven.apache.org/maven2, default, releases)]
[DEBUG] =======================================================================
[INFO] 
[INFO] -----------&lt; org.apache.maven.plugins.invoker:minvoker251-a &gt;-----------
[INFO] Building minvoker251-a 1.0-SNAPSHOT                                [2/4]
[INFO] --------------------------------[ jar ]---------------------------------
[DEBUG] Lifecycle default -&gt; [validate, initialize, generate-sources, process-sources, generate-resources, process-resources, compile, process-classes, generate-test-sources, process-test-sources, generate-test-resources, process-test-resources, test-compile, process-test-classes, test, prepare-package, package, pre-integration-test, integration-test, post-integration-test, verify, install, deploy]
[DEBUG] Lifecycle clean -&gt; [pre-clean, clean, post-clean]
[DEBUG] Lifecycle site -&gt; [pre-site, site, post-site, site-deploy]
[DEBUG] Lifecycle default -&gt; [validate, initialize, generate-sources, process-sources, generate-resources, process-resources, compile, process-classes, generate-test-sources, process-test-sources, generate-test-resources, process-test-resources, test-compile, process-test-classes, test, prepare-package, package, pre-integration-test, integration-test, post-integration-test, verify, install, deploy]
[DEBUG] Lifecycle clean -&gt; [pre-clean, clean, post-clean]
[DEBUG] Lifecycle site -&gt; [pre-site, site, post-site, site-deploy]
[DEBUG] Lifecycle default -&gt; [validate, initialize, generate-sources, process-sources, generate-resources, process-resources, compile, process-classes, generate-test-sources, process-test-sources, generate-test-resources, process-test-resources, test-compile, process-test-classes, test, prepare-package, package, pre-integration-test, integration-test, post-integration-test, verify, install, deploy]
[DEBUG] Lifecycle clean -&gt; [pre-clean, clean, post-clean]
[DEBUG] Lifecycle site -&gt; [pre-site, site, post-site, site-deploy]
[DEBUG] Lifecycle default -&gt; [validate, initialize, generate-sources, process-sources, generate-resources, process-resources, compile, process-classes, generate-test-sources, process-test-sources, generate-test-resources, process-test-resources, test-compile, process-test-classes, test, prepare-package, package, pre-integration-test, integration-test, post-integration-test, verify, install, deploy]
[DEBUG] Lifecycle clean -&gt; [pre-clean, clean, post-clean]
[DEBUG] Lifecycle site -&gt; [pre-site, site, post-site, site-deploy]
[DEBUG] Lifecycle default -&gt; [validate, initialize, generate-sources, process-sources, generate-resources, process-resources, compile, process-classes, generate-test-sources, process-test-sources, generate-test-resources, process-test-resources, test-compile, process-test-classes, test, prepare-package, package, pre-integration-test, integration-test, post-integration-test, verify, install, deploy]
[DEBUG] Lifecycle clean -&gt; [pre-clean, clean, post-clean]
[DEBUG] Lifecycle site -&gt; [pre-site, site, post-site, site-deploy]
[DEBUG] Lifecycle default -&gt; [validate, initialize, generate-sources, process-sources, generate-resources, process-resources, compile, process-classes, generate-test-sources, process-test-sources, generate-test-resources, process-test-resources, test-compile, process-test-classes, test, prepare-package, package, pre-integration-test, integration-test, post-integration-test, verify, install, deploy]
[DEBUG] Lifecycle clean -&gt; [pre-clean, clean, post-clean]
[DEBUG] Lifecycle site -&gt; [pre-site, site, post-site, site-deploy]
[DEBUG] Lifecycle default -&gt; [validate, initialize, generate-sources, process-sources, generate-resources, process-resources, compile, process-classes, generate-test-sources, process-test-sources, generate-test-resources, process-test-resources, test-compile, process-test-classes, test, prepare-package, package, pre-integration-test, integration-test, post-integration-test, verify, install, deploy]
[DEBUG] Lifecycle clean -&gt; [pre-clean, clean, post-clean]
[DEBUG] Lifecycle site -&gt; [pre-site, site, post-site, site-deploy]
[DEBUG] === PROJECT BUILD PLAN ================================================
[DEBUG] Project:       org.apache.maven.plugins.invoker:minvoker251-a:1.0-SNAPSHOT
[DEBUG] Dependencies (collect): []
[DEBUG] Dependencies (resolve): [compile, runtime, test]
[DEBUG] Repositories (dependencies): [local.central (file:///Users/olamy/.m2/repository, default, releases+snapshots), apache.snapshots (http://repository.apache.org/content/groups/snapshots-group/, default, snapshots), central (https://repo.maven.apache.org/maven2, default, releases)]
[DEBUG] Repositories (plugins)     : [local.central (file:///Users/olamy/.m2/repository, default, releases+snapshots), apache.snapshots (http://repository.apache.org/content/groups/snapshots-group/, default, snapshots), central (https://repo.maven.apache.org/maven2, default, releases)]
[DEBUG] -----------------------------------------------------------------------
[DEBUG] Goal:          org.apache.maven.plugins:maven-resources-plugin:2.6:resources (default-resources)
[DEBUG] Style:         Regular
[DEBUG] Configuration: &lt;?xml version=&quot;1.0&quot; encoding=&quot;UTF-8&quot;?&gt;
&lt;configuration&gt;
  &lt;buildFilters default-value=&quot;${project.build.filters}&quot;/&gt;
  &lt;encoding default-value=&quot;${project.build.sourceEncoding}&quot;&gt;${encoding}&lt;/encoding&gt;
  &lt;escapeString&gt;${maven.resources.escapeString}&lt;/escapeString&gt;
  &lt;escapeWindowsPaths default-value=&quot;true&quot;&gt;${maven.resources.escapeWindowsPaths}&lt;/escapeWindowsPaths&gt;
  &lt;includeEmptyDirs default-value=&quot;false&quot;&gt;${maven.resources.includeEmptyDirs}&lt;/includeEmptyDirs&gt;
  &lt;outputDirectory default-value=&quot;${project.build.outputDirectory}&quot;/&gt;
  &lt;overwrite default-value=&quot;false&quot;&gt;${maven.resources.overwrite}&lt;/overwrite&gt;
  &lt;project default-value=&quot;${project}&quot;/&gt;
  &lt;resources default-value=&quot;${project.resources}&quot;/&gt;
  &lt;session default-value=&quot;${session}&quot;/&gt;
  &lt;supportMultiLineFiltering default-value=&quot;false&quot;&gt;${maven.resources.supportMultiLineFiltering}&lt;/supportMultiLineFiltering&gt;
  &lt;useBuildFilters default-value=&quot;true&quot;/&gt;
  &lt;useDefaultDelimiters default-value=&quot;true&quot;/&gt;
&lt;/configuration&gt;
[DEBUG] -----------------------------------------------------------------------
[DEBUG] Goal:          org.apache.maven.plugins:maven-compiler-plugin:3.1:compile (default-compile)
[DEBUG] Style:         Regular
[DEBUG] Configuration: &lt;?xml version=&quot;1.0&quot; encoding=&quot;UTF-8&quot;?&gt;
&lt;configuration&gt;
  &lt;basedir default-value=&quot;${basedir}&quot;/&gt;
  &lt;buildDirectory default-value=&quot;${project.build.directory}&quot;/&gt;
  &lt;classpathElements default-value=&quot;${project.compileClasspathElements}&quot;/&gt;
  &lt;compileSourceRoots default-value=&quot;${project.compileSourceRoots}&quot;/&gt;
  &lt;compilerId default-value=&quot;javac&quot;&gt;${maven.compiler.compilerId}&lt;/compilerId&gt;
  &lt;compilerReuseStrategy default-value=&quot;${reuseCreated}&quot;&gt;${maven.compiler.compilerReuseStrategy}&lt;/compilerReuseStrategy&gt;
  &lt;compilerVersion&gt;${maven.compiler.compilerVersion}&lt;/compilerVersion&gt;
  &lt;debug default-value=&quot;true&quot;&gt;${maven.compiler.debug}&lt;/debug&gt;
  &lt;debuglevel&gt;${maven.compiler.debuglevel}&lt;/debuglevel&gt;
  &lt;encoding default-value=&quot;${project.build.sourceEncoding}&quot;&gt;${encoding}&lt;/encoding&gt;
  &lt;executable&gt;${maven.compiler.executable}&lt;/executable&gt;
  &lt;failOnError default-value=&quot;true&quot;&gt;${maven.compiler.failOnError}&lt;/failOnError&gt;
  &lt;forceJavacCompilerUse default-value=&quot;false&quot;&gt;${maven.compiler.forceJavacCompilerUse}&lt;/forceJavacCompilerUse&gt;
  &lt;fork default-value=&quot;false&quot;&gt;${maven.compiler.fork}&lt;/fork&gt;
  &lt;generatedSourcesDirectory default-value=&quot;${project.build.directory}/generated-sources/annotations&quot;/&gt;
  &lt;maxmem&gt;${maven.compiler.maxmem}&lt;/maxmem&gt;
  &lt;meminitial&gt;${maven.compiler.meminitial}&lt;/meminitial&gt;
  &lt;mojoExecution&gt;${mojoExecution}&lt;/mojoExecution&gt;
  &lt;optimize default-value=&quot;false&quot;&gt;${maven.compiler.optimize}&lt;/optimize&gt;
  &lt;outputDirectory default-value=&quot;${project.build.outputDirectory}&quot;/&gt;
  &lt;projectArtifact default-value=&quot;${project.artifact}&quot;/&gt;
  &lt;showDeprecation default-value=&quot;false&quot;&gt;${maven.compiler.showDeprecation}&lt;/showDeprecation&gt;
  &lt;showWarnings default-value=&quot;false&quot;&gt;${maven.compiler.showWarnings}&lt;/showWarnings&gt;
  &lt;skipMain&gt;${maven.main.skip}&lt;/skipMain&gt;
  &lt;skipMultiThreadWarning default-value=&quot;false&quot;&gt;${maven.compiler.skipMultiThreadWarning}&lt;/skipMultiThreadWarning&gt;
  &lt;source default-value=&quot;1.5&quot;&gt;${maven.compiler.source}&lt;/source&gt;
  &lt;staleMillis default-value=&quot;0&quot;&gt;${lastModGranularityMs}&lt;/staleMillis&gt;
  &lt;target default-value=&quot;1.5&quot;&gt;${maven.compiler.target}&lt;/target&gt;
  &lt;useIncrementalCompilation default-value=&quot;true&quot;&gt;${maven.compiler.useIncrementalCompilation}&lt;/useIncrementalCompilation&gt;
  &lt;verbose default-value=&quot;false&quot;&gt;${maven.compiler.verbose}&lt;/verbose&gt;
  &lt;mavenSession default-value=&quot;${session}&quot;/&gt;
  &lt;session default-value=&quot;${session}&quot;/&gt;
&lt;/configuration&gt;
[DEBUG] -----------------------------------------------------------------------
[DEBUG] Goal:          org.apache.maven.plugins:maven-resources-plugin:2.6:testResources (default-testResources)
[DEBUG] Style:         Regular
[DEBUG] Configuration: &lt;?xml version=&quot;1.0&quot; encoding=&quot;UTF-8&quot;?&gt;
&lt;configuration&gt;
  &lt;buildFilters default-value=&quot;${project.build.filters}&quot;/&gt;
  &lt;encoding default-value=&quot;${project.build.sourceEncoding}&quot;&gt;${encoding}&lt;/encoding&gt;
  &lt;escapeString&gt;${maven.resources.escapeString}&lt;/escapeString&gt;
  &lt;escapeWindowsPaths default-value=&quot;true&quot;&gt;${maven.resources.escapeWindowsPaths}&lt;/escapeWindowsPaths&gt;
  &lt;includeEmptyDirs default-value=&quot;false&quot;&gt;${maven.resources.includeEmptyDirs}&lt;/includeEmptyDirs&gt;
  &lt;outputDirectory default-value=&quot;${project.build.testOutputDirectory}&quot;/&gt;
  &lt;overwrite default-value=&quot;false&quot;&gt;${maven.resources.overwrite}&lt;/overwrite&gt;
  &lt;project default-value=&quot;${project}&quot;/&gt;
  &lt;resources default-value=&quot;${project.testResources}&quot;/&gt;
  &lt;session default-value=&quot;${session}&quot;/&gt;
  &lt;skip&gt;${maven.test.skip}&lt;/skip&gt;
  &lt;supportMultiLineFiltering default-value=&quot;false&quot;&gt;${maven.resources.supportMultiLineFiltering}&lt;/supportMultiLineFiltering&gt;
  &lt;useBuildFilters default-value=&quot;true&quot;/&gt;
  &lt;useDefaultDelimiters default-value=&quot;true&quot;/&gt;
&lt;/configuration&gt;
[DEBUG] -----------------------------------------------------------------------
[DEBUG] Goal:          org.apache.maven.plugins:maven-compiler-plugin:3.1:testCompile (default-testCompile)
[DEBUG] Style:         Regular
[DEBUG] Configuration: &lt;?xml version=&quot;1.0&quot; encoding=&quot;UTF-8&quot;?&gt;
&lt;configuration&gt;
  &lt;basedir default-value=&quot;${basedir}&quot;/&gt;
  &lt;buildDirectory default-value=&quot;${project.build.directory}&quot;/&gt;
  &lt;classpathElements default-value=&quot;${project.testClasspathElements}&quot;/&gt;
  &lt;compileSourceRoots default-value=&quot;${project.testCompileSourceRoots}&quot;/&gt;
  &lt;compilerId default-value=&quot;javac&quot;&gt;${maven.compiler.compilerId}&lt;/compilerId&gt;
  &lt;compilerReuseStrategy default-value=&quot;${reuseCreated}&quot;&gt;${maven.compiler.compilerReuseStrategy}&lt;/compilerReuseStrategy&gt;
  &lt;compilerVersion&gt;${maven.compiler.compilerVersion}&lt;/compilerVersion&gt;
  &lt;debug default-value=&quot;true&quot;&gt;${maven.compiler.debug}&lt;/debug&gt;
  &lt;debuglevel&gt;${maven.compiler.debuglevel}&lt;/debuglevel&gt;
  &lt;encoding default-value=&quot;${project.build.sourceEncoding}&quot;&gt;${encoding}&lt;/encoding&gt;
  &lt;executable&gt;${maven.compiler.executable}&lt;/executable&gt;
  &lt;failOnError default-value=&quot;true&quot;&gt;${maven.compiler.failOnError}&lt;/failOnError&gt;
  &lt;forceJavacCompilerUse default-value=&quot;false&quot;&gt;${maven.compiler.forceJavacCompilerUse}&lt;/forceJavacCompilerUse&gt;
  &lt;fork default-value=&quot;false&quot;&gt;${maven.compiler.fork}&lt;/fork&gt;
  &lt;generatedTestSourcesDirectory default-value=&quot;${project.build.directory}/generated-test-sources/test-annotations&quot;/&gt;
  &lt;maxmem&gt;${maven.compiler.maxmem}&lt;/maxmem&gt;
  &lt;meminitial&gt;${maven.compiler.meminitial}&lt;/meminitial&gt;
  &lt;mojoExecution&gt;${mojoExecution}&lt;/mojoExecution&gt;
  &lt;optimize default-value=&quot;false&quot;&gt;${maven.compiler.optimize}&lt;/optimize&gt;
  &lt;outputDirectory default-value=&quot;${project.build.testOutputDirectory}&quot;/&gt;
  &lt;showDeprecation default-value=&quot;false&quot;&gt;${maven.compiler.showDeprecation}&lt;/showDeprecation&gt;
  &lt;showWarnings default-value=&quot;false&quot;&gt;${maven.compiler.showWarnings}&lt;/showWarnings&gt;
  &lt;skip&gt;${maven.test.skip}&lt;/skip&gt;
  &lt;skipMultiThreadWarning default-value=&quot;false&quot;&gt;${maven.compiler.skipMultiThreadWarning}&lt;/skipMultiThreadWarning&gt;
  &lt;source default-value=&quot;1.5&quot;&gt;${maven.compiler.source}&lt;/source&gt;
  &lt;staleMillis default-value=&quot;0&quot;&gt;${lastModGranularityMs}&lt;/staleMillis&gt;
  &lt;target default-value=&quot;1.5&quot;&gt;${maven.compiler.target}&lt;/target&gt;
  &lt;testSource&gt;${maven.compiler.testSource}&lt;/testSource&gt;
  &lt;testTarget&gt;${maven.compiler.testTarget}&lt;/testTarget&gt;
  &lt;useIncrementalCompilation default-value=&quot;true&quot;&gt;${maven.compiler.useIncrementalCompilation}&lt;/useIncrementalCompilation&gt;
  &lt;verbose default-value=&quot;false&quot;&gt;${maven.compiler.verbose}&lt;/verbose&gt;
  &lt;mavenSession default-value=&quot;${session}&quot;/&gt;
  &lt;session default-value=&quot;${session}&quot;/&gt;
&lt;/configuration&gt;
[DEBUG] -----------------------------------------------------------------------
[DEBUG] Goal:          org.apache.maven.plugins:maven-surefire-plugin:2.12.4:test (default-test)
[DEBUG] Style:         Regular
[DEBUG] Configuration: &lt;?xml version=&quot;1.0&quot; encoding=&quot;UTF-8&quot;?&gt;
&lt;configuration&gt;
  &lt;argLine&gt;${argLine}&lt;/argLine&gt;
  &lt;basedir default-value=&quot;${basedir}&quot;/&gt;
  &lt;childDelegation default-value=&quot;false&quot;&gt;${childDelegation}&lt;/childDelegation&gt;
  &lt;classesDirectory default-value=&quot;${project.build.outputDirectory}&quot;/&gt;
  &lt;debugForkedProcess&gt;${maven.surefire.debug}&lt;/debugForkedProcess&gt;
  &lt;disableXmlReport default-value=&quot;false&quot;&gt;${disableXmlReport}&lt;/disableXmlReport&gt;
  &lt;enableAssertions default-value=&quot;true&quot;&gt;${enableAssertions}&lt;/enableAssertions&gt;
  &lt;excludedGroups&gt;${excludedGroups}&lt;/excludedGroups&gt;
  &lt;failIfNoSpecifiedTests&gt;${surefire.failIfNoSpecifiedTests}&lt;/failIfNoSpecifiedTests&gt;
  &lt;failIfNoTests&gt;${failIfNoTests}&lt;/failIfNoTests&gt;
  &lt;forkMode default-value=&quot;once&quot;&gt;${forkMode}&lt;/forkMode&gt;
  &lt;forkedProcessTimeoutInSeconds&gt;${surefire.timeout}&lt;/forkedProcessTimeoutInSeconds&gt;
  &lt;groups&gt;${groups}&lt;/groups&gt;
  &lt;junitArtifactName default-value=&quot;junit:junit&quot;&gt;${junitArtifactName}&lt;/junitArtifactName&gt;
  &lt;jvm&gt;${jvm}&lt;/jvm&gt;
  &lt;localRepository default-value=&quot;${localRepository}&quot;/&gt;
  &lt;objectFactory&gt;${objectFactory}&lt;/objectFactory&gt;
  &lt;parallel&gt;${parallel}&lt;/parallel&gt;
  &lt;parallelMavenExecution default-value=&quot;${session.parallel}&quot;/&gt;
  &lt;perCoreThreadCount default-value=&quot;true&quot;&gt;${perCoreThreadCount}&lt;/perCoreThreadCount&gt;
  &lt;pluginArtifactMap&gt;${plugin.artifactMap}&lt;/pluginArtifactMap&gt;
  &lt;pluginDescriptor default-value=&quot;${plugin}&quot;/&gt;
  &lt;printSummary default-value=&quot;true&quot;&gt;${surefire.printSummary}&lt;/printSummary&gt;
  &lt;projectArtifactMap&gt;${project.artifactMap}&lt;/projectArtifactMap&gt;
  &lt;redirectTestOutputToFile default-value=&quot;false&quot;&gt;${maven.test.redirectTestOutputToFile}&lt;/redirectTestOutputToFile&gt;
  &lt;remoteRepositories default-value=&quot;${project.pluginArtifactRepositories}&quot;/&gt;
  &lt;reportFormat default-value=&quot;brief&quot;&gt;${surefire.reportFormat}&lt;/reportFormat&gt;
  &lt;reportNameSuffix default-value=&quot;&quot;&gt;${surefire.reportNameSuffix}&lt;/reportNameSuffix&gt;
  &lt;reportsDirectory default-value=&quot;${project.build.directory}/surefire-reports&quot;/&gt;
  &lt;runOrder default-value=&quot;filesystem&quot;/&gt;
  &lt;skip default-value=&quot;false&quot;&gt;${maven.test.skip}&lt;/skip&gt;
  &lt;skipExec&gt;${maven.test.skip.exec}&lt;/skipExec&gt;
  &lt;skipTests default-value=&quot;false&quot;&gt;${skipTests}&lt;/skipTests&gt;
  &lt;test&gt;${test}&lt;/test&gt;
  &lt;testClassesDirectory default-value=&quot;${project.build.testOutputDirectory}&quot;/&gt;
  &lt;testFailureIgnore default-value=&quot;false&quot;&gt;${maven.test.failure.ignore}&lt;/testFailureIgnore&gt;
  &lt;testNGArtifactName default-value=&quot;org.testng:testng&quot;&gt;${testNGArtifactName}&lt;/testNGArtifactName&gt;
  &lt;testSourceDirectory default-value=&quot;${project.build.testSourceDirectory}&quot;/&gt;
  &lt;threadCount&gt;${threadCount}&lt;/threadCount&gt;
  &lt;trimStackTrace default-value=&quot;true&quot;&gt;${trimStackTrace}&lt;/trimStackTrace&gt;
  &lt;useFile default-value=&quot;true&quot;&gt;${surefire.useFile}&lt;/useFile&gt;
  &lt;useManifestOnlyJar default-value=&quot;true&quot;&gt;${surefire.useManifestOnlyJar}&lt;/useManifestOnlyJar&gt;
  &lt;useSystemClassLoader default-value=&quot;true&quot;&gt;${surefire.useSystemClassLoader}&lt;/useSystemClassLoader&gt;
  &lt;useUnlimitedThreads default-value=&quot;false&quot;&gt;${useUnlimitedThreads}&lt;/useUnlimitedThreads&gt;
  &lt;workingDirectory&gt;${basedir}&lt;/workingDirectory&gt;
  &lt;project default-value=&quot;${project}&quot;/&gt;
  &lt;session default-value=&quot;${session}&quot;/&gt;
&lt;/configuration&gt;
[DEBUG] -----------------------------------------------------------------------
[DEBUG] Goal:          org.apache.maven.plugins:maven-jar-plugin:2.4:jar (default-jar)
[DEBUG] Style:         Regular
[DEBUG] Configuration: &lt;?xml version=&quot;1.0&quot; encoding=&quot;UTF-8&quot;?&gt;
&lt;configuration&gt;
  &lt;classesDirectory default-value=&quot;${project.build.outputDirectory}&quot;/&gt;
  &lt;defaultManifestFile default-value=&quot;${project.build.outputDirectory}/META-INF/MANIFEST.MF&quot;/&gt;
  &lt;finalName default-value=&quot;${project.build.finalName}&quot;&gt;${jar.finalName}&lt;/finalName&gt;
  &lt;forceCreation default-value=&quot;false&quot;&gt;${jar.forceCreation}&lt;/forceCreation&gt;
  &lt;outputDirectory default-value=&quot;${project.build.directory}&quot;/&gt;
  &lt;project default-value=&quot;${project}&quot;/&gt;
  &lt;session default-value=&quot;${session}&quot;/&gt;
  &lt;skipIfEmpty default-value=&quot;false&quot;&gt;${jar.skipIfEmpty}&lt;/skipIfEmpty&gt;
  &lt;useDefaultManifestFile default-value=&quot;false&quot;&gt;${jar.useDefaultManifestFile}&lt;/useDefaultManifestFile&gt;
&lt;/configuration&gt;
[DEBUG] =======================================================================
[DEBUG] Dependency collection stats: {ConflictMarker.analyzeTime=33447, ConflictMarker.markTime=256120, ConflictMarker.nodeCount=1, ConflictIdSorter.graphTime=21798, ConflictIdSorter.topsortTime=332479, ConflictIdSorter.conflictIdCount=0, ConflictIdSorter.conflictIdCycleCount=0, ConflictResolver.totalTime=1093452, ConflictResolver.conflictItemCount=0, DefaultDependencyCollector.collectTime=163534, DefaultDependencyCollector.transformTime=2805829}
[DEBUG] org.apache.maven.plugins.invoker:minvoker251-a:jar:1.0-SNAPSHOT
[INFO] 
[INFO] --- maven-resources-plugin:2.6:resources (default-resources) @ minvoker251-a ---
[DEBUG] Dependency collection stats: {ConflictMarker.analyzeTime=1078101, ConflictMarker.markTime=181974, ConflictMarker.nodeCount=77, ConflictIdSorter.graphTime=394058, ConflictIdSorter.topsortTime=48096, ConflictIdSorter.conflictIdCount=26, ConflictIdSorter.conflictIdCycleCount=0, ConflictResolver.totalTime=3359652, ConflictResolver.conflictItemCount=74, DefaultDependencyCollector.collectTime=87552968, DefaultDependencyCollector.transformTime=5145186}
[DEBUG] org.apache.maven.plugins:maven-resources-plugin:jar:2.6:
[DEBUG]    org.apache.maven:maven-plugin-api:jar:2.0.6:compile
[DEBUG]    org.apache.maven:maven-project:jar:2.0.6:compile
[DEBUG]       org.apache.maven:maven-profile:jar:2.0.6:compile
[DEBUG]       org.apache.maven:maven-artifact-manager:jar:2.0.6:compile
[DEBUG]       org.apache.maven:maven-plugin-registry:jar:2.0.6:compile
[DEBUG]    org.apache.maven:maven-core:jar:2.0.6:compile
[DEBUG]       org.apache.maven:maven-plugin-parameter-documenter:jar:2.0.6:compile
[DEBUG]       org.apache.maven.reporting:maven-reporting-api:jar:2.0.6:compile
[DEBUG]          org.apache.maven.doxia:doxia-sink-api:jar:1.0-alpha-7:compile
[DEBUG]       org.apache.maven:maven-repository-metadata:jar:2.0.6:compile
[DEBUG]       org.apache.maven:maven-error-diagnostics:jar:2.0.6:compile
[DEBUG]       commons-cli:commons-cli:jar:1.0:compile
[DEBUG]       org.apache.maven:maven-plugin-descriptor:jar:2.0.6:compile
[DEBUG]       org.codehaus.plexus:plexus-interactivity-api:jar:1.0-alpha-4:compile
[DEBUG]       classworlds:classworlds:jar:1.1:compile
[DEBUG]    org.apache.maven:maven-artifact:jar:2.0.6:compile
[DEBUG]    org.apache.maven:maven-settings:jar:2.0.6:compile
[DEBUG]    org.apache.maven:maven-model:jar:2.0.6:compile
[DEBUG]    org.apache.maven:maven-monitor:jar:2.0.6:compile
[DEBUG]    org.codehaus.plexus:plexus-container-default:jar:1.0-alpha-9-stable-1:compile
[DEBUG]       junit:junit:jar:3.8.1:compile
[DEBUG]    org.codehaus.plexus:plexus-utils:jar:2.0.5:compile
[DEBUG]    org.apache.maven.shared:maven-filtering:jar:1.1:compile
[DEBUG]       org.sonatype.plexus:plexus-build-api:jar:0.0.4:compile
[DEBUG]    org.codehaus.plexus:plexus-interpolation:jar:1.13:compile
[DEBUG] Created new class realm plugin&gt;org.apache.maven.plugins:maven-resources-plugin:2.6
[DEBUG] Importing foreign packages into class realm plugin&gt;org.apache.maven.plugins:maven-resources-plugin:2.6
[DEBUG]   Imported:  &lt; maven.api
[DEBUG] Populating class realm plugin&gt;org.apache.maven.plugins:maven-resources-plugin:2.6
[DEBUG]   Included: org.apache.maven.plugins:maven-resources-plugin:jar:2.6
[DEBUG]   Included: org.apache.maven.reporting:maven-reporting-api:jar:2.0.6
[DEBUG]   Included: org.apache.maven.doxia:doxia-sink-api:jar:1.0-alpha-7
[DEBUG]   Included: commons-cli:commons-cli:jar:1.0
[DEBUG]   Included: org.codehaus.plexus:plexus-interactivity-api:jar:1.0-alpha-4
[DEBUG]   Included: junit:junit:jar:3.8.1
[DEBUG]   Included: org.codehaus.plexus:plexus-utils:jar:2.0.5
[DEBUG]   Included: org.apache.maven.shared:maven-filtering:jar:1.1
[DEBUG]   Included: org.sonatype.plexus:plexus-build-api:jar:0.0.4
[DEBUG]   Included: org.codehaus.plexus:plexus-interpolation:jar:1.13
[DEBUG] Configuring mojo org.apache.maven.plugins:maven-resources-plugin:2.6:resources from plugin realm ClassRealm[plugin&gt;org.apache.maven.plugins:maven-resources-plugin:2.6, parent: sun.misc.Launcher$AppClassLoader@5c647e05]
[DEBUG] Configuring mojo &apos;org.apache.maven.plugins:maven-resources-plugin:2.6:resources&apos; with basic configurator --&gt;
[DEBUG]   (f) buildFilters = []
[DEBUG]   (f) encoding = UTF-8
[DEBUG]   (f) escapeWindowsPaths = true
[DEBUG]   (s) includeEmptyDirs = false
[DEBUG]   (s) outputDirectory = /Users/olamy/dev/sources/maven/plugins/maven-invoker-plugin/target/it/MINVOKER-243_install-reactor/module-a/target/classes
[DEBUG]   (s) overwrite = false
[DEBUG]   (f) project = MavenProject: org.apache.maven.plugins.invoker:minvoker251-a:1.0-SNAPSHOT @ /Users/olamy/dev/sources/maven/plugins/maven-invoker-plugin/target/it/MINVOKER-243_install-reactor/module-a/pom.xml
[DEBUG]   (s) resources = [Resource {targetPath: null, filtering: false, FileSet {directory: /Users/olamy/dev/sources/maven/plugins/maven-invoker-plugin/target/it/MINVOKER-243_install-reactor/module-a/src/main/resources, PatternSet [includes: {}, excludes: {}]}}]
[DEBUG]   (f) session = org.apache.maven.execution.MavenSession@37eeec90
[DEBUG]   (f) supportMultiLineFiltering = false
[DEBUG]   (f) useBuildFilters = true
[DEBUG]   (s) useDefaultDelimiters = true
[DEBUG] -- end configuration --
[DEBUG] properties used {java.vendor=Oracle Corporation, sun.java.launcher=SUN_STANDARD, env.XPC_SERVICE_NAME=0, sun.management.compiler=HotSpot 64-Bit Tiered Compilers, env.SECURITYSESSIONID=186a9, env.DOCKER_HOST=unix:///var/run/docker.sock, os.name=Mac OS X, sun.boot.class.path=/Library/Java/JavaVirtualMachines/jdk1.8.0_201.jdk/Contents/Home/jre/lib/resources.jar:/Library/Java/JavaVirtualMachines/jdk1.8.0_201.jdk/Contents/Home/jre/lib/rt.jar:/Library/Java/JavaVirtualMachines/jdk1.8.0_201.jdk/Contents/Home/jre/lib/sunrsasign.jar:/Library/Java/JavaVirtualMachines/jdk1.8.0_201.jdk/Contents/Home/jre/lib/jsse.jar:/Library/Java/JavaVirtualMachines/jdk1.8.0_201.jdk/Contents/Home/jre/lib/jce.jar:/Library/Java/JavaVirtualMachines/jdk1.8.0_201.jdk/Contents/Home/jre/lib/charsets.jar:/Library/Java/JavaVirtualMachines/jdk1.8.0_201.jdk/Contents/Home/jre/lib/jfr.jar:/Library/Java/JavaVirtualMachines/jdk1.8.0_201.jdk/Contents/Home/jre/classes, env.TMPDIR=/var/folders/lj/91x5yt6x07x79t9297g4s5c40000gp/T/, env.PWD=/Users/olamy/dev/sources/maven/plugins/maven-invoker-plugin/target/it/MINVOKER-243_install-reactor, env.LANG=en_AU.UTF-8, java.vm.specification.vendor=Oracle Corporation, java.runtime.version=1.8.0_201-b09, env.Apple_PubSub_Socket_Render=/private/tmp/com.apple.launchd.ZoQ2U5AOOf/Render, project.build.sourceEncoding=UTF-8, user.name=olamy, env.GOOGLE_APPLICATION_CREDENTIALS=/Users/olamy/dev/sources/open-sources/jetty/jetty9-work-30268db71eb2.json, maven.build.version=Apache Maven 3.6.1 (d66c9c0b3152b2e69ee9bac180bb8fcc8e6af555; 2019-04-05T05:00:29+10:00), env.USER=olamy, env.SHELL=/bin/bash, env.__CF_USER_TEXT_ENCODING=0x1F6:0x0:0xF, maven.repo.local=/Users/olamy/dev/sources/maven/plugins/maven-invoker-plugin/target/local-repo, env.PATH=/Users/olamy/softs/google-cloud-sdk/bin:/Users/olamy/softs/maven/apache-maven-3.6.1/bin:/Library/Java/JavaVirtualMachines/jdk1.8.0_121.jdk/Contents/Home//bin:/usr/local/bin:/Users/olamy/softs/maven/apache-maven-3.6.1/bin:/usr/local/bin:/bin:/Library/Java/JavaVirtualMachines/jdk1.8.0_121.jdk/Contents/Home//bin:/usr/local/bin:/opt/subversion/bin:/Users/olamy/softs/apache-ant-1.8.2/bin:/opt/local/bin:/opt/local/sbin:/usr/local/bin:/usr/bin:/bin:/usr/sbin:/sbin:/Applications/Wireshark.app/Contents/MacOS:/usr/local/share/npm/bin:/Users/olamy/softs/google-cloud-sdk/bin:/Users/olamy/softs/maven/mvnsh-master/bin/mvnsh:/Users/olamy/softs/j2objc-2.0/:/Users/olamy/dev/sources/jenkins/support-shinobi-tools/exec, user.language=en, sun.boot.library.path=/Library/Java/JavaVirtualMachines/jdk1.8.0_201.jdk/Contents/Home/jre/lib, classworlds.conf=/Users/olamy/softs/maven/apache-maven-3.6.1/bin/m2.conf, env.XPC_FLAGS=0x0, java.version=1.8.0_201, user.timezone=, sun.arch.data.model=64, http.nonProxyHosts=local|*.local|169.254/16|*.169.254/16, java.endorsed.dirs=/Library/Java/JavaVirtualMachines/jdk1.8.0_201.jdk/Contents/Home/jre/lib/endorsed, sun.cpu.isalist=, sun.jnu.encoding=UTF-8, file.encoding.pkg=sun.io, env.SHLVL=2, file.separator=/, java.specification.name=Java Platform API Specification, maven.conf=/Users/olamy/softs/maven/apache-maven-3.6.1/conf, java.class.version=52.0, user.country=AU, java.home=/Library/Java/JavaVirtualMachines/jdk1.8.0_201.jdk/Contents/Home/jre, java.vm.info=mixed mode, env.LOGNAME=olamy, os.version=10.14.5, maven.compiler.target=1.7, env.TERM_PROGRAM_VERSION=421.2, env.GCLOUD_PATH=/Users/olamy/softs/google-cloud-sdk, path.separator=:, java.vm.version=25.201-b09, it.settings-inherit=exists, env.JAVA_HOME=/Library/Java/JavaVirtualMachines/jdk1.8.0_201.jdk/Contents/Home, java.awt.printerjob=sun.lwawt.macosx.CPrinterJob, env.TERM=xterm-256color, sun.io.unicode.encoding=UnicodeBig, awt.toolkit=sun.lwawt.macosx.LWCToolkit, socksNonProxyHosts=local|*.local|169.254/16|*.169.254/16, ftp.nonProxyHosts=local|*.local|169.254/16|*.169.254/16, env.BORINGSSL_HOME=/Users/olamy/dev/sources/open-sources/jetty/boringssl, user.home=/Users/olamy, env.OLDPWD=/Users/olamy/dev/sources/maven/plugins/maven-invoker-plugin/target/it/MINVOKER-243_install-reactor, java.specification.vendor=Oracle Corporation, env.TERM_PROGRAM=Apple_Terminal, env.M2_HOME=/Users/olamy/softs/maven/apache-maven-3.6.1, library.jansi.path=/Users/olamy/softs/maven/apache-maven-3.6.1/lib/jansi-native, java.library.path=/Users/olamy/Library/Java/Extensions:/Library/Java/Extensions:/Network/Library/Java/Extensions:/System/Library/Java/Extensions:/usr/lib/java:., java.vendor.url=http://java.oracle.com/, env.SVN_EDITOR=vi, env.MAVEN_CMD_LINE_ARGS= -B -X -D maven.repo.local=/Users/olamy/dev/sources/maven/plugins/maven-invoker-plugin/target/local-repo -s /Users/olamy/dev/sources/maven/plugins/maven-invoker-plugin/target/it/interpolated-settings.xml -D maven.compiler.source=1.7 -D maven.compiler.target=1.7 verify, java.vm.vendor=Oracle Corporation, gopherProxySet=false, invoker.repo.local=/Users/olamy/.m2/repository, maven.home=/Users/olamy/softs/maven/apache-maven-3.6.1, java.runtime.name=Java(TM) SE Runtime Environment, sun.java.command=org.codehaus.plexus.classworlds.launcher.Launcher -B -X -D maven.repo.local=/Users/olamy/dev/sources/maven/plugins/maven-invoker-plugin/target/local-repo -s /Users/olamy/dev/sources/maven/plugins/maven-invoker-plugin/target/it/interpolated-settings.xml -D maven.compiler.source=1.7 -D maven.compiler.target=1.7 verify, java.class.path=/Users/olamy/softs/maven/apache-maven-3.6.1/boot/plexus-classworlds-2.6.0.jar, env.MAVEN_TERMINATE_CMD=on, env.TERM_SESSION_ID=ABBFB5AA-DE1F-44BA-B4DA-18751C4E4E7C, env.CB_SUPPORT_HOME=/Users/olamy/cbsupporthome, env.JENKINS_MAVEN_AGENT_DISABLED=true, maven.version=3.6.1, java.vm.specification.name=Java Virtual Machine Specification, java.vm.specification.version=1.8, sun.cpu.endian=little, sun.os.patch.level=unknown, env.HOME=/Users/olamy, env.ANT_HOME=/Users/olamy/softs/apache-ant-1.8.2, java.io.tmpdir=/Users/olamy/dev/sources/maven/plugins/maven-invoker-plugin/target, java.vendor.url.bug=http://bugreport.sun.com/bugreport/, maven.multiModuleProjectDirectory=/Users/olamy/dev/sources/maven/plugins/maven-invoker-plugin/target/it/MINVOKER-243_install-reactor, env.MAVEN_OPTS= -Djava.io.tmpdir=/Users/olamy/dev/sources/maven/plugins/maven-invoker-plugin/target, env.SSH_AUTH_SOCK=/private/tmp/com.apple.launchd.fc2cpAmwf1/Listeners, maven.compiler.source=1.7, os.arch=x86_64, java.awt.graphicsenv=sun.awt.CGraphicsEnvironment, java.ext.dirs=/Users/olamy/Library/Java/Extensions:/Library/Java/JavaVirtualMachines/jdk1.8.0_201.jdk/Contents/Home/jre/lib/ext:/Library/Java/Extensions:/Network/Library/Java/Extensions:/System/Library/Java/Extensions:/usr/lib/java, user.dir=/Users/olamy/dev/sources/maven/plugins/maven-invoker-plugin/target/it/MINVOKER-243_install-reactor, it.settings-merge.1=exists, env.JAVA_MAIN_CLASS_54907=org.codehaus.plexus.classworlds.launcher.Launcher, line.separator=
, java.vm.name=Java HotSpot(TM) 64-Bit Server VM, file.encoding=UTF-8, env.JAVA_MAIN_CLASS_54116=org.codehaus.plexus.classworlds.launcher.Launcher, java.specification.version=1.8, env.MAVEN_PROJECTBASEDIR=/Users/olamy/dev/sources/maven/plugins/maven-invoker-plugin/target/it/MINVOKER-243_install-reactor}
[INFO] Using &apos;UTF-8&apos; encoding to copy filtered resources.
[DEBUG] resource with targetPath null
directory /Users/olamy/dev/sources/maven/plugins/maven-invoker-plugin/target/it/MINVOKER-243_install-reactor/module-a/src/main/resources
excludes []
includes []
[INFO] skip non existing resourceDirectory /Users/olamy/dev/sources/maven/plugins/maven-invoker-plugin/target/it/MINVOKER-243_install-reactor/module-a/src/main/resources
[DEBUG] no use filter components
[INFO] 
[INFO] --- maven-compiler-plugin:3.1:compile (default-compile) @ minvoker251-a ---
[DEBUG] Dependency collection stats: {ConflictMarker.analyzeTime=568307, ConflictMarker.markTime=322335, ConflictMarker.nodeCount=160, ConflictIdSorter.graphTime=236601, ConflictIdSorter.topsortTime=60789, ConflictIdSorter.conflictIdCount=43, ConflictIdSorter.conflictIdCycleCount=0, ConflictResolver.totalTime=2586909, ConflictResolver.conflictItemCount=63, DefaultDependencyCollector.collectTime=147035455, DefaultDependencyCollector.transformTime=3797541}
[DEBUG] org.apache.maven.plugins:maven-compiler-plugin:jar:3.1:
[DEBUG]    org.apache.maven:maven-plugin-api:jar:2.0.9:compile
[DEBUG]    org.apache.maven:maven-artifact:jar:2.0.9:compile
[DEBUG]       org.codehaus.plexus:plexus-utils:jar:1.5.1:compile
[DEBUG]    org.apache.maven:maven-core:jar:2.0.9:compile
[DEBUG]       org.apache.maven:maven-settings:jar:2.0.9:compile
[DEBUG]       org.apache.maven:maven-plugin-parameter-documenter:jar:2.0.9:compile
[DEBUG]       org.apache.maven:maven-profile:jar:2.0.9:compile
[DEBUG]       org.apache.maven:maven-model:jar:2.0.9:compile
[DEBUG]       org.apache.maven:maven-repository-metadata:jar:2.0.9:compile
[DEBUG]       org.apache.maven:maven-error-diagnostics:jar:2.0.9:compile
[DEBUG]       org.apache.maven:maven-project:jar:2.0.9:compile
[DEBUG]          org.apache.maven:maven-plugin-registry:jar:2.0.9:compile
[DEBUG]       org.apache.maven:maven-plugin-descriptor:jar:2.0.9:compile
[DEBUG]       org.apache.maven:maven-artifact-manager:jar:2.0.9:compile
[DEBUG]       org.apache.maven:maven-monitor:jar:2.0.9:compile
[DEBUG]    org.apache.maven:maven-toolchain:jar:1.0:compile
[DEBUG]    org.apache.maven.shared:maven-shared-utils:jar:0.1:compile
[DEBUG]       com.google.code.findbugs:jsr305:jar:2.0.1:compile
[DEBUG]    org.apache.maven.shared:maven-shared-incremental:jar:1.1:compile
[DEBUG]       org.codehaus.plexus:plexus-component-annotations:jar:1.5.5:compile
[DEBUG]    org.codehaus.plexus:plexus-compiler-api:jar:2.2:compile
[DEBUG]    org.codehaus.plexus:plexus-compiler-manager:jar:2.2:compile
[DEBUG]    org.codehaus.plexus:plexus-compiler-javac:jar:2.2:runtime
[DEBUG]    org.codehaus.plexus:plexus-container-default:jar:1.5.5:compile
[DEBUG]       org.codehaus.plexus:plexus-classworlds:jar:2.2.2:compile
[DEBUG]       org.apache.xbean:xbean-reflect:jar:3.4:compile
[DEBUG]          log4j:log4j:jar:1.2.12:compile
[DEBUG]          commons-logging:commons-logging-api:jar:1.1:compile
[DEBUG]       com.google.collections:google-collections:jar:1.0:compile
[DEBUG]       junit:junit:jar:3.8.2:compile
[DEBUG] Created new class realm plugin&gt;org.apache.maven.plugins:maven-compiler-plugin:3.1
[DEBUG] Importing foreign packages into class realm plugin&gt;org.apache.maven.plugins:maven-compiler-plugin:3.1
[DEBUG]   Imported:  &lt; maven.api
[DEBUG] Populating class realm plugin&gt;org.apache.maven.plugins:maven-compiler-plugin:3.1
[DEBUG]   Included: org.apache.maven.plugins:maven-compiler-plugin:jar:3.1
[DEBUG]   Included: org.codehaus.plexus:plexus-utils:jar:1.5.1
[DEBUG]   Included: org.apache.maven.shared:maven-shared-utils:jar:0.1
[DEBUG]   Included: com.google.code.findbugs:jsr305:jar:2.0.1
[DEBUG]   Included: org.apache.maven.shared:maven-shared-incremental:jar:1.1
[DEBUG]   Included: org.codehaus.plexus:plexus-component-annotations:jar:1.5.5
[DEBUG]   Included: org.codehaus.plexus:plexus-compiler-api:jar:2.2
[DEBUG]   Included: org.codehaus.plexus:plexus-compiler-manager:jar:2.2
[DEBUG]   Included: org.codehaus.plexus:plexus-compiler-javac:jar:2.2
[DEBUG]   Included: org.apache.xbean:xbean-reflect:jar:3.4
[DEBUG]   Included: log4j:log4j:jar:1.2.12
[DEBUG]   Included: commons-logging:commons-logging-api:jar:1.1
[DEBUG]   Included: com.google.collections:google-collections:jar:1.0
[DEBUG]   Included: junit:junit:jar:3.8.2
[DEBUG] Configuring mojo org.apache.maven.plugins:maven-compiler-plugin:3.1:compile from plugin realm ClassRealm[plugin&gt;org.apache.maven.plugins:maven-compiler-plugin:3.1, parent: sun.misc.Launcher$AppClassLoader@5c647e05]
[DEBUG] Configuring mojo &apos;org.apache.maven.plugins:maven-compiler-plugin:3.1:compile&apos; with basic configurator --&gt;
[DEBUG]   (f) basedir = /Users/olamy/dev/sources/maven/plugins/maven-invoker-plugin/target/it/MINVOKER-243_install-reactor/module-a
[DEBUG]   (f) buildDirectory = /Users/olamy/dev/sources/maven/plugins/maven-invoker-plugin/target/it/MINVOKER-243_install-reactor/module-a/target
[DEBUG]   (f) classpathElements = [/Users/olamy/dev/sources/maven/plugins/maven-invoker-plugin/target/it/MINVOKER-243_install-reactor/module-a/target/classes]
[DEBUG]   (f) compileSourceRoots = [/Users/olamy/dev/sources/maven/plugins/maven-invoker-plugin/target/it/MINVOKER-243_install-reactor/module-a/src/main/java]
[DEBUG]   (f) compilerId = javac
[DEBUG]   (f) debug = true
[DEBUG]   (f) encoding = UTF-8
[DEBUG]   (f) failOnError = true
[DEBUG]   (f) forceJavacCompilerUse = false
[DEBUG]   (f) fork = false
[DEBUG]   (f) generatedSourcesDirectory = /Users/olamy/dev/sources/maven/plugins/maven-invoker-plugin/target/it/MINVOKER-243_install-reactor/module-a/target/generated-sources/annotations
[DEBUG]   (f) mojoExecution = org.apache.maven.plugins:maven-compiler-plugin:3.1:compile {execution: default-compile}
[DEBUG]   (f) optimize = false
[DEBUG]   (f) outputDirectory = /Users/olamy/dev/sources/maven/plugins/maven-invoker-plugin/target/it/MINVOKER-243_install-reactor/module-a/target/classes
[DEBUG]   (f) projectArtifact = org.apache.maven.plugins.invoker:minvoker251-a:jar:1.0-SNAPSHOT
[DEBUG]   (f) showDeprecation = false
[DEBUG]   (f) showWarnings = false
[DEBUG]   (f) skipMultiThreadWarning = false
[DEBUG]   (f) source = 1.7
[DEBUG]   (f) staleMillis = 0
[DEBUG]   (f) target = 1.7
[DEBUG]   (f) useIncrementalCompilation = true
[DEBUG]   (f) verbose = false
[DEBUG]   (f) mavenSession = org.apache.maven.execution.MavenSession@37eeec90
[DEBUG]   (f) session = org.apache.maven.execution.MavenSession@37eeec90
[DEBUG] -- end configuration --
[DEBUG] Using compiler &apos;javac&apos;.
[INFO] No sources to compile
[INFO] 
[INFO] --- maven-resources-plugin:2.6:testResources (default-testResources) @ minvoker251-a ---
[DEBUG] Configuring mojo org.apache.maven.plugins:maven-resources-plugin:2.6:testResources from plugin realm ClassRealm[plugin&gt;org.apache.maven.plugins:maven-resources-plugin:2.6, parent: sun.misc.Launcher$AppClassLoader@5c647e05]
[DEBUG] Configuring mojo &apos;org.apache.maven.plugins:maven-resources-plugin:2.6:testResources&apos; with basic configurator --&gt;
[DEBUG]   (f) buildFilters = []
[DEBUG]   (f) encoding = UTF-8
[DEBUG]   (f) escapeWindowsPaths = true
[DEBUG]   (s) includeEmptyDirs = false
[DEBUG]   (s) outputDirectory = /Users/olamy/dev/sources/maven/plugins/maven-invoker-plugin/target/it/MINVOKER-243_install-reactor/module-a/target/test-classes
[DEBUG]   (s) overwrite = false
[DEBUG]   (f) project = MavenProject: org.apache.maven.plugins.invoker:minvoker251-a:1.0-SNAPSHOT @ /Users/olamy/dev/sources/maven/plugins/maven-invoker-plugin/target/it/MINVOKER-243_install-reactor/module-a/pom.xml
[DEBUG]   (s) resources = [Resource {targetPath: null, filtering: false, FileSet {directory: /Users/olamy/dev/sources/maven/plugins/maven-invoker-plugin/target/it/MINVOKER-243_install-reactor/module-a/src/test/resources, PatternSet [includes: {}, excludes: {}]}}]
[DEBUG]   (f) session = org.apache.maven.execution.MavenSession@37eeec90
[DEBUG]   (f) supportMultiLineFiltering = false
[DEBUG]   (f) useBuildFilters = true
[DEBUG]   (s) useDefaultDelimiters = true
[DEBUG] -- end configuration --
[DEBUG] properties used {java.vendor=Oracle Corporation, sun.java.launcher=SUN_STANDARD, env.XPC_SERVICE_NAME=0, sun.management.compiler=HotSpot 64-Bit Tiered Compilers, env.SECURITYSESSIONID=186a9, env.DOCKER_HOST=unix:///var/run/docker.sock, os.name=Mac OS X, sun.boot.class.path=/Library/Java/JavaVirtualMachines/jdk1.8.0_201.jdk/Contents/Home/jre/lib/resources.jar:/Library/Java/JavaVirtualMachines/jdk1.8.0_201.jdk/Contents/Home/jre/lib/rt.jar:/Library/Java/JavaVirtualMachines/jdk1.8.0_201.jdk/Contents/Home/jre/lib/sunrsasign.jar:/Library/Java/JavaVirtualMachines/jdk1.8.0_201.jdk/Contents/Home/jre/lib/jsse.jar:/Library/Java/JavaVirtualMachines/jdk1.8.0_201.jdk/Contents/Home/jre/lib/jce.jar:/Library/Java/JavaVirtualMachines/jdk1.8.0_201.jdk/Contents/Home/jre/lib/charsets.jar:/Library/Java/JavaVirtualMachines/jdk1.8.0_201.jdk/Contents/Home/jre/lib/jfr.jar:/Library/Java/JavaVirtualMachines/jdk1.8.0_201.jdk/Contents/Home/jre/classes, env.TMPDIR=/var/folders/lj/91x5yt6x07x79t9297g4s5c40000gp/T/, env.PWD=/Users/olamy/dev/sources/maven/plugins/maven-invoker-plugin/target/it/MINVOKER-243_install-reactor, env.LANG=en_AU.UTF-8, java.vm.specification.vendor=Oracle Corporation, java.runtime.version=1.8.0_201-b09, env.Apple_PubSub_Socket_Render=/private/tmp/com.apple.launchd.ZoQ2U5AOOf/Render, project.build.sourceEncoding=UTF-8, user.name=olamy, env.GOOGLE_APPLICATION_CREDENTIALS=/Users/olamy/dev/sources/open-sources/jetty/jetty9-work-30268db71eb2.json, maven.build.version=Apache Maven 3.6.1 (d66c9c0b3152b2e69ee9bac180bb8fcc8e6af555; 2019-04-05T05:00:29+10:00), env.USER=olamy, env.SHELL=/bin/bash, env.__CF_USER_TEXT_ENCODING=0x1F6:0x0:0xF, maven.repo.local=/Users/olamy/dev/sources/maven/plugins/maven-invoker-plugin/target/local-repo, env.PATH=/Users/olamy/softs/google-cloud-sdk/bin:/Users/olamy/softs/maven/apache-maven-3.6.1/bin:/Library/Java/JavaVirtualMachines/jdk1.8.0_121.jdk/Contents/Home//bin:/usr/local/bin:/Users/olamy/softs/maven/apache-maven-3.6.1/bin:/usr/local/bin:/bin:/Library/Java/JavaVirtualMachines/jdk1.8.0_121.jdk/Contents/Home//bin:/usr/local/bin:/opt/subversion/bin:/Users/olamy/softs/apache-ant-1.8.2/bin:/opt/local/bin:/opt/local/sbin:/usr/local/bin:/usr/bin:/bin:/usr/sbin:/sbin:/Applications/Wireshark.app/Contents/MacOS:/usr/local/share/npm/bin:/Users/olamy/softs/google-cloud-sdk/bin:/Users/olamy/softs/maven/mvnsh-master/bin/mvnsh:/Users/olamy/softs/j2objc-2.0/:/Users/olamy/dev/sources/jenkins/support-shinobi-tools/exec, user.language=en, sun.boot.library.path=/Library/Java/JavaVirtualMachines/jdk1.8.0_201.jdk/Contents/Home/jre/lib, classworlds.conf=/Users/olamy/softs/maven/apache-maven-3.6.1/bin/m2.conf, env.XPC_FLAGS=0x0, java.version=1.8.0_201, user.timezone=, sun.arch.data.model=64, http.nonProxyHosts=local|*.local|169.254/16|*.169.254/16, java.endorsed.dirs=/Library/Java/JavaVirtualMachines/jdk1.8.0_201.jdk/Contents/Home/jre/lib/endorsed, sun.cpu.isalist=, sun.jnu.encoding=UTF-8, file.encoding.pkg=sun.io, env.SHLVL=2, file.separator=/, java.specification.name=Java Platform API Specification, maven.conf=/Users/olamy/softs/maven/apache-maven-3.6.1/conf, java.class.version=52.0, user.country=AU, java.home=/Library/Java/JavaVirtualMachines/jdk1.8.0_201.jdk/Contents/Home/jre, java.vm.info=mixed mode, env.LOGNAME=olamy, os.version=10.14.5, maven.compiler.target=1.7, env.TERM_PROGRAM_VERSION=421.2, env.GCLOUD_PATH=/Users/olamy/softs/google-cloud-sdk, path.separator=:, java.vm.version=25.201-b09, it.settings-inherit=exists, env.JAVA_HOME=/Library/Java/JavaVirtualMachines/jdk1.8.0_201.jdk/Contents/Home, java.awt.printerjob=sun.lwawt.macosx.CPrinterJob, env.TERM=xterm-256color, sun.io.unicode.encoding=UnicodeBig, awt.toolkit=sun.lwawt.macosx.LWCToolkit, socksNonProxyHosts=local|*.local|169.254/16|*.169.254/16, ftp.nonProxyHosts=local|*.local|169.254/16|*.169.254/16, env.BORINGSSL_HOME=/Users/olamy/dev/sources/open-sources/jetty/boringssl, user.home=/Users/olamy, env.OLDPWD=/Users/olamy/dev/sources/maven/plugins/maven-invoker-plugin/target/it/MINVOKER-243_install-reactor, java.specification.vendor=Oracle Corporation, env.TERM_PROGRAM=Apple_Terminal, env.M2_HOME=/Users/olamy/softs/maven/apache-maven-3.6.1, library.jansi.path=/Users/olamy/softs/maven/apache-maven-3.6.1/lib/jansi-native, java.library.path=/Users/olamy/Library/Java/Extensions:/Library/Java/Extensions:/Network/Library/Java/Extensions:/System/Library/Java/Extensions:/usr/lib/java:., java.vendor.url=http://java.oracle.com/, env.SVN_EDITOR=vi, env.MAVEN_CMD_LINE_ARGS= -B -X -D maven.repo.local=/Users/olamy/dev/sources/maven/plugins/maven-invoker-plugin/target/local-repo -s /Users/olamy/dev/sources/maven/plugins/maven-invoker-plugin/target/it/interpolated-settings.xml -D maven.compiler.source=1.7 -D maven.compiler.target=1.7 verify, java.vm.vendor=Oracle Corporation, gopherProxySet=false, invoker.repo.local=/Users/olamy/.m2/repository, maven.home=/Users/olamy/softs/maven/apache-maven-3.6.1, java.runtime.name=Java(TM) SE Runtime Environment, sun.java.command=org.codehaus.plexus.classworlds.launcher.Launcher -B -X -D maven.repo.local=/Users/olamy/dev/sources/maven/plugins/maven-invoker-plugin/target/local-repo -s /Users/olamy/dev/sources/maven/plugins/maven-invoker-plugin/target/it/interpolated-settings.xml -D maven.compiler.source=1.7 -D maven.compiler.target=1.7 verify, java.class.path=/Users/olamy/softs/maven/apache-maven-3.6.1/boot/plexus-classworlds-2.6.0.jar, env.MAVEN_TERMINATE_CMD=on, env.TERM_SESSION_ID=ABBFB5AA-DE1F-44BA-B4DA-18751C4E4E7C, env.CB_SUPPORT_HOME=/Users/olamy/cbsupporthome, env.JENKINS_MAVEN_AGENT_DISABLED=true, maven.version=3.6.1, java.vm.specification.name=Java Virtual Machine Specification, java.vm.specification.version=1.8, sun.cpu.endian=little, sun.os.patch.level=unknown, env.HOME=/Users/olamy, env.ANT_HOME=/Users/olamy/softs/apache-ant-1.8.2, java.io.tmpdir=/Users/olamy/dev/sources/maven/plugins/maven-invoker-plugin/target, java.vendor.url.bug=http://bugreport.sun.com/bugreport/, maven.multiModuleProjectDirectory=/Users/olamy/dev/sources/maven/plugins/maven-invoker-plugin/target/it/MINVOKER-243_install-reactor, env.MAVEN_OPTS= -Djava.io.tmpdir=/Users/olamy/dev/sources/maven/plugins/maven-invoker-plugin/target, env.SSH_AUTH_SOCK=/private/tmp/com.apple.launchd.fc2cpAmwf1/Listeners, maven.compiler.source=1.7, os.arch=x86_64, java.awt.graphicsenv=sun.awt.CGraphicsEnvironment, java.ext.dirs=/Users/olamy/Library/Java/Extensions:/Library/Java/JavaVirtualMachines/jdk1.8.0_201.jdk/Contents/Home/jre/lib/ext:/Library/Java/Extensions:/Network/Library/Java/Extensions:/System/Library/Java/Extensions:/usr/lib/java, user.dir=/Users/olamy/dev/sources/maven/plugins/maven-invoker-plugin/target/it/MINVOKER-243_install-reactor, it.settings-merge.1=exists, env.JAVA_MAIN_CLASS_54907=org.codehaus.plexus.classworlds.launcher.Launcher, line.separator=
, java.vm.name=Java HotSpot(TM) 64-Bit Server VM, file.encoding=UTF-8, env.JAVA_MAIN_CLASS_54116=org.codehaus.plexus.classworlds.launcher.Launcher, java.specification.version=1.8, env.MAVEN_PROJECTBASEDIR=/Users/olamy/dev/sources/maven/plugins/maven-invoker-plugin/target/it/MINVOKER-243_install-reactor}
[INFO] Using &apos;UTF-8&apos; encoding to copy filtered resources.
[DEBUG] resource with targetPath null
directory /Users/olamy/dev/sources/maven/plugins/maven-invoker-plugin/target/it/MINVOKER-243_install-reactor/module-a/src/test/resources
excludes []
includes []
[INFO] skip non existing resourceDirectory /Users/olamy/dev/sources/maven/plugins/maven-invoker-plugin/target/it/MINVOKER-243_install-reactor/module-a/src/test/resources
[DEBUG] no use filter components
[INFO] 
[INFO] --- maven-compiler-plugin:3.1:testCompile (default-testCompile) @ minvoker251-a ---
[DEBUG] Configuring mojo org.apache.maven.plugins:maven-compiler-plugin:3.1:testCompile from plugin realm ClassRealm[plugin&gt;org.apache.maven.plugins:maven-compiler-plugin:3.1, parent: sun.misc.Launcher$AppClassLoader@5c647e05]
[DEBUG] Configuring mojo &apos;org.apache.maven.plugins:maven-compiler-plugin:3.1:testCompile&apos; with basic configurator --&gt;
[DEBUG]   (f) basedir = /Users/olamy/dev/sources/maven/plugins/maven-invoker-plugin/target/it/MINVOKER-243_install-reactor/module-a
[DEBUG]   (f) buildDirectory = /Users/olamy/dev/sources/maven/plugins/maven-invoker-plugin/target/it/MINVOKER-243_install-reactor/module-a/target
[DEBUG]   (f) classpathElements = [/Users/olamy/dev/sources/maven/plugins/maven-invoker-plugin/target/it/MINVOKER-243_install-reactor/module-a/target/test-classes, /Users/olamy/dev/sources/maven/plugins/maven-invoker-plugin/target/it/MINVOKER-243_install-reactor/module-a/target/classes]
[DEBUG]   (f) compileSourceRoots = [/Users/olamy/dev/sources/maven/plugins/maven-invoker-plugin/target/it/MINVOKER-243_install-reactor/module-a/src/test/java]
[DEBUG]   (f) compilerId = javac
[DEBUG]   (f) debug = true
[DEBUG]   (f) encoding = UTF-8
[DEBUG]   (f) failOnError = true
[DEBUG]   (f) forceJavacCompilerUse = false
[DEBUG]   (f) fork = false
[DEBUG]   (f) generatedTestSourcesDirectory = /Users/olamy/dev/sources/maven/plugins/maven-invoker-plugin/target/it/MINVOKER-243_install-reactor/module-a/target/generated-test-sources/test-annotations
[DEBUG]   (f) mojoExecution = org.apache.maven.plugins:maven-compiler-plugin:3.1:testCompile {execution: default-testCompile}
[DEBUG]   (f) optimize = false
[DEBUG]   (f) outputDirectory = /Users/olamy/dev/sources/maven/plugins/maven-invoker-plugin/target/it/MINVOKER-243_install-reactor/module-a/target/test-classes
[DEBUG]   (f) showDeprecation = false
[DEBUG]   (f) showWarnings = false
[DEBUG]   (f) skipMultiThreadWarning = false
[DEBUG]   (f) source = 1.7
[DEBUG]   (f) staleMillis = 0
[DEBUG]   (f) target = 1.7
[DEBUG]   (f) useIncrementalCompilation = true
[DEBUG]   (f) verbose = false
[DEBUG]   (f) mavenSession = org.apache.maven.execution.MavenSession@37eeec90
[DEBUG]   (f) session = org.apache.maven.execution.MavenSession@37eeec90
[DEBUG] -- end configuration --
[DEBUG] Using compiler &apos;javac&apos;.
[INFO] No sources to compile
[INFO] 
[INFO] --- maven-surefire-plugin:2.12.4:test (default-test) @ minvoker251-a ---
[DEBUG] Dependency collection stats: {ConflictMarker.analyzeTime=1100511, ConflictMarker.markTime=356019, ConflictMarker.nodeCount=132, ConflictIdSorter.graphTime=333971, ConflictIdSorter.topsortTime=37046, ConflictIdSorter.conflictIdCount=27, ConflictIdSorter.conflictIdCycleCount=0, ConflictResolver.totalTime=1642475, ConflictResolver.conflictItemCount=77, DefaultDependencyCollector.collectTime=49110591, DefaultDependencyCollector.transformTime=3502102}
[DEBUG] org.apache.maven.plugins:maven-surefire-plugin:jar:2.12.4:
[DEBUG]    org.apache.maven:maven-plugin-api:jar:2.0.9:compile
[DEBUG]    org.apache.maven.surefire:surefire-booter:jar:2.12.4:compile
[DEBUG]       org.apache.maven.surefire:surefire-api:jar:2.12.4:compile
[DEBUG]    org.apache.maven.surefire:maven-surefire-common:jar:2.12.4:compile
[DEBUG]       org.apache.commons:commons-lang3:jar:3.1:compile
[DEBUG]       org.apache.maven.shared:maven-common-artifact-filters:jar:1.3:compile
[DEBUG]    org.codehaus.plexus:plexus-utils:jar:3.0.8:compile
[DEBUG]    org.apache.maven:maven-artifact:jar:2.0.9:compile
[DEBUG]    org.apache.maven:maven-project:jar:2.0.9:compile
[DEBUG]       org.apache.maven:maven-settings:jar:2.0.9:compile
[DEBUG]       org.apache.maven:maven-profile:jar:2.0.9:compile
[DEBUG]       org.apache.maven:maven-model:jar:2.0.9:compile
[DEBUG]       org.apache.maven:maven-artifact-manager:jar:2.0.9:compile
[DEBUG]       org.apache.maven:maven-plugin-registry:jar:2.0.9:compile
[DEBUG]       org.codehaus.plexus:plexus-container-default:jar:1.0-alpha-9-stable-1:compile
[DEBUG]          junit:junit:jar:3.8.1:test
[DEBUG]    org.apache.maven:maven-core:jar:2.0.9:compile
[DEBUG]       org.apache.maven:maven-plugin-parameter-documenter:jar:2.0.9:compile
[DEBUG]       org.apache.maven.reporting:maven-reporting-api:jar:2.0.9:compile
[DEBUG]       org.apache.maven:maven-repository-metadata:jar:2.0.9:compile
[DEBUG]       org.apache.maven:maven-error-diagnostics:jar:2.0.9:compile
[DEBUG]       org.apache.maven:maven-plugin-descriptor:jar:2.0.9:compile
[DEBUG]       org.apache.maven:maven-monitor:jar:2.0.9:compile
[DEBUG]       classworlds:classworlds:jar:1.1:compile
[DEBUG]    org.apache.maven:maven-toolchain:jar:2.0.9:compile
[DEBUG]    org.apache.maven.plugin-tools:maven-plugin-annotations:jar:3.1:compile
[DEBUG] Created new class realm plugin&gt;org.apache.maven.plugins:maven-surefire-plugin:2.12.4
[DEBUG] Importing foreign packages into class realm plugin&gt;org.apache.maven.plugins:maven-surefire-plugin:2.12.4
[DEBUG]   Imported:  &lt; maven.api
[DEBUG] Populating class realm plugin&gt;org.apache.maven.plugins:maven-surefire-plugin:2.12.4
[DEBUG]   Included: org.apache.maven.plugins:maven-surefire-plugin:jar:2.12.4
[DEBUG]   Included: org.apache.maven.surefire:surefire-booter:jar:2.12.4
[DEBUG]   Included: org.apache.maven.surefire:surefire-api:jar:2.12.4
[DEBUG]   Included: org.apache.maven.surefire:maven-surefire-common:jar:2.12.4
[DEBUG]   Included: org.apache.commons:commons-lang3:jar:3.1
[DEBUG]   Included: org.apache.maven.shared:maven-common-artifact-filters:jar:1.3
[DEBUG]   Included: org.codehaus.plexus:plexus-utils:jar:3.0.8
[DEBUG]   Included: org.apache.maven.reporting:maven-reporting-api:jar:2.0.9
[DEBUG]   Included: org.apache.maven.plugin-tools:maven-plugin-annotations:jar:3.1
[DEBUG] Configuring mojo org.apache.maven.plugins:maven-surefire-plugin:2.12.4:test from plugin realm ClassRealm[plugin&gt;org.apache.maven.plugins:maven-surefire-plugin:2.12.4, parent: sun.misc.Launcher$AppClassLoader@5c647e05]
[DEBUG] Configuring mojo &apos;org.apache.maven.plugins:maven-surefire-plugin:2.12.4:test&apos; with basic configurator --&gt;
[DEBUG]   (s) basedir = /Users/olamy/dev/sources/maven/plugins/maven-invoker-plugin/target/it/MINVOKER-243_install-reactor/module-a
[DEBUG]   (s) childDelegation = false
[DEBUG]   (s) classesDirectory = /Users/olamy/dev/sources/maven/plugins/maven-invoker-plugin/target/it/MINVOKER-243_install-reactor/module-a/target/classes
[DEBUG]   (s) disableXmlReport = false
[DEBUG]   (s) enableAssertions = true
[DEBUG]   (s) forkMode = once
[DEBUG]   (s) junitArtifactName = junit:junit
[DEBUG]   (s) localRepository =       id: local
      url: file:///Users/olamy/dev/sources/maven/plugins/maven-invoker-plugin/target/local-repo/
   layout: default
snapshots: [enabled =&gt; true, update =&gt; always]
 releases: [enabled =&gt; true, update =&gt; always]

[DEBUG]   (f) parallelMavenExecution = false
[DEBUG]   (s) perCoreThreadCount = true
[DEBUG]   (s) pluginArtifactMap = {org.apache.maven.plugins:maven-surefire-plugin=org.apache.maven.plugins:maven-surefire-plugin:maven-plugin:2.12.4:, org.apache.maven:maven-plugin-api=org.apache.maven:maven-plugin-api:jar:2.0.9:compile, org.apache.maven.surefire:surefire-booter=org.apache.maven.surefire:surefire-booter:jar:2.12.4:compile, org.apache.maven.surefire:surefire-api=org.apache.maven.surefire:surefire-api:jar:2.12.4:compile, org.apache.maven.surefire:maven-surefire-common=org.apache.maven.surefire:maven-surefire-common:jar:2.12.4:compile, org.apache.commons:commons-lang3=org.apache.commons:commons-lang3:jar:3.1:compile, org.apache.maven.shared:maven-common-artifact-filters=org.apache.maven.shared:maven-common-artifact-filters:jar:1.3:compile, org.codehaus.plexus:plexus-utils=org.codehaus.plexus:plexus-utils:jar:3.0.8:compile, org.apache.maven:maven-artifact=org.apache.maven:maven-artifact:jar:2.0.9:compile, org.apache.maven:maven-project=org.apache.maven:maven-project:jar:2.0.9:compile, org.apache.maven:maven-settings=org.apache.maven:maven-settings:jar:2.0.9:compile, org.apache.maven:maven-profile=org.apache.maven:maven-profile:jar:2.0.9:compile, org.apache.maven:maven-model=org.apache.maven:maven-model:jar:2.0.9:compile, org.apache.maven:maven-artifact-manager=org.apache.maven:maven-artifact-manager:jar:2.0.9:compile, org.apache.maven:maven-plugin-registry=org.apache.maven:maven-plugin-registry:jar:2.0.9:compile, org.codehaus.plexus:plexus-container-default=org.codehaus.plexus:plexus-container-default:jar:1.0-alpha-9-stable-1:compile, org.apache.maven:maven-core=org.apache.maven:maven-core:jar:2.0.9:compile, org.apache.maven:maven-plugin-parameter-documenter=org.apache.maven:maven-plugin-parameter-documenter:jar:2.0.9:compile, org.apache.maven.reporting:maven-reporting-api=org.apache.maven.reporting:maven-reporting-api:jar:2.0.9:compile, org.apache.maven:maven-repository-metadata=org.apache.maven:maven-repository-metadata:jar:2.0.9:compile, org.apache.maven:maven-error-diagnostics=org.apache.maven:maven-error-diagnostics:jar:2.0.9:compile, org.apache.maven:maven-plugin-descriptor=org.apache.maven:maven-plugin-descriptor:jar:2.0.9:compile, org.apache.maven:maven-monitor=org.apache.maven:maven-monitor:jar:2.0.9:compile, classworlds:classworlds=classworlds:classworlds:jar:1.1:compile, org.apache.maven:maven-toolchain=org.apache.maven:maven-toolchain:jar:2.0.9:compile, org.apache.maven.plugin-tools:maven-plugin-annotations=org.apache.maven.plugin-tools:maven-plugin-annotations:jar:3.1:compile}
[DEBUG]   (f) pluginDescriptor = Component Descriptor: role: &apos;org.apache.maven.plugin.Mojo&apos;, implementation: &apos;org.apache.maven.plugin.surefire.HelpMojo&apos;, role hint: &apos;org.apache.maven.plugins:maven-surefire-plugin:2.12.4:help&apos;
role: &apos;org.apache.maven.plugin.Mojo&apos;, implementation: &apos;org.apache.maven.plugin.surefire.SurefirePlugin&apos;, role hint: &apos;org.apache.maven.plugins:maven-surefire-plugin:2.12.4:test&apos;
---
[DEBUG]   (s) printSummary = true
[DEBUG]   (s) projectArtifactMap = {}
[DEBUG]   (s) redirectTestOutputToFile = false
[DEBUG]   (s) remoteRepositories = [      id: local.central
      url: file:///Users/olamy/.m2/repository
   layout: default
snapshots: [enabled =&gt; true, update =&gt; daily]
 releases: [enabled =&gt; true, update =&gt; daily]
,       id: apache.snapshots
      url: http://repository.apache.org/content/groups/snapshots-group/
   layout: default
snapshots: [enabled =&gt; true, update =&gt; daily]
 releases: [enabled =&gt; false, update =&gt; daily]
,       id: central
      url: https://repo.maven.apache.org/maven2
   layout: default
snapshots: [enabled =&gt; false, update =&gt; daily]
 releases: [enabled =&gt; true, update =&gt; never]
]
[DEBUG]   (s) reportFormat = brief
[DEBUG]   (s) reportsDirectory = /Users/olamy/dev/sources/maven/plugins/maven-invoker-plugin/target/it/MINVOKER-243_install-reactor/module-a/target/surefire-reports
[DEBUG]   (s) runOrder = filesystem
[DEBUG]   (s) skip = false
[DEBUG]   (s) skipTests = false
[DEBUG]   (s) testClassesDirectory = /Users/olamy/dev/sources/maven/plugins/maven-invoker-plugin/target/it/MINVOKER-243_install-reactor/module-a/target/test-classes
[DEBUG]   (s) testFailureIgnore = false
[DEBUG]   (s) testNGArtifactName = org.testng:testng
[DEBUG]   (s) testSourceDirectory = /Users/olamy/dev/sources/maven/plugins/maven-invoker-plugin/target/it/MINVOKER-243_install-reactor/module-a/src/test/java
[DEBUG]   (s) trimStackTrace = true
[DEBUG]   (s) useFile = true
[DEBUG]   (s) useManifestOnlyJar = true
[DEBUG]   (s) useSystemClassLoader = true
[DEBUG]   (s) useUnlimitedThreads = false
[DEBUG]   (s) workingDirectory = /Users/olamy/dev/sources/maven/plugins/maven-invoker-plugin/target/it/MINVOKER-243_install-reactor/module-a
[DEBUG]   (s) project = MavenProject: org.apache.maven.plugins.invoker:minvoker251-a:1.0-SNAPSHOT @ /Users/olamy/dev/sources/maven/plugins/maven-invoker-plugin/target/it/MINVOKER-243_install-reactor/module-a/pom.xml
[DEBUG]   (s) session = org.apache.maven.execution.MavenSession@37eeec90
[DEBUG] -- end configuration --
[INFO] No tests to run.
[INFO] 
[INFO] --- maven-jar-plugin:2.4:jar (default-jar) @ minvoker251-a ---
[DEBUG] Dependency collection stats: {ConflictMarker.analyzeTime=409905, ConflictMarker.markTime=99268, ConflictMarker.nodeCount=74, ConflictIdSorter.graphTime=205326, ConflictIdSorter.topsortTime=41011, ConflictIdSorter.conflictIdCount=28, ConflictIdSorter.conflictIdCycleCount=0, ConflictResolver.totalTime=1207458, ConflictResolver.conflictItemCount=70, DefaultDependencyCollector.collectTime=27832454, DefaultDependencyCollector.transformTime=2003127}
[DEBUG] org.apache.maven.plugins:maven-jar-plugin:jar:2.4:
[DEBUG]    org.apache.maven:maven-plugin-api:jar:2.0.6:compile
[DEBUG]    org.apache.maven:maven-project:jar:2.0.6:compile
[DEBUG]       org.apache.maven:maven-settings:jar:2.0.6:compile
[DEBUG]       org.apache.maven:maven-profile:jar:2.0.6:compile
[DEBUG]       org.apache.maven:maven-artifact-manager:jar:2.0.6:compile
[DEBUG]          org.apache.maven:maven-repository-metadata:jar:2.0.6:compile
[DEBUG]       org.apache.maven:maven-plugin-registry:jar:2.0.6:compile
[DEBUG]       org.codehaus.plexus:plexus-container-default:jar:1.0-alpha-9-stable-1:compile
[DEBUG]          junit:junit:jar:3.8.1:compile
[DEBUG]          classworlds:classworlds:jar:1.1-alpha-2:compile
[DEBUG]    org.apache.maven:maven-model:jar:2.0.6:runtime
[DEBUG]    org.apache.maven:maven-artifact:jar:2.0.6:compile
[DEBUG]    org.apache.maven:maven-archiver:jar:2.5:compile
[DEBUG]       org.apache.maven:maven-core:jar:2.0.6:compile
[DEBUG]          org.apache.maven:maven-plugin-parameter-documenter:jar:2.0.6:compile
[DEBUG]          org.apache.maven.reporting:maven-reporting-api:jar:2.0.6:compile
[DEBUG]             org.apache.maven.doxia:doxia-sink-api:jar:1.0-alpha-7:compile
[DEBUG]          org.apache.maven:maven-error-diagnostics:jar:2.0.6:compile
[DEBUG]          commons-cli:commons-cli:jar:1.0:compile
[DEBUG]          org.apache.maven:maven-plugin-descriptor:jar:2.0.6:compile
[DEBUG]          org.codehaus.plexus:plexus-interactivity-api:jar:1.0-alpha-4:compile
[DEBUG]          org.apache.maven:maven-monitor:jar:2.0.6:compile
[DEBUG]       org.codehaus.plexus:plexus-interpolation:jar:1.15:compile
[DEBUG]    org.codehaus.plexus:plexus-archiver:jar:2.1:compile
[DEBUG]       org.codehaus.plexus:plexus-io:jar:2.0.2:compile
[DEBUG]    commons-lang:commons-lang:jar:2.1:compile
[DEBUG]    org.codehaus.plexus:plexus-utils:jar:3.0:compile
[DEBUG] Created new class realm plugin&gt;org.apache.maven.plugins:maven-jar-plugin:2.4
[DEBUG] Importing foreign packages into class realm plugin&gt;org.apache.maven.plugins:maven-jar-plugin:2.4
[DEBUG]   Imported:  &lt; maven.api
[DEBUG] Populating class realm plugin&gt;org.apache.maven.plugins:maven-jar-plugin:2.4
[DEBUG]   Included: org.apache.maven.plugins:maven-jar-plugin:jar:2.4
[DEBUG]   Included: junit:junit:jar:3.8.1
[DEBUG]   Included: org.apache.maven:maven-archiver:jar:2.5
[DEBUG]   Included: org.apache.maven.reporting:maven-reporting-api:jar:2.0.6
[DEBUG]   Included: org.apache.maven.doxia:doxia-sink-api:jar:1.0-alpha-7
[DEBUG]   Included: commons-cli:commons-cli:jar:1.0
[DEBUG]   Included: org.codehaus.plexus:plexus-interactivity-api:jar:1.0-alpha-4
[DEBUG]   Included: org.codehaus.plexus:plexus-interpolation:jar:1.15
[DEBUG]   Included: org.codehaus.plexus:plexus-archiver:jar:2.1
[DEBUG]   Included: org.codehaus.plexus:plexus-io:jar:2.0.2
[DEBUG]   Included: commons-lang:commons-lang:jar:2.1
[DEBUG]   Included: org.codehaus.plexus:plexus-utils:jar:3.0
[DEBUG] Configuring mojo org.apache.maven.plugins:maven-jar-plugin:2.4:jar from plugin realm ClassRealm[plugin&gt;org.apache.maven.plugins:maven-jar-plugin:2.4, parent: sun.misc.Launcher$AppClassLoader@5c647e05]
[DEBUG] Configuring mojo &apos;org.apache.maven.plugins:maven-jar-plugin:2.4:jar&apos; with basic configurator --&gt;
[DEBUG]   (f) classesDirectory = /Users/olamy/dev/sources/maven/plugins/maven-invoker-plugin/target/it/MINVOKER-243_install-reactor/module-a/target/classes
[DEBUG]   (f) defaultManifestFile = /Users/olamy/dev/sources/maven/plugins/maven-invoker-plugin/target/it/MINVOKER-243_install-reactor/module-a/target/classes/META-INF/MANIFEST.MF
[DEBUG]   (f) finalName = minvoker251-a-1.0-SNAPSHOT
[DEBUG]   (f) forceCreation = false
[DEBUG]   (f) outputDirectory = /Users/olamy/dev/sources/maven/plugins/maven-invoker-plugin/target/it/MINVOKER-243_install-reactor/module-a/target
[DEBUG]   (f) project = MavenProject: org.apache.maven.plugins.invoker:minvoker251-a:1.0-SNAPSHOT @ /Users/olamy/dev/sources/maven/plugins/maven-invoker-plugin/target/it/MINVOKER-243_install-reactor/module-a/pom.xml
[DEBUG]   (f) session = org.apache.maven.execution.MavenSession@37eeec90
[DEBUG]   (f) skipIfEmpty = false
[DEBUG]   (f) useDefaultManifestFile = false
[DEBUG] -- end configuration --
[WARNING] JAR will be empty - no content was marked for inclusion!
[DEBUG] isUp2date: false (Destination /Users/olamy/dev/sources/maven/plugins/maven-invoker-plugin/target/it/MINVOKER-243_install-reactor/module-a/target/minvoker251-a-1.0-SNAPSHOT.jar not found.)
[INFO] Building jar: /Users/olamy/dev/sources/maven/plugins/maven-invoker-plugin/target/it/MINVOKER-243_install-reactor/module-a/target/minvoker251-a-1.0-SNAPSHOT.jar
[DEBUG] adding directory META-INF/
[DEBUG] adding entry META-INF/MANIFEST.MF
[DEBUG] adding directory META-INF/maven/
[DEBUG] adding directory META-INF/maven/org.apache.maven.plugins.invoker/
[DEBUG] adding directory META-INF/maven/org.apache.maven.plugins.invoker/minvoker251-a/
[DEBUG] adding entry META-INF/maven/org.apache.maven.plugins.invoker/minvoker251-a/pom.xml
[DEBUG] adding entry META-INF/maven/org.apache.maven.plugins.invoker/minvoker251-a/pom.properties
[INFO] 
[INFO] -----------&lt; org.apache.maven.plugins.invoker:minvoker251-b &gt;-----------
[INFO] Building minvoker251-b 1.0-SNAPSHOT                                [3/4]
[INFO] --------------------------------[ jar ]---------------------------------
[DEBUG] Lifecycle default -&gt; [validate, initialize, generate-sources, process-sources, generate-resources, process-resources, compile, process-classes, generate-test-sources, process-test-sources, generate-test-resources, process-test-resources, test-compile, process-test-classes, test, prepare-package, package, pre-integration-test, integration-test, post-integration-test, verify, install, deploy]
[DEBUG] Lifecycle clean -&gt; [pre-clean, clean, post-clean]
[DEBUG] Lifecycle site -&gt; [pre-site, site, post-site, site-deploy]
[DEBUG] Lifecycle default -&gt; [validate, initialize, generate-sources, process-sources, generate-resources, process-resources, compile, process-classes, generate-test-sources, process-test-sources, generate-test-resources, process-test-resources, test-compile, process-test-classes, test, prepare-package, package, pre-integration-test, integration-test, post-integration-test, verify, install, deploy]
[DEBUG] Lifecycle clean -&gt; [pre-clean, clean, post-clean]
[DEBUG] Lifecycle site -&gt; [pre-site, site, post-site, site-deploy]
[DEBUG] Lifecycle default -&gt; [validate, initialize, generate-sources, process-sources, generate-resources, process-resources, compile, process-classes, generate-test-sources, process-test-sources, generate-test-resources, process-test-resources, test-compile, process-test-classes, test, prepare-package, package, pre-integration-test, integration-test, post-integration-test, verify, install, deploy]
[DEBUG] Lifecycle clean -&gt; [pre-clean, clean, post-clean]
[DEBUG] Lifecycle site -&gt; [pre-site, site, post-site, site-deploy]
[DEBUG] Lifecycle default -&gt; [validate, initialize, generate-sources, process-sources, generate-resources, process-resources, compile, process-classes, generate-test-sources, process-test-sources, generate-test-resources, process-test-resources, test-compile, process-test-classes, test, prepare-package, package, pre-integration-test, integration-test, post-integration-test, verify, install, deploy]
[DEBUG] Lifecycle clean -&gt; [pre-clean, clean, post-clean]
[DEBUG] Lifecycle site -&gt; [pre-site, site, post-site, site-deploy]
[DEBUG] Lifecycle default -&gt; [validate, initialize, generate-sources, process-sources, generate-resources, process-resources, compile, process-classes, generate-test-sources, process-test-sources, generate-test-resources, process-test-resources, test-compile, process-test-classes, test, prepare-package, package, pre-integration-test, integration-test, post-integration-test, verify, install, deploy]
[DEBUG] Lifecycle clean -&gt; [pre-clean, clean, post-clean]
[DEBUG] Lifecycle site -&gt; [pre-site, site, post-site, site-deploy]
[DEBUG] Lifecycle default -&gt; [validate, initialize, generate-sources, process-sources, generate-resources, process-resources, compile, process-classes, generate-test-sources, process-test-sources, generate-test-resources, process-test-resources, test-compile, process-test-classes, test, prepare-package, package, pre-integration-test, integration-test, post-integration-test, verify, install, deploy]
[DEBUG] Lifecycle clean -&gt; [pre-clean, clean, post-clean]
[DEBUG] Lifecycle site -&gt; [pre-site, site, post-site, site-deploy]
[DEBUG] Lifecycle default -&gt; [validate, initialize, generate-sources, process-sources, generate-resources, process-resources, compile, process-classes, generate-test-sources, process-test-sources, generate-test-resources, process-test-resources, test-compile, process-test-classes, test, prepare-package, package, pre-integration-test, integration-test, post-integration-test, verify, install, deploy]
[DEBUG] Lifecycle clean -&gt; [pre-clean, clean, post-clean]
[DEBUG] Lifecycle site -&gt; [pre-site, site, post-site, site-deploy]
[DEBUG] === PROJECT BUILD PLAN ================================================
[DEBUG] Project:       org.apache.maven.plugins.invoker:minvoker251-b:1.0-SNAPSHOT
[DEBUG] Dependencies (collect): []
[DEBUG] Dependencies (resolve): [compile, runtime, test]
[DEBUG] Repositories (dependencies): [local.central (file:///Users/olamy/.m2/repository, default, releases+snapshots), apache.snapshots (http://repository.apache.org/content/groups/snapshots-group/, default, snapshots), central (https://repo.maven.apache.org/maven2, default, releases)]
[DEBUG] Repositories (plugins)     : [local.central (file:///Users/olamy/.m2/repository, default, releases+snapshots), apache.snapshots (http://repository.apache.org/content/groups/snapshots-group/, default, snapshots), central (https://repo.maven.apache.org/maven2, default, releases)]
[DEBUG] -----------------------------------------------------------------------
[DEBUG] Goal:          org.apache.maven.plugins:maven-resources-plugin:2.6:resources (default-resources)
[DEBUG] Style:         Regular
[DEBUG] Configuration: &lt;?xml version=&quot;1.0&quot; encoding=&quot;UTF-8&quot;?&gt;
&lt;configuration&gt;
  &lt;buildFilters default-value=&quot;${project.build.filters}&quot;/&gt;
  &lt;encoding default-value=&quot;${project.build.sourceEncoding}&quot;&gt;${encoding}&lt;/encoding&gt;
  &lt;escapeString&gt;${maven.resources.escapeString}&lt;/escapeString&gt;
  &lt;escapeWindowsPaths default-value=&quot;true&quot;&gt;${maven.resources.escapeWindowsPaths}&lt;/escapeWindowsPaths&gt;
  &lt;includeEmptyDirs default-value=&quot;false&quot;&gt;${maven.resources.includeEmptyDirs}&lt;/includeEmptyDirs&gt;
  &lt;outputDirectory default-value=&quot;${project.build.outputDirectory}&quot;/&gt;
  &lt;overwrite default-value=&quot;false&quot;&gt;${maven.resources.overwrite}&lt;/overwrite&gt;
  &lt;project default-value=&quot;${project}&quot;/&gt;
  &lt;resources default-value=&quot;${project.resources}&quot;/&gt;
  &lt;session default-value=&quot;${session}&quot;/&gt;
  &lt;supportMultiLineFiltering default-value=&quot;false&quot;&gt;${maven.resources.supportMultiLineFiltering}&lt;/supportMultiLineFiltering&gt;
  &lt;useBuildFilters default-value=&quot;true&quot;/&gt;
  &lt;useDefaultDelimiters default-value=&quot;true&quot;/&gt;
&lt;/configuration&gt;
[DEBUG] -----------------------------------------------------------------------
[DEBUG] Goal:          org.apache.maven.plugins:maven-compiler-plugin:3.1:compile (default-compile)
[DEBUG] Style:         Regular
[DEBUG] Configuration: &lt;?xml version=&quot;1.0&quot; encoding=&quot;UTF-8&quot;?&gt;
&lt;configuration&gt;
  &lt;basedir default-value=&quot;${basedir}&quot;/&gt;
  &lt;buildDirectory default-value=&quot;${project.build.directory}&quot;/&gt;
  &lt;classpathElements default-value=&quot;${project.compileClasspathElements}&quot;/&gt;
  &lt;compileSourceRoots default-value=&quot;${project.compileSourceRoots}&quot;/&gt;
  &lt;compilerId default-value=&quot;javac&quot;&gt;${maven.compiler.compilerId}&lt;/compilerId&gt;
  &lt;compilerReuseStrategy default-value=&quot;${reuseCreated}&quot;&gt;${maven.compiler.compilerReuseStrategy}&lt;/compilerReuseStrategy&gt;
  &lt;compilerVersion&gt;${maven.compiler.compilerVersion}&lt;/compilerVersion&gt;
  &lt;debug default-value=&quot;true&quot;&gt;${maven.compiler.debug}&lt;/debug&gt;
  &lt;debuglevel&gt;${maven.compiler.debuglevel}&lt;/debuglevel&gt;
  &lt;encoding default-value=&quot;${project.build.sourceEncoding}&quot;&gt;${encoding}&lt;/encoding&gt;
  &lt;executable&gt;${maven.compiler.executable}&lt;/executable&gt;
  &lt;failOnError default-value=&quot;true&quot;&gt;${maven.compiler.failOnError}&lt;/failOnError&gt;
  &lt;forceJavacCompilerUse default-value=&quot;false&quot;&gt;${maven.compiler.forceJavacCompilerUse}&lt;/forceJavacCompilerUse&gt;
  &lt;fork default-value=&quot;false&quot;&gt;${maven.compiler.fork}&lt;/fork&gt;
  &lt;generatedSourcesDirectory default-value=&quot;${project.build.directory}/generated-sources/annotations&quot;/&gt;
  &lt;maxmem&gt;${maven.compiler.maxmem}&lt;/maxmem&gt;
  &lt;meminitial&gt;${maven.compiler.meminitial}&lt;/meminitial&gt;
  &lt;mojoExecution&gt;${mojoExecution}&lt;/mojoExecution&gt;
  &lt;optimize default-value=&quot;false&quot;&gt;${maven.compiler.optimize}&lt;/optimize&gt;
  &lt;outputDirectory default-value=&quot;${project.build.outputDirectory}&quot;/&gt;
  &lt;projectArtifact default-value=&quot;${project.artifact}&quot;/&gt;
  &lt;showDeprecation default-value=&quot;false&quot;&gt;${maven.compiler.showDeprecation}&lt;/showDeprecation&gt;
  &lt;showWarnings default-value=&quot;false&quot;&gt;${maven.compiler.showWarnings}&lt;/showWarnings&gt;
  &lt;skipMain&gt;${maven.main.skip}&lt;/skipMain&gt;
  &lt;skipMultiThreadWarning default-value=&quot;false&quot;&gt;${maven.compiler.skipMultiThreadWarning}&lt;/skipMultiThreadWarning&gt;
  &lt;source default-value=&quot;1.5&quot;&gt;${maven.compiler.source}&lt;/source&gt;
  &lt;staleMillis default-value=&quot;0&quot;&gt;${lastModGranularityMs}&lt;/staleMillis&gt;
  &lt;target default-value=&quot;1.5&quot;&gt;${maven.compiler.target}&lt;/target&gt;
  &lt;useIncrementalCompilation default-value=&quot;true&quot;&gt;${maven.compiler.useIncrementalCompilation}&lt;/useIncrementalCompilation&gt;
  &lt;verbose default-value=&quot;false&quot;&gt;${maven.compiler.verbose}&lt;/verbose&gt;
  &lt;mavenSession default-value=&quot;${session}&quot;/&gt;
  &lt;session default-value=&quot;${session}&quot;/&gt;
&lt;/configuration&gt;
[DEBUG] -----------------------------------------------------------------------
[DEBUG] Goal:          org.apache.maven.plugins:maven-resources-plugin:2.6:testResources (default-testResources)
[DEBUG] Style:         Regular
[DEBUG] Configuration: &lt;?xml version=&quot;1.0&quot; encoding=&quot;UTF-8&quot;?&gt;
&lt;configuration&gt;
  &lt;buildFilters default-value=&quot;${project.build.filters}&quot;/&gt;
  &lt;encoding default-value=&quot;${project.build.sourceEncoding}&quot;&gt;${encoding}&lt;/encoding&gt;
  &lt;escapeString&gt;${maven.resources.escapeString}&lt;/escapeString&gt;
  &lt;escapeWindowsPaths default-value=&quot;true&quot;&gt;${maven.resources.escapeWindowsPaths}&lt;/escapeWindowsPaths&gt;
  &lt;includeEmptyDirs default-value=&quot;false&quot;&gt;${maven.resources.includeEmptyDirs}&lt;/includeEmptyDirs&gt;
  &lt;outputDirectory default-value=&quot;${project.build.testOutputDirectory}&quot;/&gt;
  &lt;overwrite default-value=&quot;false&quot;&gt;${maven.resources.overwrite}&lt;/overwrite&gt;
  &lt;project default-value=&quot;${project}&quot;/&gt;
  &lt;resources default-value=&quot;${project.testResources}&quot;/&gt;
  &lt;session default-value=&quot;${session}&quot;/&gt;
  &lt;skip&gt;${maven.test.skip}&lt;/skip&gt;
  &lt;supportMultiLineFiltering default-value=&quot;false&quot;&gt;${maven.resources.supportMultiLineFiltering}&lt;/supportMultiLineFiltering&gt;
  &lt;useBuildFilters default-value=&quot;true&quot;/&gt;
  &lt;useDefaultDelimiters default-value=&quot;true&quot;/&gt;
&lt;/configuration&gt;
[DEBUG] -----------------------------------------------------------------------
[DEBUG] Goal:          org.apache.maven.plugins:maven-compiler-plugin:3.1:testCompile (default-testCompile)
[DEBUG] Style:         Regular
[DEBUG] Configuration: &lt;?xml version=&quot;1.0&quot; encoding=&quot;UTF-8&quot;?&gt;
&lt;configuration&gt;
  &lt;basedir default-value=&quot;${basedir}&quot;/&gt;
  &lt;buildDirectory default-value=&quot;${project.build.directory}&quot;/&gt;
  &lt;classpathElements default-value=&quot;${project.testClasspathElements}&quot;/&gt;
  &lt;compileSourceRoots default-value=&quot;${project.testCompileSourceRoots}&quot;/&gt;
  &lt;compilerId default-value=&quot;javac&quot;&gt;${maven.compiler.compilerId}&lt;/compilerId&gt;
  &lt;compilerReuseStrategy default-value=&quot;${reuseCreated}&quot;&gt;${maven.compiler.compilerReuseStrategy}&lt;/compilerReuseStrategy&gt;
  &lt;compilerVersion&gt;${maven.compiler.compilerVersion}&lt;/compilerVersion&gt;
  &lt;debug default-value=&quot;true&quot;&gt;${maven.compiler.debug}&lt;/debug&gt;
  &lt;debuglevel&gt;${maven.compiler.debuglevel}&lt;/debuglevel&gt;
  &lt;encoding default-value=&quot;${project.build.sourceEncoding}&quot;&gt;${encoding}&lt;/encoding&gt;
  &lt;executable&gt;${maven.compiler.executable}&lt;/executable&gt;
  &lt;failOnError default-value=&quot;true&quot;&gt;${maven.compiler.failOnError}&lt;/failOnError&gt;
  &lt;forceJavacCompilerUse default-value=&quot;false&quot;&gt;${maven.compiler.forceJavacCompilerUse}&lt;/forceJavacCompilerUse&gt;
  &lt;fork default-value=&quot;false&quot;&gt;${maven.compiler.fork}&lt;/fork&gt;
  &lt;generatedTestSourcesDirectory default-value=&quot;${project.build.directory}/generated-test-sources/test-annotations&quot;/&gt;
  &lt;maxmem&gt;${maven.compiler.maxmem}&lt;/maxmem&gt;
  &lt;meminitial&gt;${maven.compiler.meminitial}&lt;/meminitial&gt;
  &lt;mojoExecution&gt;${mojoExecution}&lt;/mojoExecution&gt;
  &lt;optimize default-value=&quot;false&quot;&gt;${maven.compiler.optimize}&lt;/optimize&gt;
  &lt;outputDirectory default-value=&quot;${project.build.testOutputDirectory}&quot;/&gt;
  &lt;showDeprecation default-value=&quot;false&quot;&gt;${maven.compiler.showDeprecation}&lt;/showDeprecation&gt;
  &lt;showWarnings default-value=&quot;false&quot;&gt;${maven.compiler.showWarnings}&lt;/showWarnings&gt;
  &lt;skip&gt;${maven.test.skip}&lt;/skip&gt;
  &lt;skipMultiThreadWarning default-value=&quot;false&quot;&gt;${maven.compiler.skipMultiThreadWarning}&lt;/skipMultiThreadWarning&gt;
  &lt;source default-value=&quot;1.5&quot;&gt;${maven.compiler.source}&lt;/source&gt;
  &lt;staleMillis default-value=&quot;0&quot;&gt;${lastModGranularityMs}&lt;/staleMillis&gt;
  &lt;target default-value=&quot;1.5&quot;&gt;${maven.compiler.target}&lt;/target&gt;
  &lt;testSource&gt;${maven.compiler.testSource}&lt;/testSource&gt;
  &lt;testTarget&gt;${maven.compiler.testTarget}&lt;/testTarget&gt;
  &lt;useIncrementalCompilation default-value=&quot;true&quot;&gt;${maven.compiler.useIncrementalCompilation}&lt;/useIncrementalCompilation&gt;
  &lt;verbose default-value=&quot;false&quot;&gt;${maven.compiler.verbose}&lt;/verbose&gt;
  &lt;mavenSession default-value=&quot;${session}&quot;/&gt;
  &lt;session default-value=&quot;${session}&quot;/&gt;
&lt;/configuration&gt;
[DEBUG] -----------------------------------------------------------------------
[DEBUG] Goal:          org.apache.maven.plugins:maven-surefire-plugin:2.12.4:test (default-test)
[DEBUG] Style:         Regular
[DEBUG] Configuration: &lt;?xml version=&quot;1.0&quot; encoding=&quot;UTF-8&quot;?&gt;
&lt;configuration&gt;
  &lt;argLine&gt;${argLine}&lt;/argLine&gt;
  &lt;basedir default-value=&quot;${basedir}&quot;/&gt;
  &lt;childDelegation default-value=&quot;false&quot;&gt;${childDelegation}&lt;/childDelegation&gt;
  &lt;classesDirectory default-value=&quot;${project.build.outputDirectory}&quot;/&gt;
  &lt;debugForkedProcess&gt;${maven.surefire.debug}&lt;/debugForkedProcess&gt;
  &lt;disableXmlReport default-value=&quot;false&quot;&gt;${disableXmlReport}&lt;/disableXmlReport&gt;
  &lt;enableAssertions default-value=&quot;true&quot;&gt;${enableAssertions}&lt;/enableAssertions&gt;
  &lt;excludedGroups&gt;${excludedGroups}&lt;/excludedGroups&gt;
  &lt;failIfNoSpecifiedTests&gt;${surefire.failIfNoSpecifiedTests}&lt;/failIfNoSpecifiedTests&gt;
  &lt;failIfNoTests&gt;${failIfNoTests}&lt;/failIfNoTests&gt;
  &lt;forkMode default-value=&quot;once&quot;&gt;${forkMode}&lt;/forkMode&gt;
  &lt;forkedProcessTimeoutInSeconds&gt;${surefire.timeout}&lt;/forkedProcessTimeoutInSeconds&gt;
  &lt;groups&gt;${groups}&lt;/groups&gt;
  &lt;junitArtifactName default-value=&quot;junit:junit&quot;&gt;${junitArtifactName}&lt;/junitArtifactName&gt;
  &lt;jvm&gt;${jvm}&lt;/jvm&gt;
  &lt;localRepository default-value=&quot;${localRepository}&quot;/&gt;
  &lt;objectFactory&gt;${objectFactory}&lt;/objectFactory&gt;
  &lt;parallel&gt;${parallel}&lt;/parallel&gt;
  &lt;parallelMavenExecution default-value=&quot;${session.parallel}&quot;/&gt;
  &lt;perCoreThreadCount default-value=&quot;true&quot;&gt;${perCoreThreadCount}&lt;/perCoreThreadCount&gt;
  &lt;pluginArtifactMap&gt;${plugin.artifactMap}&lt;/pluginArtifactMap&gt;
  &lt;pluginDescriptor default-value=&quot;${plugin}&quot;/&gt;
  &lt;printSummary default-value=&quot;true&quot;&gt;${surefire.printSummary}&lt;/printSummary&gt;
  &lt;projectArtifactMap&gt;${project.artifactMap}&lt;/projectArtifactMap&gt;
  &lt;redirectTestOutputToFile default-value=&quot;false&quot;&gt;${maven.test.redirectTestOutputToFile}&lt;/redirectTestOutputToFile&gt;
  &lt;remoteRepositories default-value=&quot;${project.pluginArtifactRepositories}&quot;/&gt;
  &lt;reportFormat default-value=&quot;brief&quot;&gt;${surefire.reportFormat}&lt;/reportFormat&gt;
  &lt;reportNameSuffix default-value=&quot;&quot;&gt;${surefire.reportNameSuffix}&lt;/reportNameSuffix&gt;
  &lt;reportsDirectory default-value=&quot;${project.build.directory}/surefire-reports&quot;/&gt;
  &lt;runOrder default-value=&quot;filesystem&quot;/&gt;
  &lt;skip default-value=&quot;false&quot;&gt;${maven.test.skip}&lt;/skip&gt;
  &lt;skipExec&gt;${maven.test.skip.exec}&lt;/skipExec&gt;
  &lt;skipTests default-value=&quot;false&quot;&gt;${skipTests}&lt;/skipTests&gt;
  &lt;test&gt;${test}&lt;/test&gt;
  &lt;testClassesDirectory default-value=&quot;${project.build.testOutputDirectory}&quot;/&gt;
  &lt;testFailureIgnore default-value=&quot;false&quot;&gt;${maven.test.failure.ignore}&lt;/testFailureIgnore&gt;
  &lt;testNGArtifactName default-value=&quot;org.testng:testng&quot;&gt;${testNGArtifactName}&lt;/testNGArtifactName&gt;
  &lt;testSourceDirectory default-value=&quot;${project.build.testSourceDirectory}&quot;/&gt;
  &lt;threadCount&gt;${threadCount}&lt;/threadCount&gt;
  &lt;trimStackTrace default-value=&quot;true&quot;&gt;${trimStackTrace}&lt;/trimStackTrace&gt;
  &lt;useFile default-value=&quot;true&quot;&gt;${surefire.useFile}&lt;/useFile&gt;
  &lt;useManifestOnlyJar default-value=&quot;true&quot;&gt;${surefire.useManifestOnlyJar}&lt;/useManifestOnlyJar&gt;
  &lt;useSystemClassLoader default-value=&quot;true&quot;&gt;${surefire.useSystemClassLoader}&lt;/useSystemClassLoader&gt;
  &lt;useUnlimitedThreads default-value=&quot;false&quot;&gt;${useUnlimitedThreads}&lt;/useUnlimitedThreads&gt;
  &lt;workingDirectory&gt;${basedir}&lt;/workingDirectory&gt;
  &lt;project default-value=&quot;${project}&quot;/&gt;
  &lt;session default-value=&quot;${session}&quot;/&gt;
&lt;/configuration&gt;
[DEBUG] -----------------------------------------------------------------------
[DEBUG] Goal:          org.apache.maven.plugins:maven-jar-plugin:2.4:jar (default-jar)
[DEBUG] Style:         Regular
[DEBUG] Configuration: &lt;?xml version=&quot;1.0&quot; encoding=&quot;UTF-8&quot;?&gt;
&lt;configuration&gt;
  &lt;classesDirectory default-value=&quot;${project.build.outputDirectory}&quot;/&gt;
  &lt;defaultManifestFile default-value=&quot;${project.build.outputDirectory}/META-INF/MANIFEST.MF&quot;/&gt;
  &lt;finalName default-value=&quot;${project.build.finalName}&quot;&gt;${jar.finalName}&lt;/finalName&gt;
  &lt;forceCreation default-value=&quot;false&quot;&gt;${jar.forceCreation}&lt;/forceCreation&gt;
  &lt;outputDirectory default-value=&quot;${project.build.directory}&quot;/&gt;
  &lt;project default-value=&quot;${project}&quot;/&gt;
  &lt;session default-value=&quot;${session}&quot;/&gt;
  &lt;skipIfEmpty default-value=&quot;false&quot;&gt;${jar.skipIfEmpty}&lt;/skipIfEmpty&gt;
  &lt;useDefaultManifestFile default-value=&quot;false&quot;&gt;${jar.useDefaultManifestFile}&lt;/useDefaultManifestFile&gt;
&lt;/configuration&gt;
[DEBUG] =======================================================================
[DEBUG] Dependency collection stats: {ConflictMarker.analyzeTime=14957, ConflictMarker.markTime=16753, ConflictMarker.nodeCount=2, ConflictIdSorter.graphTime=3001, ConflictIdSorter.topsortTime=6886, ConflictIdSorter.conflictIdCount=1, ConflictIdSorter.conflictIdCycleCount=0, ConflictResolver.totalTime=32842, ConflictResolver.conflictItemCount=1, DefaultDependencyCollector.collectTime=551982, DefaultDependencyCollector.transformTime=82415}
[DEBUG] org.apache.maven.plugins.invoker:minvoker251-b:jar:1.0-SNAPSHOT
[DEBUG]    org.apache.maven.plugins.invoker:minvoker251-a:jar:1.0-SNAPSHOT:compile
[INFO] 
[INFO] --- maven-resources-plugin:2.6:resources (default-resources) @ minvoker251-b ---
[DEBUG] Configuring mojo org.apache.maven.plugins:maven-resources-plugin:2.6:resources from plugin realm ClassRealm[plugin&gt;org.apache.maven.plugins:maven-resources-plugin:2.6, parent: sun.misc.Launcher$AppClassLoader@5c647e05]
[DEBUG] Configuring mojo &apos;org.apache.maven.plugins:maven-resources-plugin:2.6:resources&apos; with basic configurator --&gt;
[DEBUG]   (f) buildFilters = []
[DEBUG]   (f) encoding = UTF-8
[DEBUG]   (f) escapeWindowsPaths = true
[DEBUG]   (s) includeEmptyDirs = false
[DEBUG]   (s) outputDirectory = /Users/olamy/dev/sources/maven/plugins/maven-invoker-plugin/target/it/MINVOKER-243_install-reactor/module-b/target/classes
[DEBUG]   (s) overwrite = false
[DEBUG]   (f) project = MavenProject: org.apache.maven.plugins.invoker:minvoker251-b:1.0-SNAPSHOT @ /Users/olamy/dev/sources/maven/plugins/maven-invoker-plugin/target/it/MINVOKER-243_install-reactor/module-b/pom.xml
[DEBUG]   (s) resources = [Resource {targetPath: null, filtering: false, FileSet {directory: /Users/olamy/dev/sources/maven/plugins/maven-invoker-plugin/target/it/MINVOKER-243_install-reactor/module-b/src/main/resources, PatternSet [includes: {}, excludes: {}]}}]
[DEBUG]   (f) session = org.apache.maven.execution.MavenSession@37eeec90
[DEBUG]   (f) supportMultiLineFiltering = false
[DEBUG]   (f) useBuildFilters = true
[DEBUG]   (s) useDefaultDelimiters = true
[DEBUG] -- end configuration --
[DEBUG] properties used {java.vendor=Oracle Corporation, sun.java.launcher=SUN_STANDARD, env.XPC_SERVICE_NAME=0, sun.management.compiler=HotSpot 64-Bit Tiered Compilers, env.SECURITYSESSIONID=186a9, env.DOCKER_HOST=unix:///var/run/docker.sock, os.name=Mac OS X, sun.boot.class.path=/Library/Java/JavaVirtualMachines/jdk1.8.0_201.jdk/Contents/Home/jre/lib/resources.jar:/Library/Java/JavaVirtualMachines/jdk1.8.0_201.jdk/Contents/Home/jre/lib/rt.jar:/Library/Java/JavaVirtualMachines/jdk1.8.0_201.jdk/Contents/Home/jre/lib/sunrsasign.jar:/Library/Java/JavaVirtualMachines/jdk1.8.0_201.jdk/Contents/Home/jre/lib/jsse.jar:/Library/Java/JavaVirtualMachines/jdk1.8.0_201.jdk/Contents/Home/jre/lib/jce.jar:/Library/Java/JavaVirtualMachines/jdk1.8.0_201.jdk/Contents/Home/jre/lib/charsets.jar:/Library/Java/JavaVirtualMachines/jdk1.8.0_201.jdk/Contents/Home/jre/lib/jfr.jar:/Library/Java/JavaVirtualMachines/jdk1.8.0_201.jdk/Contents/Home/jre/classes, env.TMPDIR=/var/folders/lj/91x5yt6x07x79t9297g4s5c40000gp/T/, env.PWD=/Users/olamy/dev/sources/maven/plugins/maven-invoker-plugin/target/it/MINVOKER-243_install-reactor, env.LANG=en_AU.UTF-8, java.vm.specification.vendor=Oracle Corporation, java.runtime.version=1.8.0_201-b09, env.Apple_PubSub_Socket_Render=/private/tmp/com.apple.launchd.ZoQ2U5AOOf/Render, project.build.sourceEncoding=UTF-8, user.name=olamy, env.GOOGLE_APPLICATION_CREDENTIALS=/Users/olamy/dev/sources/open-sources/jetty/jetty9-work-30268db71eb2.json, maven.build.version=Apache Maven 3.6.1 (d66c9c0b3152b2e69ee9bac180bb8fcc8e6af555; 2019-04-05T05:00:29+10:00), env.USER=olamy, env.SHELL=/bin/bash, env.__CF_USER_TEXT_ENCODING=0x1F6:0x0:0xF, maven.repo.local=/Users/olamy/dev/sources/maven/plugins/maven-invoker-plugin/target/local-repo, env.PATH=/Users/olamy/softs/google-cloud-sdk/bin:/Users/olamy/softs/maven/apache-maven-3.6.1/bin:/Library/Java/JavaVirtualMachines/jdk1.8.0_121.jdk/Contents/Home//bin:/usr/local/bin:/Users/olamy/softs/maven/apache-maven-3.6.1/bin:/usr/local/bin:/bin:/Library/Java/JavaVirtualMachines/jdk1.8.0_121.jdk/Contents/Home//bin:/usr/local/bin:/opt/subversion/bin:/Users/olamy/softs/apache-ant-1.8.2/bin:/opt/local/bin:/opt/local/sbin:/usr/local/bin:/usr/bin:/bin:/usr/sbin:/sbin:/Applications/Wireshark.app/Contents/MacOS:/usr/local/share/npm/bin:/Users/olamy/softs/google-cloud-sdk/bin:/Users/olamy/softs/maven/mvnsh-master/bin/mvnsh:/Users/olamy/softs/j2objc-2.0/:/Users/olamy/dev/sources/jenkins/support-shinobi-tools/exec, user.language=en, sun.boot.library.path=/Library/Java/JavaVirtualMachines/jdk1.8.0_201.jdk/Contents/Home/jre/lib, classworlds.conf=/Users/olamy/softs/maven/apache-maven-3.6.1/bin/m2.conf, env.XPC_FLAGS=0x0, java.version=1.8.0_201, user.timezone=, sun.arch.data.model=64, http.nonProxyHosts=local|*.local|169.254/16|*.169.254/16, java.endorsed.dirs=/Library/Java/JavaVirtualMachines/jdk1.8.0_201.jdk/Contents/Home/jre/lib/endorsed, sun.cpu.isalist=, sun.jnu.encoding=UTF-8, file.encoding.pkg=sun.io, env.SHLVL=2, file.separator=/, java.specification.name=Java Platform API Specification, maven.conf=/Users/olamy/softs/maven/apache-maven-3.6.1/conf, java.class.version=52.0, user.country=AU, java.home=/Library/Java/JavaVirtualMachines/jdk1.8.0_201.jdk/Contents/Home/jre, java.vm.info=mixed mode, env.LOGNAME=olamy, os.version=10.14.5, maven.compiler.target=1.7, env.TERM_PROGRAM_VERSION=421.2, env.GCLOUD_PATH=/Users/olamy/softs/google-cloud-sdk, path.separator=:, java.vm.version=25.201-b09, it.settings-inherit=exists, env.JAVA_HOME=/Library/Java/JavaVirtualMachines/jdk1.8.0_201.jdk/Contents/Home, java.awt.printerjob=sun.lwawt.macosx.CPrinterJob, env.TERM=xterm-256color, sun.io.unicode.encoding=UnicodeBig, awt.toolkit=sun.lwawt.macosx.LWCToolkit, socksNonProxyHosts=local|*.local|169.254/16|*.169.254/16, ftp.nonProxyHosts=local|*.local|169.254/16|*.169.254/16, env.BORINGSSL_HOME=/Users/olamy/dev/sources/open-sources/jetty/boringssl, user.home=/Users/olamy, env.OLDPWD=/Users/olamy/dev/sources/maven/plugins/maven-invoker-plugin/target/it/MINVOKER-243_install-reactor, java.specification.vendor=Oracle Corporation, env.TERM_PROGRAM=Apple_Terminal, env.M2_HOME=/Users/olamy/softs/maven/apache-maven-3.6.1, library.jansi.path=/Users/olamy/softs/maven/apache-maven-3.6.1/lib/jansi-native, java.library.path=/Users/olamy/Library/Java/Extensions:/Library/Java/Extensions:/Network/Library/Java/Extensions:/System/Library/Java/Extensions:/usr/lib/java:., java.vendor.url=http://java.oracle.com/, env.SVN_EDITOR=vi, env.MAVEN_CMD_LINE_ARGS= -B -X -D maven.repo.local=/Users/olamy/dev/sources/maven/plugins/maven-invoker-plugin/target/local-repo -s /Users/olamy/dev/sources/maven/plugins/maven-invoker-plugin/target/it/interpolated-settings.xml -D maven.compiler.source=1.7 -D maven.compiler.target=1.7 verify, java.vm.vendor=Oracle Corporation, gopherProxySet=false, invoker.repo.local=/Users/olamy/.m2/repository, maven.home=/Users/olamy/softs/maven/apache-maven-3.6.1, java.runtime.name=Java(TM) SE Runtime Environment, sun.java.command=org.codehaus.plexus.classworlds.launcher.Launcher -B -X -D maven.repo.local=/Users/olamy/dev/sources/maven/plugins/maven-invoker-plugin/target/local-repo -s /Users/olamy/dev/sources/maven/plugins/maven-invoker-plugin/target/it/interpolated-settings.xml -D maven.compiler.source=1.7 -D maven.compiler.target=1.7 verify, java.class.path=/Users/olamy/softs/maven/apache-maven-3.6.1/boot/plexus-classworlds-2.6.0.jar, env.MAVEN_TERMINATE_CMD=on, env.TERM_SESSION_ID=ABBFB5AA-DE1F-44BA-B4DA-18751C4E4E7C, env.CB_SUPPORT_HOME=/Users/olamy/cbsupporthome, env.JENKINS_MAVEN_AGENT_DISABLED=true, maven.version=3.6.1, java.vm.specification.name=Java Virtual Machine Specification, java.vm.specification.version=1.8, sun.cpu.endian=little, sun.os.patch.level=unknown, env.HOME=/Users/olamy, env.ANT_HOME=/Users/olamy/softs/apache-ant-1.8.2, java.io.tmpdir=/Users/olamy/dev/sources/maven/plugins/maven-invoker-plugin/target, java.vendor.url.bug=http://bugreport.sun.com/bugreport/, maven.multiModuleProjectDirectory=/Users/olamy/dev/sources/maven/plugins/maven-invoker-plugin/target/it/MINVOKER-243_install-reactor, env.MAVEN_OPTS= -Djava.io.tmpdir=/Users/olamy/dev/sources/maven/plugins/maven-invoker-plugin/target, env.SSH_AUTH_SOCK=/private/tmp/com.apple.launchd.fc2cpAmwf1/Listeners, maven.compiler.source=1.7, os.arch=x86_64, java.awt.graphicsenv=sun.awt.CGraphicsEnvironment, java.ext.dirs=/Users/olamy/Library/Java/Extensions:/Library/Java/JavaVirtualMachines/jdk1.8.0_201.jdk/Contents/Home/jre/lib/ext:/Library/Java/Extensions:/Network/Library/Java/Extensions:/System/Library/Java/Extensions:/usr/lib/java, user.dir=/Users/olamy/dev/sources/maven/plugins/maven-invoker-plugin/target/it/MINVOKER-243_install-reactor, it.settings-merge.1=exists, env.JAVA_MAIN_CLASS_54907=org.codehaus.plexus.classworlds.launcher.Launcher, line.separator=
, java.vm.name=Java HotSpot(TM) 64-Bit Server VM, file.encoding=UTF-8, env.JAVA_MAIN_CLASS_54116=org.codehaus.plexus.classworlds.launcher.Launcher, java.specification.version=1.8, env.MAVEN_PROJECTBASEDIR=/Users/olamy/dev/sources/maven/plugins/maven-invoker-plugin/target/it/MINVOKER-243_install-reactor}
[INFO] Using &apos;UTF-8&apos; encoding to copy filtered resources.
[DEBUG] resource with targetPath null
directory /Users/olamy/dev/sources/maven/plugins/maven-invoker-plugin/target/it/MINVOKER-243_install-reactor/module-b/src/main/resources
excludes []
includes []
[INFO] skip non existing resourceDirectory /Users/olamy/dev/sources/maven/plugins/maven-invoker-plugin/target/it/MINVOKER-243_install-reactor/module-b/src/main/resources
[DEBUG] no use filter components
[INFO] 
[INFO] --- maven-compiler-plugin:3.1:compile (default-compile) @ minvoker251-b ---
[DEBUG] Configuring mojo org.apache.maven.plugins:maven-compiler-plugin:3.1:compile from plugin realm ClassRealm[plugin&gt;org.apache.maven.plugins:maven-compiler-plugin:3.1, parent: sun.misc.Launcher$AppClassLoader@5c647e05]
[DEBUG] Configuring mojo &apos;org.apache.maven.plugins:maven-compiler-plugin:3.1:compile&apos; with basic configurator --&gt;
[DEBUG]   (f) basedir = /Users/olamy/dev/sources/maven/plugins/maven-invoker-plugin/target/it/MINVOKER-243_install-reactor/module-b
[DEBUG]   (f) buildDirectory = /Users/olamy/dev/sources/maven/plugins/maven-invoker-plugin/target/it/MINVOKER-243_install-reactor/module-b/target
[DEBUG]   (f) classpathElements = [/Users/olamy/dev/sources/maven/plugins/maven-invoker-plugin/target/it/MINVOKER-243_install-reactor/module-b/target/classes, /Users/olamy/dev/sources/maven/plugins/maven-invoker-plugin/target/it/MINVOKER-243_install-reactor/module-a/target/minvoker251-a-1.0-SNAPSHOT.jar]
[DEBUG]   (f) compileSourceRoots = [/Users/olamy/dev/sources/maven/plugins/maven-invoker-plugin/target/it/MINVOKER-243_install-reactor/module-b/src/main/java]
[DEBUG]   (f) compilerId = javac
[DEBUG]   (f) debug = true
[DEBUG]   (f) encoding = UTF-8
[DEBUG]   (f) failOnError = true
[DEBUG]   (f) forceJavacCompilerUse = false
[DEBUG]   (f) fork = false
[DEBUG]   (f) generatedSourcesDirectory = /Users/olamy/dev/sources/maven/plugins/maven-invoker-plugin/target/it/MINVOKER-243_install-reactor/module-b/target/generated-sources/annotations
[DEBUG]   (f) mojoExecution = org.apache.maven.plugins:maven-compiler-plugin:3.1:compile {execution: default-compile}
[DEBUG]   (f) optimize = false
[DEBUG]   (f) outputDirectory = /Users/olamy/dev/sources/maven/plugins/maven-invoker-plugin/target/it/MINVOKER-243_install-reactor/module-b/target/classes
[DEBUG]   (f) projectArtifact = org.apache.maven.plugins.invoker:minvoker251-b:jar:1.0-SNAPSHOT
[DEBUG]   (f) showDeprecation = false
[DEBUG]   (f) showWarnings = false
[DEBUG]   (f) skipMultiThreadWarning = false
[DEBUG]   (f) source = 1.7
[DEBUG]   (f) staleMillis = 0
[DEBUG]   (f) target = 1.7
[DEBUG]   (f) useIncrementalCompilation = true
[DEBUG]   (f) verbose = false
[DEBUG]   (f) mavenSession = org.apache.maven.execution.MavenSession@37eeec90
[DEBUG]   (f) session = org.apache.maven.execution.MavenSession@37eeec90
[DEBUG] -- end configuration --
[DEBUG] Using compiler &apos;javac&apos;.
[INFO] No sources to compile
[INFO] 
[INFO] --- maven-resources-plugin:2.6:testResources (default-testResources) @ minvoker251-b ---
[DEBUG] Configuring mojo org.apache.maven.plugins:maven-resources-plugin:2.6:testResources from plugin realm ClassRealm[plugin&gt;org.apache.maven.plugins:maven-resources-plugin:2.6, parent: sun.misc.Launcher$AppClassLoader@5c647e05]
[DEBUG] Configuring mojo &apos;org.apache.maven.plugins:maven-resources-plugin:2.6:testResources&apos; with basic configurator --&gt;
[DEBUG]   (f) buildFilters = []
[DEBUG]   (f) encoding = UTF-8
[DEBUG]   (f) escapeWindowsPaths = true
[DEBUG]   (s) includeEmptyDirs = false
[DEBUG]   (s) outputDirectory = /Users/olamy/dev/sources/maven/plugins/maven-invoker-plugin/target/it/MINVOKER-243_install-reactor/module-b/target/test-classes
[DEBUG]   (s) overwrite = false
[DEBUG]   (f) project = MavenProject: org.apache.maven.plugins.invoker:minvoker251-b:1.0-SNAPSHOT @ /Users/olamy/dev/sources/maven/plugins/maven-invoker-plugin/target/it/MINVOKER-243_install-reactor/module-b/pom.xml
[DEBUG]   (s) resources = [Resource {targetPath: null, filtering: false, FileSet {directory: /Users/olamy/dev/sources/maven/plugins/maven-invoker-plugin/target/it/MINVOKER-243_install-reactor/module-b/src/test/resources, PatternSet [includes: {}, excludes: {}]}}]
[DEBUG]   (f) session = org.apache.maven.execution.MavenSession@37eeec90
[DEBUG]   (f) supportMultiLineFiltering = false
[DEBUG]   (f) useBuildFilters = true
[DEBUG]   (s) useDefaultDelimiters = true
[DEBUG] -- end configuration --
[DEBUG] properties used {java.vendor=Oracle Corporation, sun.java.launcher=SUN_STANDARD, env.XPC_SERVICE_NAME=0, sun.management.compiler=HotSpot 64-Bit Tiered Compilers, env.SECURITYSESSIONID=186a9, env.DOCKER_HOST=unix:///var/run/docker.sock, os.name=Mac OS X, sun.boot.class.path=/Library/Java/JavaVirtualMachines/jdk1.8.0_201.jdk/Contents/Home/jre/lib/resources.jar:/Library/Java/JavaVirtualMachines/jdk1.8.0_201.jdk/Contents/Home/jre/lib/rt.jar:/Library/Java/JavaVirtualMachines/jdk1.8.0_201.jdk/Contents/Home/jre/lib/sunrsasign.jar:/Library/Java/JavaVirtualMachines/jdk1.8.0_201.jdk/Contents/Home/jre/lib/jsse.jar:/Library/Java/JavaVirtualMachines/jdk1.8.0_201.jdk/Contents/Home/jre/lib/jce.jar:/Library/Java/JavaVirtualMachines/jdk1.8.0_201.jdk/Contents/Home/jre/lib/charsets.jar:/Library/Java/JavaVirtualMachines/jdk1.8.0_201.jdk/Contents/Home/jre/lib/jfr.jar:/Library/Java/JavaVirtualMachines/jdk1.8.0_201.jdk/Contents/Home/jre/classes, env.TMPDIR=/var/folders/lj/91x5yt6x07x79t9297g4s5c40000gp/T/, env.PWD=/Users/olamy/dev/sources/maven/plugins/maven-invoker-plugin/target/it/MINVOKER-243_install-reactor, env.LANG=en_AU.UTF-8, java.vm.specification.vendor=Oracle Corporation, java.runtime.version=1.8.0_201-b09, env.Apple_PubSub_Socket_Render=/private/tmp/com.apple.launchd.ZoQ2U5AOOf/Render, project.build.sourceEncoding=UTF-8, user.name=olamy, env.GOOGLE_APPLICATION_CREDENTIALS=/Users/olamy/dev/sources/open-sources/jetty/jetty9-work-30268db71eb2.json, maven.build.version=Apache Maven 3.6.1 (d66c9c0b3152b2e69ee9bac180bb8fcc8e6af555; 2019-04-05T05:00:29+10:00), env.USER=olamy, env.SHELL=/bin/bash, env.__CF_USER_TEXT_ENCODING=0x1F6:0x0:0xF, maven.repo.local=/Users/olamy/dev/sources/maven/plugins/maven-invoker-plugin/target/local-repo, env.PATH=/Users/olamy/softs/google-cloud-sdk/bin:/Users/olamy/softs/maven/apache-maven-3.6.1/bin:/Library/Java/JavaVirtualMachines/jdk1.8.0_121.jdk/Contents/Home//bin:/usr/local/bin:/Users/olamy/softs/maven/apache-maven-3.6.1/bin:/usr/local/bin:/bin:/Library/Java/JavaVirtualMachines/jdk1.8.0_121.jdk/Contents/Home//bin:/usr/local/bin:/opt/subversion/bin:/Users/olamy/softs/apache-ant-1.8.2/bin:/opt/local/bin:/opt/local/sbin:/usr/local/bin:/usr/bin:/bin:/usr/sbin:/sbin:/Applications/Wireshark.app/Contents/MacOS:/usr/local/share/npm/bin:/Users/olamy/softs/google-cloud-sdk/bin:/Users/olamy/softs/maven/mvnsh-master/bin/mvnsh:/Users/olamy/softs/j2objc-2.0/:/Users/olamy/dev/sources/jenkins/support-shinobi-tools/exec, user.language=en, sun.boot.library.path=/Library/Java/JavaVirtualMachines/jdk1.8.0_201.jdk/Contents/Home/jre/lib, classworlds.conf=/Users/olamy/softs/maven/apache-maven-3.6.1/bin/m2.conf, env.XPC_FLAGS=0x0, java.version=1.8.0_201, user.timezone=, sun.arch.data.model=64, http.nonProxyHosts=local|*.local|169.254/16|*.169.254/16, java.endorsed.dirs=/Library/Java/JavaVirtualMachines/jdk1.8.0_201.jdk/Contents/Home/jre/lib/endorsed, sun.cpu.isalist=, sun.jnu.encoding=UTF-8, file.encoding.pkg=sun.io, env.SHLVL=2, file.separator=/, java.specification.name=Java Platform API Specification, maven.conf=/Users/olamy/softs/maven/apache-maven-3.6.1/conf, java.class.version=52.0, user.country=AU, java.home=/Library/Java/JavaVirtualMachines/jdk1.8.0_201.jdk/Contents/Home/jre, java.vm.info=mixed mode, env.LOGNAME=olamy, os.version=10.14.5, maven.compiler.target=1.7, env.TERM_PROGRAM_VERSION=421.2, env.GCLOUD_PATH=/Users/olamy/softs/google-cloud-sdk, path.separator=:, java.vm.version=25.201-b09, it.settings-inherit=exists, env.JAVA_HOME=/Library/Java/JavaVirtualMachines/jdk1.8.0_201.jdk/Contents/Home, java.awt.printerjob=sun.lwawt.macosx.CPrinterJob, env.TERM=xterm-256color, sun.io.unicode.encoding=UnicodeBig, awt.toolkit=sun.lwawt.macosx.LWCToolkit, socksNonProxyHosts=local|*.local|169.254/16|*.169.254/16, ftp.nonProxyHosts=local|*.local|169.254/16|*.169.254/16, env.BORINGSSL_HOME=/Users/olamy/dev/sources/open-sources/jetty/boringssl, user.home=/Users/olamy, env.OLDPWD=/Users/olamy/dev/sources/maven/plugins/maven-invoker-plugin/target/it/MINVOKER-243_install-reactor, java.specification.vendor=Oracle Corporation, env.TERM_PROGRAM=Apple_Terminal, env.M2_HOME=/Users/olamy/softs/maven/apache-maven-3.6.1, library.jansi.path=/Users/olamy/softs/maven/apache-maven-3.6.1/lib/jansi-native, java.library.path=/Users/olamy/Library/Java/Extensions:/Library/Java/Extensions:/Network/Library/Java/Extensions:/System/Library/Java/Extensions:/usr/lib/java:., java.vendor.url=http://java.oracle.com/, env.SVN_EDITOR=vi, env.MAVEN_CMD_LINE_ARGS= -B -X -D maven.repo.local=/Users/olamy/dev/sources/maven/plugins/maven-invoker-plugin/target/local-repo -s /Users/olamy/dev/sources/maven/plugins/maven-invoker-plugin/target/it/interpolated-settings.xml -D maven.compiler.source=1.7 -D maven.compiler.target=1.7 verify, java.vm.vendor=Oracle Corporation, gopherProxySet=false, invoker.repo.local=/Users/olamy/.m2/repository, maven.home=/Users/olamy/softs/maven/apache-maven-3.6.1, java.runtime.name=Java(TM) SE Runtime Environment, sun.java.command=org.codehaus.plexus.classworlds.launcher.Launcher -B -X -D maven.repo.local=/Users/olamy/dev/sources/maven/plugins/maven-invoker-plugin/target/local-repo -s /Users/olamy/dev/sources/maven/plugins/maven-invoker-plugin/target/it/interpolated-settings.xml -D maven.compiler.source=1.7 -D maven.compiler.target=1.7 verify, java.class.path=/Users/olamy/softs/maven/apache-maven-3.6.1/boot/plexus-classworlds-2.6.0.jar, env.MAVEN_TERMINATE_CMD=on, env.TERM_SESSION_ID=ABBFB5AA-DE1F-44BA-B4DA-18751C4E4E7C, env.CB_SUPPORT_HOME=/Users/olamy/cbsupporthome, env.JENKINS_MAVEN_AGENT_DISABLED=true, maven.version=3.6.1, java.vm.specification.name=Java Virtual Machine Specification, java.vm.specification.version=1.8, sun.cpu.endian=little, sun.os.patch.level=unknown, env.HOME=/Users/olamy, env.ANT_HOME=/Users/olamy/softs/apache-ant-1.8.2, java.io.tmpdir=/Users/olamy/dev/sources/maven/plugins/maven-invoker-plugin/target, java.vendor.url.bug=http://bugreport.sun.com/bugreport/, maven.multiModuleProjectDirectory=/Users/olamy/dev/sources/maven/plugins/maven-invoker-plugin/target/it/MINVOKER-243_install-reactor, env.MAVEN_OPTS= -Djava.io.tmpdir=/Users/olamy/dev/sources/maven/plugins/maven-invoker-plugin/target, env.SSH_AUTH_SOCK=/private/tmp/com.apple.launchd.fc2cpAmwf1/Listeners, maven.compiler.source=1.7, os.arch=x86_64, java.awt.graphicsenv=sun.awt.CGraphicsEnvironment, java.ext.dirs=/Users/olamy/Library/Java/Extensions:/Library/Java/JavaVirtualMachines/jdk1.8.0_201.jdk/Contents/Home/jre/lib/ext:/Library/Java/Extensions:/Network/Library/Java/Extensions:/System/Library/Java/Extensions:/usr/lib/java, user.dir=/Users/olamy/dev/sources/maven/plugins/maven-invoker-plugin/target/it/MINVOKER-243_install-reactor, it.settings-merge.1=exists, env.JAVA_MAIN_CLASS_54907=org.codehaus.plexus.classworlds.launcher.Launcher, line.separator=
, java.vm.name=Java HotSpot(TM) 64-Bit Server VM, file.encoding=UTF-8, env.JAVA_MAIN_CLASS_54116=org.codehaus.plexus.classworlds.launcher.Launcher, java.specification.version=1.8, env.MAVEN_PROJECTBASEDIR=/Users/olamy/dev/sources/maven/plugins/maven-invoker-plugin/target/it/MINVOKER-243_install-reactor}
[INFO] Using &apos;UTF-8&apos; encoding to copy filtered resources.
[DEBUG] resource with targetPath null
directory /Users/olamy/dev/sources/maven/plugins/maven-invoker-plugin/target/it/MINVOKER-243_install-reactor/module-b/src/test/resources
excludes []
includes []
[INFO] skip non existing resourceDirectory /Users/olamy/dev/sources/maven/plugins/maven-invoker-plugin/target/it/MINVOKER-243_install-reactor/module-b/src/test/resources
[DEBUG] no use filter components
[INFO] 
[INFO] --- maven-compiler-plugin:3.1:testCompile (default-testCompile) @ minvoker251-b ---
[DEBUG] Configuring mojo org.apache.maven.plugins:maven-compiler-plugin:3.1:testCompile from plugin realm ClassRealm[plugin&gt;org.apache.maven.plugins:maven-compiler-plugin:3.1, parent: sun.misc.Launcher$AppClassLoader@5c647e05]
[DEBUG] Configuring mojo &apos;org.apache.maven.plugins:maven-compiler-plugin:3.1:testCompile&apos; with basic configurator --&gt;
[DEBUG]   (f) basedir = /Users/olamy/dev/sources/maven/plugins/maven-invoker-plugin/target/it/MINVOKER-243_install-reactor/module-b
[DEBUG]   (f) buildDirectory = /Users/olamy/dev/sources/maven/plugins/maven-invoker-plugin/target/it/MINVOKER-243_install-reactor/module-b/target
[DEBUG]   (f) classpathElements = [/Users/olamy/dev/sources/maven/plugins/maven-invoker-plugin/target/it/MINVOKER-243_install-reactor/module-b/target/test-classes, /Users/olamy/dev/sources/maven/plugins/maven-invoker-plugin/target/it/MINVOKER-243_install-reactor/module-b/target/classes, /Users/olamy/dev/sources/maven/plugins/maven-invoker-plugin/target/it/MINVOKER-243_install-reactor/module-a/target/minvoker251-a-1.0-SNAPSHOT.jar]
[DEBUG]   (f) compileSourceRoots = [/Users/olamy/dev/sources/maven/plugins/maven-invoker-plugin/target/it/MINVOKER-243_install-reactor/module-b/src/test/java]
[DEBUG]   (f) compilerId = javac
[DEBUG]   (f) debug = true
[DEBUG]   (f) encoding = UTF-8
[DEBUG]   (f) failOnError = true
[DEBUG]   (f) forceJavacCompilerUse = false
[DEBUG]   (f) fork = false
[DEBUG]   (f) generatedTestSourcesDirectory = /Users/olamy/dev/sources/maven/plugins/maven-invoker-plugin/target/it/MINVOKER-243_install-reactor/module-b/target/generated-test-sources/test-annotations
[DEBUG]   (f) mojoExecution = org.apache.maven.plugins:maven-compiler-plugin:3.1:testCompile {execution: default-testCompile}
[DEBUG]   (f) optimize = false
[DEBUG]   (f) outputDirectory = /Users/olamy/dev/sources/maven/plugins/maven-invoker-plugin/target/it/MINVOKER-243_install-reactor/module-b/target/test-classes
[DEBUG]   (f) showDeprecation = false
[DEBUG]   (f) showWarnings = false
[DEBUG]   (f) skipMultiThreadWarning = false
[DEBUG]   (f) source = 1.7
[DEBUG]   (f) staleMillis = 0
[DEBUG]   (f) target = 1.7
[DEBUG]   (f) useIncrementalCompilation = true
[DEBUG]   (f) verbose = false
[DEBUG]   (f) mavenSession = org.apache.maven.execution.MavenSession@37eeec90
[DEBUG]   (f) session = org.apache.maven.execution.MavenSession@37eeec90
[DEBUG] -- end configuration --
[DEBUG] Using compiler &apos;javac&apos;.
[INFO] No sources to compile
[INFO] 
[INFO] --- maven-surefire-plugin:2.12.4:test (default-test) @ minvoker251-b ---
[DEBUG] Configuring mojo org.apache.maven.plugins:maven-surefire-plugin:2.12.4:test from plugin realm ClassRealm[plugin&gt;org.apache.maven.plugins:maven-surefire-plugin:2.12.4, parent: sun.misc.Launcher$AppClassLoader@5c647e05]
[DEBUG] Configuring mojo &apos;org.apache.maven.plugins:maven-surefire-plugin:2.12.4:test&apos; with basic configurator --&gt;
[DEBUG]   (s) basedir = /Users/olamy/dev/sources/maven/plugins/maven-invoker-plugin/target/it/MINVOKER-243_install-reactor/module-b
[DEBUG]   (s) childDelegation = false
[DEBUG]   (s) classesDirectory = /Users/olamy/dev/sources/maven/plugins/maven-invoker-plugin/target/it/MINVOKER-243_install-reactor/module-b/target/classes
[DEBUG]   (s) disableXmlReport = false
[DEBUG]   (s) enableAssertions = true
[DEBUG]   (s) forkMode = once
[DEBUG]   (s) junitArtifactName = junit:junit
[DEBUG]   (s) localRepository =       id: local
      url: file:///Users/olamy/dev/sources/maven/plugins/maven-invoker-plugin/target/local-repo/
   layout: default
snapshots: [enabled =&gt; true, update =&gt; always]
 releases: [enabled =&gt; true, update =&gt; always]

[DEBUG]   (f) parallelMavenExecution = false
[DEBUG]   (s) perCoreThreadCount = true
[DEBUG]   (s) pluginArtifactMap = {org.apache.maven.plugins:maven-surefire-plugin=org.apache.maven.plugins:maven-surefire-plugin:maven-plugin:2.12.4:, org.apache.maven:maven-plugin-api=org.apache.maven:maven-plugin-api:jar:2.0.9:compile, org.apache.maven.surefire:surefire-booter=org.apache.maven.surefire:surefire-booter:jar:2.12.4:compile, org.apache.maven.surefire:surefire-api=org.apache.maven.surefire:surefire-api:jar:2.12.4:compile, org.apache.maven.surefire:maven-surefire-common=org.apache.maven.surefire:maven-surefire-common:jar:2.12.4:compile, org.apache.commons:commons-lang3=org.apache.commons:commons-lang3:jar:3.1:compile, org.apache.maven.shared:maven-common-artifact-filters=org.apache.maven.shared:maven-common-artifact-filters:jar:1.3:compile, org.codehaus.plexus:plexus-utils=org.codehaus.plexus:plexus-utils:jar:3.0.8:compile, org.apache.maven:maven-artifact=org.apache.maven:maven-artifact:jar:2.0.9:compile, org.apache.maven:maven-project=org.apache.maven:maven-project:jar:2.0.9:compile, org.apache.maven:maven-settings=org.apache.maven:maven-settings:jar:2.0.9:compile, org.apache.maven:maven-profile=org.apache.maven:maven-profile:jar:2.0.9:compile, org.apache.maven:maven-model=org.apache.maven:maven-model:jar:2.0.9:compile, org.apache.maven:maven-artifact-manager=org.apache.maven:maven-artifact-manager:jar:2.0.9:compile, org.apache.maven:maven-plugin-registry=org.apache.maven:maven-plugin-registry:jar:2.0.9:compile, org.codehaus.plexus:plexus-container-default=org.codehaus.plexus:plexus-container-default:jar:1.0-alpha-9-stable-1:compile, org.apache.maven:maven-core=org.apache.maven:maven-core:jar:2.0.9:compile, org.apache.maven:maven-plugin-parameter-documenter=org.apache.maven:maven-plugin-parameter-documenter:jar:2.0.9:compile, org.apache.maven.reporting:maven-reporting-api=org.apache.maven.reporting:maven-reporting-api:jar:2.0.9:compile, org.apache.maven:maven-repository-metadata=org.apache.maven:maven-repository-metadata:jar:2.0.9:compile, org.apache.maven:maven-error-diagnostics=org.apache.maven:maven-error-diagnostics:jar:2.0.9:compile, org.apache.maven:maven-plugin-descriptor=org.apache.maven:maven-plugin-descriptor:jar:2.0.9:compile, org.apache.maven:maven-monitor=org.apache.maven:maven-monitor:jar:2.0.9:compile, classworlds:classworlds=classworlds:classworlds:jar:1.1:compile, org.apache.maven:maven-toolchain=org.apache.maven:maven-toolchain:jar:2.0.9:compile, org.apache.maven.plugin-tools:maven-plugin-annotations=org.apache.maven.plugin-tools:maven-plugin-annotations:jar:3.1:compile}
[DEBUG]   (f) pluginDescriptor = Component Descriptor: role: &apos;org.apache.maven.plugin.Mojo&apos;, implementation: &apos;org.apache.maven.plugin.surefire.HelpMojo&apos;, role hint: &apos;org.apache.maven.plugins:maven-surefire-plugin:2.12.4:help&apos;
role: &apos;org.apache.maven.plugin.Mojo&apos;, implementation: &apos;org.apache.maven.plugin.surefire.SurefirePlugin&apos;, role hint: &apos;org.apache.maven.plugins:maven-surefire-plugin:2.12.4:test&apos;
---
[DEBUG]   (s) printSummary = true
[DEBUG]   (s) projectArtifactMap = {org.apache.maven.plugins.invoker:minvoker251-a=org.apache.maven.plugins.invoker:minvoker251-a:jar:1.0-SNAPSHOT:compile}
[DEBUG]   (s) redirectTestOutputToFile = false
[DEBUG]   (s) remoteRepositories = [      id: local.central
      url: file:///Users/olamy/.m2/repository
   layout: default
snapshots: [enabled =&gt; true, update =&gt; daily]
 releases: [enabled =&gt; true, update =&gt; daily]
,       id: apache.snapshots
      url: http://repository.apache.org/content/groups/snapshots-group/
   layout: default
snapshots: [enabled =&gt; true, update =&gt; daily]
 releases: [enabled =&gt; false, update =&gt; daily]
,       id: central
      url: https://repo.maven.apache.org/maven2
   layout: default
snapshots: [enabled =&gt; false, update =&gt; daily]
 releases: [enabled =&gt; true, update =&gt; never]
]
[DEBUG]   (s) reportFormat = brief
[DEBUG]   (s) reportsDirectory = /Users/olamy/dev/sources/maven/plugins/maven-invoker-plugin/target/it/MINVOKER-243_install-reactor/module-b/target/surefire-reports
[DEBUG]   (s) runOrder = filesystem
[DEBUG]   (s) skip = false
[DEBUG]   (s) skipTests = false
[DEBUG]   (s) testClassesDirectory = /Users/olamy/dev/sources/maven/plugins/maven-invoker-plugin/target/it/MINVOKER-243_install-reactor/module-b/target/test-classes
[DEBUG]   (s) testFailureIgnore = false
[DEBUG]   (s) testNGArtifactName = org.testng:testng
[DEBUG]   (s) testSourceDirectory = /Users/olamy/dev/sources/maven/plugins/maven-invoker-plugin/target/it/MINVOKER-243_install-reactor/module-b/src/test/java
[DEBUG]   (s) trimStackTrace = true
[DEBUG]   (s) useFile = true
[DEBUG]   (s) useManifestOnlyJar = true
[DEBUG]   (s) useSystemClassLoader = true
[DEBUG]   (s) useUnlimitedThreads = false
[DEBUG]   (s) workingDirectory = /Users/olamy/dev/sources/maven/plugins/maven-invoker-plugin/target/it/MINVOKER-243_install-reactor/module-b
[DEBUG]   (s) project = MavenProject: org.apache.maven.plugins.invoker:minvoker251-b:1.0-SNAPSHOT @ /Users/olamy/dev/sources/maven/plugins/maven-invoker-plugin/target/it/MINVOKER-243_install-reactor/module-b/pom.xml
[DEBUG]   (s) session = org.apache.maven.execution.MavenSession@37eeec90
[DEBUG] -- end configuration --
[INFO] No tests to run.
[INFO] 
[INFO] --- maven-jar-plugin:2.4:jar (default-jar) @ minvoker251-b ---
[DEBUG] Configuring mojo org.apache.maven.plugins:maven-jar-plugin:2.4:jar from plugin realm ClassRealm[plugin&gt;org.apache.maven.plugins:maven-jar-plugin:2.4, parent: sun.misc.Launcher$AppClassLoader@5c647e05]
[DEBUG] Configuring mojo &apos;org.apache.maven.plugins:maven-jar-plugin:2.4:jar&apos; with basic configurator --&gt;
[DEBUG]   (f) classesDirectory = /Users/olamy/dev/sources/maven/plugins/maven-invoker-plugin/target/it/MINVOKER-243_install-reactor/module-b/target/classes
[DEBUG]   (f) defaultManifestFile = /Users/olamy/dev/sources/maven/plugins/maven-invoker-plugin/target/it/MINVOKER-243_install-reactor/module-b/target/classes/META-INF/MANIFEST.MF
[DEBUG]   (f) finalName = minvoker251-b-1.0-SNAPSHOT
[DEBUG]   (f) forceCreation = false
[DEBUG]   (f) outputDirectory = /Users/olamy/dev/sources/maven/plugins/maven-invoker-plugin/target/it/MINVOKER-243_install-reactor/module-b/target
[DEBUG]   (f) project = MavenProject: org.apache.maven.plugins.invoker:minvoker251-b:1.0-SNAPSHOT @ /Users/olamy/dev/sources/maven/plugins/maven-invoker-plugin/target/it/MINVOKER-243_install-reactor/module-b/pom.xml
[DEBUG]   (f) session = org.apache.maven.execution.MavenSession@37eeec90
[DEBUG]   (f) skipIfEmpty = false
[DEBUG]   (f) useDefaultManifestFile = false
[DEBUG] -- end configuration --
[WARNING] JAR will be empty - no content was marked for inclusion!
[DEBUG] isUp2date: false (Destination /Users/olamy/dev/sources/maven/plugins/maven-invoker-plugin/target/it/MINVOKER-243_install-reactor/module-b/target/minvoker251-b-1.0-SNAPSHOT.jar not found.)
[INFO] Building jar: /Users/olamy/dev/sources/maven/plugins/maven-invoker-plugin/target/it/MINVOKER-243_install-reactor/module-b/target/minvoker251-b-1.0-SNAPSHOT.jar
[DEBUG] adding directory META-INF/
[DEBUG] adding entry META-INF/MANIFEST.MF
[DEBUG] adding directory META-INF/maven/
[DEBUG] adding directory META-INF/maven/org.apache.maven.plugins.invoker/
[DEBUG] adding directory META-INF/maven/org.apache.maven.plugins.invoker/minvoker251-b/
[DEBUG] adding entry META-INF/maven/org.apache.maven.plugins.invoker/minvoker251-b/pom.xml
[DEBUG] adding entry META-INF/maven/org.apache.maven.plugins.invoker/minvoker251-b/pom.properties
[INFO] 
[INFO] --------&lt; org.apache.maven.plugins.invoker:minvoker251-plugin &gt;---------
[INFO] Building minvoker251-plugin 1.0-SNAPSHOT                           [4/4]
[INFO] --------------------------------[ jar ]---------------------------------
[DEBUG] Lifecycle default -&gt; [validate, initialize, generate-sources, process-sources, generate-resources, process-resources, compile, process-classes, generate-test-sources, process-test-sources, generate-test-resources, process-test-resources, test-compile, process-test-classes, test, prepare-package, package, pre-integration-test, integration-test, post-integration-test, verify, install, deploy]
[DEBUG] Lifecycle clean -&gt; [pre-clean, clean, post-clean]
[DEBUG] Lifecycle site -&gt; [pre-site, site, post-site, site-deploy]
[DEBUG] Skipped remote request for org.apache.maven.plugins:maven-invoker-plugin:3.2.1-SNAPSHOT/maven-metadata.xml locally installed metadata up-to-date.
[DEBUG] Skipped remote request for org.apache.maven.plugins:maven-invoker-plugin:3.2.1-SNAPSHOT/maven-metadata.xml locally installed metadata up-to-date.
[DEBUG] Skipped remote request for org.apache.maven.plugins:maven-invoker-plugin:3.2.1-SNAPSHOT/maven-metadata.xml locally installed metadata up-to-date.
[DEBUG] Skipped remote request for org.apache.maven.plugins:maven-invoker-plugin:3.2.1-SNAPSHOT/maven-metadata.xml locally installed metadata up-to-date.
[DEBUG] Lifecycle default -&gt; [validate, initialize, generate-sources, process-sources, generate-resources, process-resources, compile, process-classes, generate-test-sources, process-test-sources, generate-test-resources, process-test-resources, test-compile, process-test-classes, test, prepare-package, package, pre-integration-test, integration-test, post-integration-test, verify, install, deploy]
[DEBUG] Lifecycle clean -&gt; [pre-clean, clean, post-clean]
[DEBUG] Lifecycle site -&gt; [pre-site, site, post-site, site-deploy]
[DEBUG] Lifecycle default -&gt; [validate, initialize, generate-sources, process-sources, generate-resources, process-resources, compile, process-classes, generate-test-sources, process-test-sources, generate-test-resources, process-test-resources, test-compile, process-test-classes, test, prepare-package, package, pre-integration-test, integration-test, post-integration-test, verify, install, deploy]
[DEBUG] Lifecycle clean -&gt; [pre-clean, clean, post-clean]
[DEBUG] Lifecycle site -&gt; [pre-site, site, post-site, site-deploy]
[DEBUG] Lifecycle default -&gt; [validate, initialize, generate-sources, process-sources, generate-resources, process-resources, compile, process-classes, generate-test-sources, process-test-sources, generate-test-resources, process-test-resources, test-compile, process-test-classes, test, prepare-package, package, pre-integration-test, integration-test, post-integration-test, verify, install, deploy]
[DEBUG] Lifecycle clean -&gt; [pre-clean, clean, post-clean]
[DEBUG] Lifecycle site -&gt; [pre-site, site, post-site, site-deploy]
[DEBUG] Lifecycle default -&gt; [validate, initialize, generate-sources, process-sources, generate-resources, process-resources, compile, process-classes, generate-test-sources, process-test-sources, generate-test-resources, process-test-resources, test-compile, process-test-classes, test, prepare-package, package, pre-integration-test, integration-test, post-integration-test, verify, install, deploy]
[DEBUG] Lifecycle clean -&gt; [pre-clean, clean, post-clean]
[DEBUG] Lifecycle site -&gt; [pre-site, site, post-site, site-deploy]
[DEBUG] Lifecycle default -&gt; [validate, initialize, generate-sources, process-sources, generate-resources, process-resources, compile, process-classes, generate-test-sources, process-test-sources, generate-test-resources, process-test-resources, test-compile, process-test-classes, test, prepare-package, package, pre-integration-test, integration-test, post-integration-test, verify, install, deploy]
[DEBUG] Lifecycle clean -&gt; [pre-clean, clean, post-clean]
[DEBUG] Lifecycle site -&gt; [pre-site, site, post-site, site-deploy]
[DEBUG] Lifecycle default -&gt; [validate, initialize, generate-sources, process-sources, generate-resources, process-resources, compile, process-classes, generate-test-sources, process-test-sources, generate-test-resources, process-test-resources, test-compile, process-test-classes, test, prepare-package, package, pre-integration-test, integration-test, post-integration-test, verify, install, deploy]
[DEBUG] Lifecycle clean -&gt; [pre-clean, clean, post-clean]
[DEBUG] Lifecycle site -&gt; [pre-site, site, post-site, site-deploy]
[DEBUG] Lifecycle default -&gt; [validate, initialize, generate-sources, process-sources, generate-resources, process-resources, compile, process-classes, generate-test-sources, process-test-sources, generate-test-resources, process-test-resources, test-compile, process-test-classes, test, prepare-package, package, pre-integration-test, integration-test, post-integration-test, verify, install, deploy]
[DEBUG] Lifecycle clean -&gt; [pre-clean, clean, post-clean]
[DEBUG] Lifecycle site -&gt; [pre-site, site, post-site, site-deploy]
[DEBUG] === PROJECT BUILD PLAN ================================================
[DEBUG] Project:       org.apache.maven.plugins.invoker:minvoker251-plugin:1.0-SNAPSHOT
[DEBUG] Dependencies (collect): []
[DEBUG] Dependencies (resolve): [compile, runtime, test]
[DEBUG] Repositories (dependencies): [local.central (file:///Users/olamy/.m2/repository, default, releases+snapshots), apache.snapshots (http://repository.apache.org/content/groups/snapshots-group/, default, snapshots), central (https://repo.maven.apache.org/maven2, default, releases)]
[DEBUG] Repositories (plugins)     : [local.central (file:///Users/olamy/.m2/repository, default, releases+snapshots), apache.snapshots (http://repository.apache.org/content/groups/snapshots-group/, default, snapshots), central (https://repo.maven.apache.org/maven2, default, releases)]
[DEBUG] -----------------------------------------------------------------------
[DEBUG] Goal:          org.apache.maven.plugins:maven-resources-plugin:2.6:resources (default-resources)
[DEBUG] Style:         Regular
[DEBUG] Configuration: &lt;?xml version=&quot;1.0&quot; encoding=&quot;UTF-8&quot;?&gt;
&lt;configuration&gt;
  &lt;buildFilters default-value=&quot;${project.build.filters}&quot;/&gt;
  &lt;encoding default-value=&quot;${project.build.sourceEncoding}&quot;&gt;${encoding}&lt;/encoding&gt;
  &lt;escapeString&gt;${maven.resources.escapeString}&lt;/escapeString&gt;
  &lt;escapeWindowsPaths default-value=&quot;true&quot;&gt;${maven.resources.escapeWindowsPaths}&lt;/escapeWindowsPaths&gt;
  &lt;includeEmptyDirs default-value=&quot;false&quot;&gt;${maven.resources.includeEmptyDirs}&lt;/includeEmptyDirs&gt;
  &lt;outputDirectory default-value=&quot;${project.build.outputDirectory}&quot;/&gt;
  &lt;overwrite default-value=&quot;false&quot;&gt;${maven.resources.overwrite}&lt;/overwrite&gt;
  &lt;project default-value=&quot;${project}&quot;/&gt;
  &lt;resources default-value=&quot;${project.resources}&quot;/&gt;
  &lt;session default-value=&quot;${session}&quot;/&gt;
  &lt;supportMultiLineFiltering default-value=&quot;false&quot;&gt;${maven.resources.supportMultiLineFiltering}&lt;/supportMultiLineFiltering&gt;
  &lt;useBuildFilters default-value=&quot;true&quot;/&gt;
  &lt;useDefaultDelimiters default-value=&quot;true&quot;/&gt;
&lt;/configuration&gt;
[DEBUG] -----------------------------------------------------------------------
[DEBUG] Goal:          org.apache.maven.plugins:maven-compiler-plugin:3.1:compile (default-compile)
[DEBUG] Style:         Regular
[DEBUG] Configuration: &lt;?xml version=&quot;1.0&quot; encoding=&quot;UTF-8&quot;?&gt;
&lt;configuration&gt;
  &lt;basedir default-value=&quot;${basedir}&quot;/&gt;
  &lt;buildDirectory default-value=&quot;${project.build.directory}&quot;/&gt;
  &lt;classpathElements default-value=&quot;${project.compileClasspathElements}&quot;/&gt;
  &lt;compileSourceRoots default-value=&quot;${project.compileSourceRoots}&quot;/&gt;
  &lt;compilerId default-value=&quot;javac&quot;&gt;${maven.compiler.compilerId}&lt;/compilerId&gt;
  &lt;compilerReuseStrategy default-value=&quot;${reuseCreated}&quot;&gt;${maven.compiler.compilerReuseStrategy}&lt;/compilerReuseStrategy&gt;
  &lt;compilerVersion&gt;${maven.compiler.compilerVersion}&lt;/compilerVersion&gt;
  &lt;debug default-value=&quot;true&quot;&gt;${maven.compiler.debug}&lt;/debug&gt;
  &lt;debuglevel&gt;${maven.compiler.debuglevel}&lt;/debuglevel&gt;
  &lt;encoding default-value=&quot;${project.build.sourceEncoding}&quot;&gt;${encoding}&lt;/encoding&gt;
  &lt;executable&gt;${maven.compiler.executable}&lt;/executable&gt;
  &lt;failOnError default-value=&quot;true&quot;&gt;${maven.compiler.failOnError}&lt;/failOnError&gt;
  &lt;forceJavacCompilerUse default-value=&quot;false&quot;&gt;${maven.compiler.forceJavacCompilerUse}&lt;/forceJavacCompilerUse&gt;
  &lt;fork default-value=&quot;false&quot;&gt;${maven.compiler.fork}&lt;/fork&gt;
  &lt;generatedSourcesDirectory default-value=&quot;${project.build.directory}/generated-sources/annotations&quot;/&gt;
  &lt;maxmem&gt;${maven.compiler.maxmem}&lt;/maxmem&gt;
  &lt;meminitial&gt;${maven.compiler.meminitial}&lt;/meminitial&gt;
  &lt;mojoExecution&gt;${mojoExecution}&lt;/mojoExecution&gt;
  &lt;optimize default-value=&quot;false&quot;&gt;${maven.compiler.optimize}&lt;/optimize&gt;
  &lt;outputDirectory default-value=&quot;${project.build.outputDirectory}&quot;/&gt;
  &lt;projectArtifact default-value=&quot;${project.artifact}&quot;/&gt;
  &lt;showDeprecation default-value=&quot;false&quot;&gt;${maven.compiler.showDeprecation}&lt;/showDeprecation&gt;
  &lt;showWarnings default-value=&quot;false&quot;&gt;${maven.compiler.showWarnings}&lt;/showWarnings&gt;
  &lt;skipMain&gt;${maven.main.skip}&lt;/skipMain&gt;
  &lt;skipMultiThreadWarning default-value=&quot;false&quot;&gt;${maven.compiler.skipMultiThreadWarning}&lt;/skipMultiThreadWarning&gt;
  &lt;source default-value=&quot;1.5&quot;&gt;${maven.compiler.source}&lt;/source&gt;
  &lt;staleMillis default-value=&quot;0&quot;&gt;${lastModGranularityMs}&lt;/staleMillis&gt;
  &lt;target default-value=&quot;1.5&quot;&gt;${maven.compiler.target}&lt;/target&gt;
  &lt;useIncrementalCompilation default-value=&quot;true&quot;&gt;${maven.compiler.useIncrementalCompilation}&lt;/useIncrementalCompilation&gt;
  &lt;verbose default-value=&quot;false&quot;&gt;${maven.compiler.verbose}&lt;/verbose&gt;
  &lt;mavenSession default-value=&quot;${session}&quot;/&gt;
  &lt;session default-value=&quot;${session}&quot;/&gt;
&lt;/configuration&gt;
[DEBUG] -----------------------------------------------------------------------
[DEBUG] Goal:          org.apache.maven.plugins:maven-resources-plugin:2.6:testResources (default-testResources)
[DEBUG] Style:         Regular
[DEBUG] Configuration: &lt;?xml version=&quot;1.0&quot; encoding=&quot;UTF-8&quot;?&gt;
&lt;configuration&gt;
  &lt;buildFilters default-value=&quot;${project.build.filters}&quot;/&gt;
  &lt;encoding default-value=&quot;${project.build.sourceEncoding}&quot;&gt;${encoding}&lt;/encoding&gt;
  &lt;escapeString&gt;${maven.resources.escapeString}&lt;/escapeString&gt;
  &lt;escapeWindowsPaths default-value=&quot;true&quot;&gt;${maven.resources.escapeWindowsPaths}&lt;/escapeWindowsPaths&gt;
  &lt;includeEmptyDirs default-value=&quot;false&quot;&gt;${maven.resources.includeEmptyDirs}&lt;/includeEmptyDirs&gt;
  &lt;outputDirectory default-value=&quot;${project.build.testOutputDirectory}&quot;/&gt;
  &lt;overwrite default-value=&quot;false&quot;&gt;${maven.resources.overwrite}&lt;/overwrite&gt;
  &lt;project default-value=&quot;${project}&quot;/&gt;
  &lt;resources default-value=&quot;${project.testResources}&quot;/&gt;
  &lt;session default-value=&quot;${session}&quot;/&gt;
  &lt;skip&gt;${maven.test.skip}&lt;/skip&gt;
  &lt;supportMultiLineFiltering default-value=&quot;false&quot;&gt;${maven.resources.supportMultiLineFiltering}&lt;/supportMultiLineFiltering&gt;
  &lt;useBuildFilters default-value=&quot;true&quot;/&gt;
  &lt;useDefaultDelimiters default-value=&quot;true&quot;/&gt;
&lt;/configuration&gt;
[DEBUG] -----------------------------------------------------------------------
[DEBUG] Goal:          org.apache.maven.plugins:maven-compiler-plugin:3.1:testCompile (default-testCompile)
[DEBUG] Style:         Regular
[DEBUG] Configuration: &lt;?xml version=&quot;1.0&quot; encoding=&quot;UTF-8&quot;?&gt;
&lt;configuration&gt;
  &lt;basedir default-value=&quot;${basedir}&quot;/&gt;
  &lt;buildDirectory default-value=&quot;${project.build.directory}&quot;/&gt;
  &lt;classpathElements default-value=&quot;${project.testClasspathElements}&quot;/&gt;
  &lt;compileSourceRoots default-value=&quot;${project.testCompileSourceRoots}&quot;/&gt;
  &lt;compilerId default-value=&quot;javac&quot;&gt;${maven.compiler.compilerId}&lt;/compilerId&gt;
  &lt;compilerReuseStrategy default-value=&quot;${reuseCreated}&quot;&gt;${maven.compiler.compilerReuseStrategy}&lt;/compilerReuseStrategy&gt;
  &lt;compilerVersion&gt;${maven.compiler.compilerVersion}&lt;/compilerVersion&gt;
  &lt;debug default-value=&quot;true&quot;&gt;${maven.compiler.debug}&lt;/debug&gt;
  &lt;debuglevel&gt;${maven.compiler.debuglevel}&lt;/debuglevel&gt;
  &lt;encoding default-value=&quot;${project.build.sourceEncoding}&quot;&gt;${encoding}&lt;/encoding&gt;
  &lt;executable&gt;${maven.compiler.executable}&lt;/executable&gt;
  &lt;failOnError default-value=&quot;true&quot;&gt;${maven.compiler.failOnError}&lt;/failOnError&gt;
  &lt;forceJavacCompilerUse default-value=&quot;false&quot;&gt;${maven.compiler.forceJavacCompilerUse}&lt;/forceJavacCompilerUse&gt;
  &lt;fork default-value=&quot;false&quot;&gt;${maven.compiler.fork}&lt;/fork&gt;
  &lt;generatedTestSourcesDirectory default-value=&quot;${project.build.directory}/generated-test-sources/test-annotations&quot;/&gt;
  &lt;maxmem&gt;${maven.compiler.maxmem}&lt;/maxmem&gt;
  &lt;meminitial&gt;${maven.compiler.meminitial}&lt;/meminitial&gt;
  &lt;mojoExecution&gt;${mojoExecution}&lt;/mojoExecution&gt;
  &lt;optimize default-value=&quot;false&quot;&gt;${maven.compiler.optimize}&lt;/optimize&gt;
  &lt;outputDirectory default-value=&quot;${project.build.testOutputDirectory}&quot;/&gt;
  &lt;showDeprecation default-value=&quot;false&quot;&gt;${maven.compiler.showDeprecation}&lt;/showDeprecation&gt;
  &lt;showWarnings default-value=&quot;false&quot;&gt;${maven.compiler.showWarnings}&lt;/showWarnings&gt;
  &lt;skip&gt;${maven.test.skip}&lt;/skip&gt;
  &lt;skipMultiThreadWarning default-value=&quot;false&quot;&gt;${maven.compiler.skipMultiThreadWarning}&lt;/skipMultiThreadWarning&gt;
  &lt;source default-value=&quot;1.5&quot;&gt;${maven.compiler.source}&lt;/source&gt;
  &lt;staleMillis default-value=&quot;0&quot;&gt;${lastModGranularityMs}&lt;/staleMillis&gt;
  &lt;target default-value=&quot;1.5&quot;&gt;${maven.compiler.target}&lt;/target&gt;
  &lt;testSource&gt;${maven.compiler.testSource}&lt;/testSource&gt;
  &lt;testTarget&gt;${maven.compiler.testTarget}&lt;/testTarget&gt;
  &lt;useIncrementalCompilation default-value=&quot;true&quot;&gt;${maven.compiler.useIncrementalCompilation}&lt;/useIncrementalCompilation&gt;
  &lt;verbose default-value=&quot;false&quot;&gt;${maven.compiler.verbose}&lt;/verbose&gt;
  &lt;mavenSession default-value=&quot;${session}&quot;/&gt;
  &lt;session default-value=&quot;${session}&quot;/&gt;
&lt;/configuration&gt;
[DEBUG] -----------------------------------------------------------------------
[DEBUG] Goal:          org.apache.maven.plugins:maven-surefire-plugin:2.12.4:test (default-test)
[DEBUG] Style:         Regular
[DEBUG] Configuration: &lt;?xml version=&quot;1.0&quot; encoding=&quot;UTF-8&quot;?&gt;
&lt;configuration&gt;
  &lt;argLine&gt;${argLine}&lt;/argLine&gt;
  &lt;basedir default-value=&quot;${basedir}&quot;/&gt;
  &lt;childDelegation default-value=&quot;false&quot;&gt;${childDelegation}&lt;/childDelegation&gt;
  &lt;classesDirectory default-value=&quot;${project.build.outputDirectory}&quot;/&gt;
  &lt;debugForkedProcess&gt;${maven.surefire.debug}&lt;/debugForkedProcess&gt;
  &lt;disableXmlReport default-value=&quot;false&quot;&gt;${disableXmlReport}&lt;/disableXmlReport&gt;
  &lt;enableAssertions default-value=&quot;true&quot;&gt;${enableAssertions}&lt;/enableAssertions&gt;
  &lt;excludedGroups&gt;${excludedGroups}&lt;/excludedGroups&gt;
  &lt;failIfNoSpecifiedTests&gt;${surefire.failIfNoSpecifiedTests}&lt;/failIfNoSpecifiedTests&gt;
  &lt;failIfNoTests&gt;${failIfNoTests}&lt;/failIfNoTests&gt;
  &lt;forkMode default-value=&quot;once&quot;&gt;${forkMode}&lt;/forkMode&gt;
  &lt;forkedProcessTimeoutInSeconds&gt;${surefire.timeout}&lt;/forkedProcessTimeoutInSeconds&gt;
  &lt;groups&gt;${groups}&lt;/groups&gt;
  &lt;junitArtifactName default-value=&quot;junit:junit&quot;&gt;${junitArtifactName}&lt;/junitArtifactName&gt;
  &lt;jvm&gt;${jvm}&lt;/jvm&gt;
  &lt;localRepository default-value=&quot;${localRepository}&quot;/&gt;
  &lt;objectFactory&gt;${objectFactory}&lt;/objectFactory&gt;
  &lt;parallel&gt;${parallel}&lt;/parallel&gt;
  &lt;parallelMavenExecution default-value=&quot;${session.parallel}&quot;/&gt;
  &lt;perCoreThreadCount default-value=&quot;true&quot;&gt;${perCoreThreadCount}&lt;/perCoreThreadCount&gt;
  &lt;pluginArtifactMap&gt;${plugin.artifactMap}&lt;/pluginArtifactMap&gt;
  &lt;pluginDescriptor default-value=&quot;${plugin}&quot;/&gt;
  &lt;printSummary default-value=&quot;true&quot;&gt;${surefire.printSummary}&lt;/printSummary&gt;
  &lt;projectArtifactMap&gt;${project.artifactMap}&lt;/projectArtifactMap&gt;
  &lt;redirectTestOutputToFile default-value=&quot;false&quot;&gt;${maven.test.redirectTestOutputToFile}&lt;/redirectTestOutputToFile&gt;
  &lt;remoteRepositories default-value=&quot;${project.pluginArtifactRepositories}&quot;/&gt;
  &lt;reportFormat default-value=&quot;brief&quot;&gt;${surefire.reportFormat}&lt;/reportFormat&gt;
  &lt;reportNameSuffix default-value=&quot;&quot;&gt;${surefire.reportNameSuffix}&lt;/reportNameSuffix&gt;
  &lt;reportsDirectory default-value=&quot;${project.build.directory}/surefire-reports&quot;/&gt;
  &lt;runOrder default-value=&quot;filesystem&quot;/&gt;
  &lt;skip default-value=&quot;false&quot;&gt;${maven.test.skip}&lt;/skip&gt;
  &lt;skipExec&gt;${maven.test.skip.exec}&lt;/skipExec&gt;
  &lt;skipTests default-value=&quot;false&quot;&gt;${skipTests}&lt;/skipTests&gt;
  &lt;test&gt;${test}&lt;/test&gt;
  &lt;testClassesDirectory default-value=&quot;${project.build.testOutputDirectory}&quot;/&gt;
  &lt;testFailureIgnore default-value=&quot;false&quot;&gt;${maven.test.failure.ignore}&lt;/testFailureIgnore&gt;
  &lt;testNGArtifactName default-value=&quot;org.testng:testng&quot;&gt;${testNGArtifactName}&lt;/testNGArtifactName&gt;
  &lt;testSourceDirectory default-value=&quot;${project.build.testSourceDirectory}&quot;/&gt;
  &lt;threadCount&gt;${threadCount}&lt;/threadCount&gt;
  &lt;trimStackTrace default-value=&quot;true&quot;&gt;${trimStackTrace}&lt;/trimStackTrace&gt;
  &lt;useFile default-value=&quot;true&quot;&gt;${surefire.useFile}&lt;/useFile&gt;
  &lt;useManifestOnlyJar default-value=&quot;true&quot;&gt;${surefire.useManifestOnlyJar}&lt;/useManifestOnlyJar&gt;
  &lt;useSystemClassLoader default-value=&quot;true&quot;&gt;${surefire.useSystemClassLoader}&lt;/useSystemClassLoader&gt;
  &lt;useUnlimitedThreads default-value=&quot;false&quot;&gt;${useUnlimitedThreads}&lt;/useUnlimitedThreads&gt;
  &lt;workingDirectory&gt;${basedir}&lt;/workingDirectory&gt;
  &lt;project default-value=&quot;${project}&quot;/&gt;
  &lt;session default-value=&quot;${session}&quot;/&gt;
&lt;/configuration&gt;
[DEBUG] -----------------------------------------------------------------------
[DEBUG] Goal:          org.apache.maven.plugins:maven-jar-plugin:2.4:jar (default-jar)
[DEBUG] Style:         Regular
[DEBUG] Configuration: &lt;?xml version=&quot;1.0&quot; encoding=&quot;UTF-8&quot;?&gt;
&lt;configuration&gt;
  &lt;classesDirectory default-value=&quot;${project.build.outputDirectory}&quot;/&gt;
  &lt;defaultManifestFile default-value=&quot;${project.build.outputDirectory}/META-INF/MANIFEST.MF&quot;/&gt;
  &lt;finalName default-value=&quot;${project.build.finalName}&quot;&gt;${jar.finalName}&lt;/finalName&gt;
  &lt;forceCreation default-value=&quot;false&quot;&gt;${jar.forceCreation}&lt;/forceCreation&gt;
  &lt;outputDirectory default-value=&quot;${project.build.directory}&quot;/&gt;
  &lt;project default-value=&quot;${project}&quot;/&gt;
  &lt;session default-value=&quot;${session}&quot;/&gt;
  &lt;skipIfEmpty default-value=&quot;false&quot;&gt;${jar.skipIfEmpty}&lt;/skipIfEmpty&gt;
  &lt;useDefaultManifestFile default-value=&quot;false&quot;&gt;${jar.useDefaultManifestFile}&lt;/useDefaultManifestFile&gt;
&lt;/configuration&gt;
[DEBUG] -----------------------------------------------------------------------
[DEBUG] Goal:          org.apache.maven.plugins:maven-invoker-plugin:3.2.1-SNAPSHOT:install (itests)
[DEBUG] Style:         Regular
[DEBUG] Configuration: &lt;?xml version=&quot;1.0&quot; encoding=&quot;UTF-8&quot;?&gt;
&lt;configuration&gt;
  &lt;localRepository&gt;${localRepository}&lt;/localRepository&gt;
  &lt;localRepositoryPath default-value=&quot;${session.localRepository.basedir}&quot;&gt;/Users/olamy/dev/sources/maven/plugins/maven-invoker-plugin/target/it/MINVOKER-243_install-reactor/plugin/target/local-repo&lt;/localRepositoryPath&gt;
  &lt;project default-value=&quot;${project}&quot;/&gt;
  &lt;reactorProjects default-value=&quot;${reactorProjects}&quot;/&gt;
  &lt;session default-value=&quot;${session}&quot;/&gt;
  &lt;skipInstallation default-value=&quot;false&quot;&gt;${invoker.skip}&lt;/skipInstallation&gt;
&lt;/configuration&gt;
[DEBUG] =======================================================================
[DEBUG] Dependency collection stats: {ConflictMarker.analyzeTime=10709, ConflictMarker.markTime=15722, ConflictMarker.nodeCount=3, ConflictIdSorter.graphTime=17832, ConflictIdSorter.topsortTime=10083, ConflictIdSorter.conflictIdCount=2, ConflictIdSorter.conflictIdCycleCount=0, ConflictResolver.totalTime=126662, ConflictResolver.conflictItemCount=2, DefaultDependencyCollector.collectTime=484936, DefaultDependencyCollector.transformTime=191541}
[DEBUG] org.apache.maven.plugins.invoker:minvoker251-plugin:jar:1.0-SNAPSHOT
[DEBUG]    org.apache.maven.plugins.invoker:minvoker251-b:jar:1.0-SNAPSHOT:compile
[DEBUG]       org.apache.maven.plugins.invoker:minvoker251-a:jar:1.0-SNAPSHOT:compile (version managed from 1.0-SNAPSHOT)
[INFO] 
[INFO] --- maven-resources-plugin:2.6:resources (default-resources) @ minvoker251-plugin ---
[DEBUG] Configuring mojo org.apache.maven.plugins:maven-resources-plugin:2.6:resources from plugin realm ClassRealm[plugin&gt;org.apache.maven.plugins:maven-resources-plugin:2.6, parent: sun.misc.Launcher$AppClassLoader@5c647e05]
[DEBUG] Configuring mojo &apos;org.apache.maven.plugins:maven-resources-plugin:2.6:resources&apos; with basic configurator --&gt;
[DEBUG]   (f) buildFilters = []
[DEBUG]   (f) encoding = UTF-8
[DEBUG]   (f) escapeWindowsPaths = true
[DEBUG]   (s) includeEmptyDirs = false
[DEBUG]   (s) outputDirectory = /Users/olamy/dev/sources/maven/plugins/maven-invoker-plugin/target/it/MINVOKER-243_install-reactor/plugin/target/classes
[DEBUG]   (s) overwrite = false
[DEBUG]   (f) project = MavenProject: org.apache.maven.plugins.invoker:minvoker251-plugin:1.0-SNAPSHOT @ /Users/olamy/dev/sources/maven/plugins/maven-invoker-plugin/target/it/MINVOKER-243_install-reactor/plugin/pom.xml
[DEBUG]   (s) resources = [Resource {targetPath: null, filtering: false, FileSet {directory: /Users/olamy/dev/sources/maven/plugins/maven-invoker-plugin/target/it/MINVOKER-243_install-reactor/plugin/src/main/resources, PatternSet [includes: {}, excludes: {}]}}]
[DEBUG]   (f) session = org.apache.maven.execution.MavenSession@37eeec90
[DEBUG]   (f) supportMultiLineFiltering = false
[DEBUG]   (f) useBuildFilters = true
[DEBUG]   (s) useDefaultDelimiters = true
[DEBUG] -- end configuration --
[DEBUG] properties used {java.vendor=Oracle Corporation, sun.java.launcher=SUN_STANDARD, env.XPC_SERVICE_NAME=0, sun.management.compiler=HotSpot 64-Bit Tiered Compilers, env.SECURITYSESSIONID=186a9, env.DOCKER_HOST=unix:///var/run/docker.sock, os.name=Mac OS X, sun.boot.class.path=/Library/Java/JavaVirtualMachines/jdk1.8.0_201.jdk/Contents/Home/jre/lib/resources.jar:/Library/Java/JavaVirtualMachines/jdk1.8.0_201.jdk/Contents/Home/jre/lib/rt.jar:/Library/Java/JavaVirtualMachines/jdk1.8.0_201.jdk/Contents/Home/jre/lib/sunrsasign.jar:/Library/Java/JavaVirtualMachines/jdk1.8.0_201.jdk/Contents/Home/jre/lib/jsse.jar:/Library/Java/JavaVirtualMachines/jdk1.8.0_201.jdk/Contents/Home/jre/lib/jce.jar:/Library/Java/JavaVirtualMachines/jdk1.8.0_201.jdk/Contents/Home/jre/lib/charsets.jar:/Library/Java/JavaVirtualMachines/jdk1.8.0_201.jdk/Contents/Home/jre/lib/jfr.jar:/Library/Java/JavaVirtualMachines/jdk1.8.0_201.jdk/Contents/Home/jre/classes, env.TMPDIR=/var/folders/lj/91x5yt6x07x79t9297g4s5c40000gp/T/, env.PWD=/Users/olamy/dev/sources/maven/plugins/maven-invoker-plugin/target/it/MINVOKER-243_install-reactor, env.LANG=en_AU.UTF-8, java.vm.specification.vendor=Oracle Corporation, java.runtime.version=1.8.0_201-b09, env.Apple_PubSub_Socket_Render=/private/tmp/com.apple.launchd.ZoQ2U5AOOf/Render, project.build.sourceEncoding=UTF-8, user.name=olamy, env.GOOGLE_APPLICATION_CREDENTIALS=/Users/olamy/dev/sources/open-sources/jetty/jetty9-work-30268db71eb2.json, maven.build.version=Apache Maven 3.6.1 (d66c9c0b3152b2e69ee9bac180bb8fcc8e6af555; 2019-04-05T05:00:29+10:00), env.USER=olamy, env.SHELL=/bin/bash, env.__CF_USER_TEXT_ENCODING=0x1F6:0x0:0xF, maven.repo.local=/Users/olamy/dev/sources/maven/plugins/maven-invoker-plugin/target/local-repo, env.PATH=/Users/olamy/softs/google-cloud-sdk/bin:/Users/olamy/softs/maven/apache-maven-3.6.1/bin:/Library/Java/JavaVirtualMachines/jdk1.8.0_121.jdk/Contents/Home//bin:/usr/local/bin:/Users/olamy/softs/maven/apache-maven-3.6.1/bin:/usr/local/bin:/bin:/Library/Java/JavaVirtualMachines/jdk1.8.0_121.jdk/Contents/Home//bin:/usr/local/bin:/opt/subversion/bin:/Users/olamy/softs/apache-ant-1.8.2/bin:/opt/local/bin:/opt/local/sbin:/usr/local/bin:/usr/bin:/bin:/usr/sbin:/sbin:/Applications/Wireshark.app/Contents/MacOS:/usr/local/share/npm/bin:/Users/olamy/softs/google-cloud-sdk/bin:/Users/olamy/softs/maven/mvnsh-master/bin/mvnsh:/Users/olamy/softs/j2objc-2.0/:/Users/olamy/dev/sources/jenkins/support-shinobi-tools/exec, user.language=en, sun.boot.library.path=/Library/Java/JavaVirtualMachines/jdk1.8.0_201.jdk/Contents/Home/jre/lib, classworlds.conf=/Users/olamy/softs/maven/apache-maven-3.6.1/bin/m2.conf, env.XPC_FLAGS=0x0, java.version=1.8.0_201, user.timezone=, sun.arch.data.model=64, http.nonProxyHosts=local|*.local|169.254/16|*.169.254/16, java.endorsed.dirs=/Library/Java/JavaVirtualMachines/jdk1.8.0_201.jdk/Contents/Home/jre/lib/endorsed, sun.cpu.isalist=, sun.jnu.encoding=UTF-8, file.encoding.pkg=sun.io, env.SHLVL=2, file.separator=/, java.specification.name=Java Platform API Specification, maven.conf=/Users/olamy/softs/maven/apache-maven-3.6.1/conf, java.class.version=52.0, user.country=AU, java.home=/Library/Java/JavaVirtualMachines/jdk1.8.0_201.jdk/Contents/Home/jre, java.vm.info=mixed mode, env.LOGNAME=olamy, os.version=10.14.5, maven.compiler.target=1.7, env.TERM_PROGRAM_VERSION=421.2, env.GCLOUD_PATH=/Users/olamy/softs/google-cloud-sdk, path.separator=:, java.vm.version=25.201-b09, it.settings-inherit=exists, env.JAVA_HOME=/Library/Java/JavaVirtualMachines/jdk1.8.0_201.jdk/Contents/Home, java.awt.printerjob=sun.lwawt.macosx.CPrinterJob, env.TERM=xterm-256color, sun.io.unicode.encoding=UnicodeBig, awt.toolkit=sun.lwawt.macosx.LWCToolkit, socksNonProxyHosts=local|*.local|169.254/16|*.169.254/16, ftp.nonProxyHosts=local|*.local|169.254/16|*.169.254/16, env.BORINGSSL_HOME=/Users/olamy/dev/sources/open-sources/jetty/boringssl, user.home=/Users/olamy, env.OLDPWD=/Users/olamy/dev/sources/maven/plugins/maven-invoker-plugin/target/it/MINVOKER-243_install-reactor, java.specification.vendor=Oracle Corporation, env.TERM_PROGRAM=Apple_Terminal, env.M2_HOME=/Users/olamy/softs/maven/apache-maven-3.6.1, library.jansi.path=/Users/olamy/softs/maven/apache-maven-3.6.1/lib/jansi-native, java.library.path=/Users/olamy/Library/Java/Extensions:/Library/Java/Extensions:/Network/Library/Java/Extensions:/System/Library/Java/Extensions:/usr/lib/java:., java.vendor.url=http://java.oracle.com/, env.SVN_EDITOR=vi, env.MAVEN_CMD_LINE_ARGS= -B -X -D maven.repo.local=/Users/olamy/dev/sources/maven/plugins/maven-invoker-plugin/target/local-repo -s /Users/olamy/dev/sources/maven/plugins/maven-invoker-plugin/target/it/interpolated-settings.xml -D maven.compiler.source=1.7 -D maven.compiler.target=1.7 verify, java.vm.vendor=Oracle Corporation, gopherProxySet=false, invoker.repo.local=/Users/olamy/.m2/repository, maven.home=/Users/olamy/softs/maven/apache-maven-3.6.1, java.runtime.name=Java(TM) SE Runtime Environment, sun.java.command=org.codehaus.plexus.classworlds.launcher.Launcher -B -X -D maven.repo.local=/Users/olamy/dev/sources/maven/plugins/maven-invoker-plugin/target/local-repo -s /Users/olamy/dev/sources/maven/plugins/maven-invoker-plugin/target/it/interpolated-settings.xml -D maven.compiler.source=1.7 -D maven.compiler.target=1.7 verify, java.class.path=/Users/olamy/softs/maven/apache-maven-3.6.1/boot/plexus-classworlds-2.6.0.jar, env.MAVEN_TERMINATE_CMD=on, env.TERM_SESSION_ID=ABBFB5AA-DE1F-44BA-B4DA-18751C4E4E7C, env.CB_SUPPORT_HOME=/Users/olamy/cbsupporthome, env.JENKINS_MAVEN_AGENT_DISABLED=true, maven.version=3.6.1, java.vm.specification.name=Java Virtual Machine Specification, java.vm.specification.version=1.8, sun.cpu.endian=little, sun.os.patch.level=unknown, env.HOME=/Users/olamy, env.ANT_HOME=/Users/olamy/softs/apache-ant-1.8.2, java.io.tmpdir=/Users/olamy/dev/sources/maven/plugins/maven-invoker-plugin/target, java.vendor.url.bug=http://bugreport.sun.com/bugreport/, maven.multiModuleProjectDirectory=/Users/olamy/dev/sources/maven/plugins/maven-invoker-plugin/target/it/MINVOKER-243_install-reactor, env.MAVEN_OPTS= -Djava.io.tmpdir=/Users/olamy/dev/sources/maven/plugins/maven-invoker-plugin/target, env.SSH_AUTH_SOCK=/private/tmp/com.apple.launchd.fc2cpAmwf1/Listeners, maven.compiler.source=1.7, os.arch=x86_64, java.awt.graphicsenv=sun.awt.CGraphicsEnvironment, java.ext.dirs=/Users/olamy/Library/Java/Extensions:/Library/Java/JavaVirtualMachines/jdk1.8.0_201.jdk/Contents/Home/jre/lib/ext:/Library/Java/Extensions:/Network/Library/Java/Extensions:/System/Library/Java/Extensions:/usr/lib/java, user.dir=/Users/olamy/dev/sources/maven/plugins/maven-invoker-plugin/target/it/MINVOKER-243_install-reactor, it.settings-merge.1=exists, env.JAVA_MAIN_CLASS_54907=org.codehaus.plexus.classworlds.launcher.Launcher, line.separator=
, java.vm.name=Java HotSpot(TM) 64-Bit Server VM, file.encoding=UTF-8, env.JAVA_MAIN_CLASS_54116=org.codehaus.plexus.classworlds.launcher.Launcher, java.specification.version=1.8, env.MAVEN_PROJECTBASEDIR=/Users/olamy/dev/sources/maven/plugins/maven-invoker-plugin/target/it/MINVOKER-243_install-reactor}
[INFO] Using &apos;UTF-8&apos; encoding to copy filtered resources.
[DEBUG] resource with targetPath null
directory /Users/olamy/dev/sources/maven/plugins/maven-invoker-plugin/target/it/MINVOKER-243_install-reactor/plugin/src/main/resources
excludes []
includes []
[INFO] skip non existing resourceDirectory /Users/olamy/dev/sources/maven/plugins/maven-invoker-plugin/target/it/MINVOKER-243_install-reactor/plugin/src/main/resources
[DEBUG] no use filter components
[INFO] 
[INFO] --- maven-compiler-plugin:3.1:compile (default-compile) @ minvoker251-plugin ---
[DEBUG] Configuring mojo org.apache.maven.plugins:maven-compiler-plugin:3.1:compile from plugin realm ClassRealm[plugin&gt;org.apache.maven.plugins:maven-compiler-plugin:3.1, parent: sun.misc.Launcher$AppClassLoader@5c647e05]
[DEBUG] Configuring mojo &apos;org.apache.maven.plugins:maven-compiler-plugin:3.1:compile&apos; with basic configurator --&gt;
[DEBUG]   (f) basedir = /Users/olamy/dev/sources/maven/plugins/maven-invoker-plugin/target/it/MINVOKER-243_install-reactor/plugin
[DEBUG]   (f) buildDirectory = /Users/olamy/dev/sources/maven/plugins/maven-invoker-plugin/target/it/MINVOKER-243_install-reactor/plugin/target
[DEBUG]   (f) classpathElements = [/Users/olamy/dev/sources/maven/plugins/maven-invoker-plugin/target/it/MINVOKER-243_install-reactor/plugin/target/classes, /Users/olamy/dev/sources/maven/plugins/maven-invoker-plugin/target/it/MINVOKER-243_install-reactor/module-b/target/minvoker251-b-1.0-SNAPSHOT.jar, /Users/olamy/dev/sources/maven/plugins/maven-invoker-plugin/target/it/MINVOKER-243_install-reactor/module-a/target/minvoker251-a-1.0-SNAPSHOT.jar]
[DEBUG]   (f) compileSourceRoots = [/Users/olamy/dev/sources/maven/plugins/maven-invoker-plugin/target/it/MINVOKER-243_install-reactor/plugin/src/main/java]
[DEBUG]   (f) compilerId = javac
[DEBUG]   (f) debug = true
[DEBUG]   (f) encoding = UTF-8
[DEBUG]   (f) failOnError = true
[DEBUG]   (f) forceJavacCompilerUse = false
[DEBUG]   (f) fork = false
[DEBUG]   (f) generatedSourcesDirectory = /Users/olamy/dev/sources/maven/plugins/maven-invoker-plugin/target/it/MINVOKER-243_install-reactor/plugin/target/generated-sources/annotations
[DEBUG]   (f) mojoExecution = org.apache.maven.plugins:maven-compiler-plugin:3.1:compile {execution: default-compile}
[DEBUG]   (f) optimize = false
[DEBUG]   (f) outputDirectory = /Users/olamy/dev/sources/maven/plugins/maven-invoker-plugin/target/it/MINVOKER-243_install-reactor/plugin/target/classes
[DEBUG]   (f) projectArtifact = org.apache.maven.plugins.invoker:minvoker251-plugin:jar:1.0-SNAPSHOT
[DEBUG]   (f) showDeprecation = false
[DEBUG]   (f) showWarnings = false
[DEBUG]   (f) skipMultiThreadWarning = false
[DEBUG]   (f) source = 1.7
[DEBUG]   (f) staleMillis = 0
[DEBUG]   (f) target = 1.7
[DEBUG]   (f) useIncrementalCompilation = true
[DEBUG]   (f) verbose = false
[DEBUG]   (f) mavenSession = org.apache.maven.execution.MavenSession@37eeec90
[DEBUG]   (f) session = org.apache.maven.execution.MavenSession@37eeec90
[DEBUG] -- end configuration --
[DEBUG] Using compiler &apos;javac&apos;.
[INFO] No sources to compile
[INFO] 
[INFO] --- maven-resources-plugin:2.6:testResources (default-testResources) @ minvoker251-plugin ---
[DEBUG] Configuring mojo org.apache.maven.plugins:maven-resources-plugin:2.6:testResources from plugin realm ClassRealm[plugin&gt;org.apache.maven.plugins:maven-resources-plugin:2.6, parent: sun.misc.Launcher$AppClassLoader@5c647e05]
[DEBUG] Configuring mojo &apos;org.apache.maven.plugins:maven-resources-plugin:2.6:testResources&apos; with basic configurator --&gt;
[DEBUG]   (f) buildFilters = []
[DEBUG]   (f) encoding = UTF-8
[DEBUG]   (f) escapeWindowsPaths = true
[DEBUG]   (s) includeEmptyDirs = false
[DEBUG]   (s) outputDirectory = /Users/olamy/dev/sources/maven/plugins/maven-invoker-plugin/target/it/MINVOKER-243_install-reactor/plugin/target/test-classes
[DEBUG]   (s) overwrite = false
[DEBUG]   (f) project = MavenProject: org.apache.maven.plugins.invoker:minvoker251-plugin:1.0-SNAPSHOT @ /Users/olamy/dev/sources/maven/plugins/maven-invoker-plugin/target/it/MINVOKER-243_install-reactor/plugin/pom.xml
[DEBUG]   (s) resources = [Resource {targetPath: null, filtering: false, FileSet {directory: /Users/olamy/dev/sources/maven/plugins/maven-invoker-plugin/target/it/MINVOKER-243_install-reactor/plugin/src/test/resources, PatternSet [includes: {}, excludes: {}]}}]
[DEBUG]   (f) session = org.apache.maven.execution.MavenSession@37eeec90
[DEBUG]   (f) supportMultiLineFiltering = false
[DEBUG]   (f) useBuildFilters = true
[DEBUG]   (s) useDefaultDelimiters = true
[DEBUG] -- end configuration --
[DEBUG] properties used {java.vendor=Oracle Corporation, sun.java.launcher=SUN_STANDARD, env.XPC_SERVICE_NAME=0, sun.management.compiler=HotSpot 64-Bit Tiered Compilers, env.SECURITYSESSIONID=186a9, env.DOCKER_HOST=unix:///var/run/docker.sock, os.name=Mac OS X, sun.boot.class.path=/Library/Java/JavaVirtualMachines/jdk1.8.0_201.jdk/Contents/Home/jre/lib/resources.jar:/Library/Java/JavaVirtualMachines/jdk1.8.0_201.jdk/Contents/Home/jre/lib/rt.jar:/Library/Java/JavaVirtualMachines/jdk1.8.0_201.jdk/Contents/Home/jre/lib/sunrsasign.jar:/Library/Java/JavaVirtualMachines/jdk1.8.0_201.jdk/Contents/Home/jre/lib/jsse.jar:/Library/Java/JavaVirtualMachines/jdk1.8.0_201.jdk/Contents/Home/jre/lib/jce.jar:/Library/Java/JavaVirtualMachines/jdk1.8.0_201.jdk/Contents/Home/jre/lib/charsets.jar:/Library/Java/JavaVirtualMachines/jdk1.8.0_201.jdk/Contents/Home/jre/lib/jfr.jar:/Library/Java/JavaVirtualMachines/jdk1.8.0_201.jdk/Contents/Home/jre/classes, env.TMPDIR=/var/folders/lj/91x5yt6x07x79t9297g4s5c40000gp/T/, env.PWD=/Users/olamy/dev/sources/maven/plugins/maven-invoker-plugin/target/it/MINVOKER-243_install-reactor, env.LANG=en_AU.UTF-8, java.vm.specification.vendor=Oracle Corporation, java.runtime.version=1.8.0_201-b09, env.Apple_PubSub_Socket_Render=/private/tmp/com.apple.launchd.ZoQ2U5AOOf/Render, project.build.sourceEncoding=UTF-8, user.name=olamy, env.GOOGLE_APPLICATION_CREDENTIALS=/Users/olamy/dev/sources/open-sources/jetty/jetty9-work-30268db71eb2.json, maven.build.version=Apache Maven 3.6.1 (d66c9c0b3152b2e69ee9bac180bb8fcc8e6af555; 2019-04-05T05:00:29+10:00), env.USER=olamy, env.SHELL=/bin/bash, env.__CF_USER_TEXT_ENCODING=0x1F6:0x0:0xF, maven.repo.local=/Users/olamy/dev/sources/maven/plugins/maven-invoker-plugin/target/local-repo, env.PATH=/Users/olamy/softs/google-cloud-sdk/bin:/Users/olamy/softs/maven/apache-maven-3.6.1/bin:/Library/Java/JavaVirtualMachines/jdk1.8.0_121.jdk/Contents/Home//bin:/usr/local/bin:/Users/olamy/softs/maven/apache-maven-3.6.1/bin:/usr/local/bin:/bin:/Library/Java/JavaVirtualMachines/jdk1.8.0_121.jdk/Contents/Home//bin:/usr/local/bin:/opt/subversion/bin:/Users/olamy/softs/apache-ant-1.8.2/bin:/opt/local/bin:/opt/local/sbin:/usr/local/bin:/usr/bin:/bin:/usr/sbin:/sbin:/Applications/Wireshark.app/Contents/MacOS:/usr/local/share/npm/bin:/Users/olamy/softs/google-cloud-sdk/bin:/Users/olamy/softs/maven/mvnsh-master/bin/mvnsh:/Users/olamy/softs/j2objc-2.0/:/Users/olamy/dev/sources/jenkins/support-shinobi-tools/exec, user.language=en, sun.boot.library.path=/Library/Java/JavaVirtualMachines/jdk1.8.0_201.jdk/Contents/Home/jre/lib, classworlds.conf=/Users/olamy/softs/maven/apache-maven-3.6.1/bin/m2.conf, env.XPC_FLAGS=0x0, java.version=1.8.0_201, user.timezone=, sun.arch.data.model=64, http.nonProxyHosts=local|*.local|169.254/16|*.169.254/16, java.endorsed.dirs=/Library/Java/JavaVirtualMachines/jdk1.8.0_201.jdk/Contents/Home/jre/lib/endorsed, sun.cpu.isalist=, sun.jnu.encoding=UTF-8, file.encoding.pkg=sun.io, env.SHLVL=2, file.separator=/, java.specification.name=Java Platform API Specification, maven.conf=/Users/olamy/softs/maven/apache-maven-3.6.1/conf, java.class.version=52.0, user.country=AU, java.home=/Library/Java/JavaVirtualMachines/jdk1.8.0_201.jdk/Contents/Home/jre, java.vm.info=mixed mode, env.LOGNAME=olamy, os.version=10.14.5, maven.compiler.target=1.7, env.TERM_PROGRAM_VERSION=421.2, env.GCLOUD_PATH=/Users/olamy/softs/google-cloud-sdk, path.separator=:, java.vm.version=25.201-b09, it.settings-inherit=exists, env.JAVA_HOME=/Library/Java/JavaVirtualMachines/jdk1.8.0_201.jdk/Contents/Home, java.awt.printerjob=sun.lwawt.macosx.CPrinterJob, env.TERM=xterm-256color, sun.io.unicode.encoding=UnicodeBig, awt.toolkit=sun.lwawt.macosx.LWCToolkit, socksNonProxyHosts=local|*.local|169.254/16|*.169.254/16, ftp.nonProxyHosts=local|*.local|169.254/16|*.169.254/16, env.BORINGSSL_HOME=/Users/olamy/dev/sources/open-sources/jetty/boringssl, user.home=/Users/olamy, env.OLDPWD=/Users/olamy/dev/sources/maven/plugins/maven-invoker-plugin/target/it/MINVOKER-243_install-reactor, java.specification.vendor=Oracle Corporation, env.TERM_PROGRAM=Apple_Terminal, env.M2_HOME=/Users/olamy/softs/maven/apache-maven-3.6.1, library.jansi.path=/Users/olamy/softs/maven/apache-maven-3.6.1/lib/jansi-native, java.library.path=/Users/olamy/Library/Java/Extensions:/Library/Java/Extensions:/Network/Library/Java/Extensions:/System/Library/Java/Extensions:/usr/lib/java:., java.vendor.url=http://java.oracle.com/, env.SVN_EDITOR=vi, env.MAVEN_CMD_LINE_ARGS= -B -X -D maven.repo.local=/Users/olamy/dev/sources/maven/plugins/maven-invoker-plugin/target/local-repo -s /Users/olamy/dev/sources/maven/plugins/maven-invoker-plugin/target/it/interpolated-settings.xml -D maven.compiler.source=1.7 -D maven.compiler.target=1.7 verify, java.vm.vendor=Oracle Corporation, gopherProxySet=false, invoker.repo.local=/Users/olamy/.m2/repository, maven.home=/Users/olamy/softs/maven/apache-maven-3.6.1, java.runtime.name=Java(TM) SE Runtime Environment, sun.java.command=org.codehaus.plexus.classworlds.launcher.Launcher -B -X -D maven.repo.local=/Users/olamy/dev/sources/maven/plugins/maven-invoker-plugin/target/local-repo -s /Users/olamy/dev/sources/maven/plugins/maven-invoker-plugin/target/it/interpolated-settings.xml -D maven.compiler.source=1.7 -D maven.compiler.target=1.7 verify, java.class.path=/Users/olamy/softs/maven/apache-maven-3.6.1/boot/plexus-classworlds-2.6.0.jar, env.MAVEN_TERMINATE_CMD=on, env.TERM_SESSION_ID=ABBFB5AA-DE1F-44BA-B4DA-18751C4E4E7C, env.CB_SUPPORT_HOME=/Users/olamy/cbsupporthome, env.JENKINS_MAVEN_AGENT_DISABLED=true, maven.version=3.6.1, java.vm.specification.name=Java Virtual Machine Specification, java.vm.specification.version=1.8, sun.cpu.endian=little, sun.os.patch.level=unknown, env.HOME=/Users/olamy, env.ANT_HOME=/Users/olamy/softs/apache-ant-1.8.2, java.io.tmpdir=/Users/olamy/dev/sources/maven/plugins/maven-invoker-plugin/target, java.vendor.url.bug=http://bugreport.sun.com/bugreport/, maven.multiModuleProjectDirectory=/Users/olamy/dev/sources/maven/plugins/maven-invoker-plugin/target/it/MINVOKER-243_install-reactor, env.MAVEN_OPTS= -Djava.io.tmpdir=/Users/olamy/dev/sources/maven/plugins/maven-invoker-plugin/target, env.SSH_AUTH_SOCK=/private/tmp/com.apple.launchd.fc2cpAmwf1/Listeners, maven.compiler.source=1.7, os.arch=x86_64, java.awt.graphicsenv=sun.awt.CGraphicsEnvironment, java.ext.dirs=/Users/olamy/Library/Java/Extensions:/Library/Java/JavaVirtualMachines/jdk1.8.0_201.jdk/Contents/Home/jre/lib/ext:/Library/Java/Extensions:/Network/Library/Java/Extensions:/System/Library/Java/Extensions:/usr/lib/java, user.dir=/Users/olamy/dev/sources/maven/plugins/maven-invoker-plugin/target/it/MINVOKER-243_install-reactor, it.settings-merge.1=exists, env.JAVA_MAIN_CLASS_54907=org.codehaus.plexus.classworlds.launcher.Launcher, line.separator=
, java.vm.name=Java HotSpot(TM) 64-Bit Server VM, file.encoding=UTF-8, env.JAVA_MAIN_CLASS_54116=org.codehaus.plexus.classworlds.launcher.Launcher, java.specification.version=1.8, env.MAVEN_PROJECTBASEDIR=/Users/olamy/dev/sources/maven/plugins/maven-invoker-plugin/target/it/MINVOKER-243_install-reactor}
[INFO] Using &apos;UTF-8&apos; encoding to copy filtered resources.
[DEBUG] resource with targetPath null
directory /Users/olamy/dev/sources/maven/plugins/maven-invoker-plugin/target/it/MINVOKER-243_install-reactor/plugin/src/test/resources
excludes []
includes []
[INFO] skip non existing resourceDirectory /Users/olamy/dev/sources/maven/plugins/maven-invoker-plugin/target/it/MINVOKER-243_install-reactor/plugin/src/test/resources
[DEBUG] no use filter components
[INFO] 
[INFO] --- maven-compiler-plugin:3.1:testCompile (default-testCompile) @ minvoker251-plugin ---
[DEBUG] Configuring mojo org.apache.maven.plugins:maven-compiler-plugin:3.1:testCompile from plugin realm ClassRealm[plugin&gt;org.apache.maven.plugins:maven-compiler-plugin:3.1, parent: sun.misc.Launcher$AppClassLoader@5c647e05]
[DEBUG] Configuring mojo &apos;org.apache.maven.plugins:maven-compiler-plugin:3.1:testCompile&apos; with basic configurator --&gt;
[DEBUG]   (f) basedir = /Users/olamy/dev/sources/maven/plugins/maven-invoker-plugin/target/it/MINVOKER-243_install-reactor/plugin
[DEBUG]   (f) buildDirectory = /Users/olamy/dev/sources/maven/plugins/maven-invoker-plugin/target/it/MINVOKER-243_install-reactor/plugin/target
[DEBUG]   (f) classpathElements = [/Users/olamy/dev/sources/maven/plugins/maven-invoker-plugin/target/it/MINVOKER-243_install-reactor/plugin/target/test-classes, /Users/olamy/dev/sources/maven/plugins/maven-invoker-plugin/target/it/MINVOKER-243_install-reactor/plugin/target/classes, /Users/olamy/dev/sources/maven/plugins/maven-invoker-plugin/target/it/MINVOKER-243_install-reactor/module-b/target/minvoker251-b-1.0-SNAPSHOT.jar, /Users/olamy/dev/sources/maven/plugins/maven-invoker-plugin/target/it/MINVOKER-243_install-reactor/module-a/target/minvoker251-a-1.0-SNAPSHOT.jar]
[DEBUG]   (f) compileSourceRoots = [/Users/olamy/dev/sources/maven/plugins/maven-invoker-plugin/target/it/MINVOKER-243_install-reactor/plugin/src/test/java]
[DEBUG]   (f) compilerId = javac
[DEBUG]   (f) debug = true
[DEBUG]   (f) encoding = UTF-8
[DEBUG]   (f) failOnError = true
[DEBUG]   (f) forceJavacCompilerUse = false
[DEBUG]   (f) fork = false
[DEBUG]   (f) generatedTestSourcesDirectory = /Users/olamy/dev/sources/maven/plugins/maven-invoker-plugin/target/it/MINVOKER-243_install-reactor/plugin/target/generated-test-sources/test-annotations
[DEBUG]   (f) mojoExecution = org.apache.maven.plugins:maven-compiler-plugin:3.1:testCompile {execution: default-testCompile}
[DEBUG]   (f) optimize = false
[DEBUG]   (f) outputDirectory = /Users/olamy/dev/sources/maven/plugins/maven-invoker-plugin/target/it/MINVOKER-243_install-reactor/plugin/target/test-classes
[DEBUG]   (f) showDeprecation = false
[DEBUG]   (f) showWarnings = false
[DEBUG]   (f) skipMultiThreadWarning = false
[DEBUG]   (f) source = 1.7
[DEBUG]   (f) staleMillis = 0
[DEBUG]   (f) target = 1.7
[DEBUG]   (f) useIncrementalCompilation = true
[DEBUG]   (f) verbose = false
[DEBUG]   (f) mavenSession = org.apache.maven.execution.MavenSession@37eeec90
[DEBUG]   (f) session = org.apache.maven.execution.MavenSession@37eeec90
[DEBUG] -- end configuration --
[DEBUG] Using compiler &apos;javac&apos;.
[INFO] No sources to compile
[INFO] 
[INFO] --- maven-surefire-plugin:2.12.4:test (default-test) @ minvoker251-plugin ---
[DEBUG] Configuring mojo org.apache.maven.plugins:maven-surefire-plugin:2.12.4:test from plugin realm ClassRealm[plugin&gt;org.apache.maven.plugins:maven-surefire-plugin:2.12.4, parent: sun.misc.Launcher$AppClassLoader@5c647e05]
[DEBUG] Configuring mojo &apos;org.apache.maven.plugins:maven-surefire-plugin:2.12.4:test&apos; with basic configurator --&gt;
[DEBUG]   (s) basedir = /Users/olamy/dev/sources/maven/plugins/maven-invoker-plugin/target/it/MINVOKER-243_install-reactor/plugin
[DEBUG]   (s) childDelegation = false
[DEBUG]   (s) classesDirectory = /Users/olamy/dev/sources/maven/plugins/maven-invoker-plugin/target/it/MINVOKER-243_install-reactor/plugin/target/classes
[DEBUG]   (s) disableXmlReport = false
[DEBUG]   (s) enableAssertions = true
[DEBUG]   (s) forkMode = once
[DEBUG]   (s) junitArtifactName = junit:junit
[DEBUG]   (s) localRepository =       id: local
      url: file:///Users/olamy/dev/sources/maven/plugins/maven-invoker-plugin/target/local-repo/
   layout: default
snapshots: [enabled =&gt; true, update =&gt; always]
 releases: [enabled =&gt; true, update =&gt; always]

[DEBUG]   (f) parallelMavenExecution = false
[DEBUG]   (s) perCoreThreadCount = true
[DEBUG]   (s) pluginArtifactMap = {org.apache.maven.plugins:maven-surefire-plugin=org.apache.maven.plugins:maven-surefire-plugin:maven-plugin:2.12.4:, org.apache.maven:maven-plugin-api=org.apache.maven:maven-plugin-api:jar:2.0.9:compile, org.apache.maven.surefire:surefire-booter=org.apache.maven.surefire:surefire-booter:jar:2.12.4:compile, org.apache.maven.surefire:surefire-api=org.apache.maven.surefire:surefire-api:jar:2.12.4:compile, org.apache.maven.surefire:maven-surefire-common=org.apache.maven.surefire:maven-surefire-common:jar:2.12.4:compile, org.apache.commons:commons-lang3=org.apache.commons:commons-lang3:jar:3.1:compile, org.apache.maven.shared:maven-common-artifact-filters=org.apache.maven.shared:maven-common-artifact-filters:jar:1.3:compile, org.codehaus.plexus:plexus-utils=org.codehaus.plexus:plexus-utils:jar:3.0.8:compile, org.apache.maven:maven-artifact=org.apache.maven:maven-artifact:jar:2.0.9:compile, org.apache.maven:maven-project=org.apache.maven:maven-project:jar:2.0.9:compile, org.apache.maven:maven-settings=org.apache.maven:maven-settings:jar:2.0.9:compile, org.apache.maven:maven-profile=org.apache.maven:maven-profile:jar:2.0.9:compile, org.apache.maven:maven-model=org.apache.maven:maven-model:jar:2.0.9:compile, org.apache.maven:maven-artifact-manager=org.apache.maven:maven-artifact-manager:jar:2.0.9:compile, org.apache.maven:maven-plugin-registry=org.apache.maven:maven-plugin-registry:jar:2.0.9:compile, org.codehaus.plexus:plexus-container-default=org.codehaus.plexus:plexus-container-default:jar:1.0-alpha-9-stable-1:compile, org.apache.maven:maven-core=org.apache.maven:maven-core:jar:2.0.9:compile, org.apache.maven:maven-plugin-parameter-documenter=org.apache.maven:maven-plugin-parameter-documenter:jar:2.0.9:compile, org.apache.maven.reporting:maven-reporting-api=org.apache.maven.reporting:maven-reporting-api:jar:2.0.9:compile, org.apache.maven:maven-repository-metadata=org.apache.maven:maven-repository-metadata:jar:2.0.9:compile, org.apache.maven:maven-error-diagnostics=org.apache.maven:maven-error-diagnostics:jar:2.0.9:compile, org.apache.maven:maven-plugin-descriptor=org.apache.maven:maven-plugin-descriptor:jar:2.0.9:compile, org.apache.maven:maven-monitor=org.apache.maven:maven-monitor:jar:2.0.9:compile, classworlds:classworlds=classworlds:classworlds:jar:1.1:compile, org.apache.maven:maven-toolchain=org.apache.maven:maven-toolchain:jar:2.0.9:compile, org.apache.maven.plugin-tools:maven-plugin-annotations=org.apache.maven.plugin-tools:maven-plugin-annotations:jar:3.1:compile}
[DEBUG]   (f) pluginDescriptor = Component Descriptor: role: &apos;org.apache.maven.plugin.Mojo&apos;, implementation: &apos;org.apache.maven.plugin.surefire.HelpMojo&apos;, role hint: &apos;org.apache.maven.plugins:maven-surefire-plugin:2.12.4:help&apos;
role: &apos;org.apache.maven.plugin.Mojo&apos;, implementation: &apos;org.apache.maven.plugin.surefire.SurefirePlugin&apos;, role hint: &apos;org.apache.maven.plugins:maven-surefire-plugin:2.12.4:test&apos;
---
[DEBUG]   (s) printSummary = true
[DEBUG]   (s) projectArtifactMap = {org.apache.maven.plugins.invoker:minvoker251-b=org.apache.maven.plugins.invoker:minvoker251-b:jar:1.0-SNAPSHOT:compile, org.apache.maven.plugins.invoker:minvoker251-a=org.apache.maven.plugins.invoker:minvoker251-a:jar:1.0-SNAPSHOT:compile}
[DEBUG]   (s) redirectTestOutputToFile = false
[DEBUG]   (s) remoteRepositories = [      id: local.central
      url: file:///Users/olamy/.m2/repository
   layout: default
snapshots: [enabled =&gt; true, update =&gt; daily]
 releases: [enabled =&gt; true, update =&gt; daily]
,       id: apache.snapshots
      url: http://repository.apache.org/content/groups/snapshots-group/
   layout: default
snapshots: [enabled =&gt; true, update =&gt; daily]
 releases: [enabled =&gt; false, update =&gt; daily]
,       id: central
      url: https://repo.maven.apache.org/maven2
   layout: default
snapshots: [enabled =&gt; false, update =&gt; daily]
 releases: [enabled =&gt; true, update =&gt; never]
]
[DEBUG]   (s) reportFormat = brief
[DEBUG]   (s) reportsDirectory = /Users/olamy/dev/sources/maven/plugins/maven-invoker-plugin/target/it/MINVOKER-243_install-reactor/plugin/target/surefire-reports
[DEBUG]   (s) runOrder = filesystem
[DEBUG]   (s) skip = false
[DEBUG]   (s) skipTests = false
[DEBUG]   (s) testClassesDirectory = /Users/olamy/dev/sources/maven/plugins/maven-invoker-plugin/target/it/MINVOKER-243_install-reactor/plugin/target/test-classes
[DEBUG]   (s) testFailureIgnore = false
[DEBUG]   (s) testNGArtifactName = org.testng:testng
[DEBUG]   (s) testSourceDirectory = /Users/olamy/dev/sources/maven/plugins/maven-invoker-plugin/target/it/MINVOKER-243_install-reactor/plugin/src/test/java
[DEBUG]   (s) trimStackTrace = true
[DEBUG]   (s) useFile = true
[DEBUG]   (s) useManifestOnlyJar = true
[DEBUG]   (s) useSystemClassLoader = true
[DEBUG]   (s) useUnlimitedThreads = false
[DEBUG]   (s) workingDirectory = /Users/olamy/dev/sources/maven/plugins/maven-invoker-plugin/target/it/MINVOKER-243_install-reactor/plugin
[DEBUG]   (s) project = MavenProject: org.apache.maven.plugins.invoker:minvoker251-plugin:1.0-SNAPSHOT @ /Users/olamy/dev/sources/maven/plugins/maven-invoker-plugin/target/it/MINVOKER-243_install-reactor/plugin/pom.xml
[DEBUG]   (s) session = org.apache.maven.execution.MavenSession@37eeec90
[DEBUG] -- end configuration --
[INFO] No tests to run.
[INFO] 
[INFO] --- maven-jar-plugin:2.4:jar (default-jar) @ minvoker251-plugin ---
[DEBUG] Configuring mojo org.apache.maven.plugins:maven-jar-plugin:2.4:jar from plugin realm ClassRealm[plugin&gt;org.apache.maven.plugins:maven-jar-plugin:2.4, parent: sun.misc.Launcher$AppClassLoader@5c647e05]
[DEBUG] Configuring mojo &apos;org.apache.maven.plugins:maven-jar-plugin:2.4:jar&apos; with basic configurator --&gt;
[DEBUG]   (f) classesDirectory = /Users/olamy/dev/sources/maven/plugins/maven-invoker-plugin/target/it/MINVOKER-243_install-reactor/plugin/target/classes
[DEBUG]   (f) defaultManifestFile = /Users/olamy/dev/sources/maven/plugins/maven-invoker-plugin/target/it/MINVOKER-243_install-reactor/plugin/target/classes/META-INF/MANIFEST.MF
[DEBUG]   (f) finalName = minvoker251-plugin-1.0-SNAPSHOT
[DEBUG]   (f) forceCreation = false
[DEBUG]   (f) outputDirectory = /Users/olamy/dev/sources/maven/plugins/maven-invoker-plugin/target/it/MINVOKER-243_install-reactor/plugin/target
[DEBUG]   (f) project = MavenProject: org.apache.maven.plugins.invoker:minvoker251-plugin:1.0-SNAPSHOT @ /Users/olamy/dev/sources/maven/plugins/maven-invoker-plugin/target/it/MINVOKER-243_install-reactor/plugin/pom.xml
[DEBUG]   (f) session = org.apache.maven.execution.MavenSession@37eeec90
[DEBUG]   (f) skipIfEmpty = false
[DEBUG]   (f) useDefaultManifestFile = false
[DEBUG] -- end configuration --
[WARNING] JAR will be empty - no content was marked for inclusion!
[DEBUG] isUp2date: false (Destination /Users/olamy/dev/sources/maven/plugins/maven-invoker-plugin/target/it/MINVOKER-243_install-reactor/plugin/target/minvoker251-plugin-1.0-SNAPSHOT.jar not found.)
[INFO] Building jar: /Users/olamy/dev/sources/maven/plugins/maven-invoker-plugin/target/it/MINVOKER-243_install-reactor/plugin/target/minvoker251-plugin-1.0-SNAPSHOT.jar
[DEBUG] adding directory META-INF/
[DEBUG] adding entry META-INF/MANIFEST.MF
[DEBUG] adding directory META-INF/maven/
[DEBUG] adding directory META-INF/maven/org.apache.maven.plugins.invoker/
[DEBUG] adding directory META-INF/maven/org.apache.maven.plugins.invoker/minvoker251-plugin/
[DEBUG] adding entry META-INF/maven/org.apache.maven.plugins.invoker/minvoker251-plugin/pom.xml
[DEBUG] adding entry META-INF/maven/org.apache.maven.plugins.invoker/minvoker251-plugin/pom.properties
[INFO] 
[INFO] --- maven-invoker-plugin:3.2.1-SNAPSHOT:install (itests) @ minvoker251-plugin ---
[DEBUG] Dependency collection stats: {ConflictMarker.analyzeTime=881703, ConflictMarker.markTime=698156, ConflictMarker.nodeCount=313, ConflictIdSorter.graphTime=313420, ConflictIdSorter.topsortTime=195000, ConflictIdSorter.conflictIdCount=74, ConflictIdSorter.conflictIdCycleCount=0, ConflictResolver.totalTime=6720907, ConflictResolver.conflictItemCount=176, DefaultDependencyCollector.collectTime=312761592, DefaultDependencyCollector.transformTime=8878696}
[DEBUG] org.apache.maven.plugins:maven-invoker-plugin:jar:3.2.1-SNAPSHOT:
[DEBUG]    org.apache.maven.shared:maven-invoker:jar:3.0.1:compile
[DEBUG]       org.codehaus.plexus:plexus-component-annotations:jar:1.7.1:compile
[DEBUG]    org.apache.maven:maven-core:jar:3.0:compile
[DEBUG]       org.apache.maven:maven-settings-builder:jar:3.0:compile
[DEBUG]       org.apache.maven:maven-repository-metadata:jar:3.0:compile
[DEBUG]       org.apache.maven:maven-model-builder:jar:3.0:compile
[DEBUG]       org.apache.maven:maven-aether-provider:jar:3.0:runtime
[DEBUG]       org.sonatype.aether:aether-impl:jar:1.7:compile
[DEBUG]          org.sonatype.aether:aether-spi:jar:1.7:compile
[DEBUG]       org.sonatype.aether:aether-api:jar:1.7:compile
[DEBUG]       org.sonatype.aether:aether-util:jar:1.7:compile
[DEBUG]       org.sonatype.sisu:sisu-inject-plexus:jar:1.4.2:compile
[DEBUG]          org.sonatype.sisu:sisu-inject-bean:jar:1.4.2:compile
[DEBUG]             org.sonatype.sisu:sisu-guice:jar:noaop:2.1.7:compile
[DEBUG]       org.codehaus.plexus:plexus-classworlds:jar:2.2.3:compile
[DEBUG]       org.sonatype.plexus:plexus-sec-dispatcher:jar:1.3:compile
[DEBUG]          org.sonatype.plexus:plexus-cipher:jar:1.4:compile
[DEBUG]    org.apache.maven:maven-model:jar:3.0:compile
[DEBUG]    org.apache.maven:maven-plugin-api:jar:3.0:compile
[DEBUG]    org.apache.maven:maven-artifact:jar:3.0:compile
[DEBUG]    org.apache.maven:maven-settings:jar:3.0:compile
[DEBUG]    org.apache.maven.reporting:maven-reporting-api:jar:3.0:compile
[DEBUG]    org.apache.maven.reporting:maven-reporting-impl:jar:2.4:compile
[DEBUG]       org.apache.maven.doxia:doxia-core:jar:1.6:compile
[DEBUG]          org.codehaus.plexus:plexus-container-default:jar:1.0-alpha-30:compile
[DEBUG]             junit:junit:jar:3.8.1:compile
[DEBUG]          xerces:xercesImpl:jar:2.9.1:compile
[DEBUG]             xml-apis:xml-apis:jar:1.3.04:compile
[DEBUG]          org.apache.httpcomponents:httpclient:jar:4.0.2:compile
[DEBUG]          org.apache.httpcomponents:httpcore:jar:4.0.1:compile
[DEBUG]          xmlunit:xmlunit:jar:1.5:compile
[DEBUG]       commons-validator:commons-validator:jar:1.4.1:compile
[DEBUG]          commons-beanutils:commons-beanutils:jar:1.8.3:compile
[DEBUG]          commons-digester:commons-digester:jar:1.8.1:compile
[DEBUG]          commons-logging:commons-logging:jar:1.2:compile
[DEBUG]    org.apache.maven.shared:maven-script-interpreter:jar:1.2:compile
[DEBUG]       org.apache.ant:ant:jar:1.8.1:compile
[DEBUG]    org.apache.maven.shared:maven-artifact-transfer:jar:0.9.1:compile
[DEBUG]       org.apache.maven.shared:maven-common-artifact-filters:jar:3.0.1:compile
[DEBUG]       commons-codec:commons-codec:jar:1.6:compile
[DEBUG]       org.slf4j:slf4j-api:jar:1.7.5:compile
[DEBUG]    org.apache.maven.doxia:doxia-sink-api:jar:1.7:compile
[DEBUG]       org.apache.maven.doxia:doxia-logging-api:jar:1.7:compile
[DEBUG]    org.apache.maven.doxia:doxia-site-renderer:jar:1.7.4:compile
[DEBUG]       org.apache.maven.doxia:doxia-decoration-model:jar:1.7.4:compile
[DEBUG]       org.apache.maven.doxia:doxia-skin-model:jar:1.7.4:compile
[DEBUG]       org.apache.maven.doxia:doxia-module-xhtml:jar:1.7:compile
[DEBUG]       org.codehaus.plexus:plexus-velocity:jar:1.2:compile
[DEBUG]       org.apache.velocity:velocity:jar:1.7:compile
[DEBUG]       org.apache.velocity:velocity-tools:jar:2.0:compile
[DEBUG]          commons-chain:commons-chain:jar:1.1:compile
[DEBUG]          dom4j:dom4j:jar:1.1:compile
[DEBUG]          oro:oro:jar:2.0.8:compile
[DEBUG]          sslext:sslext:jar:1.2-0:compile
[DEBUG]          org.apache.struts:struts-core:jar:1.3.8:compile
[DEBUG]             antlr:antlr:jar:2.7.2:compile
[DEBUG]          org.apache.struts:struts-taglib:jar:1.3.8:compile
[DEBUG]          org.apache.struts:struts-tiles:jar:1.3.8:compile
[DEBUG]       commons-collections:commons-collections:jar:3.2.1:compile
[DEBUG]       commons-lang:commons-lang:jar:2.4:compile
[DEBUG]    org.beanshell:bsh:jar:2.0b4:runtime
[DEBUG]    org.codehaus.groovy:groovy-all:jar:2.4.8:runtime
[DEBUG]    org.codehaus.plexus:plexus-utils:jar:3.1.0:compile
[DEBUG]    commons-io:commons-io:jar:2.5:compile
[DEBUG]    org.codehaus.plexus:plexus-interpolation:jar:1.26:compile
[DEBUG]    org.codehaus.plexus:plexus-i18n:jar:1.0-beta-7:compile
[DEBUG]    org.apache.maven.shared:maven-shared-utils:jar:3.2.1:compile
[DEBUG] Created new class realm plugin&gt;org.apache.maven.plugins:maven-invoker-plugin:3.2.1-SNAPSHOT
[DEBUG] Importing foreign packages into class realm plugin&gt;org.apache.maven.plugins:maven-invoker-plugin:3.2.1-SNAPSHOT
[DEBUG]   Imported:  &lt; maven.api
[DEBUG] Populating class realm plugin&gt;org.apache.maven.plugins:maven-invoker-plugin:3.2.1-SNAPSHOT
[DEBUG]   Included: org.apache.maven.plugins:maven-invoker-plugin:jar:3.2.1-SNAPSHOT
[DEBUG]   Included: org.apache.maven.shared:maven-invoker:jar:3.0.1
[DEBUG]   Included: org.codehaus.plexus:plexus-component-annotations:jar:1.7.1
[DEBUG]   Included: org.sonatype.aether:aether-util:jar:1.7
[DEBUG]   Included: org.sonatype.sisu:sisu-inject-bean:jar:1.4.2
[DEBUG]   Included: org.sonatype.sisu:sisu-guice:jar:noaop:2.1.7
[DEBUG]   Included: org.sonatype.plexus:plexus-sec-dispatcher:jar:1.3
[DEBUG]   Included: org.sonatype.plexus:plexus-cipher:jar:1.4
[DEBUG]   Included: org.apache.maven.reporting:maven-reporting-api:jar:3.0
[DEBUG]   Included: org.apache.maven.reporting:maven-reporting-impl:jar:2.4
[DEBUG]   Included: org.apache.maven.doxia:doxia-core:jar:1.6
[DEBUG]   Included: junit:junit:jar:3.8.1
[DEBUG]   Included: xerces:xercesImpl:jar:2.9.1
[DEBUG]   Included: xml-apis:xml-apis:jar:1.3.04
[DEBUG]   Included: org.apache.httpcomponents:httpclient:jar:4.0.2
[DEBUG]   Included: org.apache.httpcomponents:httpcore:jar:4.0.1
[DEBUG]   Included: xmlunit:xmlunit:jar:1.5
[DEBUG]   Included: commons-validator:commons-validator:jar:1.4.1
[DEBUG]   Included: commons-beanutils:commons-beanutils:jar:1.8.3
[DEBUG]   Included: commons-digester:commons-digester:jar:1.8.1
[DEBUG]   Included: commons-logging:commons-logging:jar:1.2
[DEBUG]   Included: org.apache.maven.shared:maven-script-interpreter:jar:1.2
[DEBUG]   Included: org.apache.ant:ant:jar:1.8.1
[DEBUG]   Included: org.apache.maven.shared:maven-artifact-transfer:jar:0.9.1
[DEBUG]   Included: org.apache.maven.shared:maven-common-artifact-filters:jar:3.0.1
[DEBUG]   Included: commons-codec:commons-codec:jar:1.6
[DEBUG]   Included: org.apache.maven.doxia:doxia-sink-api:jar:1.7
[DEBUG]   Included: org.apache.maven.doxia:doxia-logging-api:jar:1.7
[DEBUG]   Included: org.apache.maven.doxia:doxia-site-renderer:jar:1.7.4
[DEBUG]   Included: org.apache.maven.doxia:doxia-decoration-model:jar:1.7.4
[DEBUG]   Included: org.apache.maven.doxia:doxia-skin-model:jar:1.7.4
[DEBUG]   Included: org.apache.maven.doxia:doxia-module-xhtml:jar:1.7
[DEBUG]   Included: org.codehaus.plexus:plexus-velocity:jar:1.2
[DEBUG]   Included: org.apache.velocity:velocity:jar:1.7
[DEBUG]   Included: org.apache.velocity:velocity-tools:jar:2.0
[DEBUG]   Included: commons-chain:commons-chain:jar:1.1
[DEBUG]   Included: dom4j:dom4j:jar:1.1
[DEBUG]   Included: oro:oro:jar:2.0.8
[DEBUG]   Included: sslext:sslext:jar:1.2-0
[DEBUG]   Included: org.apache.struts:struts-core:jar:1.3.8
[DEBUG]   Included: antlr:antlr:jar:2.7.2
[DEBUG]   Included: org.apache.struts:struts-taglib:jar:1.3.8
[DEBUG]   Included: org.apache.struts:struts-tiles:jar:1.3.8
[DEBUG]   Included: commons-collections:commons-collections:jar:3.2.1
[DEBUG]   Included: commons-lang:commons-lang:jar:2.4
[DEBUG]   Included: org.beanshell:bsh:jar:2.0b4
[DEBUG]   Included: org.codehaus.groovy:groovy-all:jar:2.4.8
[DEBUG]   Included: org.codehaus.plexus:plexus-utils:jar:3.1.0
[DEBUG]   Included: commons-io:commons-io:jar:2.5
[DEBUG]   Included: org.codehaus.plexus:plexus-interpolation:jar:1.26
[DEBUG]   Included: org.codehaus.plexus:plexus-i18n:jar:1.0-beta-7
[DEBUG]   Included: org.apache.maven.shared:maven-shared-utils:jar:3.2.1
[DEBUG] Configuring mojo org.apache.maven.plugins:maven-invoker-plugin:3.2.1-SNAPSHOT:install from plugin realm ClassRealm[plugin&gt;org.apache.maven.plugins:maven-invoker-plugin:3.2.1-SNAPSHOT, parent: sun.misc.Launcher$AppClassLoader@5c647e05]
[DEBUG] Configuring mojo &apos;org.apache.maven.plugins:maven-invoker-plugin:3.2.1-SNAPSHOT:install&apos; with basic configurator --&gt;
[DEBUG]   (f) localRepository =       id: local
      url: file:///Users/olamy/dev/sources/maven/plugins/maven-invoker-plugin/target/local-repo/
   layout: default
snapshots: [enabled =&gt; true, update =&gt; always]
 releases: [enabled =&gt; true, update =&gt; always]

[DEBUG]   (f) localRepositoryPath = /Users/olamy/dev/sources/maven/plugins/maven-invoker-plugin/target/it/MINVOKER-243_install-reactor/plugin/target/local-repo
[DEBUG]   (f) project = MavenProject: org.apache.maven.plugins.invoker:minvoker251-plugin:1.0-SNAPSHOT @ /Users/olamy/dev/sources/maven/plugins/maven-invoker-plugin/target/it/MINVOKER-243_install-reactor/plugin/pom.xml
[DEBUG]   (f) reactorProjects = [MavenProject: org.apache.maven.plugins.invoker:minvoker251-parent:1.0-SNAPSHOT @ /Users/olamy/dev/sources/maven/plugins/maven-invoker-plugin/target/it/MINVOKER-243_install-reactor/pom.xml, MavenProject: org.apache.maven.plugins.invoker:minvoker251-a:1.0-SNAPSHOT @ /Users/olamy/dev/sources/maven/plugins/maven-invoker-plugin/target/it/MINVOKER-243_install-reactor/module-a/pom.xml, MavenProject: org.apache.maven.plugins.invoker:minvoker251-b:1.0-SNAPSHOT @ /Users/olamy/dev/sources/maven/plugins/maven-invoker-plugin/target/it/MINVOKER-243_install-reactor/module-b/pom.xml, MavenProject: org.apache.maven.plugins.invoker:minvoker251-plugin:1.0-SNAPSHOT @ /Users/olamy/dev/sources/maven/plugins/maven-invoker-plugin/target/it/MINVOKER-243_install-reactor/plugin/pom.xml]
[DEBUG]   (f) session = org.apache.maven.execution.MavenSession@37eeec90
[DEBUG]   (f) skipInstallation = false
[DEBUG] -- end configuration --
[DEBUG] Using manager EnhancedLocalRepositoryManager with priority 10.0 for /Users/olamy/dev/sources/maven/plugins/maven-invoker-plugin/target/it/MINVOKER-243_install-reactor/plugin/target/local-repo
[DEBUG] Using manager EnhancedLocalRepositoryManager with priority 10.0 for /Users/olamy/dev/sources/maven/plugins/maven-invoker-plugin/target/it/MINVOKER-243_install-reactor/plugin/target/local-repo
[INFO] Installing /Users/olamy/dev/sources/maven/plugins/maven-invoker-plugin/target/it/MINVOKER-243_install-reactor/module-b/pom.xml to /Users/olamy/dev/sources/maven/plugins/maven-invoker-plugin/target/it/MINVOKER-243_install-reactor/plugin/target/local-repo/org/apache/maven/plugins/invoker/minvoker251-b/1.0-SNAPSHOT/minvoker251-b-1.0-SNAPSHOT.pom
[DEBUG] Writing tracking file /Users/olamy/dev/sources/maven/plugins/maven-invoker-plugin/target/it/MINVOKER-243_install-reactor/plugin/target/local-repo/org/apache/maven/plugins/invoker/minvoker251-b/1.0-SNAPSHOT/_remote.repositories
[DEBUG] Installing org.apache.maven.plugins.invoker:minvoker251-b:1.0-SNAPSHOT/maven-metadata.xml to /Users/olamy/dev/sources/maven/plugins/maven-invoker-plugin/target/it/MINVOKER-243_install-reactor/plugin/target/local-repo/org/apache/maven/plugins/invoker/minvoker251-b/1.0-SNAPSHOT/maven-metadata-local.xml
[DEBUG] Installing org.apache.maven.plugins.invoker:minvoker251-b/maven-metadata.xml to /Users/olamy/dev/sources/maven/plugins/maven-invoker-plugin/target/it/MINVOKER-243_install-reactor/plugin/target/local-repo/org/apache/maven/plugins/invoker/minvoker251-b/maven-metadata-local.xml
[DEBUG] Using manager EnhancedLocalRepositoryManager with priority 10.0 for /Users/olamy/dev/sources/maven/plugins/maven-invoker-plugin/target/it/MINVOKER-243_install-reactor/plugin/target/local-repo
[INFO] Installing /Users/olamy/dev/sources/maven/plugins/maven-invoker-plugin/target/it/MINVOKER-243_install-reactor/module-b/target/minvoker251-b-1.0-SNAPSHOT.jar to /Users/olamy/dev/sources/maven/plugins/maven-invoker-plugin/target/it/MINVOKER-243_install-reactor/plugin/target/local-repo/org/apache/maven/plugins/invoker/minvoker251-b/1.0-SNAPSHOT/minvoker251-b-1.0-SNAPSHOT.jar
[DEBUG] Writing tracking file /Users/olamy/dev/sources/maven/plugins/maven-invoker-plugin/target/it/MINVOKER-243_install-reactor/plugin/target/local-repo/org/apache/maven/plugins/invoker/minvoker251-b/1.0-SNAPSHOT/_remote.repositories
[DEBUG] Installing org.apache.maven.plugins.invoker:minvoker251-b:1.0-SNAPSHOT/maven-metadata.xml to /Users/olamy/dev/sources/maven/plugins/maven-invoker-plugin/target/it/MINVOKER-243_install-reactor/plugin/target/local-repo/org/apache/maven/plugins/invoker/minvoker251-b/1.0-SNAPSHOT/maven-metadata-local.xml
[DEBUG] Installing org.apache.maven.plugins.invoker:minvoker251-b/maven-metadata.xml to /Users/olamy/dev/sources/maven/plugins/maven-invoker-plugin/target/it/MINVOKER-243_install-reactor/plugin/target/local-repo/org/apache/maven/plugins/invoker/minvoker251-b/maven-metadata-local.xml
[DEBUG] Using manager EnhancedLocalRepositoryManager with priority 10.0 for /Users/olamy/dev/sources/maven/plugins/maven-invoker-plugin/target/it/MINVOKER-243_install-reactor/plugin/target/local-repo
[INFO] Installing /Users/olamy/dev/sources/maven/plugins/maven-invoker-plugin/target/it/MINVOKER-243_install-reactor/pom.xml to /Users/olamy/dev/sources/maven/plugins/maven-invoker-plugin/target/it/MINVOKER-243_install-reactor/plugin/target/local-repo/org/apache/maven/plugins/invoker/minvoker251-parent/1.0-SNAPSHOT/minvoker251-parent-1.0-SNAPSHOT.pom
[DEBUG] Writing tracking file /Users/olamy/dev/sources/maven/plugins/maven-invoker-plugin/target/it/MINVOKER-243_install-reactor/plugin/target/local-repo/org/apache/maven/plugins/invoker/minvoker251-parent/1.0-SNAPSHOT/_remote.repositories
[DEBUG] Installing org.apache.maven.plugins.invoker:minvoker251-parent:1.0-SNAPSHOT/maven-metadata.xml to /Users/olamy/dev/sources/maven/plugins/maven-invoker-plugin/target/it/MINVOKER-243_install-reactor/plugin/target/local-repo/org/apache/maven/plugins/invoker/minvoker251-parent/1.0-SNAPSHOT/maven-metadata-local.xml
[DEBUG] Installing org.apache.maven.plugins.invoker:minvoker251-parent/maven-metadata.xml to /Users/olamy/dev/sources/maven/plugins/maven-invoker-plugin/target/it/MINVOKER-243_install-reactor/plugin/target/local-repo/org/apache/maven/plugins/invoker/minvoker251-parent/maven-metadata-local.xml
[DEBUG] Using manager EnhancedLocalRepositoryManager with priority 10.0 for /Users/olamy/dev/sources/maven/plugins/maven-invoker-plugin/target/it/MINVOKER-243_install-reactor/plugin/target/local-repo
[INFO] Installing /Users/olamy/dev/sources/maven/plugins/maven-invoker-plugin/target/it/MINVOKER-243_install-reactor/module-a/pom.xml to /Users/olamy/dev/sources/maven/plugins/maven-invoker-plugin/target/it/MINVOKER-243_install-reactor/plugin/target/local-repo/org/apache/maven/plugins/invoker/minvoker251-a/1.0-SNAPSHOT/minvoker251-a-1.0-SNAPSHOT.pom
[DEBUG] Writing tracking file /Users/olamy/dev/sources/maven/plugins/maven-invoker-plugin/target/it/MINVOKER-243_install-reactor/plugin/target/local-repo/org/apache/maven/plugins/invoker/minvoker251-a/1.0-SNAPSHOT/_remote.repositories
[DEBUG] Installing org.apache.maven.plugins.invoker:minvoker251-a:1.0-SNAPSHOT/maven-metadata.xml to /Users/olamy/dev/sources/maven/plugins/maven-invoker-plugin/target/it/MINVOKER-243_install-reactor/plugin/target/local-repo/org/apache/maven/plugins/invoker/minvoker251-a/1.0-SNAPSHOT/maven-metadata-local.xml
[DEBUG] Installing org.apache.maven.plugins.invoker:minvoker251-a/maven-metadata.xml to /Users/olamy/dev/sources/maven/plugins/maven-invoker-plugin/target/it/MINVOKER-243_install-reactor/plugin/target/local-repo/org/apache/maven/plugins/invoker/minvoker251-a/maven-metadata-local.xml
[DEBUG] Using manager EnhancedLocalRepositoryManager with priority 10.0 for /Users/olamy/dev/sources/maven/plugins/maven-invoker-plugin/target/it/MINVOKER-243_install-reactor/plugin/target/local-repo
[INFO] Installing /Users/olamy/dev/sources/maven/plugins/maven-invoker-plugin/target/it/MINVOKER-243_install-reactor/module-a/target/minvoker251-a-1.0-SNAPSHOT.jar to /Users/olamy/dev/sources/maven/plugins/maven-invoker-plugin/target/it/MINVOKER-243_install-reactor/plugin/target/local-repo/org/apache/maven/plugins/invoker/minvoker251-a/1.0-SNAPSHOT/minvoker251-a-1.0-SNAPSHOT.jar
[DEBUG] Writing tracking file /Users/olamy/dev/sources/maven/plugins/maven-invoker-plugin/target/it/MINVOKER-243_install-reactor/plugin/target/local-repo/org/apache/maven/plugins/invoker/minvoker251-a/1.0-SNAPSHOT/_remote.repositories
[DEBUG] Installing org.apache.maven.plugins.invoker:minvoker251-a:1.0-SNAPSHOT/maven-metadata.xml to /Users/olamy/dev/sources/maven/plugins/maven-invoker-plugin/target/it/MINVOKER-243_install-reactor/plugin/target/local-repo/org/apache/maven/plugins/invoker/minvoker251-a/1.0-SNAPSHOT/maven-metadata-local.xml
[DEBUG] Installing org.apache.maven.plugins.invoker:minvoker251-a/maven-metadata.xml to /Users/olamy/dev/sources/maven/plugins/maven-invoker-plugin/target/it/MINVOKER-243_install-reactor/plugin/target/local-repo/org/apache/maven/plugins/invoker/minvoker251-a/maven-metadata-local.xml
[DEBUG] Not re-installing org.apache.maven.plugins.invoker:minvoker251-parent:pom:1.0-SNAPSHOT, /Users/olamy/dev/sources/maven/plugins/maven-invoker-plugin/target/it/MINVOKER-243_install-reactor/pom.xml
[DEBUG] Not re-installing org.apache.maven.plugins.invoker:minvoker251-parent:pom:1.0-SNAPSHOT, /Users/olamy/dev/sources/maven/plugins/maven-invoker-plugin/target/it/MINVOKER-243_install-reactor/pom.xml
[DEBUG] Using manager EnhancedLocalRepositoryManager with priority 10.0 for /Users/olamy/dev/sources/maven/plugins/maven-invoker-plugin/target/it/MINVOKER-243_install-reactor/plugin/target/local-repo
[INFO] Installing /Users/olamy/dev/sources/maven/plugins/maven-invoker-plugin/target/it/MINVOKER-243_install-reactor/plugin/pom.xml to /Users/olamy/dev/sources/maven/plugins/maven-invoker-plugin/target/it/MINVOKER-243_install-reactor/plugin/target/local-repo/org/apache/maven/plugins/invoker/minvoker251-plugin/1.0-SNAPSHOT/minvoker251-plugin-1.0-SNAPSHOT.pom
[DEBUG] Writing tracking file /Users/olamy/dev/sources/maven/plugins/maven-invoker-plugin/target/it/MINVOKER-243_install-reactor/plugin/target/local-repo/org/apache/maven/plugins/invoker/minvoker251-plugin/1.0-SNAPSHOT/_remote.repositories
[DEBUG] Installing org.apache.maven.plugins.invoker:minvoker251-plugin:1.0-SNAPSHOT/maven-metadata.xml to /Users/olamy/dev/sources/maven/plugins/maven-invoker-plugin/target/it/MINVOKER-243_install-reactor/plugin/target/local-repo/org/apache/maven/plugins/invoker/minvoker251-plugin/1.0-SNAPSHOT/maven-metadata-local.xml
[DEBUG] Installing org.apache.maven.plugins.invoker:minvoker251-plugin/maven-metadata.xml to /Users/olamy/dev/sources/maven/plugins/maven-invoker-plugin/target/it/MINVOKER-243_install-reactor/plugin/target/local-repo/org/apache/maven/plugins/invoker/minvoker251-plugin/maven-metadata-local.xml
[DEBUG] Using manager EnhancedLocalRepositoryManager with priority 10.0 for /Users/olamy/dev/sources/maven/plugins/maven-invoker-plugin/target/it/MINVOKER-243_install-reactor/plugin/target/local-repo
[INFO] Installing /Users/olamy/dev/sources/maven/plugins/maven-invoker-plugin/target/it/MINVOKER-243_install-reactor/plugin/target/minvoker251-plugin-1.0-SNAPSHOT.jar to /Users/olamy/dev/sources/maven/plugins/maven-invoker-plugin/target/it/MINVOKER-243_install-reactor/plugin/target/local-repo/org/apache/maven/plugins/invoker/minvoker251-plugin/1.0-SNAPSHOT/minvoker251-plugin-1.0-SNAPSHOT.jar
[DEBUG] Writing tracking file /Users/olamy/dev/sources/maven/plugins/maven-invoker-plugin/target/it/MINVOKER-243_install-reactor/plugin/target/local-repo/org/apache/maven/plugins/invoker/minvoker251-plugin/1.0-SNAPSHOT/_remote.repositories
[DEBUG] Installing org.apache.maven.plugins.invoker:minvoker251-plugin:1.0-SNAPSHOT/maven-metadata.xml to /Users/olamy/dev/sources/maven/plugins/maven-invoker-plugin/target/it/MINVOKER-243_install-reactor/plugin/target/local-repo/org/apache/maven/plugins/invoker/minvoker251-plugin/1.0-SNAPSHOT/maven-metadata-local.xml
[DEBUG] Installing org.apache.maven.plugins.invoker:minvoker251-plugin/maven-metadata.xml to /Users/olamy/dev/sources/maven/plugins/maven-invoker-plugin/target/it/MINVOKER-243_install-reactor/plugin/target/local-repo/org/apache/maven/plugins/invoker/minvoker251-plugin/maven-metadata-local.xml
[INFO] ------------------------------------------------------------------------
[INFO] Reactor Summary for minvoker251-parent 1.0-SNAPSHOT:
[INFO] 
[INFO] minvoker251-parent ................................. SUCCESS [  0.006 s]
[INFO] minvoker251-a ...................................... SUCCESS [  0.892 s]
[INFO] minvoker251-b ...................................... SUCCESS [  0.096 s]
[INFO] minvoker251-plugin ................................. SUCCESS [  0.727 s]
[INFO] ------------------------------------------------------------------------
[INFO] BUILD SUCCESS
[INFO] ------------------------------------------------------------------------
[INFO] Total time:  1.835 s
[INFO] Finished at: 2019-07-17T16:48:53+10:00
[INFO] ------------------------------------------------------------------------
Running post-build script: /Users/olamy/dev/sources/maven/plugins/maven-invoker-plugin/target/it/MINVOKER-243_install-reactor/verify.groovy
Finished post-build script: /Users/olamy/dev/sources/maven/plugins/maven-invoker-plugin/target/it/MINVOKER-243_install-reactor/verify.groovy
]]&gt;</system-out>
  </testcase>
</testsuite>