<testsuite tests="1" time="36.227">
  <testcase classname="maven.invoker.it.install-extra-artifacts" name="install-extra-artifacts">
    <system-out>Apache Maven 3.6.1 (d66c9c0b3152b2e69ee9bac180bb8fcc8e6af555; 2019-04-05T05:00:29+10:00)
Maven home: /Users/olamy/softs/maven/apache-maven-3.6.1
Java version: 1.8.0_201, vendor: Oracle Corporation, runtime: /Library/Java/JavaVirtualMachines/jdk1.8.0_201.jdk/Contents/Home/jre
Default locale: en_AU, platform encoding: UTF-8
OS name: &quot;mac os x&quot;, version: &quot;10.14.5&quot;, arch: &quot;x86_64&quot;, family: &quot;mac&quot;
[DEBUG] Created new class realm maven.api
[DEBUG] Importing foreign packages into class realm maven.api
[DEBUG]   Imported: javax.annotation.* &lt; plexus.core
[DEBUG]   Imported: javax.annotation.security.* &lt; plexus.core
[DEBUG]   Imported: javax.enterprise.inject.* &lt; plexus.core
[DEBUG]   Imported: javax.enterprise.util.* &lt; plexus.core
[DEBUG]   Imported: javax.inject.* &lt; plexus.core
[DEBUG]   Imported: org.apache.maven.* &lt; plexus.core
[DEBUG]   Imported: org.apache.maven.artifact &lt; plexus.core
[DEBUG]   Imported: org.apache.maven.classrealm &lt; plexus.core
[DEBUG]   Imported: org.apache.maven.cli &lt; plexus.core
[DEBUG]   Imported: org.apache.maven.configuration &lt; plexus.core
[DEBUG]   Imported: org.apache.maven.exception &lt; plexus.core
[DEBUG]   Imported: org.apache.maven.execution &lt; plexus.core
[DEBUG]   Imported: org.apache.maven.execution.scope &lt; plexus.core
[DEBUG]   Imported: org.apache.maven.lifecycle &lt; plexus.core
[DEBUG]   Imported: org.apache.maven.model &lt; plexus.core
[DEBUG]   Imported: org.apache.maven.monitor &lt; plexus.core
[DEBUG]   Imported: org.apache.maven.plugin &lt; plexus.core
[DEBUG]   Imported: org.apache.maven.profiles &lt; plexus.core
[DEBUG]   Imported: org.apache.maven.project &lt; plexus.core
[DEBUG]   Imported: org.apache.maven.reporting &lt; plexus.core
[DEBUG]   Imported: org.apache.maven.repository &lt; plexus.core
[DEBUG]   Imported: org.apache.maven.rtinfo &lt; plexus.core
[DEBUG]   Imported: org.apache.maven.settings &lt; plexus.core
[DEBUG]   Imported: org.apache.maven.toolchain &lt; plexus.core
[DEBUG]   Imported: org.apache.maven.usability &lt; plexus.core
[DEBUG]   Imported: org.apache.maven.wagon.* &lt; plexus.core
[DEBUG]   Imported: org.apache.maven.wagon.authentication &lt; plexus.core
[DEBUG]   Imported: org.apache.maven.wagon.authorization &lt; plexus.core
[DEBUG]   Imported: org.apache.maven.wagon.events &lt; plexus.core
[DEBUG]   Imported: org.apache.maven.wagon.observers &lt; plexus.core
[DEBUG]   Imported: org.apache.maven.wagon.proxy &lt; plexus.core
[DEBUG]   Imported: org.apache.maven.wagon.repository &lt; plexus.core
[DEBUG]   Imported: org.apache.maven.wagon.resource &lt; plexus.core
[DEBUG]   Imported: org.codehaus.classworlds &lt; plexus.core
[DEBUG]   Imported: org.codehaus.plexus.* &lt; plexus.core
[DEBUG]   Imported: org.codehaus.plexus.classworlds &lt; plexus.core
[DEBUG]   Imported: org.codehaus.plexus.component &lt; plexus.core
[DEBUG]   Imported: org.codehaus.plexus.configuration &lt; plexus.core
[DEBUG]   Imported: org.codehaus.plexus.container &lt; plexus.core
[DEBUG]   Imported: org.codehaus.plexus.context &lt; plexus.core
[DEBUG]   Imported: org.codehaus.plexus.lifecycle &lt; plexus.core
[DEBUG]   Imported: org.codehaus.plexus.logging &lt; plexus.core
[DEBUG]   Imported: org.codehaus.plexus.personality &lt; plexus.core
[DEBUG]   Imported: org.codehaus.plexus.util.xml.Xpp3Dom &lt; plexus.core
[DEBUG]   Imported: org.codehaus.plexus.util.xml.pull.XmlPullParser &lt; plexus.core
[DEBUG]   Imported: org.codehaus.plexus.util.xml.pull.XmlPullParserException &lt; plexus.core
[DEBUG]   Imported: org.codehaus.plexus.util.xml.pull.XmlSerializer &lt; plexus.core
[DEBUG]   Imported: org.eclipse.aether.* &lt; plexus.core
[DEBUG]   Imported: org.eclipse.aether.artifact &lt; plexus.core
[DEBUG]   Imported: org.eclipse.aether.collection &lt; plexus.core
[DEBUG]   Imported: org.eclipse.aether.deployment &lt; plexus.core
[DEBUG]   Imported: org.eclipse.aether.graph &lt; plexus.core
[DEBUG]   Imported: org.eclipse.aether.impl &lt; plexus.core
[DEBUG]   Imported: org.eclipse.aether.installation &lt; plexus.core
[DEBUG]   Imported: org.eclipse.aether.internal.impl &lt; plexus.core
[DEBUG]   Imported: org.eclipse.aether.metadata &lt; plexus.core
[DEBUG]   Imported: org.eclipse.aether.repository &lt; plexus.core
[DEBUG]   Imported: org.eclipse.aether.resolution &lt; plexus.core
[DEBUG]   Imported: org.eclipse.aether.spi &lt; plexus.core
[DEBUG]   Imported: org.eclipse.aether.transfer &lt; plexus.core
[DEBUG]   Imported: org.eclipse.aether.version &lt; plexus.core
[DEBUG]   Imported: org.fusesource.jansi.* &lt; plexus.core
[DEBUG]   Imported: org.slf4j.* &lt; plexus.core
[DEBUG]   Imported: org.slf4j.event.* &lt; plexus.core
[DEBUG]   Imported: org.slf4j.helpers.* &lt; plexus.core
[DEBUG]   Imported: org.slf4j.spi.* &lt; plexus.core
[DEBUG] Populating class realm maven.api
[INFO] Error stacktraces are turned on.
[DEBUG] Message scheme: plain
[DEBUG] Reading global settings from /Users/olamy/softs/maven/apache-maven-3.6.1/conf/settings.xml
[DEBUG] Reading user settings from /Users/olamy/dev/sources/maven/plugins/maven-invoker-plugin/target/it/interpolated-settings.xml
[DEBUG] Reading global toolchains from /Users/olamy/softs/maven/apache-maven-3.6.1/conf/toolchains.xml
[DEBUG] Reading user toolchains from /Users/olamy/.m2/toolchains.xml
[DEBUG] Using local repository at /Users/olamy/dev/sources/maven/plugins/maven-invoker-plugin/target/local-repo
[DEBUG] Using manager EnhancedLocalRepositoryManager with priority 10.0 for /Users/olamy/dev/sources/maven/plugins/maven-invoker-plugin/target/local-repo
[INFO] Scanning for projects...
[DEBUG] Extension realms for project org.apache.maven.plugins.invoker:stage-extras:pom:1.0-SNAPSHOT: (none)
[DEBUG] Looking up lifecycle mappings for packaging pom from ClassRealm[plexus.core, parent: null]
[DEBUG] === REACTOR BUILD PLAN ================================================
[DEBUG] Project: org.apache.maven.plugins.invoker:stage-extras:pom:1.0-SNAPSHOT
[DEBUG] Tasks:   [clean, initialize]
[DEBUG] Style:   Regular
[DEBUG] =======================================================================
[INFO] 
[INFO] -----------&lt; org.apache.maven.plugins.invoker:stage-extras &gt;------------
[INFO] Building stage-extras 1.0-SNAPSHOT
[INFO] --------------------------------[ pom ]---------------------------------
[DEBUG] Lifecycle default -&gt; [validate, initialize, generate-sources, process-sources, generate-resources, process-resources, compile, process-classes, generate-test-sources, process-test-sources, generate-test-resources, process-test-resources, test-compile, process-test-classes, test, prepare-package, package, pre-integration-test, integration-test, post-integration-test, verify, install, deploy]
[DEBUG] Lifecycle clean -&gt; [pre-clean, clean, post-clean]
[DEBUG] Lifecycle site -&gt; [pre-site, site, post-site, site-deploy]
[DEBUG] Lifecycle default -&gt; [validate, initialize, generate-sources, process-sources, generate-resources, process-resources, compile, process-classes, generate-test-sources, process-test-sources, generate-test-resources, process-test-resources, test-compile, process-test-classes, test, prepare-package, package, pre-integration-test, integration-test, post-integration-test, verify, install, deploy]
[DEBUG] Lifecycle clean -&gt; [pre-clean, clean, post-clean]
[DEBUG] Lifecycle site -&gt; [pre-site, site, post-site, site-deploy]
[DEBUG] Skipped remote request for org.apache.maven.plugins:maven-invoker-plugin:3.2.1-SNAPSHOT/maven-metadata.xml locally installed metadata up-to-date.
[DEBUG] Skipped remote request for org.apache.maven.plugins:maven-invoker-plugin:3.2.1-SNAPSHOT/maven-metadata.xml locally installed metadata up-to-date.
[DEBUG] Skipped remote request for org.apache.maven.plugins:maven-invoker-plugin:3.2.1-SNAPSHOT/maven-metadata.xml locally installed metadata up-to-date.
[DEBUG] Skipped remote request for org.apache.maven.plugins:maven-invoker-plugin:3.2.1-SNAPSHOT/maven-metadata.xml locally installed metadata up-to-date.
[DEBUG] Lifecycle default -&gt; [validate, initialize, generate-sources, process-sources, generate-resources, process-resources, compile, process-classes, generate-test-sources, process-test-sources, generate-test-resources, process-test-resources, test-compile, process-test-classes, test, prepare-package, package, pre-integration-test, integration-test, post-integration-test, verify, install, deploy]
[DEBUG] Lifecycle clean -&gt; [pre-clean, clean, post-clean]
[DEBUG] Lifecycle site -&gt; [pre-site, site, post-site, site-deploy]
[DEBUG] Lifecycle default -&gt; [validate, initialize, generate-sources, process-sources, generate-resources, process-resources, compile, process-classes, generate-test-sources, process-test-sources, generate-test-resources, process-test-resources, test-compile, process-test-classes, test, prepare-package, package, pre-integration-test, integration-test, post-integration-test, verify, install, deploy]
[DEBUG] Lifecycle clean -&gt; [pre-clean, clean, post-clean]
[DEBUG] Lifecycle site -&gt; [pre-site, site, post-site, site-deploy]
[DEBUG] === PROJECT BUILD PLAN ================================================
[DEBUG] Project:       org.apache.maven.plugins.invoker:stage-extras:1.0-SNAPSHOT
[DEBUG] Dependencies (collect): []
[DEBUG] Dependencies (resolve): [runtime]
[DEBUG] Repositories (dependencies): [local.central (file:///Users/olamy/.m2/repository, default, releases+snapshots), apache.snapshots (http://repository.apache.org/content/groups/snapshots-group/, default, snapshots), central (https://repo.maven.apache.org/maven2, default, releases)]
[DEBUG] Repositories (plugins)     : [local.central (file:///Users/olamy/.m2/repository, default, releases+snapshots), apache.snapshots (http://repository.apache.org/content/groups/snapshots-group/, default, snapshots), central (https://repo.maven.apache.org/maven2, default, releases)]
[DEBUG] -----------------------------------------------------------------------
[DEBUG] Goal:          org.apache.maven.plugins:maven-clean-plugin:2.5:clean (default-clean)
[DEBUG] Style:         Regular
[DEBUG] Configuration: &lt;?xml version=&quot;1.0&quot; encoding=&quot;UTF-8&quot;?&gt;
&lt;configuration&gt;
  &lt;directory default-value=&quot;${project.build.directory}&quot;/&gt;
  &lt;excludeDefaultDirectories default-value=&quot;false&quot;&gt;${clean.excludeDefaultDirectories}&lt;/excludeDefaultDirectories&gt;
  &lt;failOnError default-value=&quot;true&quot;&gt;${maven.clean.failOnError}&lt;/failOnError&gt;
  &lt;followSymLinks default-value=&quot;false&quot;&gt;${clean.followSymLinks}&lt;/followSymLinks&gt;
  &lt;outputDirectory default-value=&quot;${project.build.outputDirectory}&quot;/&gt;
  &lt;reportDirectory default-value=&quot;${project.reporting.outputDirectory}&quot;/&gt;
  &lt;retryOnError default-value=&quot;true&quot;&gt;${maven.clean.retryOnError}&lt;/retryOnError&gt;
  &lt;skip default-value=&quot;false&quot;&gt;${clean.skip}&lt;/skip&gt;
  &lt;testOutputDirectory default-value=&quot;${project.build.testOutputDirectory}&quot;/&gt;
  &lt;verbose&gt;${clean.verbose}&lt;/verbose&gt;
&lt;/configuration&gt;
[DEBUG] -----------------------------------------------------------------------
[DEBUG] Goal:          org.apache.maven.plugins:maven-invoker-plugin:3.2.1-SNAPSHOT:install (integration-test)
[DEBUG] Style:         Regular
[DEBUG] Configuration: &lt;?xml version=&quot;1.0&quot; encoding=&quot;UTF-8&quot;?&gt;
&lt;configuration&gt;
  &lt;extraArtifacts&gt;
    &lt;extraArtifact&gt;junit:junit:3.8.2&lt;/extraArtifact&gt;
    &lt;extraArtifact&gt;org.apache.maven.plugins:maven-clean-plugin:2.4:maven-plugin&lt;/extraArtifact&gt;
    &lt;extraArtifact&gt;org.apache.maven.plugins:maven-clean-plugin:2.4:jar:javadoc&lt;/extraArtifact&gt;
    &lt;extraArtifact&gt;jdom:jdom:1.1&lt;/extraArtifact&gt;
  &lt;/extraArtifacts&gt;
  &lt;localRepository&gt;${localRepository}&lt;/localRepository&gt;
  &lt;localRepositoryPath default-value=&quot;${session.localRepository.basedir}&quot;&gt;/Users/olamy/dev/sources/maven/plugins/maven-invoker-plugin/target/it/install-extra-artifacts/target/it-repo&lt;/localRepositoryPath&gt;
  &lt;project default-value=&quot;${project}&quot;/&gt;
  &lt;reactorProjects default-value=&quot;${reactorProjects}&quot;/&gt;
  &lt;session default-value=&quot;${session}&quot;/&gt;
  &lt;skipInstallation default-value=&quot;false&quot;&gt;${invoker.skip}&lt;/skipInstallation&gt;
&lt;/configuration&gt;
[DEBUG] =======================================================================
[DEBUG] Dependency collection stats: {ConflictMarker.analyzeTime=62427, ConflictMarker.markTime=411305, ConflictMarker.nodeCount=1, ConflictIdSorter.graphTime=37026, ConflictIdSorter.topsortTime=548179, ConflictIdSorter.conflictIdCount=0, ConflictIdSorter.conflictIdCycleCount=0, ConflictResolver.totalTime=1572589, ConflictResolver.conflictItemCount=0, DefaultDependencyCollector.collectTime=251305, DefaultDependencyCollector.transformTime=4281433}
[DEBUG] org.apache.maven.plugins.invoker:stage-extras:pom:1.0-SNAPSHOT
[INFO] 
[INFO] --- maven-clean-plugin:2.5:clean (default-clean) @ stage-extras ---
[DEBUG] Dependency collection stats: {ConflictMarker.analyzeTime=775366, ConflictMarker.markTime=72115, ConflictMarker.nodeCount=3, ConflictIdSorter.graphTime=117587, ConflictIdSorter.topsortTime=26695, ConflictIdSorter.conflictIdCount=3, ConflictIdSorter.conflictIdCycleCount=0, ConflictResolver.totalTime=1491071, ConflictResolver.conflictItemCount=3, DefaultDependencyCollector.collectTime=22752181, DefaultDependencyCollector.transformTime=2542802}
[DEBUG] org.apache.maven.plugins:maven-clean-plugin:jar:2.5:
[DEBUG]    org.apache.maven:maven-plugin-api:jar:2.0.6:compile
[DEBUG]    org.codehaus.plexus:plexus-utils:jar:3.0:compile
[DEBUG] Created new class realm plugin&gt;org.apache.maven.plugins:maven-clean-plugin:2.5
[DEBUG] Importing foreign packages into class realm plugin&gt;org.apache.maven.plugins:maven-clean-plugin:2.5
[DEBUG]   Imported:  &lt; maven.api
[DEBUG] Populating class realm plugin&gt;org.apache.maven.plugins:maven-clean-plugin:2.5
[DEBUG]   Included: org.apache.maven.plugins:maven-clean-plugin:jar:2.5
[DEBUG]   Included: org.codehaus.plexus:plexus-utils:jar:3.0
[DEBUG] Configuring mojo org.apache.maven.plugins:maven-clean-plugin:2.5:clean from plugin realm ClassRealm[plugin&gt;org.apache.maven.plugins:maven-clean-plugin:2.5, parent: sun.misc.Launcher$AppClassLoader@5c647e05]
[DEBUG] Configuring mojo &apos;org.apache.maven.plugins:maven-clean-plugin:2.5:clean&apos; with basic configurator --&gt;
[DEBUG]   (f) directory = /Users/olamy/dev/sources/maven/plugins/maven-invoker-plugin/target/it/install-extra-artifacts/target
[DEBUG]   (f) excludeDefaultDirectories = false
[DEBUG]   (f) failOnError = true
[DEBUG]   (f) followSymLinks = false
[DEBUG]   (f) outputDirectory = /Users/olamy/dev/sources/maven/plugins/maven-invoker-plugin/target/it/install-extra-artifacts/target/classes
[DEBUG]   (f) reportDirectory = /Users/olamy/dev/sources/maven/plugins/maven-invoker-plugin/target/it/install-extra-artifacts/target/site
[DEBUG]   (f) retryOnError = true
[DEBUG]   (f) skip = false
[DEBUG]   (f) testOutputDirectory = /Users/olamy/dev/sources/maven/plugins/maven-invoker-plugin/target/it/install-extra-artifacts/target/test-classes
[DEBUG] -- end configuration --
[DEBUG] Skipping non-existing directory /Users/olamy/dev/sources/maven/plugins/maven-invoker-plugin/target/it/install-extra-artifacts/target
[DEBUG] Skipping non-existing directory /Users/olamy/dev/sources/maven/plugins/maven-invoker-plugin/target/it/install-extra-artifacts/target/classes
[DEBUG] Skipping non-existing directory /Users/olamy/dev/sources/maven/plugins/maven-invoker-plugin/target/it/install-extra-artifacts/target/test-classes
[DEBUG] Skipping non-existing directory /Users/olamy/dev/sources/maven/plugins/maven-invoker-plugin/target/it/install-extra-artifacts/target/site
[INFO] 
[INFO] --- maven-invoker-plugin:3.2.1-SNAPSHOT:install (integration-test) @ stage-extras ---
[DEBUG] Dependency collection stats: {ConflictMarker.analyzeTime=1287884, ConflictMarker.markTime=737812, ConflictMarker.nodeCount=313, ConflictIdSorter.graphTime=607420, ConflictIdSorter.topsortTime=141120, ConflictIdSorter.conflictIdCount=74, ConflictIdSorter.conflictIdCycleCount=0, ConflictResolver.totalTime=8275455, ConflictResolver.conflictItemCount=176, DefaultDependencyCollector.collectTime=372348669, DefaultDependencyCollector.transformTime=11108817}
[DEBUG] org.apache.maven.plugins:maven-invoker-plugin:jar:3.2.1-SNAPSHOT:
[DEBUG]    org.apache.maven.shared:maven-invoker:jar:3.0.1:compile
[DEBUG]       org.codehaus.plexus:plexus-component-annotations:jar:1.7.1:compile
[DEBUG]    org.apache.maven:maven-core:jar:3.0:compile
[DEBUG]       org.apache.maven:maven-settings-builder:jar:3.0:compile
[DEBUG]       org.apache.maven:maven-repository-metadata:jar:3.0:compile
[DEBUG]       org.apache.maven:maven-model-builder:jar:3.0:compile
[DEBUG]       org.apache.maven:maven-aether-provider:jar:3.0:runtime
[DEBUG]       org.sonatype.aether:aether-impl:jar:1.7:compile
[DEBUG]          org.sonatype.aether:aether-spi:jar:1.7:compile
[DEBUG]       org.sonatype.aether:aether-api:jar:1.7:compile
[DEBUG]       org.sonatype.aether:aether-util:jar:1.7:compile
[DEBUG]       org.sonatype.sisu:sisu-inject-plexus:jar:1.4.2:compile
[DEBUG]          org.sonatype.sisu:sisu-inject-bean:jar:1.4.2:compile
[DEBUG]             org.sonatype.sisu:sisu-guice:jar:noaop:2.1.7:compile
[DEBUG]       org.codehaus.plexus:plexus-classworlds:jar:2.2.3:compile
[DEBUG]       org.sonatype.plexus:plexus-sec-dispatcher:jar:1.3:compile
[DEBUG]          org.sonatype.plexus:plexus-cipher:jar:1.4:compile
[DEBUG]    org.apache.maven:maven-model:jar:3.0:compile
[DEBUG]    org.apache.maven:maven-plugin-api:jar:3.0:compile
[DEBUG]    org.apache.maven:maven-artifact:jar:3.0:compile
[DEBUG]    org.apache.maven:maven-settings:jar:3.0:compile
[DEBUG]    org.apache.maven.reporting:maven-reporting-api:jar:3.0:compile
[DEBUG]    org.apache.maven.reporting:maven-reporting-impl:jar:2.4:compile
[DEBUG]       org.apache.maven.doxia:doxia-core:jar:1.6:compile
[DEBUG]          org.codehaus.plexus:plexus-container-default:jar:1.0-alpha-30:compile
[DEBUG]             junit:junit:jar:3.8.1:compile
[DEBUG]          xerces:xercesImpl:jar:2.9.1:compile
[DEBUG]             xml-apis:xml-apis:jar:1.3.04:compile
[DEBUG]          org.apache.httpcomponents:httpclient:jar:4.0.2:compile
[DEBUG]          org.apache.httpcomponents:httpcore:jar:4.0.1:compile
[DEBUG]          xmlunit:xmlunit:jar:1.5:compile
[DEBUG]       commons-validator:commons-validator:jar:1.4.1:compile
[DEBUG]          commons-beanutils:commons-beanutils:jar:1.8.3:compile
[DEBUG]          commons-digester:commons-digester:jar:1.8.1:compile
[DEBUG]          commons-logging:commons-logging:jar:1.2:compile
[DEBUG]    org.apache.maven.shared:maven-script-interpreter:jar:1.2:compile
[DEBUG]       org.apache.ant:ant:jar:1.8.1:compile
[DEBUG]    org.apache.maven.shared:maven-artifact-transfer:jar:0.9.1:compile
[DEBUG]       org.apache.maven.shared:maven-common-artifact-filters:jar:3.0.1:compile
[DEBUG]       commons-codec:commons-codec:jar:1.6:compile
[DEBUG]       org.slf4j:slf4j-api:jar:1.7.5:compile
[DEBUG]    org.apache.maven.doxia:doxia-sink-api:jar:1.7:compile
[DEBUG]       org.apache.maven.doxia:doxia-logging-api:jar:1.7:compile
[DEBUG]    org.apache.maven.doxia:doxia-site-renderer:jar:1.7.4:compile
[DEBUG]       org.apache.maven.doxia:doxia-decoration-model:jar:1.7.4:compile
[DEBUG]       org.apache.maven.doxia:doxia-skin-model:jar:1.7.4:compile
[DEBUG]       org.apache.maven.doxia:doxia-module-xhtml:jar:1.7:compile
[DEBUG]       org.codehaus.plexus:plexus-velocity:jar:1.2:compile
[DEBUG]       org.apache.velocity:velocity:jar:1.7:compile
[DEBUG]       org.apache.velocity:velocity-tools:jar:2.0:compile
[DEBUG]          commons-chain:commons-chain:jar:1.1:compile
[DEBUG]          dom4j:dom4j:jar:1.1:compile
[DEBUG]          oro:oro:jar:2.0.8:compile
[DEBUG]          sslext:sslext:jar:1.2-0:compile
[DEBUG]          org.apache.struts:struts-core:jar:1.3.8:compile
[DEBUG]             antlr:antlr:jar:2.7.2:compile
[DEBUG]          org.apache.struts:struts-taglib:jar:1.3.8:compile
[DEBUG]          org.apache.struts:struts-tiles:jar:1.3.8:compile
[DEBUG]       commons-collections:commons-collections:jar:3.2.1:compile
[DEBUG]       commons-lang:commons-lang:jar:2.4:compile
[DEBUG]    org.beanshell:bsh:jar:2.0b4:runtime
[DEBUG]    org.codehaus.groovy:groovy-all:jar:2.4.8:runtime
[DEBUG]    org.codehaus.plexus:plexus-utils:jar:3.1.0:compile
[DEBUG]    commons-io:commons-io:jar:2.5:compile
[DEBUG]    org.codehaus.plexus:plexus-interpolation:jar:1.26:compile
[DEBUG]    org.codehaus.plexus:plexus-i18n:jar:1.0-beta-7:compile
[DEBUG]    org.apache.maven.shared:maven-shared-utils:jar:3.2.1:compile
[DEBUG] Created new class realm plugin&gt;org.apache.maven.plugins:maven-invoker-plugin:3.2.1-SNAPSHOT
[DEBUG] Importing foreign packages into class realm plugin&gt;org.apache.maven.plugins:maven-invoker-plugin:3.2.1-SNAPSHOT
[DEBUG]   Imported:  &lt; maven.api
[DEBUG] Populating class realm plugin&gt;org.apache.maven.plugins:maven-invoker-plugin:3.2.1-SNAPSHOT
[DEBUG]   Included: org.apache.maven.plugins:maven-invoker-plugin:jar:3.2.1-SNAPSHOT
[DEBUG]   Included: org.apache.maven.shared:maven-invoker:jar:3.0.1
[DEBUG]   Included: org.codehaus.plexus:plexus-component-annotations:jar:1.7.1
[DEBUG]   Included: org.sonatype.aether:aether-util:jar:1.7
[DEBUG]   Included: org.sonatype.sisu:sisu-inject-bean:jar:1.4.2
[DEBUG]   Included: org.sonatype.sisu:sisu-guice:jar:noaop:2.1.7
[DEBUG]   Included: org.sonatype.plexus:plexus-sec-dispatcher:jar:1.3
[DEBUG]   Included: org.sonatype.plexus:plexus-cipher:jar:1.4
[DEBUG]   Included: org.apache.maven.reporting:maven-reporting-api:jar:3.0
[DEBUG]   Included: org.apache.maven.reporting:maven-reporting-impl:jar:2.4
[DEBUG]   Included: org.apache.maven.doxia:doxia-core:jar:1.6
[DEBUG]   Included: junit:junit:jar:3.8.1
[DEBUG]   Included: xerces:xercesImpl:jar:2.9.1
[DEBUG]   Included: xml-apis:xml-apis:jar:1.3.04
[DEBUG]   Included: org.apache.httpcomponents:httpclient:jar:4.0.2
[DEBUG]   Included: org.apache.httpcomponents:httpcore:jar:4.0.1
[DEBUG]   Included: xmlunit:xmlunit:jar:1.5
[DEBUG]   Included: commons-validator:commons-validator:jar:1.4.1
[DEBUG]   Included: commons-beanutils:commons-beanutils:jar:1.8.3
[DEBUG]   Included: commons-digester:commons-digester:jar:1.8.1
[DEBUG]   Included: commons-logging:commons-logging:jar:1.2
[DEBUG]   Included: org.apache.maven.shared:maven-script-interpreter:jar:1.2
[DEBUG]   Included: org.apache.ant:ant:jar:1.8.1
[DEBUG]   Included: org.apache.maven.shared:maven-artifact-transfer:jar:0.9.1
[DEBUG]   Included: org.apache.maven.shared:maven-common-artifact-filters:jar:3.0.1
[DEBUG]   Included: commons-codec:commons-codec:jar:1.6
[DEBUG]   Included: org.apache.maven.doxia:doxia-sink-api:jar:1.7
[DEBUG]   Included: org.apache.maven.doxia:doxia-logging-api:jar:1.7
[DEBUG]   Included: org.apache.maven.doxia:doxia-site-renderer:jar:1.7.4
[DEBUG]   Included: org.apache.maven.doxia:doxia-decoration-model:jar:1.7.4
[DEBUG]   Included: org.apache.maven.doxia:doxia-skin-model:jar:1.7.4
[DEBUG]   Included: org.apache.maven.doxia:doxia-module-xhtml:jar:1.7
[DEBUG]   Included: org.codehaus.plexus:plexus-velocity:jar:1.2
[DEBUG]   Included: org.apache.velocity:velocity:jar:1.7
[DEBUG]   Included: org.apache.velocity:velocity-tools:jar:2.0
[DEBUG]   Included: commons-chain:commons-chain:jar:1.1
[DEBUG]   Included: dom4j:dom4j:jar:1.1
[DEBUG]   Included: oro:oro:jar:2.0.8
[DEBUG]   Included: sslext:sslext:jar:1.2-0
[DEBUG]   Included: org.apache.struts:struts-core:jar:1.3.8
[DEBUG]   Included: antlr:antlr:jar:2.7.2
[DEBUG]   Included: org.apache.struts:struts-taglib:jar:1.3.8
[DEBUG]   Included: org.apache.struts:struts-tiles:jar:1.3.8
[DEBUG]   Included: commons-collections:commons-collections:jar:3.2.1
[DEBUG]   Included: commons-lang:commons-lang:jar:2.4
[DEBUG]   Included: org.beanshell:bsh:jar:2.0b4
[DEBUG]   Included: org.codehaus.groovy:groovy-all:jar:2.4.8
[DEBUG]   Included: org.codehaus.plexus:plexus-utils:jar:3.1.0
[DEBUG]   Included: commons-io:commons-io:jar:2.5
[DEBUG]   Included: org.codehaus.plexus:plexus-interpolation:jar:1.26
[DEBUG]   Included: org.codehaus.plexus:plexus-i18n:jar:1.0-beta-7
[DEBUG]   Included: org.apache.maven.shared:maven-shared-utils:jar:3.2.1
[DEBUG] Configuring mojo org.apache.maven.plugins:maven-invoker-plugin:3.2.1-SNAPSHOT:install from plugin realm ClassRealm[plugin&gt;org.apache.maven.plugins:maven-invoker-plugin:3.2.1-SNAPSHOT, parent: sun.misc.Launcher$AppClassLoader@5c647e05]
[DEBUG] Configuring mojo &apos;org.apache.maven.plugins:maven-invoker-plugin:3.2.1-SNAPSHOT:install&apos; with basic configurator --&gt;
[DEBUG]   (f) extraArtifacts = [junit:junit:3.8.2, org.apache.maven.plugins:maven-clean-plugin:2.4:maven-plugin, org.apache.maven.plugins:maven-clean-plugin:2.4:jar:javadoc, jdom:jdom:1.1]
[DEBUG]   (f) localRepository =       id: local
      url: file:///Users/olamy/dev/sources/maven/plugins/maven-invoker-plugin/target/local-repo/
   layout: default
snapshots: [enabled =&gt; true, update =&gt; always]
 releases: [enabled =&gt; true, update =&gt; always]

[DEBUG]   (f) localRepositoryPath = /Users/olamy/dev/sources/maven/plugins/maven-invoker-plugin/target/it/install-extra-artifacts/target/it-repo
[DEBUG]   (f) project = MavenProject: org.apache.maven.plugins.invoker:stage-extras:1.0-SNAPSHOT @ /Users/olamy/dev/sources/maven/plugins/maven-invoker-plugin/target/it/install-extra-artifacts/pom.xml
[DEBUG]   (f) reactorProjects = [MavenProject: org.apache.maven.plugins.invoker:stage-extras:1.0-SNAPSHOT @ /Users/olamy/dev/sources/maven/plugins/maven-invoker-plugin/target/it/install-extra-artifacts/pom.xml]
[DEBUG]   (f) session = org.apache.maven.execution.MavenSession@c3c4c1c
[DEBUG]   (f) skipInstallation = false
[DEBUG] -- end configuration --
[DEBUG] Using manager EnhancedLocalRepositoryManager with priority 10.0 for /Users/olamy/dev/sources/maven/plugins/maven-invoker-plugin/target/it/install-extra-artifacts/target/it-repo
[DEBUG] Using manager EnhancedLocalRepositoryManager with priority 10.0 for /Users/olamy/dev/sources/maven/plugins/maven-invoker-plugin/target/it/install-extra-artifacts/target/it-repo
[INFO] Installing /Users/olamy/dev/sources/maven/plugins/maven-invoker-plugin/target/it/install-extra-artifacts/pom.xml to /Users/olamy/dev/sources/maven/plugins/maven-invoker-plugin/target/it/install-extra-artifacts/target/it-repo/org/apache/maven/plugins/invoker/stage-extras/1.0-SNAPSHOT/stage-extras-1.0-SNAPSHOT.pom
[DEBUG] Writing tracking file /Users/olamy/dev/sources/maven/plugins/maven-invoker-plugin/target/it/install-extra-artifacts/target/it-repo/org/apache/maven/plugins/invoker/stage-extras/1.0-SNAPSHOT/_remote.repositories
[DEBUG] Installing org.apache.maven.plugins.invoker:stage-extras:1.0-SNAPSHOT/maven-metadata.xml to /Users/olamy/dev/sources/maven/plugins/maven-invoker-plugin/target/it/install-extra-artifacts/target/it-repo/org/apache/maven/plugins/invoker/stage-extras/1.0-SNAPSHOT/maven-metadata-local.xml
[DEBUG] Installing org.apache.maven.plugins.invoker:stage-extras/maven-metadata.xml to /Users/olamy/dev/sources/maven/plugins/maven-invoker-plugin/target/it/install-extra-artifacts/target/it-repo/org/apache/maven/plugins/invoker/stage-extras/maven-metadata-local.xml
[DEBUG] Not re-installing org.apache.maven.plugins.invoker:stage-extras:pom:1.0-SNAPSHOT, /Users/olamy/dev/sources/maven/plugins/maven-invoker-plugin/target/it/install-extra-artifacts/pom.xml
[DEBUG] Using transporter WagonTransporter with priority -1.0 for https://repo.maven.apache.org/maven2
[DEBUG] Using connector BasicRepositoryConnector with priority 0.0 for https://repo.maven.apache.org/maven2
[INFO] Downloading from central: https://repo.maven.apache.org/maven2/junit/junit/3.8.2/junit-3.8.2.pom
[INFO] Downloaded from central: https://repo.maven.apache.org/maven2/junit/junit/3.8.2/junit-3.8.2.pom (747 B at 513 B/s)
[DEBUG] Writing tracking file /Users/olamy/dev/sources/maven/plugins/maven-invoker-plugin/target/it/install-extra-artifacts/target/it-repo/junit/junit/3.8.2/_remote.repositories
[DEBUG] Writing tracking file /Users/olamy/dev/sources/maven/plugins/maven-invoker-plugin/target/it/install-extra-artifacts/target/it-repo/junit/junit/3.8.2/junit-3.8.2.pom.lastUpdated
[DEBUG] Dependency collection stats: {ConflictMarker.analyzeTime=55366, ConflictMarker.markTime=75443, ConflictMarker.nodeCount=1, ConflictIdSorter.graphTime=4477, ConflictIdSorter.topsortTime=9786, ConflictIdSorter.conflictIdCount=1, ConflictIdSorter.conflictIdCycleCount=0, ConflictResolver.totalTime=56912, ConflictResolver.conflictItemCount=1, DefaultDependencyCollector.collectTime=1759222283, DefaultDependencyCollector.transformTime=216132}
[DEBUG] Using transporter WagonTransporter with priority -1.0 for https://repo.maven.apache.org/maven2
[DEBUG] Using connector BasicRepositoryConnector with priority 0.0 for https://repo.maven.apache.org/maven2
[INFO] Downloading from central: https://repo.maven.apache.org/maven2/junit/junit/3.8.2/junit-3.8.2.jar
[INFO] Downloaded from central: https://repo.maven.apache.org/maven2/junit/junit/3.8.2/junit-3.8.2.jar (121 kB at 76 kB/s)
[DEBUG] Writing tracking file /Users/olamy/dev/sources/maven/plugins/maven-invoker-plugin/target/it/install-extra-artifacts/target/it-repo/junit/junit/3.8.2/_remote.repositories
[DEBUG] Writing tracking file /Users/olamy/dev/sources/maven/plugins/maven-invoker-plugin/target/it/install-extra-artifacts/target/it-repo/junit/junit/3.8.2/junit-3.8.2.jar.lastUpdated
[DEBUG] Using transporter WagonTransporter with priority -1.0 for https://repo.maven.apache.org/maven2
[DEBUG] Using connector BasicRepositoryConnector with priority 0.0 for https://repo.maven.apache.org/maven2
[INFO] Downloading from central: https://repo.maven.apache.org/maven2/org/apache/maven/plugins/maven-clean-plugin/2.4/maven-clean-plugin-2.4.pom
[INFO] Downloaded from central: https://repo.maven.apache.org/maven2/org/apache/maven/plugins/maven-clean-plugin/2.4/maven-clean-plugin-2.4.pom (4.1 kB at 6.3 kB/s)
[DEBUG] Writing tracking file /Users/olamy/dev/sources/maven/plugins/maven-invoker-plugin/target/it/install-extra-artifacts/target/it-repo/org/apache/maven/plugins/maven-clean-plugin/2.4/_remote.repositories
[DEBUG] Writing tracking file /Users/olamy/dev/sources/maven/plugins/maven-invoker-plugin/target/it/install-extra-artifacts/target/it-repo/org/apache/maven/plugins/maven-clean-plugin/2.4/maven-clean-plugin-2.4.pom.lastUpdated
[DEBUG] Using transporter WagonTransporter with priority -1.0 for https://repo.maven.apache.org/maven2
[DEBUG] Using connector BasicRepositoryConnector with priority 0.0 for https://repo.maven.apache.org/maven2
[INFO] Downloading from central: https://repo.maven.apache.org/maven2/org/apache/maven/plugins/maven-plugins/16/maven-plugins-16.pom
[INFO] Downloaded from central: https://repo.maven.apache.org/maven2/org/apache/maven/plugins/maven-plugins/16/maven-plugins-16.pom (13 kB at 21 kB/s)
[DEBUG] Writing tracking file /Users/olamy/dev/sources/maven/plugins/maven-invoker-plugin/target/it/install-extra-artifacts/target/it-repo/org/apache/maven/plugins/maven-plugins/16/_remote.repositories
[DEBUG] Writing tracking file /Users/olamy/dev/sources/maven/plugins/maven-invoker-plugin/target/it/install-extra-artifacts/target/it-repo/org/apache/maven/plugins/maven-plugins/16/maven-plugins-16.pom.lastUpdated
[DEBUG] Using transporter WagonTransporter with priority -1.0 for https://repo.maven.apache.org/maven2
[DEBUG] Using connector BasicRepositoryConnector with priority 0.0 for https://repo.maven.apache.org/maven2
[INFO] Downloading from central: https://repo.maven.apache.org/maven2/org/apache/maven/maven-parent/15/maven-parent-15.pom
[INFO] Downloaded from central: https://repo.maven.apache.org/maven2/org/apache/maven/maven-parent/15/maven-parent-15.pom (24 kB at 38 kB/s)
[DEBUG] Writing tracking file /Users/olamy/dev/sources/maven/plugins/maven-invoker-plugin/target/it/install-extra-artifacts/target/it-repo/org/apache/maven/maven-parent/15/_remote.repositories
[DEBUG] Writing tracking file /Users/olamy/dev/sources/maven/plugins/maven-invoker-plugin/target/it/install-extra-artifacts/target/it-repo/org/apache/maven/maven-parent/15/maven-parent-15.pom.lastUpdated
[DEBUG] Using transporter WagonTransporter with priority -1.0 for https://repo.maven.apache.org/maven2
[DEBUG] Using connector BasicRepositoryConnector with priority 0.0 for https://repo.maven.apache.org/maven2
[INFO] Downloading from central: https://repo.maven.apache.org/maven2/org/apache/apache/6/apache-6.pom
[INFO] Downloaded from central: https://repo.maven.apache.org/maven2/org/apache/apache/6/apache-6.pom (13 kB at 29 kB/s)
[DEBUG] Writing tracking file /Users/olamy/dev/sources/maven/plugins/maven-invoker-plugin/target/it/install-extra-artifacts/target/it-repo/org/apache/apache/6/_remote.repositories
[DEBUG] Writing tracking file /Users/olamy/dev/sources/maven/plugins/maven-invoker-plugin/target/it/install-extra-artifacts/target/it-repo/org/apache/apache/6/apache-6.pom.lastUpdated
[DEBUG] Using transporter WagonTransporter with priority -1.0 for https://repo.maven.apache.org/maven2
[DEBUG] Using connector BasicRepositoryConnector with priority 0.0 for https://repo.maven.apache.org/maven2
[INFO] Downloading from central: https://repo.maven.apache.org/maven2/org/apache/maven/maven-plugin-api/2.0.6/maven-plugin-api-2.0.6.pom
[INFO] Downloaded from central: https://repo.maven.apache.org/maven2/org/apache/maven/maven-plugin-api/2.0.6/maven-plugin-api-2.0.6.pom (1.5 kB at 1.4 kB/s)
[DEBUG] Writing tracking file /Users/olamy/dev/sources/maven/plugins/maven-invoker-plugin/target/it/install-extra-artifacts/target/it-repo/org/apache/maven/maven-plugin-api/2.0.6/_remote.repositories
[DEBUG] Writing tracking file /Users/olamy/dev/sources/maven/plugins/maven-invoker-plugin/target/it/install-extra-artifacts/target/it-repo/org/apache/maven/maven-plugin-api/2.0.6/maven-plugin-api-2.0.6.pom.lastUpdated
[DEBUG] Using transporter WagonTransporter with priority -1.0 for https://repo.maven.apache.org/maven2
[DEBUG] Using connector BasicRepositoryConnector with priority 0.0 for https://repo.maven.apache.org/maven2
[INFO] Downloading from central: https://repo.maven.apache.org/maven2/org/apache/maven/maven/2.0.6/maven-2.0.6.pom
[INFO] Downloaded from central: https://repo.maven.apache.org/maven2/org/apache/maven/maven/2.0.6/maven-2.0.6.pom (9.0 kB at 14 kB/s)
[DEBUG] Writing tracking file /Users/olamy/dev/sources/maven/plugins/maven-invoker-plugin/target/it/install-extra-artifacts/target/it-repo/org/apache/maven/maven/2.0.6/_remote.repositories
[DEBUG] Writing tracking file /Users/olamy/dev/sources/maven/plugins/maven-invoker-plugin/target/it/install-extra-artifacts/target/it-repo/org/apache/maven/maven/2.0.6/maven-2.0.6.pom.lastUpdated
[DEBUG] Using transporter WagonTransporter with priority -1.0 for https://repo.maven.apache.org/maven2
[DEBUG] Using connector BasicRepositoryConnector with priority 0.0 for https://repo.maven.apache.org/maven2
[INFO] Downloading from central: https://repo.maven.apache.org/maven2/org/apache/maven/maven-parent/5/maven-parent-5.pom
[INFO] Downloaded from central: https://repo.maven.apache.org/maven2/org/apache/maven/maven-parent/5/maven-parent-5.pom (15 kB at 5.5 kB/s)
[DEBUG] Writing tracking file /Users/olamy/dev/sources/maven/plugins/maven-invoker-plugin/target/it/install-extra-artifacts/target/it-repo/org/apache/maven/maven-parent/5/_remote.repositories
[DEBUG] Writing tracking file /Users/olamy/dev/sources/maven/plugins/maven-invoker-plugin/target/it/install-extra-artifacts/target/it-repo/org/apache/maven/maven-parent/5/maven-parent-5.pom.lastUpdated
[DEBUG] Using transporter WagonTransporter with priority -1.0 for https://repo.maven.apache.org/maven2
[DEBUG] Using connector BasicRepositoryConnector with priority 0.0 for https://repo.maven.apache.org/maven2
[INFO] Downloading from central: https://repo.maven.apache.org/maven2/org/apache/apache/3/apache-3.pom
[INFO] Downloaded from central: https://repo.maven.apache.org/maven2/org/apache/apache/3/apache-3.pom (3.4 kB at 1.2 kB/s)
[DEBUG] Writing tracking file /Users/olamy/dev/sources/maven/plugins/maven-invoker-plugin/target/it/install-extra-artifacts/target/it-repo/org/apache/apache/3/_remote.repositories
[DEBUG] Writing tracking file /Users/olamy/dev/sources/maven/plugins/maven-invoker-plugin/target/it/install-extra-artifacts/target/it-repo/org/apache/apache/3/apache-3.pom.lastUpdated
[DEBUG] Using transporter WagonTransporter with priority -1.0 for https://repo.maven.apache.org/maven2
[DEBUG] Using connector BasicRepositoryConnector with priority 0.0 for https://repo.maven.apache.org/maven2
[INFO] Downloading from central: https://repo.maven.apache.org/maven2/org/codehaus/plexus/plexus-utils/1.5.6/plexus-utils-1.5.6.pom
[INFO] Downloaded from central: https://repo.maven.apache.org/maven2/org/codehaus/plexus/plexus-utils/1.5.6/plexus-utils-1.5.6.pom (5.3 kB at 8.0 kB/s)
[DEBUG] Writing tracking file /Users/olamy/dev/sources/maven/plugins/maven-invoker-plugin/target/it/install-extra-artifacts/target/it-repo/org/codehaus/plexus/plexus-utils/1.5.6/_remote.repositories
[DEBUG] Writing tracking file /Users/olamy/dev/sources/maven/plugins/maven-invoker-plugin/target/it/install-extra-artifacts/target/it-repo/org/codehaus/plexus/plexus-utils/1.5.6/plexus-utils-1.5.6.pom.lastUpdated
[DEBUG] Using transporter WagonTransporter with priority -1.0 for https://repo.maven.apache.org/maven2
[DEBUG] Using connector BasicRepositoryConnector with priority 0.0 for https://repo.maven.apache.org/maven2
[INFO] Downloading from central: https://repo.maven.apache.org/maven2/org/codehaus/plexus/plexus/1.0.12/plexus-1.0.12.pom
[INFO] Downloaded from central: https://repo.maven.apache.org/maven2/org/codehaus/plexus/plexus/1.0.12/plexus-1.0.12.pom (9.8 kB at 14 kB/s)
[DEBUG] Writing tracking file /Users/olamy/dev/sources/maven/plugins/maven-invoker-plugin/target/it/install-extra-artifacts/target/it-repo/org/codehaus/plexus/plexus/1.0.12/_remote.repositories
[DEBUG] Writing tracking file /Users/olamy/dev/sources/maven/plugins/maven-invoker-plugin/target/it/install-extra-artifacts/target/it-repo/org/codehaus/plexus/plexus/1.0.12/plexus-1.0.12.pom.lastUpdated
[DEBUG] Dependency collection stats: {ConflictMarker.analyzeTime=13353, ConflictMarker.markTime=10867, ConflictMarker.nodeCount=3, ConflictIdSorter.graphTime=5712, ConflictIdSorter.topsortTime=8049, ConflictIdSorter.conflictIdCount=3, ConflictIdSorter.conflictIdCycleCount=0, ConflictResolver.totalTime=77631, ConflictResolver.conflictItemCount=3, DefaultDependencyCollector.collectTime=11028440190, DefaultDependencyCollector.transformTime=124177}
[DEBUG] Using transporter WagonTransporter with priority -1.0 for https://repo.maven.apache.org/maven2
[DEBUG] Using connector BasicRepositoryConnector with priority 0.0 for https://repo.maven.apache.org/maven2
[INFO] Downloading from central: https://repo.maven.apache.org/maven2/org/apache/maven/plugins/maven-clean-plugin/2.4/maven-clean-plugin-2.4.jar
[INFO] Downloading from central: https://repo.maven.apache.org/maven2/org/apache/maven/maven-plugin-api/2.0.6/maven-plugin-api-2.0.6.jar
[INFO] Downloading from central: https://repo.maven.apache.org/maven2/org/codehaus/plexus/plexus-utils/1.5.6/plexus-utils-1.5.6.jar
[INFO] Downloaded from central: https://repo.maven.apache.org/maven2/org/apache/maven/maven-plugin-api/2.0.6/maven-plugin-api-2.0.6.jar (13 kB at 16 kB/s)
[INFO] Downloaded from central: https://repo.maven.apache.org/maven2/org/apache/maven/plugins/maven-clean-plugin/2.4/maven-clean-plugin-2.4.jar (24 kB at 10 kB/s)
[INFO] Downloaded from central: https://repo.maven.apache.org/maven2/org/codehaus/plexus/plexus-utils/1.5.6/plexus-utils-1.5.6.jar (251 kB at 62 kB/s)
[DEBUG] Writing tracking file /Users/olamy/dev/sources/maven/plugins/maven-invoker-plugin/target/it/install-extra-artifacts/target/it-repo/org/apache/maven/plugins/maven-clean-plugin/2.4/_remote.repositories
[DEBUG] Writing tracking file /Users/olamy/dev/sources/maven/plugins/maven-invoker-plugin/target/it/install-extra-artifacts/target/it-repo/org/apache/maven/plugins/maven-clean-plugin/2.4/maven-clean-plugin-2.4.jar.lastUpdated
[DEBUG] Writing tracking file /Users/olamy/dev/sources/maven/plugins/maven-invoker-plugin/target/it/install-extra-artifacts/target/it-repo/org/apache/maven/maven-plugin-api/2.0.6/_remote.repositories
[DEBUG] Writing tracking file /Users/olamy/dev/sources/maven/plugins/maven-invoker-plugin/target/it/install-extra-artifacts/target/it-repo/org/apache/maven/maven-plugin-api/2.0.6/maven-plugin-api-2.0.6.jar.lastUpdated
[DEBUG] Writing tracking file /Users/olamy/dev/sources/maven/plugins/maven-invoker-plugin/target/it/install-extra-artifacts/target/it-repo/org/codehaus/plexus/plexus-utils/1.5.6/_remote.repositories
[DEBUG] Writing tracking file /Users/olamy/dev/sources/maven/plugins/maven-invoker-plugin/target/it/install-extra-artifacts/target/it-repo/org/codehaus/plexus/plexus-utils/1.5.6/plexus-utils-1.5.6.jar.lastUpdated
[DEBUG] Dependency collection stats: {ConflictMarker.analyzeTime=14510, ConflictMarker.markTime=10816, ConflictMarker.nodeCount=3, ConflictIdSorter.graphTime=6169, ConflictIdSorter.topsortTime=7252, ConflictIdSorter.conflictIdCount=3, ConflictIdSorter.conflictIdCycleCount=0, ConflictResolver.totalTime=54524, ConflictResolver.conflictItemCount=3, DefaultDependencyCollector.collectTime=1934097, DefaultDependencyCollector.transformTime=101582}
[DEBUG] Using transporter WagonTransporter with priority -1.0 for https://repo.maven.apache.org/maven2
[DEBUG] Using connector BasicRepositoryConnector with priority 0.0 for https://repo.maven.apache.org/maven2
[INFO] Downloading from central: https://repo.maven.apache.org/maven2/org/apache/maven/plugins/maven-clean-plugin/2.4/maven-clean-plugin-2.4-javadoc.jar
[INFO] Downloaded from central: https://repo.maven.apache.org/maven2/org/apache/maven/plugins/maven-clean-plugin/2.4/maven-clean-plugin-2.4-javadoc.jar (36 kB at 48 kB/s)
[DEBUG] Writing tracking file /Users/olamy/dev/sources/maven/plugins/maven-invoker-plugin/target/it/install-extra-artifacts/target/it-repo/org/apache/maven/plugins/maven-clean-plugin/2.4/_remote.repositories
[DEBUG] Writing tracking file /Users/olamy/dev/sources/maven/plugins/maven-invoker-plugin/target/it/install-extra-artifacts/target/it-repo/org/apache/maven/plugins/maven-clean-plugin/2.4/maven-clean-plugin-2.4-javadoc.jar.lastUpdated
[DEBUG] Using transporter WagonTransporter with priority -1.0 for https://repo.maven.apache.org/maven2
[DEBUG] Using connector BasicRepositoryConnector with priority 0.0 for https://repo.maven.apache.org/maven2
[INFO] Downloading from central: https://repo.maven.apache.org/maven2/jdom/jdom/1.1/jdom-1.1.pom
[INFO] Downloaded from central: https://repo.maven.apache.org/maven2/jdom/jdom/1.1/jdom-1.1.pom (526 B at 595 B/s)
[DEBUG] Writing tracking file /Users/olamy/dev/sources/maven/plugins/maven-invoker-plugin/target/it/install-extra-artifacts/target/it-repo/jdom/jdom/1.1/_remote.repositories
[DEBUG] Writing tracking file /Users/olamy/dev/sources/maven/plugins/maven-invoker-plugin/target/it/install-extra-artifacts/target/it-repo/jdom/jdom/1.1/jdom-1.1.pom.lastUpdated
[DEBUG] Using transporter WagonTransporter with priority -1.0 for https://repo.maven.apache.org/maven2
[DEBUG] Using connector BasicRepositoryConnector with priority 0.0 for https://repo.maven.apache.org/maven2
[INFO] Downloading from central: https://repo.maven.apache.org/maven2/org/jdom/jdom/1.1/jdom-1.1.pom
[INFO] Downloaded from central: https://repo.maven.apache.org/maven2/org/jdom/jdom/1.1/jdom-1.1.pom (2.2 kB at 950 B/s)
[DEBUG] Writing tracking file /Users/olamy/dev/sources/maven/plugins/maven-invoker-plugin/target/it/install-extra-artifacts/target/it-repo/org/jdom/jdom/1.1/_remote.repositories
[DEBUG] Writing tracking file /Users/olamy/dev/sources/maven/plugins/maven-invoker-plugin/target/it/install-extra-artifacts/target/it-repo/org/jdom/jdom/1.1/jdom-1.1.pom.lastUpdated
[DEBUG] Using transporter WagonTransporter with priority -1.0 for https://repo.maven.apache.org/maven2
[DEBUG] Using connector BasicRepositoryConnector with priority 0.0 for https://repo.maven.apache.org/maven2
[INFO] Downloading from central: https://repo.maven.apache.org/maven2/xerces/xercesImpl/2.6.1/xercesImpl-2.6.1.pom
[INFO] Downloaded from central: https://repo.maven.apache.org/maven2/xerces/xercesImpl/2.6.1/xercesImpl-2.6.1.pom (150 B at 219 B/s)
[DEBUG] Writing tracking file /Users/olamy/dev/sources/maven/plugins/maven-invoker-plugin/target/it/install-extra-artifacts/target/it-repo/xerces/xercesImpl/2.6.1/_remote.repositories
[DEBUG] Writing tracking file /Users/olamy/dev/sources/maven/plugins/maven-invoker-plugin/target/it/install-extra-artifacts/target/it-repo/xerces/xercesImpl/2.6.1/xercesImpl-2.6.1.pom.lastUpdated
[DEBUG] Using transporter WagonTransporter with priority -1.0 for https://repo.maven.apache.org/maven2
[DEBUG] Using connector BasicRepositoryConnector with priority 0.0 for https://repo.maven.apache.org/maven2
[INFO] Downloading from central: https://repo.maven.apache.org/maven2/xerces/xmlParserAPIs/2.6.1/xmlParserAPIs-2.6.1.pom
[INFO] Downloaded from central: https://repo.maven.apache.org/maven2/xerces/xmlParserAPIs/2.6.1/xmlParserAPIs-2.6.1.pom (153 B at 237 B/s)
[DEBUG] Writing tracking file /Users/olamy/dev/sources/maven/plugins/maven-invoker-plugin/target/it/install-extra-artifacts/target/it-repo/xerces/xmlParserAPIs/2.6.1/_remote.repositories
[DEBUG] Writing tracking file /Users/olamy/dev/sources/maven/plugins/maven-invoker-plugin/target/it/install-extra-artifacts/target/it-repo/xerces/xmlParserAPIs/2.6.1/xmlParserAPIs-2.6.1.pom.lastUpdated
[DEBUG] Using transporter WagonTransporter with priority -1.0 for https://repo.maven.apache.org/maven2
[DEBUG] Using connector BasicRepositoryConnector with priority 0.0 for https://repo.maven.apache.org/maven2
[INFO] Downloading from central: https://repo.maven.apache.org/maven2/org/jdom/jaxen-core/1.0-FCS/jaxen-core-1.0-FCS.pom
[INFO] Downloaded from central: https://repo.maven.apache.org/maven2/org/jdom/jaxen-core/1.0-FCS/jaxen-core-1.0-FCS.pom (207 B at 240 B/s)
[DEBUG] Writing tracking file /Users/olamy/dev/sources/maven/plugins/maven-invoker-plugin/target/it/install-extra-artifacts/target/it-repo/org/jdom/jaxen-core/1.0-FCS/_remote.repositories
[DEBUG] Writing tracking file /Users/olamy/dev/sources/maven/plugins/maven-invoker-plugin/target/it/install-extra-artifacts/target/it-repo/org/jdom/jaxen-core/1.0-FCS/jaxen-core-1.0-FCS.pom.lastUpdated
[DEBUG] Using transporter WagonTransporter with priority -1.0 for https://repo.maven.apache.org/maven2
[DEBUG] Using connector BasicRepositoryConnector with priority 0.0 for https://repo.maven.apache.org/maven2
[INFO] Downloading from central: https://repo.maven.apache.org/maven2/org/jdom/jaxen-jdom/1.0-FCS/jaxen-jdom-1.0-FCS.pom
[INFO] Downloaded from central: https://repo.maven.apache.org/maven2/org/jdom/jaxen-jdom/1.0-FCS/jaxen-jdom-1.0-FCS.pom (207 B at 253 B/s)
[DEBUG] Writing tracking file /Users/olamy/dev/sources/maven/plugins/maven-invoker-plugin/target/it/install-extra-artifacts/target/it-repo/org/jdom/jaxen-jdom/1.0-FCS/_remote.repositories
[DEBUG] Writing tracking file /Users/olamy/dev/sources/maven/plugins/maven-invoker-plugin/target/it/install-extra-artifacts/target/it-repo/org/jdom/jaxen-jdom/1.0-FCS/jaxen-jdom-1.0-FCS.pom.lastUpdated
[DEBUG] Using transporter WagonTransporter with priority -1.0 for https://repo.maven.apache.org/maven2
[DEBUG] Using connector BasicRepositoryConnector with priority 0.0 for https://repo.maven.apache.org/maven2
[INFO] Downloading from central: https://repo.maven.apache.org/maven2/org/jdom/saxpath/1.0-FCS/saxpath-1.0-FCS.pom
[INFO] Downloaded from central: https://repo.maven.apache.org/maven2/org/jdom/saxpath/1.0-FCS/saxpath-1.0-FCS.pom (201 B at 310 B/s)
[DEBUG] Writing tracking file /Users/olamy/dev/sources/maven/plugins/maven-invoker-plugin/target/it/install-extra-artifacts/target/it-repo/org/jdom/saxpath/1.0-FCS/_remote.repositories
[DEBUG] Writing tracking file /Users/olamy/dev/sources/maven/plugins/maven-invoker-plugin/target/it/install-extra-artifacts/target/it-repo/org/jdom/saxpath/1.0-FCS/saxpath-1.0-FCS.pom.lastUpdated
[DEBUG] Using transporter WagonTransporter with priority -1.0 for https://repo.maven.apache.org/maven2
[DEBUG] Using connector BasicRepositoryConnector with priority 0.0 for https://repo.maven.apache.org/maven2
[INFO] Downloading from central: https://repo.maven.apache.org/maven2/xalan/xalan/2.5.D1/xalan-2.5.D1.pom
[INFO] Downloaded from central: https://repo.maven.apache.org/maven2/xalan/xalan/2.5.D1/xalan-2.5.D1.pom (146 B at 211 B/s)
[DEBUG] Writing tracking file /Users/olamy/dev/sources/maven/plugins/maven-invoker-plugin/target/it/install-extra-artifacts/target/it-repo/xalan/xalan/2.5.D1/_remote.repositories
[DEBUG] Writing tracking file /Users/olamy/dev/sources/maven/plugins/maven-invoker-plugin/target/it/install-extra-artifacts/target/it-repo/xalan/xalan/2.5.D1/xalan-2.5.D1.pom.lastUpdated
[DEBUG] Dependency collection stats: {ConflictMarker.analyzeTime=83476, ConflictMarker.markTime=72138, ConflictMarker.nodeCount=7, ConflictIdSorter.graphTime=15320, ConflictIdSorter.topsortTime=15173, ConflictIdSorter.conflictIdCount=7, ConflictIdSorter.conflictIdCycleCount=0, ConflictResolver.totalTime=138807, ConflictResolver.conflictItemCount=7, DefaultDependencyCollector.collectTime=7570328374, DefaultDependencyCollector.transformTime=342575}
[DEBUG] Using transporter WagonTransporter with priority -1.0 for https://repo.maven.apache.org/maven2
[DEBUG] Using connector BasicRepositoryConnector with priority 0.0 for https://repo.maven.apache.org/maven2
[INFO] Downloading from central: https://repo.maven.apache.org/maven2/org/jdom/jdom/1.1/jdom-1.1.jar
[INFO] Downloading from central: https://repo.maven.apache.org/maven2/xerces/xercesImpl/2.6.1/xercesImpl-2.6.1.jar
[INFO] Downloading from central: https://repo.maven.apache.org/maven2/org/jdom/jaxen-core/1.0-FCS/jaxen-core-1.0-FCS.jar
[INFO] Downloading from central: https://repo.maven.apache.org/maven2/org/jdom/jaxen-jdom/1.0-FCS/jaxen-jdom-1.0-FCS.jar
[INFO] Downloading from central: https://repo.maven.apache.org/maven2/xerces/xmlParserAPIs/2.6.1/xmlParserAPIs-2.6.1.jar
[INFO] Downloaded from central: https://repo.maven.apache.org/maven2/org/jdom/jaxen-jdom/1.0-FCS/jaxen-jdom-1.0-FCS.jar (5.9 kB at 7.2 kB/s)
[INFO] Downloading from central: https://repo.maven.apache.org/maven2/org/jdom/saxpath/1.0-FCS/saxpath-1.0-FCS.jar
[INFO] Downloaded from central: https://repo.maven.apache.org/maven2/org/jdom/jdom/1.1/jdom-1.1.jar (153 kB at 62 kB/s)
[INFO] Downloading from central: https://repo.maven.apache.org/maven2/xalan/xalan/2.5.D1/xalan-2.5.D1.jar
[INFO] Downloaded from central: https://repo.maven.apache.org/maven2/org/jdom/saxpath/1.0-FCS/saxpath-1.0-FCS.jar (24 kB at 7.7 kB/s)
[INFO] Downloaded from central: https://repo.maven.apache.org/maven2/xerces/xercesImpl/2.6.1/xercesImpl-2.6.1.jar (959 kB at 254 kB/s)
[INFO] Downloaded from central: https://repo.maven.apache.org/maven2/xerces/xmlParserAPIs/2.6.1/xmlParserAPIs-2.6.1.jar (125 kB at 32 kB/s)
[INFO] Downloaded from central: https://repo.maven.apache.org/maven2/org/jdom/jaxen-core/1.0-FCS/jaxen-core-1.0-FCS.jar (161 kB at 31 kB/s)
[INFO] Downloaded from central: https://repo.maven.apache.org/maven2/xalan/xalan/2.5.D1/xalan-2.5.D1.jar (1.3 MB at 174 kB/s)
[DEBUG] Writing tracking file /Users/olamy/dev/sources/maven/plugins/maven-invoker-plugin/target/it/install-extra-artifacts/target/it-repo/org/jdom/jdom/1.1/_remote.repositories
[DEBUG] Writing tracking file /Users/olamy/dev/sources/maven/plugins/maven-invoker-plugin/target/it/install-extra-artifacts/target/it-repo/org/jdom/jdom/1.1/jdom-1.1.jar.lastUpdated
[DEBUG] Writing tracking file /Users/olamy/dev/sources/maven/plugins/maven-invoker-plugin/target/it/install-extra-artifacts/target/it-repo/xerces/xercesImpl/2.6.1/_remote.repositories
[DEBUG] Writing tracking file /Users/olamy/dev/sources/maven/plugins/maven-invoker-plugin/target/it/install-extra-artifacts/target/it-repo/xerces/xercesImpl/2.6.1/xercesImpl-2.6.1.jar.lastUpdated
[DEBUG] Writing tracking file /Users/olamy/dev/sources/maven/plugins/maven-invoker-plugin/target/it/install-extra-artifacts/target/it-repo/xerces/xmlParserAPIs/2.6.1/_remote.repositories
[DEBUG] Writing tracking file /Users/olamy/dev/sources/maven/plugins/maven-invoker-plugin/target/it/install-extra-artifacts/target/it-repo/xerces/xmlParserAPIs/2.6.1/xmlParserAPIs-2.6.1.jar.lastUpdated
[DEBUG] Writing tracking file /Users/olamy/dev/sources/maven/plugins/maven-invoker-plugin/target/it/install-extra-artifacts/target/it-repo/org/jdom/jaxen-core/1.0-FCS/_remote.repositories
[DEBUG] Writing tracking file /Users/olamy/dev/sources/maven/plugins/maven-invoker-plugin/target/it/install-extra-artifacts/target/it-repo/org/jdom/jaxen-core/1.0-FCS/jaxen-core-1.0-FCS.jar.lastUpdated
[DEBUG] Writing tracking file /Users/olamy/dev/sources/maven/plugins/maven-invoker-plugin/target/it/install-extra-artifacts/target/it-repo/org/jdom/jaxen-jdom/1.0-FCS/_remote.repositories
[DEBUG] Writing tracking file /Users/olamy/dev/sources/maven/plugins/maven-invoker-plugin/target/it/install-extra-artifacts/target/it-repo/org/jdom/jaxen-jdom/1.0-FCS/jaxen-jdom-1.0-FCS.jar.lastUpdated
[DEBUG] Writing tracking file /Users/olamy/dev/sources/maven/plugins/maven-invoker-plugin/target/it/install-extra-artifacts/target/it-repo/org/jdom/saxpath/1.0-FCS/_remote.repositories
[DEBUG] Writing tracking file /Users/olamy/dev/sources/maven/plugins/maven-invoker-plugin/target/it/install-extra-artifacts/target/it-repo/org/jdom/saxpath/1.0-FCS/saxpath-1.0-FCS.jar.lastUpdated
[DEBUG] Writing tracking file /Users/olamy/dev/sources/maven/plugins/maven-invoker-plugin/target/it/install-extra-artifacts/target/it-repo/xalan/xalan/2.5.D1/_remote.repositories
[DEBUG] Writing tracking file /Users/olamy/dev/sources/maven/plugins/maven-invoker-plugin/target/it/install-extra-artifacts/target/it-repo/xalan/xalan/2.5.D1/xalan-2.5.D1.jar.lastUpdated
[INFO] ------------------------------------------------------------------------
[INFO] BUILD SUCCESS
[INFO] ------------------------------------------------------------------------
[INFO] Total time:  35.100 s
[INFO] Finished at: 2019-07-17T17:12:33+10:00
[INFO] ------------------------------------------------------------------------
Running post-build script: /Users/olamy/dev/sources/maven/plugins/maven-invoker-plugin/target/it/install-extra-artifacts/verify.bsh
Checking for existence of: /Users/olamy/dev/sources/maven/plugins/maven-invoker-plugin/target/it/install-extra-artifacts/target/it-repo/org/apache/maven/plugins/maven-clean-plugin/2.4/maven-clean-plugin-2.4.jar
Checking for existence of: /Users/olamy/dev/sources/maven/plugins/maven-invoker-plugin/target/it/install-extra-artifacts/target/it-repo/org/apache/maven/plugins/maven-clean-plugin/2.4/maven-clean-plugin-2.4.pom
Checking for existence of: /Users/olamy/dev/sources/maven/plugins/maven-invoker-plugin/target/it/install-extra-artifacts/target/it-repo/org/apache/maven/plugins/maven-clean-plugin/2.4/maven-clean-plugin-2.4-javadoc.jar
Checking for existence of: /Users/olamy/dev/sources/maven/plugins/maven-invoker-plugin/target/it/install-extra-artifacts/target/it-repo/org/apache/maven/plugins/maven-plugins/16/maven-plugins-16.pom
Checking for existence of: /Users/olamy/dev/sources/maven/plugins/maven-invoker-plugin/target/it/install-extra-artifacts/target/it-repo/org/apache/maven/maven-parent/15/maven-parent-15.pom
Checking for existence of: /Users/olamy/dev/sources/maven/plugins/maven-invoker-plugin/target/it/install-extra-artifacts/target/it-repo/org/apache/apache/6/apache-6.pom
Checking for existence of: /Users/olamy/dev/sources/maven/plugins/maven-invoker-plugin/target/it/install-extra-artifacts/target/it-repo/org/codehaus/plexus/plexus-utils/1.5.6/plexus-utils-1.5.6.jar
Checking for existence of: /Users/olamy/dev/sources/maven/plugins/maven-invoker-plugin/target/it/install-extra-artifacts/target/it-repo/org/codehaus/plexus/plexus-utils/1.5.6/plexus-utils-1.5.6.pom
Checking for existence of: /Users/olamy/dev/sources/maven/plugins/maven-invoker-plugin/target/it/install-extra-artifacts/target/it-repo/junit/junit/3.8.2/junit-3.8.2.jar
Checking for existence of: /Users/olamy/dev/sources/maven/plugins/maven-invoker-plugin/target/it/install-extra-artifacts/target/it-repo/junit/junit/3.8.2/junit-3.8.2.pom
Checking for existence of: /Users/olamy/dev/sources/maven/plugins/maven-invoker-plugin/target/it/install-extra-artifacts/target/it-repo/jdom/jdom/1.1/jdom-1.1.pom
Checking for existence of: /Users/olamy/dev/sources/maven/plugins/maven-invoker-plugin/target/it/install-extra-artifacts/target/it-repo/org/jdom/jdom/1.1/jdom-1.1.pom
Checking for existence of: /Users/olamy/dev/sources/maven/plugins/maven-invoker-plugin/target/it/install-extra-artifacts/target/it-repo/org/jdom/jdom/1.1/jdom-1.1.jar
Finished post-build script: /Users/olamy/dev/sources/maven/plugins/maven-invoker-plugin/target/it/install-extra-artifacts/verify.bsh
</system-out>
  </testcase>
</testsuite>